#
# There is insufficient memory for the Java Runtime Environment to continue.
# Native memory allocation (mmap) failed to map 145752064 bytes for G1 virtual space
# Possible reasons:
#   The system is out of physical RAM or swap space
#   The process is running with CompressedOops enabled, and the Java Heap may be blocking the growth of the native heap
# Possible solutions:
#   Reduce memory load on the system
#   Increase physical memory or swap space
#   Check if swap backing store is full
#   Decrease Java heap size (-Xmx/-Xms)
#   Decrease number of Java threads
#   Decrease Java thread stack sizes (-Xss)
#   Set larger code cache with -XX:ReservedCodeCacheSize=
#   JVM is running with Unscaled Compressed Oops mode in which the Java heap is
#     placed in the first 4GB address space. The Java Heap base address is the
#     maximum limit for the native heap growth. Please use -XX:HeapBaseMinAddress
#     to set the Java Heap base and to place the Java Heap above 4GB virtual address.
# This output file may be truncated or incomplete.
#
#  Out of Memory Error (os_windows.cpp:3541), pid=3236, tid=1644
#
# JRE version: OpenJDK Runtime Environment Temurin-17.0.4.1+1 (17.0.4.1+1) (build 17.0.4.1+1)
# Java VM: OpenJDK 64-Bit Server VM Temurin-17.0.4.1+1 (17.0.4.1+1, mixed mode, emulated-client, tiered, compressed oops, compressed class ptrs, g1 gc, windows-amd64)
# No core dump will be written. Minidumps are not enabled by default on client versions of Windows
#

---------------  S U M M A R Y ------------

Command Line: -Dsts.lsp.client=vscode -Dsts.log.file=/dev/null -XX:TieredStopAtLevel=1 -Xlog:jni+resolve=off -Dspring.config.location=file:c:\Users\KL_Schweizer\.vscode\extensions\pivotal.vscode-spring-boot-1.40.0\language-server\BOOT-INF\classes\application.properties org.springframework.ide.vscode.boot.app.BootLanguageServerBootApp

Host: Intel(R) Core(TM) i3-3240 CPU @ 3.40GHz, 4 cores, 3G,  Windows 7 , 64 bit Build 7601 (6.1.7601.24384)
Time: Thu Oct 27 14:35:06 2022 Taipei Standard Time elapsed time: 4.530896 seconds (0d 0h 0m 4s)

---------------  T H R E A D  ---------------

Current thread (0x000000000d4afcb0):  VMThread "VM Thread" [stack: 0x000000004e430000,0x000000004e530000] [id=1644]

Stack: [0x000000004e430000,0x000000004e530000]
Native frames: (J=compiled Java code, j=interpreted, Vv=VM code, C=native code)
V  [jvm.dll+0x67731a]
V  [jvm.dll+0x832284]
V  [jvm.dll+0x833a2e]
V  [jvm.dll+0x834093]
V  [jvm.dll+0x245775]
V  [jvm.dll+0x674209]
V  [jvm.dll+0x668a92]
V  [jvm.dll+0x30471b]
V  [jvm.dll+0x30bc66]
V  [jvm.dll+0x35ba9e]
V  [jvm.dll+0x35bccf]
V  [jvm.dll+0x2db5b8]
V  [jvm.dll+0x2d986c]
V  [jvm.dll+0x2d8e3c]
V  [jvm.dll+0x31cd9b]
V  [jvm.dll+0x83853b]
V  [jvm.dll+0x839274]
V  [jvm.dll+0x83978c]
V  [jvm.dll+0x839b64]
V  [jvm.dll+0x839c30]
V  [jvm.dll+0x7e240a]
V  [jvm.dll+0x6761a5]
C  [ucrtbase.DLL+0x1c1ae]
C  [kernel32.dll+0x1570d]
C  [ntdll.dll+0x5385d]

VM_Operation (0x000000005406e2c0): G1CollectForAllocation, mode: safepoint, requested by thread 0x0000000051791770


---------------  P R O C E S S  ---------------

Threads class SMR info:
_java_thread_list=0x00000000518ee020, length=31, elements={
0x000000000d9d0b60, 0x000000000d9d1960, 0x000000000da03940, 0x000000000da044c0,
0x000000000d9e1260, 0x000000000da0aa40, 0x000000000da0b300, 0x000000000da0bc00,
0x000000000d9812f0, 0x000000004f21bd50, 0x000000004f2263d0, 0x0000000051514050,
0x00000000516a80f0, 0x00000000516d06d0, 0x00000000003b4380, 0x0000000051726240,
0x000000005175e3e0, 0x0000000051766f70, 0x000000005177e1f0, 0x0000000051790dd0,
0x00000000517912a0, 0x0000000051791770, 0x0000000051791c40, 0x0000000051792110,
0x00000000517925e0, 0x0000000051792ab0, 0x0000000051792f80, 0x0000000051793450,
0x0000000051793920, 0x0000000051793df0, 0x00000000517942c0
}

Java Threads: ( => current thread )
  0x000000000d9d0b60 JavaThread "Reference Handler" daemon [_thread_blocked, id=4668, stack(0x000000000d510000,0x000000000d610000)]
  0x000000000d9d1960 JavaThread "Finalizer" daemon [_thread_blocked, id=1772, stack(0x000000004e710000,0x000000004e810000)]
  0x000000000da03940 JavaThread "Signal Dispatcher" daemon [_thread_blocked, id=7876, stack(0x000000004e8e0000,0x000000004e9e0000)]
  0x000000000da044c0 JavaThread "Attach Listener" daemon [_thread_blocked, id=8732, stack(0x000000004e570000,0x000000004e670000)]
  0x000000000d9e1260 JavaThread "Service Thread" daemon [_thread_blocked, id=8488, stack(0x000000004ea20000,0x000000004eb20000)]
  0x000000000da0aa40 JavaThread "Monitor Deflation Thread" daemon [_thread_blocked, id=8136, stack(0x000000004eca0000,0x000000004eda0000)]
  0x000000000da0b300 JavaThread "C1 CompilerThread0" daemon [_thread_blocked, id=8088, stack(0x000000004eef0000,0x000000004eff0000)]
  0x000000000da0bc00 JavaThread "Sweeper thread" daemon [_thread_blocked, id=2728, stack(0x000000004f010000,0x000000004f110000)]
  0x000000000d9812f0 JavaThread "C1 CompilerThread1" daemon [_thread_blocked, id=9120, stack(0x000000004eda0000,0x000000004eea0000)]
  0x000000004f21bd50 JavaThread "Notification Thread" daemon [_thread_blocked, id=4296, stack(0x000000004eb70000,0x000000004ec70000)]
  0x000000004f2263d0 JavaThread "Common-Cleaner" daemon [_thread_blocked, id=8872, stack(0x000000004f760000,0x000000004f860000)]
  0x0000000051514050 JavaThread "boundedElastic-evictor-1" daemon [_thread_blocked, id=4332, stack(0x0000000052380000,0x0000000052480000)]
  0x00000000516a80f0 JavaThread "pool-9-thread-1" [_thread_blocked, id=2900, stack(0x0000000052560000,0x0000000052660000)]
  0x00000000516d06d0 JavaThread "LanguageServerApp-lifecycle" [_thread_blocked, id=1864, stack(0x0000000052690000,0x0000000052790000)]
  0x00000000003b4380 JavaThread "DestroyJavaVM" [_thread_blocked, id=956, stack(0x00000000021c0000,0x00000000022c0000)]
  0x0000000051726240 JavaThread "pool-10-thread-1" [_thread_in_native, id=2780, stack(0x0000000053950000,0x0000000053a50000)]
  0x000000005175e3e0 JavaThread "Simple-Language-Server main thread" daemon [_thread_blocked, id=8532, stack(0x0000000052210000,0x0000000052310000)]
  0x0000000051766f70 JavaThread "ForkJoinPool.commonPool-worker-1" daemon [_thread_blocked, id=3800, stack(0x0000000053840000,0x0000000053940000)]
  0x000000005177e1f0 JavaThread "pool-7-thread-1" [_thread_blocked, id=9092, stack(0x0000000053a90000,0x0000000053b90000)]
  0x0000000051790dd0 JavaThread "parallel-1" daemon [_thread_blocked, id=7276, stack(0x0000000053c50000,0x0000000053d50000)]
  0x00000000517912a0 JavaThread "parallel-2" daemon [_thread_blocked, id=6772, stack(0x0000000053dc0000,0x0000000053ec0000)]
  0x0000000051791770 JavaThread "ClassGraph-worker-0" daemon [_thread_blocked, id=3608, stack(0x0000000053f70000,0x0000000054070000)]
  0x0000000051791c40 JavaThread "ClassGraph-worker-1" daemon [_thread_blocked, id=6328, stack(0x0000000054150000,0x0000000054250000)]
  0x0000000051792110 JavaThread "ClassGraph-worker-2" daemon [_thread_blocked, id=5512, stack(0x0000000054330000,0x0000000054430000)]
  0x00000000517925e0 JavaThread "ClassGraph-worker-3" daemon [_thread_blocked, id=9136, stack(0x0000000054620000,0x0000000054720000)]
  0x0000000051792ab0 JavaThread "ClassGraph-worker-4" daemon [_thread_blocked, id=3680, stack(0x0000000054720000,0x0000000054820000)]
  0x0000000051792f80 JavaThread "ClassGraph-worker-5" daemon [_thread_blocked, id=4576, stack(0x00000000548e0000,0x00000000549e0000)]
  0x0000000051793450 JavaThread "ClassGraph-worker-6" daemon [_thread_blocked, id=5572, stack(0x0000000054ab0000,0x0000000054bb0000)]
  0x0000000051793920 JavaThread "ClassGraph-worker-7" daemon [_thread_blocked, id=4876, stack(0x0000000054bc0000,0x0000000054cc0000)]
  0x0000000051793df0 JavaThread "Reconciler-1" daemon [_thread_blocked, id=7988, stack(0x0000000054500000,0x0000000054600000)]
  0x00000000517942c0 JavaThread "parallel-3" daemon [_thread_blocked, id=6132, stack(0x0000000054f90000,0x0000000055090000)]

Other Threads:
=>0x000000000d4afcb0 VMThread "VM Thread" [stack: 0x000000004e430000,0x000000004e530000] [id=1644]
  0x000000004f21a320 WatcherThread [stack: 0x000000004f5a0000,0x000000004f6a0000] [id=7460]
  0x00000000003f6750 GCTaskThread "GC Thread#0" [stack: 0x000000000ad20000,0x000000000ae20000] [id=4764]
  0x000000004ff60df0 GCTaskThread "GC Thread#1" [stack: 0x0000000050250000,0x0000000050350000] [id=6824]
  0x000000004fd24e00 GCTaskThread "GC Thread#2" [stack: 0x0000000050410000,0x0000000050510000] [id=1892]
  0x00000000500371d0 GCTaskThread "GC Thread#3" [stack: 0x0000000050690000,0x0000000050790000] [id=1576]
  0x00000000003ffaa0 ConcurrentGCThread "G1 Main Marker" [stack: 0x000000000ac20000,0x000000000ad20000] [id=5476]
  0x0000000000400f80 ConcurrentGCThread "G1 Conc#0" [stack: 0x000000000ae70000,0x000000000af70000] [id=9208]
  0x000000000d3d0480 ConcurrentGCThread "G1 Refine#0" [stack: 0x000000000d610000,0x000000000d710000] [id=1156]
  0x00000000519d5e10 ConcurrentGCThread "G1 Refine#1" [stack: 0x0000000054d80000,0x0000000054e80000] [id=1360]
  0x000000000042c430 ConcurrentGCThread "G1 Service" [stack: 0x000000000d800000,0x000000000d900000] [id=2964]

Threads with active compile tasks:
C1 CompilerThread0     4570 3886       1       io.github.classgraph.Classfile::extendScanningUpwards (585 bytes)
C1 CompilerThread1     4570 3892       1       io.github.classgraph.Classfile::readBasicClassInfo (339 bytes)

VM state: at safepoint (normal execution)

VM Mutex/Monitor currently owned by a thread:  ([mutex/lock_event])
[0x0000000000394370] Threads_lock - owner thread: 0x000000000d4afcb0
[0x00000000003b13e0] Heap_lock - owner thread: 0x0000000051791770

Heap address: 0x00000000c1800000, size: 1000 MB, Compressed Oops mode: 32-bit

CDS archive(s) not mapped
Compressed class space mapped at: 0x000000000dc00000-0x000000004dc00000, reserved size: 1073741824
Narrow klass base: 0x0000000000000000, Narrow klass shift: 0, Narrow klass range: 0x4dc00000

GC Precious Log:
 CPUs: 4 total, 4 available
 Memory: 3993M
 Large Page Support: Disabled
 NUMA Support: Disabled
 Compressed Oops: Enabled (32-bit)
 Heap Region Size: 1M
 Heap Min Capacity: 8M
 Heap Initial Capacity: 64M
 Heap Max Capacity: 1000M
 Pre-touch: Disabled
 Parallel Workers: 4
 Concurrent Workers: 1
 Concurrent Refinement Workers: 4
 Periodic GC: Disabled

Heap:
 garbage-first heap   total 116736K, used 70246K [0x00000000c1800000, 0x0000000100000000)
  region size 1024K, 3 young (3072K), 3 survivors (3072K)
 Metaspace       used 38706K, committed 39040K, reserved 1089536K
  class space    used 4895K, committed 5056K, reserved 1048576K

Heap Regions: E=young(eden), S=young(survivor), O=old, HS=humongous(starts), HC=humongous(continues), CS=collection set, F=free, OA=open archive, CA=closed archive, TAMS=top-at-mark-start (previous, next)
|   0|0x00000000c1800000, 0x00000000c1900000, 0x00000000c1900000|100%| O|  |TAMS 0x00000000c1900000, 0x00000000c1900000| Untracked 
|   1|0x00000000c1900000, 0x00000000c1a00000, 0x00000000c1a00000|100%| O|  |TAMS 0x00000000c1a00000, 0x00000000c1a00000| Untracked 
|   2|0x00000000c1a00000, 0x00000000c1b00000, 0x00000000c1b00000|100%| O|  |TAMS 0x00000000c1b00000, 0x00000000c1b00000| Untracked 
|   3|0x00000000c1b00000, 0x00000000c1c00000, 0x00000000c1c00000|100%| O|  |TAMS 0x00000000c1c00000, 0x00000000c1c00000| Untracked 
|   4|0x00000000c1c00000, 0x00000000c1d00000, 0x00000000c1d00000|100%| O|  |TAMS 0x00000000c1d00000, 0x00000000c1d00000| Untracked 
|   5|0x00000000c1d00000, 0x00000000c1e00000, 0x00000000c1e00000|100%| O|  |TAMS 0x00000000c1e00000, 0x00000000c1e00000| Untracked 
|   6|0x00000000c1e00000, 0x00000000c1f00000, 0x00000000c1f00000|100%| O|  |TAMS 0x00000000c1f00000, 0x00000000c1f00000| Untracked 
|   7|0x00000000c1f00000, 0x00000000c2000000, 0x00000000c2000000|100%| O|  |TAMS 0x00000000c2000000, 0x00000000c2000000| Untracked 
|   8|0x00000000c2000000, 0x00000000c2100000, 0x00000000c2100000|100%| O|  |TAMS 0x00000000c2100000, 0x00000000c2100000| Untracked 
|   9|0x00000000c2100000, 0x00000000c2200000, 0x00000000c2200000|100%| O|  |TAMS 0x00000000c2200000, 0x00000000c2200000| Untracked 
|  10|0x00000000c2200000, 0x00000000c2300000, 0x00000000c2300000|100%| O|  |TAMS 0x00000000c2300000, 0x00000000c2300000| Untracked 
|  11|0x00000000c2300000, 0x00000000c2400000, 0x00000000c2400000|100%| O|  |TAMS 0x00000000c2400000, 0x00000000c2400000| Untracked 
|  12|0x00000000c2400000, 0x00000000c2500000, 0x00000000c2500000|100%| O|  |TAMS 0x00000000c2500000, 0x00000000c2500000| Untracked 
|  13|0x00000000c2500000, 0x00000000c2600000, 0x00000000c2600000|100%| O|  |TAMS 0x00000000c2600000, 0x00000000c2600000| Untracked 
|  14|0x00000000c2600000, 0x00000000c2700000, 0x00000000c2700000|100%| O|  |TAMS 0x00000000c2700000, 0x00000000c2700000| Untracked 
|  15|0x00000000c2700000, 0x00000000c2800000, 0x00000000c2800000|100%| O|  |TAMS 0x00000000c2800000, 0x00000000c2800000| Untracked 
|  16|0x00000000c2800000, 0x00000000c2900000, 0x00000000c2900000|100%| O|  |TAMS 0x00000000c2900000, 0x00000000c2900000| Untracked 
|  17|0x00000000c2900000, 0x00000000c2a00000, 0x00000000c2a00000|100%| O|  |TAMS 0x00000000c2a00000, 0x00000000c2a00000| Untracked 
|  18|0x00000000c2a00000, 0x00000000c2b00000, 0x00000000c2b00000|100%| O|  |TAMS 0x00000000c2b00000, 0x00000000c2b00000| Untracked 
|  19|0x00000000c2b00000, 0x00000000c2c00000, 0x00000000c2c00000|100%| O|  |TAMS 0x00000000c2c00000, 0x00000000c2c00000| Untracked 
|  20|0x00000000c2c00000, 0x00000000c2d00000, 0x00000000c2d00000|100%| O|  |TAMS 0x00000000c2d00000, 0x00000000c2d00000| Untracked 
|  21|0x00000000c2d00000, 0x00000000c2e00000, 0x00000000c2e00000|100%| O|  |TAMS 0x00000000c2e00000, 0x00000000c2e00000| Untracked 
|  22|0x00000000c2e00000, 0x00000000c2f00000, 0x00000000c2f00000|100%| O|  |TAMS 0x00000000c2f00000, 0x00000000c2f00000| Untracked 
|  23|0x00000000c2f00000, 0x00000000c3000000, 0x00000000c3000000|100%| O|  |TAMS 0x00000000c3000000, 0x00000000c3000000| Untracked 
|  24|0x00000000c3000000, 0x00000000c3100000, 0x00000000c3100000|100%| O|  |TAMS 0x00000000c3100000, 0x00000000c3100000| Untracked 
|  25|0x00000000c3100000, 0x00000000c3200000, 0x00000000c3200000|100%| O|  |TAMS 0x00000000c317e000, 0x00000000c3200000| Untracked 
|  26|0x00000000c3200000, 0x00000000c3300000, 0x00000000c3300000|100%| O|  |TAMS 0x00000000c3200000, 0x00000000c3300000| Untracked 
|  27|0x00000000c3300000, 0x00000000c3400000, 0x00000000c3400000|100%| O|  |TAMS 0x00000000c3300000, 0x00000000c3400000| Untracked 
|  28|0x00000000c3400000, 0x00000000c3500000, 0x00000000c3500000|100%| O|  |TAMS 0x00000000c3400000, 0x00000000c3500000| Untracked 
|  29|0x00000000c3500000, 0x00000000c3600000, 0x00000000c3600000|100%| O|  |TAMS 0x00000000c3500000, 0x00000000c3600000| Untracked 
|  30|0x00000000c3600000, 0x00000000c3700000, 0x00000000c3700000|100%| O|  |TAMS 0x00000000c3600000, 0x00000000c3700000| Untracked 
|  31|0x00000000c3700000, 0x00000000c3800000, 0x00000000c3800000|100%| O|  |TAMS 0x00000000c3700000, 0x00000000c3800000| Untracked 
|  32|0x00000000c3800000, 0x00000000c3900000, 0x00000000c3900000|100%| O|  |TAMS 0x00000000c3800000, 0x00000000c3900000| Untracked 
|  33|0x00000000c3900000, 0x00000000c3a00000, 0x00000000c3a00000|100%| O|  |TAMS 0x00000000c3900000, 0x00000000c3a00000| Untracked 
|  34|0x00000000c3a00000, 0x00000000c3b00000, 0x00000000c3b00000|100%|HS|  |TAMS 0x00000000c3a00000, 0x00000000c3b00000| Complete 
|  35|0x00000000c3b00000, 0x00000000c3c00000, 0x00000000c3c00000|100%| O|  |TAMS 0x00000000c3b00000, 0x00000000c3c00000| Untracked 
|  36|0x00000000c3c00000, 0x00000000c3d00000, 0x00000000c3d00000|100%| O|  |TAMS 0x00000000c3c00000, 0x00000000c3d00000| Untracked 
|  37|0x00000000c3d00000, 0x00000000c3e00000, 0x00000000c3e00000|100%| O|  |TAMS 0x00000000c3d00000, 0x00000000c3e00000| Untracked 
|  38|0x00000000c3e00000, 0x00000000c3f00000, 0x00000000c3f00000|100%| O|  |TAMS 0x00000000c3e00000, 0x00000000c3f00000| Untracked 
|  39|0x00000000c3f00000, 0x00000000c4000000, 0x00000000c4000000|100%| O|  |TAMS 0x00000000c3f00000, 0x00000000c4000000| Untracked 
|  40|0x00000000c4000000, 0x00000000c4100000, 0x00000000c4100000|100%| O|  |TAMS 0x00000000c4000000, 0x00000000c4100000| Untracked 
|  41|0x00000000c4100000, 0x00000000c4200000, 0x00000000c4200000|100%| O|  |TAMS 0x00000000c4100000, 0x00000000c4200000| Untracked 
|  42|0x00000000c4200000, 0x00000000c4300000, 0x00000000c4300000|100%| O|  |TAMS 0x00000000c4200000, 0x00000000c4300000| Untracked 
|  43|0x00000000c4300000, 0x00000000c4400000, 0x00000000c4400000|100%| O|  |TAMS 0x00000000c4300000, 0x00000000c4400000| Untracked 
|  44|0x00000000c4400000, 0x00000000c4500000, 0x00000000c4500000|100%| O|  |TAMS 0x00000000c4400000, 0x00000000c4500000| Untracked 
|  45|0x00000000c4500000, 0x00000000c4600000, 0x00000000c4600000|100%| O|  |TAMS 0x00000000c4500000, 0x00000000c4600000| Untracked 
|  46|0x00000000c4600000, 0x00000000c4700000, 0x00000000c4700000|100%| O|  |TAMS 0x00000000c4600000, 0x00000000c4700000| Untracked 
|  47|0x00000000c4700000, 0x00000000c4800000, 0x00000000c4800000|100%| O|  |TAMS 0x00000000c4700000, 0x00000000c4800000| Untracked 
|  48|0x00000000c4800000, 0x00000000c4900000, 0x00000000c4900000|100%|HS|  |TAMS 0x00000000c4800000, 0x00000000c4900000| Complete 
|  49|0x00000000c4900000, 0x00000000c4a00000, 0x00000000c4a00000|100%| O|  |TAMS 0x00000000c4900000, 0x00000000c4a00000| Untracked 
|  50|0x00000000c4a00000, 0x00000000c4b00000, 0x00000000c4b00000|100%| O|  |TAMS 0x00000000c4a00000, 0x00000000c4b00000| Untracked 
|  51|0x00000000c4b00000, 0x00000000c4c00000, 0x00000000c4c00000|100%| O|  |TAMS 0x00000000c4b00000, 0x00000000c4c00000| Untracked 
|  52|0x00000000c4c00000, 0x00000000c4d00000, 0x00000000c4d00000|100%| O|  |TAMS 0x00000000c4c00000, 0x00000000c4d00000| Untracked 
|  53|0x00000000c4d00000, 0x00000000c4e00000, 0x00000000c4e00000|100%| O|  |TAMS 0x00000000c4d00000, 0x00000000c4e00000| Untracked 
|  54|0x00000000c4e00000, 0x00000000c4f00000, 0x00000000c4f00000|100%| O|  |TAMS 0x00000000c4e00000, 0x00000000c4f00000| Untracked 
|  55|0x00000000c4f00000, 0x00000000c5000000, 0x00000000c5000000|100%| O|  |TAMS 0x00000000c4f00000, 0x00000000c5000000| Untracked 
|  56|0x00000000c5000000, 0x00000000c5100000, 0x00000000c5100000|100%| O|  |TAMS 0x00000000c5000000, 0x00000000c5100000| Untracked 
|  57|0x00000000c5100000, 0x00000000c5200000, 0x00000000c5200000|100%| O|  |TAMS 0x00000000c5100000, 0x00000000c5200000| Untracked 
|  58|0x00000000c5200000, 0x00000000c5300000, 0x00000000c5300000|100%| O|  |TAMS 0x00000000c5200000, 0x00000000c5300000| Untracked 
|  59|0x00000000c5300000, 0x00000000c5400000, 0x00000000c5400000|100%| O|  |TAMS 0x00000000c5300000, 0x00000000c5400000| Untracked 
|  60|0x00000000c5400000, 0x00000000c5500000, 0x00000000c5500000|100%| O|  |TAMS 0x00000000c5400000, 0x00000000c5480000| Untracked 
|  61|0x00000000c5500000, 0x00000000c5600000, 0x00000000c5600000|100%| O|  |TAMS 0x00000000c5500000, 0x00000000c5500000| Untracked 
|  62|0x00000000c5600000, 0x00000000c5700000, 0x00000000c5700000|100%| O|  |TAMS 0x00000000c5600000, 0x00000000c5600000| Untracked 
|  63|0x00000000c5700000, 0x00000000c5800000, 0x00000000c5800000|100%| O|  |TAMS 0x00000000c5700000, 0x00000000c5700000| Untracked 
|  64|0x00000000c5800000, 0x00000000c5900000, 0x00000000c5900000|100%| O|  |TAMS 0x00000000c5800000, 0x00000000c5800000| Untracked 
|  65|0x00000000c5900000, 0x00000000c5a00000, 0x00000000c5a00000|100%| O|  |TAMS 0x00000000c5900000, 0x00000000c5900000| Untracked 
|  66|0x00000000c5a00000, 0x00000000c5a80000, 0x00000000c5b00000| 50%| O|  |TAMS 0x00000000c5a00000, 0x00000000c5a00000| Untracked 
|  67|0x00000000c5b00000, 0x00000000c5b00000, 0x00000000c5c00000|  0%| F|  |TAMS 0x00000000c5b00000, 0x00000000c5b00000| Untracked 
|  68|0x00000000c5c00000, 0x00000000c5c00000, 0x00000000c5d00000|  0%| F|  |TAMS 0x00000000c5c00000, 0x00000000c5c00000| Untracked 
|  69|0x00000000c5d00000, 0x00000000c5d00000, 0x00000000c5e00000|  0%| F|  |TAMS 0x00000000c5d00000, 0x00000000c5d00000| Untracked 
|  70|0x00000000c5e00000, 0x00000000c5e00000, 0x00000000c5f00000|  0%| F|  |TAMS 0x00000000c5e00000, 0x00000000c5e00000| Untracked 
|  71|0x00000000c5f00000, 0x00000000c5f00000, 0x00000000c6000000|  0%| F|  |TAMS 0x00000000c5f00000, 0x00000000c5f00000| Untracked 
|  72|0x00000000c6000000, 0x00000000c6000000, 0x00000000c6100000|  0%| F|  |TAMS 0x00000000c6000000, 0x00000000c6000000| Untracked 
|  73|0x00000000c6100000, 0x00000000c6100000, 0x00000000c6200000|  0%| F|  |TAMS 0x00000000c6100000, 0x00000000c6100000| Untracked 
|  74|0x00000000c6200000, 0x00000000c6200000, 0x00000000c6300000|  0%| F|  |TAMS 0x00000000c6200000, 0x00000000c6200000| Untracked 
|  75|0x00000000c6300000, 0x00000000c6300000, 0x00000000c6400000|  0%| F|  |TAMS 0x00000000c6300000, 0x00000000c6300000| Untracked 
|  76|0x00000000c6400000, 0x00000000c6400000, 0x00000000c6500000|  0%| F|  |TAMS 0x00000000c6400000, 0x00000000c6400000| Untracked 
|  77|0x00000000c6500000, 0x00000000c6500000, 0x00000000c6600000|  0%| F|  |TAMS 0x00000000c6500000, 0x00000000c6500000| Untracked 
|  78|0x00000000c6600000, 0x00000000c6600000, 0x00000000c6700000|  0%| F|  |TAMS 0x00000000c6600000, 0x00000000c6600000| Untracked 
|  79|0x00000000c6700000, 0x00000000c6700000, 0x00000000c6800000|  0%| F|  |TAMS 0x00000000c6700000, 0x00000000c6700000| Untracked 
|  80|0x00000000c6800000, 0x00000000c6800000, 0x00000000c6900000|  0%| F|  |TAMS 0x00000000c6800000, 0x00000000c6800000| Untracked 
|  81|0x00000000c6900000, 0x00000000c6900000, 0x00000000c6a00000|  0%| F|  |TAMS 0x00000000c6900000, 0x00000000c6900000| Untracked 
|  82|0x00000000c6a00000, 0x00000000c6a00000, 0x00000000c6b00000|  0%| F|  |TAMS 0x00000000c6a00000, 0x00000000c6a00000| Untracked 
|  83|0x00000000c6b00000, 0x00000000c6b00000, 0x00000000c6c00000|  0%| F|  |TAMS 0x00000000c6b00000, 0x00000000c6b00000| Untracked 
|  84|0x00000000c6c00000, 0x00000000c6c00000, 0x00000000c6d00000|  0%| F|  |TAMS 0x00000000c6c00000, 0x00000000c6c00000| Untracked 
|  85|0x00000000c6d00000, 0x00000000c6d00000, 0x00000000c6e00000|  0%| F|  |TAMS 0x00000000c6d00000, 0x00000000c6d00000| Untracked 
|  86|0x00000000c6e00000, 0x00000000c6e00000, 0x00000000c6f00000|  0%| F|  |TAMS 0x00000000c6e00000, 0x00000000c6e00000| Untracked 
|  87|0x00000000c6f00000, 0x00000000c6f00000, 0x00000000c7000000|  0%| F|  |TAMS 0x00000000c6f00000, 0x00000000c6f00000| Untracked 
|  88|0x00000000c7000000, 0x00000000c7000000, 0x00000000c7100000|  0%| F|  |TAMS 0x00000000c7000000, 0x00000000c7000000| Untracked 
|  89|0x00000000c7100000, 0x00000000c7119a58, 0x00000000c7200000| 10%| S|CS|TAMS 0x00000000c7100000, 0x00000000c7100000| Complete 
|  90|0x00000000c7200000, 0x00000000c7300000, 0x00000000c7300000|100%| S|CS|TAMS 0x00000000c7200000, 0x00000000c7200000| Complete 
|  91|0x00000000c7300000, 0x00000000c7400000, 0x00000000c7400000|100%| S|CS|TAMS 0x00000000c7300000, 0x00000000c7300000| Complete 
|  92|0x00000000c7400000, 0x00000000c7400000, 0x00000000c7500000|  0%| F|  |TAMS 0x00000000c7400000, 0x00000000c7400000| Untracked 
|  93|0x00000000c7500000, 0x00000000c7500000, 0x00000000c7600000|  0%| F|  |TAMS 0x00000000c7500000, 0x00000000c7500000| Untracked 
|  94|0x00000000c7600000, 0x00000000c7600000, 0x00000000c7700000|  0%| F|  |TAMS 0x00000000c7600000, 0x00000000c7600000| Untracked 
|  95|0x00000000c7700000, 0x00000000c7700000, 0x00000000c7800000|  0%| F|  |TAMS 0x00000000c7700000, 0x00000000c7700000| Untracked 
|  96|0x00000000c7800000, 0x00000000c7800000, 0x00000000c7900000|  0%| F|  |TAMS 0x00000000c7800000, 0x00000000c7800000| Untracked 
|  97|0x00000000c7900000, 0x00000000c7900000, 0x00000000c7a00000|  0%| F|  |TAMS 0x00000000c7900000, 0x00000000c7900000| Untracked 
|  98|0x00000000c7a00000, 0x00000000c7a00000, 0x00000000c7b00000|  0%| F|  |TAMS 0x00000000c7a00000, 0x00000000c7a00000| Untracked 
|  99|0x00000000c7b00000, 0x00000000c7b00000, 0x00000000c7c00000|  0%| F|  |TAMS 0x00000000c7b00000, 0x00000000c7b00000| Untracked 
| 100|0x00000000c7c00000, 0x00000000c7c00000, 0x00000000c7d00000|  0%| F|  |TAMS 0x00000000c7c00000, 0x00000000c7c00000| Untracked 
| 101|0x00000000c7d00000, 0x00000000c7d00000, 0x00000000c7e00000|  0%| F|  |TAMS 0x00000000c7d00000, 0x00000000c7d00000| Untracked 
| 102|0x00000000c7e00000, 0x00000000c7e00000, 0x00000000c7f00000|  0%| F|  |TAMS 0x00000000c7e00000, 0x00000000c7e00000| Untracked 
| 103|0x00000000c7f00000, 0x00000000c7f00000, 0x00000000c8000000|  0%| F|  |TAMS 0x00000000c7f00000, 0x00000000c7f00000| Untracked 
| 104|0x00000000c8000000, 0x00000000c8000000, 0x00000000c8100000|  0%| F|  |TAMS 0x00000000c8000000, 0x00000000c8000000| Untracked 
| 105|0x00000000c8100000, 0x00000000c8100000, 0x00000000c8200000|  0%| F|  |TAMS 0x00000000c8100000, 0x00000000c8100000| Untracked 
| 106|0x00000000c8200000, 0x00000000c8200000, 0x00000000c8300000|  0%| F|  |TAMS 0x00000000c8200000, 0x00000000c8200000| Untracked 
| 107|0x00000000c8300000, 0x00000000c8300000, 0x00000000c8400000|  0%| F|  |TAMS 0x00000000c8300000, 0x00000000c8300000| Untracked 
| 108|0x00000000c8400000, 0x00000000c8400000, 0x00000000c8500000|  0%| F|  |TAMS 0x00000000c8400000, 0x00000000c8400000| Untracked 
| 109|0x00000000c8500000, 0x00000000c8500000, 0x00000000c8600000|  0%| F|  |TAMS 0x00000000c8500000, 0x00000000c8500000| Untracked 
| 110|0x00000000c8600000, 0x00000000c8600000, 0x00000000c8700000|  0%| F|  |TAMS 0x00000000c8600000, 0x00000000c8600000| Untracked 
| 111|0x00000000c8700000, 0x00000000c8700000, 0x00000000c8800000|  0%| F|  |TAMS 0x00000000c8700000, 0x00000000c8700000| Untracked 
| 112|0x00000000c8800000, 0x00000000c8800000, 0x00000000c8900000|  0%| F|  |TAMS 0x00000000c8800000, 0x00000000c8800000| Untracked 
| 113|0x00000000c8900000, 0x00000000c8900000, 0x00000000c8a00000|  0%| F|  |TAMS 0x00000000c8900000, 0x00000000c8900000| Untracked 

Card table byte_map: [0x00000000088c0000,0x0000000008ac0000] _byte_map_base: 0x00000000082b4000

Marking Bits (Prev, Next): (CMBitMap*) 0x00000000003f7470, (CMBitMap*) 0x00000000003f74b0
 Prev Bits: [0x0000000008cc0000, 0x0000000009c60000)
 Next Bits: [0x0000000009c60000, 0x000000000ac00000)

Polling page: 0x0000000000230000

Metaspace:

Usage:
  Non-class:     33.02 MB used.
      Class:      4.78 MB used.
       Both:     37.80 MB used.

Virtual space:
  Non-class space:       40.00 MB reserved,      33.19 MB ( 83%) committed,  5 nodes.
      Class space:        1.00 GB reserved,       4.94 MB ( <1%) committed,  1 nodes.
             Both:        1.04 GB reserved,      38.13 MB (  4%) committed. 

Chunk freelists:
   Non-Class:  2.84 MB
       Class:  3.00 MB
        Both:  5.84 MB

MaxMetaspaceSize: unlimited
CompressedClassSpaceSize: 1.00 GB
Initial GC threshold: 21.00 MB
Current GC threshold: 59.50 MB
CDS: off
MetaspaceReclaimPolicy: balanced
 - commit_granule_bytes: 65536.
 - commit_granule_words: 8192.
 - virtual_space_node_default_size: 1048576.
 - enlarge_chunks_in_place: 1.
 - new_chunks_are_fully_committed: 0.
 - uncommit_free_chunks: 1.
 - use_allocation_guard: 0.
 - handle_deallocations: 1.


Internal statistics:

num_allocs_failed_limit: 8.
num_arena_births: 348.
num_arena_deaths: 0.
num_vsnodes_births: 6.
num_vsnodes_deaths: 0.
num_space_committed: 610.
num_space_uncommitted: 0.
num_chunks_returned_to_freelist: 8.
num_chunks_taken_from_freelist: 1485.
num_chunk_merges: 8.
num_chunk_splits: 1019.
num_chunks_enlarged: 793.
num_purges: 0.
num_inconsistent_stats: 0.

CodeCache: size=49152Kb used=8161Kb max_used=8161Kb free=40990Kb
 bounds [0x0000000005390000, 0x0000000005b90000, 0x0000000008390000]
 total_blobs=4417 nmethods=3888 adapters=454
 compilation: enabled
              stopped_count=0, restarted_count=0
 full_count=0

Compilation events (20 events):
Event: 4.489 Thread 0x000000000d9812f0 3869   !   1       io.github.classgraph.ClasspathElementModule$1::open (129 bytes)
Event: 4.489 Thread 0x000000000da0b300 nmethod 3865 0x0000000005b81d90 code [0x0000000005b81f60, 0x0000000005b82258]
Event: 4.490 Thread 0x000000000da0b300 3877       1       io.github.classgraph.ModuleReaderProxy::open (72 bytes)
Event: 4.490 Thread 0x000000000da0b300 nmethod 3877 0x0000000005b82410 code [0x0000000005b82620, 0x0000000005b82ae8]
Event: 4.490 Thread 0x000000000da0b300 3866       1       jdk.internal.jimage.ImageLocation::verify (38 bytes)
Event: 4.491 Thread 0x000000000da0b300 nmethod 3866 0x0000000005b82d10 code [0x0000000005b82ec0, 0x0000000005b83148]
Event: 4.491 Thread 0x000000000da0b300 3880       1       jdk.internal.module.SystemModuleFinders$SystemModuleReader::read (25 bytes)
Event: 4.491 Thread 0x000000000da0b300 nmethod 3880 0x0000000005b83310 code [0x0000000005b834e0, 0x0000000005b83838]
Event: 4.491 Thread 0x000000000d9812f0 nmethod 3869 0x0000000005b83a10 code [0x0000000005b83cc0, 0x0000000005b84758]
Event: 4.493 Thread 0x000000000d9812f0 3884       1       nonapi.io.github.classgraph.fileslice.reader.ClassfileReader::readTo (292 bytes)
Event: 4.493 Thread 0x000000000da0b300 3885       1       java.util.Optional::map (30 bytes)
Event: 4.502 Thread 0x000000000da0b300 nmethod 3885 0x0000000005b84d90 code [0x0000000005b84f40, 0x0000000005b851f8]
Event: 4.502 Thread 0x000000000da0b300 3886       1       io.github.classgraph.Classfile::extendScanningUpwards (585 bytes)
Event: 4.504 Thread 0x000000000d9812f0 nmethod 3884 0x0000000005b85310 code [0x0000000005b85520, 0x0000000005b85bc8]
Event: 4.504 Thread 0x000000000d9812f0 3894   !   1       jdk.internal.reflect.GeneratedMethodAccessor29::invoke (67 bytes)
Event: 4.505 Thread 0x000000000d9812f0 nmethod 3894 0x0000000005b85e10 code [0x0000000005b86000, 0x0000000005b86418]
Event: 4.505 Thread 0x000000000d9812f0 3887   !   1       nonapi.io.github.classgraph.fileslice.reader.ClassfileReader::close (43 bytes)
Event: 4.505 Thread 0x000000000d9812f0 nmethod 3887 0x0000000005b86690 code [0x0000000005b86840, 0x0000000005b86a18]
Event: 4.505 Thread 0x000000000d9812f0 3892       1       io.github.classgraph.Classfile::readBasicClassInfo (339 bytes)
Event: 4.522 Thread 0x000000000d9812f0 nmethod 3892 0x0000000005b86b10 code [0x0000000005b86e80, 0x0000000005b87cc8]

GC Heap History (20 events):
Event: 2.427 GC heap after
{Heap after GC invocations=7 (full 0):
 garbage-first heap   total 51200K, used 13492K [0x00000000c1800000, 0x0000000100000000)
  region size 1024K, 1 young (1024K), 1 survivors (1024K)
 Metaspace       used 25670K, committed 25920K, reserved 1073152K
  class space    used 3145K, committed 3264K, reserved 1048576K
}
Event: 2.899 GC heap before
{Heap before GC invocations=7 (full 0):
 garbage-first heap   total 51200K, used 34996K [0x00000000c1800000, 0x0000000100000000)
  region size 1024K, 22 young (22528K), 1 survivors (1024K)
 Metaspace       used 28939K, committed 29248K, reserved 1081344K
  class space    used 3617K, committed 3776K, reserved 1048576K
}
Event: 2.905 GC heap after
{Heap after GC invocations=8 (full 0):
 garbage-first heap   total 74752K, used 15440K [0x00000000c1800000, 0x0000000100000000)
  region size 1024K, 3 young (3072K), 3 survivors (3072K)
 Metaspace       used 28939K, committed 29248K, reserved 1081344K
  class space    used 3617K, committed 3776K, reserved 1048576K
}
Event: 3.661 GC heap before
{Heap before GC invocations=8 (full 0):
 garbage-first heap   total 74752K, used 53328K [0x00000000c1800000, 0x0000000100000000)
  region size 1024K, 40 young (40960K), 3 survivors (3072K)
 Metaspace       used 35099K, committed 35392K, reserved 1081344K
  class space    used 4533K, committed 4672K, reserved 1048576K
}
Event: 3.670 GC heap after
{Heap after GC invocations=9 (full 0):
 garbage-first heap   total 74752K, used 18795K [0x00000000c1800000, 0x0000000100000000)
  region size 1024K, 5 young (5120K), 5 survivors (5120K)
 Metaspace       used 35099K, committed 35392K, reserved 1081344K
  class space    used 4533K, committed 4672K, reserved 1048576K
}
Event: 3.787 GC heap before
{Heap before GC invocations=9 (full 0):
 garbage-first heap   total 74752K, used 52587K [0x00000000c1800000, 0x0000000100000000)
  region size 1024K, 39 young (39936K), 5 survivors (5120K)
 Metaspace       used 35237K, committed 35584K, reserved 1081344K
  class space    used 4554K, committed 4736K, reserved 1048576K
}
Event: 3.801 GC heap after
{Heap after GC invocations=10 (full 0):
 garbage-first heap   total 74752K, used 25499K [0x00000000c1800000, 0x0000000100000000)
  region size 1024K, 5 young (5120K), 5 survivors (5120K)
 Metaspace       used 35237K, committed 35584K, reserved 1081344K
  class space    used 4554K, committed 4736K, reserved 1048576K
}
Event: 3.912 GC heap before
{Heap before GC invocations=10 (full 0):
 garbage-first heap   total 74752K, used 54171K [0x00000000c1800000, 0x0000000100000000)
  region size 1024K, 33 young (33792K), 5 survivors (5120K)
 Metaspace       used 35927K, committed 36288K, reserved 1081344K
  class space    used 4649K, committed 4800K, reserved 1048576K
}
Event: 3.923 GC heap after
{Heap after GC invocations=11 (full 0):
 garbage-first heap   total 74752K, used 31224K [0x00000000c1800000, 0x0000000100000000)
  region size 1024K, 5 young (5120K), 5 survivors (5120K)
 Metaspace       used 35927K, committed 36288K, reserved 1081344K
  class space    used 4649K, committed 4800K, reserved 1048576K
}
Event: 3.933 GC heap before
{Heap before GC invocations=11 (full 0):
 garbage-first heap   total 74752K, used 34296K [0x00000000c1800000, 0x0000000100000000)
  region size 1024K, 9 young (9216K), 5 survivors (5120K)
 Metaspace       used 35973K, committed 36288K, reserved 1081344K
  class space    used 4652K, committed 4800K, reserved 1048576K
}
Event: 3.939 GC heap after
{Heap after GC invocations=12 (full 0):
 garbage-first heap   total 116736K, used 31912K [0x00000000c1800000, 0x0000000100000000)
  region size 1024K, 1 young (1024K), 1 survivors (1024K)
 Metaspace       used 35973K, committed 36288K, reserved 1081344K
  class space    used 4652K, committed 4800K, reserved 1048576K
}
Event: 4.095 GC heap before
{Heap before GC invocations=13 (full 0):
 garbage-first heap   total 116736K, used 81064K [0x00000000c1800000, 0x0000000100000000)
  region size 1024K, 50 young (51200K), 1 survivors (1024K)
 Metaspace       used 36847K, committed 37184K, reserved 1081344K
  class space    used 4731K, committed 4864K, reserved 1048576K
}
Event: 4.110 GC heap after
{Heap after GC invocations=14 (full 0):
 garbage-first heap   total 116736K, used 41191K [0x00000000c1800000, 0x0000000100000000)
  region size 1024K, 7 young (7168K), 7 survivors (7168K)
 Metaspace       used 36847K, committed 37184K, reserved 1081344K
  class space    used 4731K, committed 4864K, reserved 1048576K
}
Event: 4.319 GC heap before
{Heap before GC invocations=14 (full 0):
 garbage-first heap   total 116736K, used 83175K [0x00000000c1800000, 0x0000000100000000)
  region size 1024K, 48 young (49152K), 7 survivors (7168K)
 Metaspace       used 38419K, committed 38720K, reserved 1089536K
  class space    used 4847K, committed 4992K, reserved 1048576K
}
Event: 4.346 GC heap after
{Heap after GC invocations=15 (full 0):
 garbage-first heap   total 116736K, used 54875K [0x00000000c1800000, 0x0000000100000000)
  region size 1024K, 6 young (6144K), 6 survivors (6144K)
 Metaspace       used 38419K, committed 38720K, reserved 1089536K
  class space    used 4847K, committed 4992K, reserved 1048576K
}
Event: 4.438 GC heap before
{Heap before GC invocations=15 (full 0):
 garbage-first heap   total 116736K, used 85595K [0x00000000c1800000, 0x0000000100000000)
  region size 1024K, 36 young (36864K), 6 survivors (6144K)
 Metaspace       used 38633K, committed 38976K, reserved 1089536K
  class space    used 4877K, committed 5056K, reserved 1048576K
}
Event: 4.466 GC heap after
{Heap after GC invocations=16 (full 0):
 garbage-first heap   total 116736K, used 67072K [0x00000000c1800000, 0x0000000100000000)
  region size 1024K, 5 young (5120K), 5 survivors (5120K)
 Metaspace       used 38633K, committed 38976K, reserved 1089536K
  class space    used 4877K, committed 5056K, reserved 1048576K
}
Event: 4.495 GC heap before
{Heap before GC invocations=16 (full 0):
 garbage-first heap   total 116736K, used 86528K [0x00000000c1800000, 0x0000000100000000)
  region size 1024K, 25 young (25600K), 5 survivors (5120K)
 Metaspace       used 38674K, committed 39040K, reserved 1089536K
  class space    used 4888K, committed 5056K, reserved 1048576K
}
Event: 4.501 GC heap after
{Heap after GC invocations=17 (full 0):
 garbage-first heap   total 116736K, used 69653K [0x00000000c1800000, 0x0000000100000000)
  region size 1024K, 2 young (2048K), 2 survivors (2048K)
 Metaspace       used 38674K, committed 39040K, reserved 1089536K
  class space    used 4888K, committed 5056K, reserved 1048576K
}
Event: 4.522 GC heap before
{Heap before GC invocations=17 (full 0):
 garbage-first heap   total 116736K, used 89109K [0x00000000c1800000, 0x0000000100000000)
  region size 1024K, 22 young (22528K), 2 survivors (2048K)
 Metaspace       used 38706K, committed 39040K, reserved 1089536K
  class space    used 4895K, committed 5056K, reserved 1048576K
}

Deoptimization events (10 events):
Event: 1.914 Thread 0x00000000003b4380 DEOPT PACKING pc=0x00000000057c4499 sp=0x00000000022bd400
Event: 1.914 Thread 0x00000000003b4380 DEOPT UNPACKING pc=0x00000000053e2b43 sp=0x00000000022bc8e0 mode 3
Event: 3.525 Thread 0x000000005175e3e0 DEOPT PACKING pc=0x00000000059e47b5 sp=0x000000005230dfb0
Event: 3.525 Thread 0x000000005175e3e0 DEOPT UNPACKING pc=0x00000000053e2b43 sp=0x000000005230d4d8 mode 3
Event: 3.562 Thread 0x0000000051726240 DEOPT PACKING pc=0x00000000057c3301 sp=0x0000000053a4de10
Event: 3.562 Thread 0x0000000051726240 DEOPT UNPACKING pc=0x00000000053e2b43 sp=0x0000000053a4d2a0 mode 3
Event: 3.564 Thread 0x000000005177e1f0 DEOPT PACKING pc=0x00000000057bfb97 sp=0x0000000053b8ed00
Event: 3.564 Thread 0x000000005177e1f0 DEOPT UNPACKING pc=0x00000000053e2b43 sp=0x0000000053b8e158 mode 3
Event: 3.618 Thread 0x0000000051766f70 DEOPT PACKING pc=0x0000000005a04383 sp=0x000000005393e470
Event: 3.618 Thread 0x0000000051766f70 DEOPT UNPACKING pc=0x00000000053e2b43 sp=0x000000005393d9b8 mode 3

Classes unloaded (0 events):
No events

Classes redefined (0 events):
No events

Internal exceptions (20 events):
Event: 3.644 Thread 0x0000000051791c40 Exception <a 'sun/nio/fs/WindowsException'{0x00000000c3fcbb18}> (0x00000000c3fcbb18) 
thrown [s\src\hotspot\share\prims\jni.cpp, line 516]
Event: 3.644 Thread 0x0000000051791c40 Exception <a 'sun/nio/fs/WindowsException'{0x00000000c3fcc558}> (0x00000000c3fcc558) 
thrown [s\src\hotspot\share\prims\jni.cpp, line 516]
Event: 3.644 Thread 0x0000000051791c40 Exception <a 'sun/nio/fs/WindowsException'{0x00000000c3fcc960}> (0x00000000c3fcc960) 
thrown [s\src\hotspot\share\prims\jni.cpp, line 516]
Event: 3.645 Thread 0x0000000051791c40 Exception <a 'sun/nio/fs/WindowsException'{0x00000000c3fcd378}> (0x00000000c3fcd378) 
thrown [s\src\hotspot\share\prims\jni.cpp, line 516]
Event: 3.645 Thread 0x0000000051791c40 Exception <a 'sun/nio/fs/WindowsException'{0x00000000c3fcd748}> (0x00000000c3fcd748) 
thrown [s\src\hotspot\share\prims\jni.cpp, line 516]
Event: 3.646 Thread 0x0000000051791c40 Exception <a 'sun/nio/fs/WindowsException'{0x00000000c3fce170}> (0x00000000c3fce170) 
thrown [s\src\hotspot\share\prims\jni.cpp, line 516]
Event: 3.646 Thread 0x0000000051791c40 Exception <a 'sun/nio/fs/WindowsException'{0x00000000c3fce558}> (0x00000000c3fce558) 
thrown [s\src\hotspot\share\prims\jni.cpp, line 516]
Event: 3.646 Thread 0x0000000051791c40 Exception <a 'sun/nio/fs/WindowsException'{0x00000000c3fcef70}> (0x00000000c3fcef70) 
thrown [s\src\hotspot\share\prims\jni.cpp, line 516]
Event: 3.646 Thread 0x0000000051791c40 Exception <a 'sun/nio/fs/WindowsException'{0x00000000c3fcf348}> (0x00000000c3fcf348) 
thrown [s\src\hotspot\share\prims\jni.cpp, line 516]
Event: 3.646 Thread 0x0000000051791c40 Exception <a 'sun/nio/fs/WindowsException'{0x00000000c3fcfd70}> (0x00000000c3fcfd70) 
thrown [s\src\hotspot\share\prims\jni.cpp, line 516]
Event: 3.646 Thread 0x0000000051791c40 Exception <a 'sun/nio/fs/WindowsException'{0x00000000c3fd0158}> (0x00000000c3fd0158) 
thrown [s\src\hotspot\share\prims\jni.cpp, line 516]
Event: 3.646 Thread 0x0000000051791c40 Exception <a 'sun/nio/fs/WindowsException'{0x00000000c3fd0b98}> (0x00000000c3fd0b98) 
thrown [s\src\hotspot\share\prims\jni.cpp, line 516]
Event: 3.646 Thread 0x0000000051791c40 Exception <a 'sun/nio/fs/WindowsException'{0x00000000c3fd0fa0}> (0x00000000c3fd0fa0) 
thrown [s\src\hotspot\share\prims\jni.cpp, line 516]
Event: 3.646 Thread 0x0000000051791c40 Exception <a 'sun/nio/fs/WindowsException'{0x00000000c3fd19f8}> (0x00000000c3fd19f8) 
thrown [s\src\hotspot\share\prims\jni.cpp, line 516]
Event: 3.646 Thread 0x0000000051791c40 Exception <a 'sun/nio/fs/WindowsException'{0x00000000c3fd1e18}> (0x00000000c3fd1e18) 
thrown [s\src\hotspot\share\prims\jni.cpp, line 516]
Event: 3.646 Thread 0x0000000051791c40 Exception <a 'sun/nio/fs/WindowsException'{0x00000000c3fd2868}> (0x00000000c3fd2868) 
thrown [s\src\hotspot\share\prims\jni.cpp, line 516]
Event: 3.646 Thread 0x0000000051791c40 Exception <a 'sun/nio/fs/WindowsException'{0x00000000c3fd2c80}> (0x00000000c3fd2c80) 
thrown [s\src\hotspot\share\prims\jni.cpp, line 516]
Event: 3.757 Thread 0x000000005175e3e0 Exception <a 'java/lang/NoSuchMethodError'{0x00000000c49abb28}: 'int java.lang.invoke.DirectMethodHandle$Holder.invokeStatic(java.lang.Object)'> (0x00000000c49abb28) 
thrown [s\src\hotspot\share\interpreter\linkResolver.cpp, line 759]
Event: 3.757 Thread 0x000000005175e3e0 Exception <a 'java/lang/NoSuchMethodError'{0x00000000c49af1d0}: 'int java.lang.invoke.DirectMethodHandle$Holder.invokeStaticInit(java.lang.Object)'> (0x00000000c49af1d0) 
thrown [s\src\hotspot\share\interpreter\linkResolver.cpp, line 759]
Event: 4.298 Thread 0x000000005175e3e0 Exception <a 'java/lang/NoSuchMethodError'{0x00000000c6624f18}: 'java.lang.Object java.lang.invoke.Invokers$Holder.invoke_MT(java.lang.Object, java.lang.Object, java.lang.Object)'> (0x00000000c6624f18) 
thrown [s\src\hotspot\share\interpreter\linkResolver.cpp, line 759]

VM Operations (20 events):
Event: 4.077 Executing VM operation: HandshakeAllThreads done
Event: 4.095 Executing VM operation: G1CollectForAllocation
Event: 4.117 Executing VM operation: G1CollectForAllocation done
Event: 4.287 Executing VM operation: HandshakeAllThreads
Event: 4.287 Executing VM operation: HandshakeAllThreads done
Event: 4.289 Executing VM operation: HandshakeAllThreads
Event: 4.289 Executing VM operation: HandshakeAllThreads done
Event: 4.317 Executing VM operation: G1CollectForAllocation
Event: 4.346 Executing VM operation: G1CollectForAllocation done
Event: 4.382 Executing VM operation: HandshakeAllThreads
Event: 4.382 Executing VM operation: HandshakeAllThreads done
Event: 4.437 Executing VM operation: G1CollectForAllocation
Event: 4.468 Executing VM operation: G1CollectForAllocation done
Event: 4.493 Executing VM operation: HandshakeAllThreads
Event: 4.495 Executing VM operation: HandshakeAllThreads done
Event: 4.495 Executing VM operation: G1CollectForAllocation
Event: 4.502 Executing VM operation: G1CollectForAllocation done
Event: 4.503 Executing VM operation: HandshakeAllThreads
Event: 4.503 Executing VM operation: HandshakeAllThreads done
Event: 4.521 Executing VM operation: G1CollectForAllocation

Events (20 events):
Event: 4.303 loading class jdk/internal/jrtfs/JrtPath
Event: 4.304 loading class jdk/internal/jrtfs/JrtPath done
Event: 4.306 loading class java/nio/file/FileVisitOption
Event: 4.306 loading class java/nio/file/FileVisitOption done
Event: 4.306 loading class java/nio/file/FileTreeWalker
Event: 4.306 loading class java/nio/file/FileTreeWalker done
Event: 4.383 loading class java/nio/file/FileTreeWalker$DirectoryNode
Event: 4.383 loading class java/nio/file/FileTreeWalker$DirectoryNode done
Event: 4.383 loading class java/nio/file/FileTreeWalker$Event
Event: 4.383 loading class java/nio/file/FileTreeWalker$Event done
Event: 4.383 loading class java/nio/file/FileTreeWalker$EventType
Event: 4.383 loading class java/nio/file/FileTreeWalker$EventType done
Event: 4.383 loading class java/nio/file/Files$3
Event: 4.383 loading class java/nio/file/Files$3 done
Event: 4.383 loading class java/nio/file/FileVisitResult
Event: 4.383 loading class java/nio/file/FileVisitResult done
Event: 4.417 loading class java/nio/channels/Channels$ReadableByteChannelImpl
Event: 4.417 loading class java/nio/channels/Channels$ReadableByteChannelImpl done
Event: 4.417 loading class java/nio/channels/NonWritableChannelException
Event: 4.417 loading class java/nio/channels/NonWritableChannelException done


Dynamic libraries:
0x000000013f6b0000 - 0x000000013f6be000 	c:\Users\KL_Schweizer\.vscode\extensions\redhat.java-1.11.0-win32-x64\jre\17.0.4.1-win32-x86_64\bin\java.exe
0x0000000077670000 - 0x000000007780f000 	C:\Windows\SYSTEM32\ntdll.dll
0x0000000077450000 - 0x000000007756f000 	C:\Windows\system32\kernel32.dll
0x000007fefd8a0000 - 0x000007fefd90a000 	C:\Windows\system32\KERNELBASE.dll
0x000007fee3ad0000 - 0x000007fee3ae8000 	c:\Users\KL_Schweizer\.vscode\extensions\redhat.java-1.11.0-win32-x64\jre\17.0.4.1-win32-x86_64\bin\jli.dll
0x000007fefb760000 - 0x000007fefb954000 	C:\Windows\WinSxS\amd64_microsoft.windows.common-controls_6595b64144ccf1df_6.0.7601.17514_none_fa396087175ac9ac\COMCTL32.dll
0x000007feff7c0000 - 0x000007feff85f000 	C:\Windows\system32\msvcrt.dll
0x000007fefef20000 - 0x000007fefef87000 	C:\Windows\system32\GDI32.dll
0x0000000077570000 - 0x000000007766a000 	C:\Windows\system32\USER32.dll
0x000007feff2d0000 - 0x000007feff2de000 	C:\Windows\system32\LPK.dll
0x000007feff890000 - 0x000007feff959000 	C:\Windows\system32\USP10.dll
0x000007fefeff0000 - 0x000007feff061000 	C:\Windows\system32\SHLWAPI.dll
0x000007fef55c0000 - 0x000007fef55d9000 	c:\Users\KL_Schweizer\.vscode\extensions\redhat.java-1.11.0-win32-x64\jre\17.0.4.1-win32-x86_64\bin\VCRUNTIME140.dll
0x000007fef55b0000 - 0x000007fef55b4000 	c:\Users\KL_Schweizer\.vscode\extensions\redhat.java-1.11.0-win32-x64\jre\17.0.4.1-win32-x86_64\bin\api-ms-win-crt-runtime-l1-1-0.dll
0x000007fec7650000 - 0x000007fec774a000 	c:\Users\KL_Schweizer\.vscode\extensions\redhat.java-1.11.0-win32-x64\jre\17.0.4.1-win32-x86_64\bin\ucrtbase.DLL
0x000007fef5690000 - 0x000007fef5693000 	c:\Users\KL_Schweizer\.vscode\extensions\redhat.java-1.11.0-win32-x64\jre\17.0.4.1-win32-x86_64\bin\api-ms-win-core-localization-l1-2-0.dll
0x000007fee3ab0000 - 0x000007fee3ab3000 	c:\Users\KL_Schweizer\.vscode\extensions\redhat.java-1.11.0-win32-x64\jre\17.0.4.1-win32-x86_64\bin\api-ms-win-core-processthreads-l1-1-1.dll
0x000007fee3ac0000 - 0x000007fee3ac3000 	c:\Users\KL_Schweizer\.vscode\extensions\redhat.java-1.11.0-win32-x64\jre\17.0.4.1-win32-x86_64\bin\api-ms-win-core-file-l1-2-0.dll
0x000007fee38e0000 - 0x000007fee38e3000 	c:\Users\KL_Schweizer\.vscode\extensions\redhat.java-1.11.0-win32-x64\jre\17.0.4.1-win32-x86_64\bin\api-ms-win-core-timezone-l1-1-0.dll
0x000007fee3a50000 - 0x000007fee3a53000 	c:\Users\KL_Schweizer\.vscode\extensions\redhat.java-1.11.0-win32-x64\jre\17.0.4.1-win32-x86_64\bin\api-ms-win-core-file-l2-1-0.dll
0x000007fee3700000 - 0x000007fee3703000 	c:\Users\KL_Schweizer\.vscode\extensions\redhat.java-1.11.0-win32-x64\jre\17.0.4.1-win32-x86_64\bin\api-ms-win-core-synch-l1-2-0.dll
0x000007fee3710000 - 0x000007fee3713000 	c:\Users\KL_Schweizer\.vscode\extensions\redhat.java-1.11.0-win32-x64\jre\17.0.4.1-win32-x86_64\bin\api-ms-win-crt-heap-l1-1-0.dll
0x000007fee30b0000 - 0x000007fee30b4000 	c:\Users\KL_Schweizer\.vscode\extensions\redhat.java-1.11.0-win32-x64\jre\17.0.4.1-win32-x86_64\bin\api-ms-win-crt-string-l1-1-0.dll
0x000007fee30c0000 - 0x000007fee30c4000 	c:\Users\KL_Schweizer\.vscode\extensions\redhat.java-1.11.0-win32-x64\jre\17.0.4.1-win32-x86_64\bin\api-ms-win-crt-stdio-l1-1-0.dll
0x000007fee2840000 - 0x000007fee2844000 	c:\Users\KL_Schweizer\.vscode\extensions\redhat.java-1.11.0-win32-x64\jre\17.0.4.1-win32-x86_64\bin\api-ms-win-crt-convert-l1-1-0.dll
0x000007fee2850000 - 0x000007fee2853000 	c:\Users\KL_Schweizer\.vscode\extensions\redhat.java-1.11.0-win32-x64\jre\17.0.4.1-win32-x86_64\bin\api-ms-win-crt-environment-l1-1-0.dll
0x000007fedd380000 - 0x000007fedd383000 	c:\Users\KL_Schweizer\.vscode\extensions\redhat.java-1.11.0-win32-x64\jre\17.0.4.1-win32-x86_64\bin\api-ms-win-crt-filesystem-l1-1-0.dll
0x000007fee2830000 - 0x000007fee2835000 	c:\Users\KL_Schweizer\.vscode\extensions\redhat.java-1.11.0-win32-x64\jre\17.0.4.1-win32-x86_64\bin\api-ms-win-crt-math-l1-1-0.dll
0x000007fedcad0000 - 0x000007fedcad3000 	c:\Users\KL_Schweizer\.vscode\extensions\redhat.java-1.11.0-win32-x64\jre\17.0.4.1-win32-x86_64\bin\api-ms-win-crt-locale-l1-1-0.dll
0x000007feff860000 - 0x000007feff88e000 	C:\Windows\system32\IMM32.DLL
0x000007fefde70000 - 0x000007fefdf79000 	C:\Windows\system32\MSCTF.dll
0x000007fedd270000 - 0x000007fedd27c000 	c:\Users\KL_Schweizer\.vscode\extensions\redhat.java-1.11.0-win32-x64\jre\17.0.4.1-win32-x86_64\bin\vcruntime140_1.dll
0x000007fec8910000 - 0x000007fec89a1000 	c:\Users\KL_Schweizer\.vscode\extensions\redhat.java-1.11.0-win32-x64\jre\17.0.4.1-win32-x86_64\bin\msvcp140.dll
0x000007fedcab0000 - 0x000007fedcab3000 	c:\Users\KL_Schweizer\.vscode\extensions\redhat.java-1.11.0-win32-x64\jre\17.0.4.1-win32-x86_64\bin\api-ms-win-crt-time-l1-1-0.dll
0x000007fedcac0000 - 0x000007fedcac3000 	c:\Users\KL_Schweizer\.vscode\extensions\redhat.java-1.11.0-win32-x64\jre\17.0.4.1-win32-x86_64\bin\api-ms-win-crt-utility-l1-1-0.dll
0x000007fec4960000 - 0x000007fec55a6000 	c:\Users\KL_Schweizer\.vscode\extensions\redhat.java-1.11.0-win32-x64\jre\17.0.4.1-win32-x86_64\bin\server\jvm.dll
0x000007feff2e0000 - 0x000007feff3bb000 	C:\Windows\system32\ADVAPI32.dll
0x000007fefd970000 - 0x000007fefd98f000 	C:\Windows\SYSTEM32\sechost.dll
0x000007feff690000 - 0x000007feff7bc000 	C:\Windows\system32\RPCRT4.dll
0x000007fef5920000 - 0x000007fef5929000 	C:\Windows\system32\WSOCK32.dll
0x000007feff540000 - 0x000007feff58d000 	C:\Windows\system32\WS2_32.dll
0x000007fefdb60000 - 0x000007fefdb68000 	C:\Windows\system32\NSI.dll
0x000007fef90e0000 - 0x000007fef911b000 	C:\Windows\system32\WINMM.dll
0x000007fefc840000 - 0x000007fefc84c000 	C:\Windows\system32\VERSION.dll
0x0000000077820000 - 0x0000000077827000 	C:\Windows\system32\PSAPI.DLL
0x000007feda0c0000 - 0x000007feda0ca000 	c:\Users\KL_Schweizer\.vscode\extensions\redhat.java-1.11.0-win32-x64\jre\17.0.4.1-win32-x86_64\bin\jimage.dll
0x000007fef5f10000 - 0x000007fef6035000 	C:\Windows\system32\DBGHELP.DLL
0x000007feda090000 - 0x000007feda0b5000 	c:\Users\KL_Schweizer\.vscode\extensions\redhat.java-1.11.0-win32-x64\jre\17.0.4.1-win32-x86_64\bin\java.dll
0x000007fed9b70000 - 0x000007fed9b88000 	c:\Users\KL_Schweizer\.vscode\extensions\redhat.java-1.11.0-win32-x64\jre\17.0.4.1-win32-x86_64\bin\zip.dll
0x000007fefe190000 - 0x000007fefef18000 	C:\Windows\system32\SHELL32.dll
0x000007fefdf80000 - 0x000007fefe183000 	C:\Windows\system32\ole32.dll
0x000007fefd5a0000 - 0x000007fefd5af000 	C:\Windows\system32\profapi.dll
0x000007feda060000 - 0x000007feda079000 	C:\Users\KL_Schweizer\.vscode\extensions\redhat.java-1.11.0-win32-x64\jre\17.0.4.1-win32-x86_64\bin\net.dll
0x000007fef23e0000 - 0x000007fef2451000 	C:\Windows\system32\WINHTTP.dll
0x000007fef2370000 - 0x000007fef23d4000 	C:\Windows\system32\webio.dll
0x000007fefcdc0000 - 0x000007fefce15000 	C:\Windows\system32\mswsock.dll
0x000007fefcdb0000 - 0x000007fefcdb7000 	C:\Windows\System32\wship6.dll
0x000007fed9710000 - 0x000007fed9725000 	C:\Users\KL_Schweizer\.vscode\extensions\redhat.java-1.11.0-win32-x64\jre\17.0.4.1-win32-x86_64\bin\nio.dll
0x000007fed9ae0000 - 0x000007fed9af0000 	c:\Users\KL_Schweizer\.vscode\extensions\redhat.java-1.11.0-win32-x64\jre\17.0.4.1-win32-x86_64\bin\verify.dll
0x000007fee28f0000 - 0x000007fee28f9000 	C:\Users\KL_Schweizer\.vscode\extensions\redhat.java-1.11.0-win32-x64\jre\17.0.4.1-win32-x86_64\bin\management.dll
0x000007fee28e0000 - 0x000007fee28eb000 	C:\Users\KL_Schweizer\.vscode\extensions\redhat.java-1.11.0-win32-x64\jre\17.0.4.1-win32-x86_64\bin\management_ext.dll
0x000007fefa3e0000 - 0x000007fefa3f5000 	C:\Windows\system32\NLAapi.dll
0x000007fef5a00000 - 0x000007fef5a15000 	C:\Windows\system32\napinsp.dll
0x000007fef59e0000 - 0x000007fef59f9000 	C:\Windows\system32\pnrpnsp.dll
0x000007fefcc40000 - 0x000007fefcc9b000 	C:\Windows\system32\DNSAPI.dll
0x000007fef5950000 - 0x000007fef595b000 	C:\Windows\System32\winrnr.dll
0x0000000073d70000 - 0x0000000073d9e000 	c:\Program Files\Common Files\Microsoft Shared\Windows Live\WLIDNSP.DLL
0x000007fefbeb0000 - 0x000007fefbeb7000 	C:\Windows\System32\wshtcpip.dll
0x000007fefc5c0000 - 0x000007fefc5e7000 	C:\Windows\system32\IPHLPAPI.DLL
0x000007fefc5b0000 - 0x000007fefc5bb000 	C:\Windows\system32\WINNSI.DLL
0x000007fef4280000 - 0x000007fef4288000 	C:\Windows\system32\rasadhlp.dll
0x000007fef9b30000 - 0x000007fef9b83000 	C:\Windows\System32\fwpuclnt.dll
0x000007fefce20000 - 0x000007fefce38000 	C:\Windows\system32\CRYPTSP.dll
0x000007fefcb20000 - 0x000007fefcb67000 	C:\Windows\system32\rsaenh.dll
0x000007fefc8e0000 - 0x000007fefc8fe000 	C:\Windows\system32\USERENV.dll
0x000007fefd4d0000 - 0x000007fefd4df000 	C:\Windows\system32\CRYPTBASE.dll
0x000007fef9ab0000 - 0x000007fef9ac1000 	C:\Windows\system32\dhcpcsvc6.DLL
0x000007fef9a90000 - 0x000007fef9aa8000 	C:\Windows\system32\dhcpcsvc.DLL

dbghelp: loaded successfully - version: 4.0.5 - missing functions: none
symbol engine: initialized successfully - sym options: 0x614 - pdb path: .;c:\Users\KL_Schweizer\.vscode\extensions\redhat.java-1.11.0-win32-x64\jre\17.0.4.1-win32-x86_64\bin;C:\Windows\SYSTEM32;C:\Windows\WinSxS\amd64_microsoft.windows.common-controls_6595b64144ccf1df_6.0.7601.17514_none_fa396087175ac9ac;c:\Users\KL_Schweizer\.vscode\extensions\redhat.java-1.11.0-win32-x64\jre\17.0.4.1-win32-x86_64\bin\server;c:\Program Files\Common Files\Microsoft Shared\Windows Live

VM Arguments:
jvm_args: -Dsts.lsp.client=vscode -Dsts.log.file=/dev/null -XX:TieredStopAtLevel=1 -Xlog:jni+resolve=off -Dspring.config.location=file:c:\Users\KL_Schweizer\.vscode\extensions\pivotal.vscode-spring-boot-1.40.0\language-server\BOOT-INF\classes\application.properties 
java_command: org.springframework.ide.vscode.boot.app.BootLanguageServerBootApp
java_class_path (initial): c:\Users\KL_Schweizer\.vscode\extensions\pivotal.vscode-spring-boot-1.40.0\language-server\BOOT-INF\classes;c:\Users\KL_Schweizer\.vscode\extensions\pivotal.vscode-spring-boot-1.40.0\language-server\BOOT-INF\lib\annotations-23.0.0.jar;c:\Users\KL_Schweizer\.vscode\extensions\pivotal.vscode-spring-boot-1.40.0\language-server\BOOT-INF\lib\ant-1.10.12.jar;c:\Users\KL_Schweizer\.vscode\extensions\pivotal.vscode-spring-boot-1.40.0\language-server\BOOT-INF\lib\ant-launcher-1.10.12.jar;c:\Users\KL_Schweizer\.vscode\extensions\pivotal.vscode-spring-boot-1.40.0\language-server\BOOT-INF\lib\antlr-runtime-3.5.2.jar;c:\Users\KL_Schweizer\.vscode\extensions\pivotal.vscode-spring-boot-1.40.0\language-server\BOOT-INF\lib\antlr4-4.9.3.jar;c:\Users\KL_Schweizer\.vscode\extensions\pivotal.vscode-spring-boot-1.40.0\language-server\BOOT-INF\lib\antlr4-runtime-4.9.3.jar;c:\Users\KL_Schweizer\.vscode\extensions\pivotal.vscode-spring-boot-1.40.0\language-server\BOOT-INF\lib\asm-9.3.jar;c:\Users\KL_Schweizer\.vscode\extensions\pivotal.vscode-spring-boot-1.40.0\language-server\BOOT-INF\lib\asm-analysis-9.3.jar;c:\Users\KL_Schweizer\.vscode\extensions\pivotal.vscode-spring-boot-1.40.0\language-server\BOOT-INF\lib\asm-tree-9.3.jar;c:\Users\KL_Schweizer\.vscode\extensions\pivotal.vscode-spring-boot-1.40.0\language-server\BOOT-INF\lib\asm-util-9.3.jar;c:\Users\KL_Schweizer\.vscode\extensions\pivotal.vscode-spring-boot-1.40.0\language-server\BOOT-INF\lib\byte-buddy-1.12.13.jar;c:\Users\KL_Schweizer\.vscode\extensions\pivotal.vscode-spring-boot-1.40.0\language-server\BOOT-INF\lib\caffeine-2.9.3.jar;c:\Users\KL_Schweizer\.vscode\extensions\pivotal.vscode-spring-boot-1.40.0\language-server\BOOT-INF\lib\checker-qual-3.12.0.jar;c:\Users\KL_Schweizer\.vscode\extensions\pivotal.vscode-spring-boot-1.40.0\language-server\BOOT-INF\lib\classgraph-4.8.149.jar;c:\Users\KL_Schweizer\.vscode\extensions\pivotal.vscode-spring-boot-1.40.0\language-server\BOOT-INF\lib\commons-codec-1.1
Launcher Type: SUN_STANDARD

[Global flags]
     intx CICompilerCount                          = 3                                         {product} {ergonomic}
     uint ConcGCThreads                            = 1                                         {product} {ergonomic}
     uint G1ConcRefinementThreads                  = 4                                         {product} {ergonomic}
   size_t G1HeapRegionSize                         = 1048576                                   {product} {ergonomic}
    uintx GCDrainStackTargetSize                   = 64                                        {product} {ergonomic}
   size_t InitialHeapSize                          = 67108864                                  {product} {ergonomic}
   size_t MarkStackSize                            = 4194304                                   {product} {ergonomic}
   size_t MaxHeapSize                              = 1048576000                                {product} {ergonomic}
   size_t MaxNewSize                               = 629145600                                 {product} {ergonomic}
   size_t MinHeapDeltaBytes                        = 1048576                                   {product} {ergonomic}
   size_t MinHeapSize                              = 8388608                                   {product} {ergonomic}
    uintx NonProfiledCodeHeapSize                  = 0                                      {pd product} {ergonomic}
     bool ProfileInterpreter                       = false                                  {pd product} {command line}
    uintx ProfiledCodeHeapSize                     = 0                                      {pd product} {ergonomic}
   size_t SoftMaxHeapSize                          = 1048576000                             {manageable} {ergonomic}
     intx TieredStopAtLevel                        = 1                                         {product} {command line}
     bool UseCompressedClassPointers               = true                           {product lp64_product} {ergonomic}
     bool UseCompressedOops                        = true                           {product lp64_product} {ergonomic}
     bool UseG1GC                                  = true                                      {product} {ergonomic}
     bool UseLargePagesIndividualAllocation        = false                                  {pd product} {ergonomic}

Logging:
Log output configuration:
 #0: stdout all=warning,jni+resolve=off uptime,level,tags
 #1: stderr all=off uptime,level,tags

Environment Variables:
PATH=C:\Program Files\Common Files\Oracle\Java\javapath;C:\Program Files (x86)\Common Files\Oracle\Java\javapath;C:\Program Files (x86)\Common Files\Microsoft Shared\Windows Live;C:\Windows\system32;C:\Windows;C:\Windows\System32\Wbem;C:\Windows\System32\WindowsPowerShell\v1.0\;C:\Program Files\nodejs\;C:\xampp\php;C:\composer;C:\Program Files\dotnet\;C:\Program Files\Git\cmd;C:\Program Files\NVIDIA Corporation\NVIDIA NvDLISR;C:\Program Files (x86)\GtkSharp\2.12\bin;C:\Users\KL_Schweizer\.dnx\bin;C:\Program Files\Microsoft DNX\Dnvm\;C:\Program Files (x86)\NVIDIA Corporation\PhysX\Common;C:\Program Files\Microsoft SQL Server\130\Tools\Binn\;C:\Windows\System32\WindowsPowerShell\v1.0\;C:\apache-maven-3.8.6-bin\apache-maven-3.8.6\bin;C:\Program Files (x86)\MySQL\MySQL Server 5.0\bin;C:\laragon\bin;C:\laragon\bin\apache\httpd-2.4.54-win64-VS16\bin;C:\laragon\bin\composer;C:\laragon\bin\git\bin;C:\laragon\bin\git\cmd;C:\laragon\bin\git\mingw64\bin;C:\laragon\bin\git\usr\bin;C:\laragon\bin\laragon\utils;C:\laragon\bin\mysql\mysql-8.0.30-winx64\bin;C:\laragon\bin\nginx\nginx-1.22.0;C:\laragon\bin\ngrok;C:\laragon\bin\nodejs\node-v18;C:\laragon\bin\notepad++;C:\laragon\bin\php\php-8.1.10-Win32-vs16-x64;C:\laragon\bin\python\python-3.10;C:\laragon\bin\python\python-3.10\Scripts;C:\laragon\bin\redis\redis-x64-5.0.14.1;C:\laragon\bin\telnet;C:\laragon\usr\bin;C:\Users\KL_Schweizer\AppData\Local\Yarn\config\global\node_modules\.bin;C:\Users\KL_Schweizer\AppData\Roaming\Composer\vendor\bin;C:\Users\KL_Schweizer\AppData\Roaming\npm;C:\Users\KL_Schweizer\AppData\Local\Programs\Python\Python38-32\Scripts\;C:\Users\KL_Schweizer\AppData\Local\Programs\Python\Python38-32\;D:\pktriot-0.14.1.win64\pktriot-0.14.1;C:\Users\KL_Schweizer\AppData\Local\Programs\Microsoft VS Code\bin;D:\Program Files\Docker Toolbox;D:\Program Files\flutter\bin;C:\Users\KL_Schweizer\AppData\Local\Pub\Cache\bin;
USERNAME=KL_Schweizer
OS=Windows_NT
PROCESSOR_IDENTIFIER=Intel64 Family 6 Model 58 Stepping 9, GenuineIntel
TMP=C:\Users\KL_SCH~1\AppData\Local\Temp
TEMP=C:\Users\KL_SCH~1\AppData\Local\Temp



---------------  S Y S T E M  ---------------

OS:
 Windows 7 , 64 bit Build 7601 (6.1.7601.24384)
OS uptime: 0 days 5:18 hours

CPU: total 4 (initial active 4) (2 cores per cpu, 2 threads per core) family 6 model 58 stepping 9 microcode 0x0, cx8, cmov, fxsr, ht, mmx, sse, sse2, sse3, ssse3, sse4.1, sse4.2, popcnt, tsc, tscinvbit, avx, erms, clmul, vzeroupper, clflush

Memory: 4k page, system-wide physical 3993M (14M free)
TotalPageFile size 9275M (AvailPageFile size 25M)
current process WorkingSet (physical memory assigned to process): 218M, peak: 218M
current process commit charge ("private bytes"): 251M, peak: 390M

vm_info: OpenJDK 64-Bit Server VM (17.0.4.1+1) for windows-amd64 JRE (17.0.4.1+1), built on Aug 17 2022 07:42:43 by "temurin" with MS VC++ 16.7 (VS2019)

END.
