#
# There is insufficient memory for the Java Runtime Environment to continue.
# Native memory allocation (mmap) failed to map 102760448 bytes for G1 virtual space
# Possible reasons:
#   The system is out of physical RAM or swap space
#   The process is running with CompressedOops enabled, and the Java Heap may be blocking the growth of the native heap
# Possible solutions:
#   Reduce memory load on the system
#   Increase physical memory or swap space
#   Check if swap backing store is full
#   Decrease Java heap size (-Xmx/-Xms)
#   Decrease number of Java threads
#   Decrease Java thread stack sizes (-Xss)
#   Set larger code cache with -XX:ReservedCodeCacheSize=
#   JVM is running with Unscaled Compressed Oops mode in which the Java heap is
#     placed in the first 4GB address space. The Java Heap base address is the
#     maximum limit for the native heap growth. Please use -XX:HeapBaseMinAddress
#     to set the Java Heap base and to place the Java Heap above 4GB virtual address.
# This output file may be truncated or incomplete.
#
#  Out of Memory Error (os_windows.cpp:3541), pid=5012, tid=7020
#
# JRE version: OpenJDK Runtime Environment Temurin-17.0.4.1+1 (17.0.4.1+1) (build 17.0.4.1+1)
# Java VM: OpenJDK 64-Bit Server VM Temurin-17.0.4.1+1 (17.0.4.1+1, mixed mode, emulated-client, tiered, compressed oops, compressed class ptrs, g1 gc, windows-amd64)
# No core dump will be written. Minidumps are not enabled by default on client versions of Windows
#

---------------  S U M M A R Y ------------

Command Line: -Dsts.lsp.client=vscode -Dsts.log.file=/dev/null -XX:TieredStopAtLevel=1 -Xlog:jni+resolve=off -Dspring.config.location=file:c:\Users\KL_Schweizer\.vscode\extensions\pivotal.vscode-spring-boot-1.40.0\language-server\BOOT-INF\classes\application.properties org.springframework.ide.vscode.boot.app.BootLanguageServerBootApp

Host: Intel(R) Core(TM) i3-3240 CPU @ 3.40GHz, 4 cores, 3G,  Windows 7 , 64 bit Build 7601 (6.1.7601.24384)
Time: Thu Oct 27 14:35:10 2022 Taipei Standard Time elapsed time: 3.736890 seconds (0d 0h 0m 3s)

---------------  T H R E A D  ---------------

Current thread (0x000000000da173f0):  VMThread "VM Thread" [stack: 0x000000004e490000,0x000000004e590000] [id=7020]

Stack: [0x000000004e490000,0x000000004e590000]
Native frames: (J=compiled Java code, j=interpreted, Vv=VM code, C=native code)
V  [jvm.dll+0x67731a]
V  [jvm.dll+0x832284]
V  [jvm.dll+0x833a2e]
V  [jvm.dll+0x834093]
V  [jvm.dll+0x245775]
V  [jvm.dll+0x674209]
V  [jvm.dll+0x668a92]
V  [jvm.dll+0x30471b]
V  [jvm.dll+0x30bc66]
V  [jvm.dll+0x35ba9e]
V  [jvm.dll+0x35bccf]
V  [jvm.dll+0x2db5b8]
V  [jvm.dll+0x2d986c]
V  [jvm.dll+0x2d8e3c]
V  [jvm.dll+0x31cd9b]
V  [jvm.dll+0x83853b]
V  [jvm.dll+0x839274]
V  [jvm.dll+0x83978c]
V  [jvm.dll+0x839b64]
V  [jvm.dll+0x839c30]
V  [jvm.dll+0x7e240a]
V  [jvm.dll+0x6761a5]
C  [ucrtbase.DLL+0x1c1ae]
C  [kernel32.dll+0x1570d]
C  [ntdll.dll+0x5385d]

VM_Operation (0x0000000054bad9b0): G1CollectForAllocation, mode: safepoint, requested by thread 0x0000000051516e60


---------------  P R O C E S S  ---------------

Threads class SMR info:
_java_thread_list=0x0000000051568b50, length=31, elements={
0x000000000da1ae70, 0x000000000da1bc70, 0x000000000da51890, 0x000000000da75070,
0x000000000da77930, 0x000000000da7b6f0, 0x000000000da7bfb0, 0x000000000da7c8b0,
0x000000000dad2ef0, 0x000000004ee755b0, 0x000000004ee7ed10, 0x000000005122ace0,
0x00000000513fff00, 0x0000000051406f80, 0x00000000002c4380, 0x000000005148e0a0,
0x00000000514abe40, 0x00000000514b0b50, 0x00000000514dcb40, 0x000000005150ac20,
0x00000000515147e0, 0x0000000051514cb0, 0x0000000051515180, 0x0000000051515650,
0x0000000051515b20, 0x0000000051515ff0, 0x00000000515164c0, 0x0000000051516990,
0x0000000051516e60, 0x0000000051517330, 0x0000000051517800
}

Java Threads: ( => current thread )
  0x000000000da1ae70 JavaThread "Reference Handler" daemon [_thread_blocked, id=2316, stack(0x000000004e5c0000,0x000000004e6c0000)]
  0x000000000da1bc70 JavaThread "Finalizer" daemon [_thread_blocked, id=8540, stack(0x000000000d6f0000,0x000000000d7f0000)]
  0x000000000da51890 JavaThread "Signal Dispatcher" daemon [_thread_blocked, id=7692, stack(0x000000004e820000,0x000000004e920000)]
  0x000000000da75070 JavaThread "Attach Listener" daemon [_thread_blocked, id=5332, stack(0x000000004e720000,0x000000004e820000)]
  0x000000000da77930 JavaThread "Service Thread" daemon [_thread_blocked, id=8188, stack(0x000000004eab0000,0x000000004ebb0000)]
  0x000000000da7b6f0 JavaThread "Monitor Deflation Thread" daemon [_thread_blocked, id=4716, stack(0x000000000d4d0000,0x000000000d5d0000)]
  0x000000000da7bfb0 JavaThread "C1 CompilerThread0" daemon [_thread_blocked, id=8840, stack(0x000000004ec70000,0x000000004ed70000)]
  0x000000000da7c8b0 JavaThread "Sweeper thread" daemon [_thread_blocked, id=7740, stack(0x000000004e940000,0x000000004ea40000)]
  0x000000000dad2ef0 JavaThread "C1 CompilerThread1" daemon [_thread_blocked, id=3008, stack(0x000000004f320000,0x000000004f420000)]
  0x000000004ee755b0 JavaThread "Notification Thread" daemon [_thread_blocked, id=8888, stack(0x000000004f4b0000,0x000000004f5b0000)]
  0x000000004ee7ed10 JavaThread "Common-Cleaner" daemon [_thread_blocked, id=8440, stack(0x000000004f5b0000,0x000000004f6b0000)]
  0x000000005122ace0 JavaThread "boundedElastic-evictor-1" daemon [_thread_blocked, id=2292, stack(0x0000000052180000,0x0000000052280000)]
  0x00000000513fff00 JavaThread "pool-9-thread-1" [_thread_blocked, id=6860, stack(0x0000000053450000,0x0000000053550000)]
  0x0000000051406f80 JavaThread "LanguageServerApp-lifecycle" [_thread_blocked, id=6120, stack(0x00000000536a0000,0x00000000537a0000)]
  0x00000000002c4380 JavaThread "DestroyJavaVM" [_thread_blocked, id=6284, stack(0x0000000001fc0000,0x00000000020c0000)]
  0x000000005148e0a0 JavaThread "pool-10-thread-1" [_thread_in_native, id=3700, stack(0x00000000537e0000,0x00000000538e0000)]
  0x00000000514abe40 JavaThread "Simple-Language-Server main thread" daemon [_thread_blocked, id=8236, stack(0x00000000539c0000,0x0000000053ac0000)]
  0x00000000514b0b50 JavaThread "ForkJoinPool.commonPool-worker-1" daemon [_thread_blocked, id=3628, stack(0x0000000053bb0000,0x0000000053cb0000)]
  0x00000000514dcb40 JavaThread "pool-7-thread-1" [_thread_blocked, id=5988, stack(0x0000000053da0000,0x0000000053ea0000)]
  0x000000005150ac20 JavaThread "parallel-1" daemon [_thread_blocked, id=7924, stack(0x0000000053fa0000,0x00000000540a0000)]
  0x00000000515147e0 JavaThread "parallel-2" daemon [_thread_blocked, id=8636, stack(0x00000000522d0000,0x00000000523d0000)]
  0x0000000051514cb0 JavaThread "ClassGraph-worker-0" daemon [_thread_blocked, id=3668, stack(0x0000000054170000,0x0000000054270000)]
  0x0000000051515180 JavaThread "ClassGraph-worker-1" daemon [_thread_blocked, id=4432, stack(0x0000000053590000,0x0000000053690000)]
  0x0000000051515650 JavaThread "ClassGraph-worker-2" daemon [_thread_blocked, id=3736, stack(0x0000000053ea0000,0x0000000053fa0000)]
  0x0000000051515b20 JavaThread "ClassGraph-worker-3" daemon [_thread_blocked, id=640, stack(0x0000000054330000,0x0000000054430000)]
  0x0000000051515ff0 JavaThread "ClassGraph-worker-4" daemon [_thread_blocked, id=4520, stack(0x00000000544b0000,0x00000000545b0000)]
  0x00000000515164c0 JavaThread "ClassGraph-worker-5" daemon [_thread_blocked, id=6096, stack(0x0000000054780000,0x0000000054880000)]
  0x0000000051516990 JavaThread "ClassGraph-worker-6" daemon [_thread_blocked, id=648, stack(0x0000000054930000,0x0000000054a30000)]
  0x0000000051516e60 JavaThread "ClassGraph-worker-7" daemon [_thread_blocked, id=4036, stack(0x0000000054ab0000,0x0000000054bb0000)]
  0x0000000051517330 JavaThread "parallel-3" daemon [_thread_blocked, id=6820, stack(0x0000000054630000,0x0000000054730000)]
  0x0000000051517800 JavaThread "Reconciler-1" daemon [_thread_blocked, id=4424, stack(0x0000000054cf0000,0x0000000054df0000)]

Other Threads:
=>0x000000000da173f0 VMThread "VM Thread" [stack: 0x000000004e490000,0x000000004e590000] [id=7020]
  0x000000004ee75e80 WatcherThread [stack: 0x000000004f6c0000,0x000000004f7c0000] [id=1912]
  0x0000000000306750 GCTaskThread "GC Thread#0" [stack: 0x000000000abc0000,0x000000000acc0000] [id=4752]
  0x000000004fc4e730 GCTaskThread "GC Thread#1" [stack: 0x0000000050170000,0x0000000050270000] [id=5352]
  0x000000004fd211a0 GCTaskThread "GC Thread#2" [stack: 0x00000000502d0000,0x00000000503d0000] [id=3568]
  0x000000004fd0d9d0 GCTaskThread "GC Thread#3" [stack: 0x0000000050c20000,0x0000000050d20000] [id=2832]
  0x0000000000310660 ConcurrentGCThread "G1 Main Marker" [stack: 0x000000000ae70000,0x000000000af70000] [id=3840]
  0x0000000000310f80 ConcurrentGCThread "G1 Conc#0" [stack: 0x000000000ad30000,0x000000000ae30000] [id=5340]
  0x000000000033fbf0 ConcurrentGCThread "G1 Refine#0" [stack: 0x000000000d5f0000,0x000000000d6f0000] [id=8560]
  0x000000000d3d49d0 ConcurrentGCThread "G1 Service" [stack: 0x000000000d870000,0x000000000d970000] [id=6036]

Threads with active compile tasks:

VM state: at safepoint (normal execution)

VM Mutex/Monitor currently owned by a thread:  ([mutex/lock_event])
[0x00000000002a4370] Threads_lock - owner thread: 0x000000000da173f0
[0x00000000002c13e0] Heap_lock - owner thread: 0x0000000051516e60

Heap address: 0x00000000c1800000, size: 1000 MB, Compressed Oops mode: 32-bit

CDS archive(s) not mapped
Compressed class space mapped at: 0x000000000dc00000-0x000000004dc00000, reserved size: 1073741824
Narrow klass base: 0x0000000000000000, Narrow klass shift: 0, Narrow klass range: 0x4dc00000

GC Precious Log:
 CPUs: 4 total, 4 available
 Memory: 3993M
 Large Page Support: Disabled
 NUMA Support: Disabled
 Compressed Oops: Enabled (32-bit)
 Heap Region Size: 1M
 Heap Min Capacity: 8M
 Heap Initial Capacity: 64M
 Heap Max Capacity: 1000M
 Pre-touch: Disabled
 Parallel Workers: 4
 Concurrent Workers: 1
 Concurrent Refinement Workers: 4
 Periodic GC: Disabled

Heap:
 garbage-first heap   total 99328K, used 51213K [0x00000000c1800000, 0x0000000100000000)
  region size 1024K, 2 young (2048K), 2 survivors (2048K)
 Metaspace       used 38331K, committed 38656K, reserved 1089536K
  class space    used 4835K, committed 4992K, reserved 1048576K

Heap Regions: E=young(eden), S=young(survivor), O=old, HS=humongous(starts), HC=humongous(continues), CS=collection set, F=free, OA=open archive, CA=closed archive, TAMS=top-at-mark-start (previous, next)
|   0|0x00000000c1800000, 0x00000000c1900000, 0x00000000c1900000|100%| O|  |TAMS 0x00000000c1900000, 0x00000000c1800000| Untracked 
|   1|0x00000000c1900000, 0x00000000c1a00000, 0x00000000c1a00000|100%| O|  |TAMS 0x00000000c1a00000, 0x00000000c1900000| Untracked 
|   2|0x00000000c1a00000, 0x00000000c1b00000, 0x00000000c1b00000|100%| O|  |TAMS 0x00000000c1b00000, 0x00000000c1a00000| Untracked 
|   3|0x00000000c1b00000, 0x00000000c1c00000, 0x00000000c1c00000|100%| O|  |TAMS 0x00000000c1c00000, 0x00000000c1b00000| Untracked 
|   4|0x00000000c1c00000, 0x00000000c1d00000, 0x00000000c1d00000|100%| O|  |TAMS 0x00000000c1d00000, 0x00000000c1c00000| Updating 
|   5|0x00000000c1d00000, 0x00000000c1e00000, 0x00000000c1e00000|100%| O|  |TAMS 0x00000000c1e00000, 0x00000000c1d00000| Untracked 
|   6|0x00000000c1e00000, 0x00000000c1f00000, 0x00000000c1f00000|100%| O|  |TAMS 0x00000000c1f00000, 0x00000000c1e00000| Untracked 
|   7|0x00000000c1f00000, 0x00000000c1ff7800, 0x00000000c2000000| 96%| O|  |TAMS 0x00000000c1ff7800, 0x00000000c1f00000| Updating 
|   8|0x00000000c2000000, 0x00000000c2100000, 0x00000000c2100000|100%| O|  |TAMS 0x00000000c2100000, 0x00000000c2000000| Untracked 
|   9|0x00000000c2100000, 0x00000000c2200000, 0x00000000c2200000|100%| O|  |TAMS 0x00000000c2200000, 0x00000000c2100000| Untracked 
|  10|0x00000000c2200000, 0x00000000c2300000, 0x00000000c2300000|100%| O|  |TAMS 0x00000000c2300000, 0x00000000c2200000| Updating 
|  11|0x00000000c2300000, 0x00000000c2400000, 0x00000000c2400000|100%| O|  |TAMS 0x00000000c2400000, 0x00000000c2300000| Updating 
|  12|0x00000000c2400000, 0x00000000c2500000, 0x00000000c2500000|100%| O|  |TAMS 0x00000000c2500000, 0x00000000c2400000| Untracked 
|  13|0x00000000c2500000, 0x00000000c2600000, 0x00000000c2600000|100%| O|  |TAMS 0x00000000c2600000, 0x00000000c2500000| Untracked 
|  14|0x00000000c2600000, 0x00000000c2700000, 0x00000000c2700000|100%| O|  |TAMS 0x00000000c2700000, 0x00000000c2600000| Updating 
|  15|0x00000000c2700000, 0x00000000c2800000, 0x00000000c2800000|100%| O|  |TAMS 0x00000000c2800000, 0x00000000c2700000| Untracked 
|  16|0x00000000c2800000, 0x00000000c2900000, 0x00000000c2900000|100%| O|  |TAMS 0x00000000c2900000, 0x00000000c2800000| Untracked 
|  17|0x00000000c2900000, 0x00000000c2a00000, 0x00000000c2a00000|100%| O|  |TAMS 0x00000000c2a00000, 0x00000000c2900000| Untracked 
|  18|0x00000000c2a00000, 0x00000000c2b00000, 0x00000000c2b00000|100%| O|  |TAMS 0x00000000c2b00000, 0x00000000c2a00000| Untracked 
|  19|0x00000000c2b00000, 0x00000000c2c00000, 0x00000000c2c00000|100%| O|  |TAMS 0x00000000c2c00000, 0x00000000c2b00000| Untracked 
|  20|0x00000000c2c00000, 0x00000000c2d00000, 0x00000000c2d00000|100%| O|  |TAMS 0x00000000c2d00000, 0x00000000c2c00000| Untracked 
|  21|0x00000000c2d00000, 0x00000000c2e00000, 0x00000000c2e00000|100%| O|  |TAMS 0x00000000c2e00000, 0x00000000c2d00000| Updating 
|  22|0x00000000c2e00000, 0x00000000c2f00000, 0x00000000c2f00000|100%| O|  |TAMS 0x00000000c2f00000, 0x00000000c2e00000| Untracked 
|  23|0x00000000c2f00000, 0x00000000c3000000, 0x00000000c3000000|100%| O|  |TAMS 0x00000000c3000000, 0x00000000c2f00000| Untracked 
|  24|0x00000000c3000000, 0x00000000c3100000, 0x00000000c3100000|100%| O|  |TAMS 0x00000000c3100000, 0x00000000c3000000| Untracked 
|  25|0x00000000c3100000, 0x00000000c3200000, 0x00000000c3200000|100%| O|  |TAMS 0x00000000c3200000, 0x00000000c3100000| Updating 
|  26|0x00000000c3200000, 0x00000000c3300000, 0x00000000c3300000|100%| O|  |TAMS 0x00000000c3300000, 0x00000000c3200000| Untracked 
|  27|0x00000000c3300000, 0x00000000c3400000, 0x00000000c3400000|100%| O|  |TAMS 0x00000000c3400000, 0x00000000c3300000| Updating 
|  28|0x00000000c3400000, 0x00000000c3500000, 0x00000000c3500000|100%| O|  |TAMS 0x00000000c3500000, 0x00000000c3400000| Untracked 
|  29|0x00000000c3500000, 0x00000000c3600000, 0x00000000c3600000|100%| O|  |TAMS 0x00000000c3600000, 0x00000000c3500000| Untracked 
|  30|0x00000000c3600000, 0x00000000c3700000, 0x00000000c3700000|100%| O|  |TAMS 0x00000000c3700000, 0x00000000c3600000| Untracked 
|  31|0x00000000c3700000, 0x00000000c3800000, 0x00000000c3800000|100%| O|  |TAMS 0x00000000c3800000, 0x00000000c3700000| Untracked 
|  32|0x00000000c3800000, 0x00000000c3900000, 0x00000000c3900000|100%| O|  |TAMS 0x00000000c3900000, 0x00000000c3800000| Untracked 
|  33|0x00000000c3900000, 0x00000000c3a00000, 0x00000000c3a00000|100%| O|  |TAMS 0x00000000c3a00000, 0x00000000c3900000| Untracked 
|  34|0x00000000c3a00000, 0x00000000c3b00000, 0x00000000c3b00000|100%| O|  |TAMS 0x00000000c3b00000, 0x00000000c3a00000| Untracked 
|  35|0x00000000c3b00000, 0x00000000c3c00000, 0x00000000c3c00000|100%| O|  |TAMS 0x00000000c3c00000, 0x00000000c3b00000| Updating 
|  36|0x00000000c3c00000, 0x00000000c3d00000, 0x00000000c3d00000|100%| O|  |TAMS 0x00000000c3c00000, 0x00000000c3c00000| Untracked 
|  37|0x00000000c3d00000, 0x00000000c3e00000, 0x00000000c3e00000|100%| O|  |TAMS 0x00000000c3d00000, 0x00000000c3d00000| Untracked 
|  38|0x00000000c3e00000, 0x00000000c3f00000, 0x00000000c3f00000|100%| O|  |TAMS 0x00000000c3e00000, 0x00000000c3e00000| Untracked 
|  39|0x00000000c3f00000, 0x00000000c4000000, 0x00000000c4000000|100%| O|  |TAMS 0x00000000c3f00000, 0x00000000c3f00000| Untracked 
|  40|0x00000000c4000000, 0x00000000c4100000, 0x00000000c4100000|100%| O|  |TAMS 0x00000000c4000000, 0x00000000c4000000| Untracked 
|  41|0x00000000c4100000, 0x00000000c4200000, 0x00000000c4200000|100%| O|  |TAMS 0x00000000c4100000, 0x00000000c4100000| Untracked 
|  42|0x00000000c4200000, 0x00000000c4300000, 0x00000000c4300000|100%| O|  |TAMS 0x00000000c4200000, 0x00000000c4200000| Untracked 
|  43|0x00000000c4300000, 0x00000000c4400000, 0x00000000c4400000|100%| O|  |TAMS 0x00000000c4300000, 0x00000000c4300000| Untracked 
|  44|0x00000000c4400000, 0x00000000c4500000, 0x00000000c4500000|100%| O|  |TAMS 0x00000000c4400000, 0x00000000c4400000| Updating 
|  45|0x00000000c4500000, 0x00000000c4600000, 0x00000000c4600000|100%| O|  |TAMS 0x00000000c4500000, 0x00000000c4500000| Untracked 
|  46|0x00000000c4600000, 0x00000000c4700000, 0x00000000c4700000|100%| O|  |TAMS 0x00000000c4600000, 0x00000000c4600000| Untracked 
|  47|0x00000000c4700000, 0x00000000c4800000, 0x00000000c4800000|100%| O|  |TAMS 0x00000000c4700000, 0x00000000c4700000| Untracked 
|  48|0x00000000c4800000, 0x00000000c4854a00, 0x00000000c4900000| 33%| O|  |TAMS 0x00000000c4800000, 0x00000000c4800000| Untracked 
|  49|0x00000000c4900000, 0x00000000c4900000, 0x00000000c4a00000|  0%| F|  |TAMS 0x00000000c4900000, 0x00000000c4900000| Untracked 
|  50|0x00000000c4a00000, 0x00000000c4a00000, 0x00000000c4b00000|  0%| F|  |TAMS 0x00000000c4a00000, 0x00000000c4a00000| Untracked 
|  51|0x00000000c4b00000, 0x00000000c4b00000, 0x00000000c4c00000|  0%| F|  |TAMS 0x00000000c4b00000, 0x00000000c4b00000| Untracked 
|  52|0x00000000c4c00000, 0x00000000c4c00000, 0x00000000c4d00000|  0%| F|  |TAMS 0x00000000c4c00000, 0x00000000c4c00000| Untracked 
|  53|0x00000000c4d00000, 0x00000000c4d00000, 0x00000000c4e00000|  0%| F|  |TAMS 0x00000000c4d00000, 0x00000000c4d00000| Untracked 
|  54|0x00000000c4e00000, 0x00000000c4e00000, 0x00000000c4f00000|  0%| F|  |TAMS 0x00000000c4e00000, 0x00000000c4e00000| Untracked 
|  55|0x00000000c4f00000, 0x00000000c4f00000, 0x00000000c5000000|  0%| F|  |TAMS 0x00000000c4f00000, 0x00000000c4f00000| Untracked 
|  56|0x00000000c5000000, 0x00000000c5000000, 0x00000000c5100000|  0%| F|  |TAMS 0x00000000c5000000, 0x00000000c5000000| Untracked 
|  57|0x00000000c5100000, 0x00000000c5100000, 0x00000000c5200000|  0%| F|  |TAMS 0x00000000c5100000, 0x00000000c5100000| Untracked 
|  58|0x00000000c5200000, 0x00000000c5200000, 0x00000000c5300000|  0%| F|  |TAMS 0x00000000c5200000, 0x00000000c5200000| Untracked 
|  59|0x00000000c5300000, 0x00000000c5300000, 0x00000000c5400000|  0%| F|  |TAMS 0x00000000c5300000, 0x00000000c5300000| Untracked 
|  60|0x00000000c5400000, 0x00000000c5400000, 0x00000000c5500000|  0%| F|  |TAMS 0x00000000c5400000, 0x00000000c5400000| Untracked 
|  61|0x00000000c5500000, 0x00000000c5500000, 0x00000000c5600000|  0%| F|  |TAMS 0x00000000c5500000, 0x00000000c5500000| Untracked 
|  62|0x00000000c5600000, 0x00000000c5600000, 0x00000000c5700000|  0%| F|  |TAMS 0x00000000c5600000, 0x00000000c5600000| Untracked 
|  63|0x00000000c5700000, 0x00000000c5700000, 0x00000000c5800000|  0%| F|  |TAMS 0x00000000c5700000, 0x00000000c5700000| Untracked 
|  64|0x00000000c5800000, 0x00000000c5800000, 0x00000000c5900000|  0%| F|  |TAMS 0x00000000c5800000, 0x00000000c5800000| Untracked 
|  65|0x00000000c5900000, 0x00000000c5900000, 0x00000000c5a00000|  0%| F|  |TAMS 0x00000000c5900000, 0x00000000c5900000| Untracked 
|  66|0x00000000c5a00000, 0x00000000c5a00000, 0x00000000c5b00000|  0%| F|  |TAMS 0x00000000c5a00000, 0x00000000c5a00000| Untracked 
|  67|0x00000000c5b00000, 0x00000000c5b00000, 0x00000000c5c00000|  0%| F|  |TAMS 0x00000000c5b00000, 0x00000000c5b00000| Untracked 
|  68|0x00000000c5c00000, 0x00000000c5c00000, 0x00000000c5d00000|  0%| F|  |TAMS 0x00000000c5c00000, 0x00000000c5c00000| Untracked 
|  69|0x00000000c5d00000, 0x00000000c5d00000, 0x00000000c5e00000|  0%| F|  |TAMS 0x00000000c5d00000, 0x00000000c5d00000| Untracked 
|  70|0x00000000c5e00000, 0x00000000c5e00000, 0x00000000c5f00000|  0%| F|  |TAMS 0x00000000c5e00000, 0x00000000c5e00000| Untracked 
|  71|0x00000000c5f00000, 0x00000000c5f00000, 0x00000000c6000000|  0%| F|  |TAMS 0x00000000c5f00000, 0x00000000c5f00000| Untracked 
|  72|0x00000000c6000000, 0x00000000c6000000, 0x00000000c6100000|  0%| F|  |TAMS 0x00000000c6000000, 0x00000000c6000000| Untracked 
|  73|0x00000000c6100000, 0x00000000c6100000, 0x00000000c6200000|  0%| F|  |TAMS 0x00000000c6100000, 0x00000000c6100000| Untracked 
|  74|0x00000000c6200000, 0x00000000c6200000, 0x00000000c6300000|  0%| F|  |TAMS 0x00000000c6200000, 0x00000000c6200000| Untracked 
|  75|0x00000000c6300000, 0x00000000c6300000, 0x00000000c6400000|  0%| F|  |TAMS 0x00000000c6300000, 0x00000000c6300000| Untracked 
|  76|0x00000000c6400000, 0x00000000c6400000, 0x00000000c6500000|  0%| F|  |TAMS 0x00000000c6400000, 0x00000000c6400000| Untracked 
|  77|0x00000000c6500000, 0x00000000c6500000, 0x00000000c6600000|  0%| F|  |TAMS 0x00000000c6500000, 0x00000000c6500000| Untracked 
|  78|0x00000000c6600000, 0x00000000c6600000, 0x00000000c6700000|  0%| F|  |TAMS 0x00000000c6600000, 0x00000000c6600000| Untracked 
|  79|0x00000000c6700000, 0x00000000c6700000, 0x00000000c6800000|  0%| F|  |TAMS 0x00000000c6700000, 0x00000000c6700000| Untracked 
|  80|0x00000000c6800000, 0x00000000c6800000, 0x00000000c6900000|  0%| F|  |TAMS 0x00000000c6800000, 0x00000000c6800000| Untracked 
|  81|0x00000000c6900000, 0x00000000c6900000, 0x00000000c6a00000|  0%| F|  |TAMS 0x00000000c6900000, 0x00000000c6900000| Untracked 
|  82|0x00000000c6a00000, 0x00000000c6a00000, 0x00000000c6b00000|  0%| F|  |TAMS 0x00000000c6a00000, 0x00000000c6a00000| Untracked 
|  83|0x00000000c6b00000, 0x00000000c6b00000, 0x00000000c6c00000|  0%| F|  |TAMS 0x00000000c6b00000, 0x00000000c6b00000| Untracked 
|  84|0x00000000c6c00000, 0x00000000c6c00000, 0x00000000c6d00000|  0%| F|  |TAMS 0x00000000c6c00000, 0x00000000c6c00000| Untracked 
|  85|0x00000000c6d00000, 0x00000000c6d00000, 0x00000000c6e00000|  0%| F|  |TAMS 0x00000000c6d00000, 0x00000000c6d00000| Untracked 
|  86|0x00000000c6e00000, 0x00000000c6e00000, 0x00000000c6f00000|  0%| F|  |TAMS 0x00000000c6e00000, 0x00000000c6e00000| Untracked 
|  87|0x00000000c6f00000, 0x00000000c6f00000, 0x00000000c7000000|  0%| F|  |TAMS 0x00000000c6f00000, 0x00000000c6f00000| Untracked 
|  88|0x00000000c7000000, 0x00000000c7000000, 0x00000000c7100000|  0%| F|  |TAMS 0x00000000c7000000, 0x00000000c7000000| Untracked 
|  89|0x00000000c7100000, 0x00000000c7100000, 0x00000000c7200000|  0%| F|  |TAMS 0x00000000c7100000, 0x00000000c7100000| Untracked 
|  90|0x00000000c7200000, 0x00000000c7200000, 0x00000000c7300000|  0%| F|  |TAMS 0x00000000c7200000, 0x00000000c7200000| Untracked 
|  91|0x00000000c7300000, 0x00000000c7300000, 0x00000000c7400000|  0%| F|  |TAMS 0x00000000c7300000, 0x00000000c7300000| Untracked 
|  92|0x00000000c7400000, 0x00000000c7400000, 0x00000000c7500000|  0%| F|  |TAMS 0x00000000c7400000, 0x00000000c7400000| Untracked 
|  93|0x00000000c7500000, 0x00000000c7500000, 0x00000000c7600000|  0%| F|  |TAMS 0x00000000c7500000, 0x00000000c7500000| Untracked 
|  94|0x00000000c7600000, 0x00000000c76b73c8, 0x00000000c7700000| 71%| S|CS|TAMS 0x00000000c7600000, 0x00000000c7600000| Complete 
|  95|0x00000000c7700000, 0x00000000c7800000, 0x00000000c7800000|100%| S|CS|TAMS 0x00000000c7700000, 0x00000000c7700000| Complete 
|  96|0x00000000c7800000, 0x00000000c7800000, 0x00000000c7900000|  0%| F|  |TAMS 0x00000000c7800000, 0x00000000c7800000| Untracked 

Card table byte_map: [0x00000000087b0000,0x00000000089b0000] _byte_map_base: 0x00000000081a4000

Marking Bits (Prev, Next): (CMBitMap*) 0x00000000003074b0, (CMBitMap*) 0x0000000000307470
 Prev Bits: [0x0000000009b50000, 0x000000000aaf0000)
 Next Bits: [0x0000000008bb0000, 0x0000000009b50000)

Polling page: 0x0000000000230000

Metaspace:

Usage:
  Non-class:     32.71 MB used.
      Class:      4.72 MB used.
       Both:     37.43 MB used.

Virtual space:
  Non-class space:       40.00 MB reserved,      32.88 MB ( 82%) committed,  5 nodes.
      Class space:        1.00 GB reserved,       4.88 MB ( <1%) committed,  1 nodes.
             Both:        1.04 GB reserved,      37.75 MB (  4%) committed. 

Chunk freelists:
   Non-Class:  3.10 MB
       Class:  2.96 MB
        Both:  6.06 MB

MaxMetaspaceSize: unlimited
CompressedClassSpaceSize: 1.00 GB
Initial GC threshold: 21.00 MB
Current GC threshold: 62.63 MB
CDS: off
MetaspaceReclaimPolicy: balanced
 - commit_granule_bytes: 65536.
 - commit_granule_words: 8192.
 - virtual_space_node_default_size: 1048576.
 - enlarge_chunks_in_place: 1.
 - new_chunks_are_fully_committed: 0.
 - uncommit_free_chunks: 1.
 - use_allocation_guard: 0.
 - handle_deallocations: 1.


Internal statistics:

num_allocs_failed_limit: 10.
num_arena_births: 346.
num_arena_deaths: 0.
num_vsnodes_births: 6.
num_vsnodes_deaths: 0.
num_space_committed: 604.
num_space_uncommitted: 0.
num_chunks_returned_to_freelist: 10.
num_chunks_taken_from_freelist: 1474.
num_chunk_merges: 10.
num_chunk_splits: 1014.
num_chunks_enlarged: 787.
num_purges: 0.
num_inconsistent_stats: 0.

CodeCache: size=49152Kb used=7654Kb max_used=7654Kb free=41497Kb
 bounds [0x0000000005280000, 0x0000000005a00000, 0x0000000008280000]
 total_blobs=4164 nmethods=3636 adapters=453
 compilation: enabled
              stopped_count=0, restarted_count=0
 full_count=0

Compilation events (20 events):
Event: 3.674 Thread 0x000000000da7bfb0 3627   !   1       io.github.classgraph.ClasspathElementDir::newResource (27 bytes)
Event: 3.674 Thread 0x000000000dad2ef0 3628       1       java.nio.file.Files::size (17 bytes)
Event: 3.674 Thread 0x000000000dad2ef0 nmethod 3628 0x00000000059f5b10 code [0x00000000059f5cc0, 0x00000000059f5eb8]
Event: 3.674 Thread 0x000000000dad2ef0 3631   !   1       java.nio.file.Files::isDirectory (43 bytes)
Event: 3.674 Thread 0x000000000da7bfb0 nmethod 3627 0x00000000059f6090 code [0x00000000059f6260, 0x00000000059f6758]
Event: 3.674 Thread 0x000000000da7bfb0 3632   !   1       sun.nio.fs.AbstractFileSystemProvider::isDirectory (20 bytes)
Event: 3.675 Thread 0x000000000da7bfb0 nmethod 3632 0x00000000059f6a90 code [0x00000000059f6c40, 0x00000000059f6e88]
Event: 3.675 Thread 0x000000000da7bfb0 3629       1       io.github.classgraph.ClasspathElementDir$1::<init> (35 bytes)
Event: 3.675 Thread 0x000000000dad2ef0 nmethod 3631 0x00000000059f7010 code [0x00000000059f7200, 0x00000000059f7618]
Event: 3.675 Thread 0x000000000dad2ef0 3630       1       io.github.classgraph.ClasspathElementDir$1::getPath (45 bytes)
Event: 3.675 Thread 0x000000000da7bfb0 nmethod 3629 0x00000000059f7990 code [0x00000000059f7b40, 0x00000000059f7e18]
Event: 3.675 Thread 0x000000000dad2ef0 nmethod 3630 0x00000000059f7f10 code [0x00000000059f80e0, 0x00000000059f82d8]
Event: 3.685 Thread 0x000000000dad2ef0 3633  s    1       java.io.ByteArrayOutputStream::toByteArray (12 bytes)
Event: 3.686 Thread 0x000000000dad2ef0 nmethod 3633 0x00000000059f8510 code [0x00000000059f86c0, 0x00000000059f8968]
Event: 3.717 Thread 0x000000000dad2ef0 3634       1       java.nio.file.Files::provider (10 bytes)
Event: 3.717 Thread 0x000000000dad2ef0 nmethod 3634 0x00000000059f8a90 code [0x00000000059f8c40, 0x00000000059f8d38]
Event: 3.717 Thread 0x000000000dad2ef0 3635       1       jdk.internal.loader.URLClassPath::findResource (38 bytes)
Event: 3.717 Thread 0x000000000dad2ef0 nmethod 3635 0x00000000059f8e10 code [0x00000000059f8fc0, 0x00000000059f9158]
Event: 3.724 Thread 0x000000000dad2ef0 3636       1       java.lang.invoke.MethodType::methodType (14 bytes)
Event: 3.724 Thread 0x000000000dad2ef0 nmethod 3636 0x00000000059f9210 code [0x00000000059f93c0, 0x00000000059f95c8]

GC Heap History (20 events):
Event: 2.240 GC heap after
{Heap after GC invocations=7 (full 0):
 garbage-first heap   total 45056K, used 15132K [0x00000000c1800000, 0x0000000100000000)
  region size 1024K, 3 young (3072K), 3 survivors (3072K)
 Metaspace       used 28089K, committed 28352K, reserved 1081344K
  class space    used 3508K, committed 3648K, reserved 1048576K
}
Event: 2.601 GC heap before
{Heap before GC invocations=7 (full 0):
 garbage-first heap   total 45056K, used 29468K [0x00000000c1800000, 0x0000000100000000)
  region size 1024K, 18 young (18432K), 3 survivors (3072K)
 Metaspace       used 30434K, committed 30720K, reserved 1081344K
  class space    used 3819K, committed 3968K, reserved 1048576K
}
Event: 2.609 GC heap after
{Heap after GC invocations=8 (full 0):
 garbage-first heap   total 54272K, used 16515K [0x00000000c1800000, 0x0000000100000000)
  region size 1024K, 2 young (2048K), 2 survivors (2048K)
 Metaspace       used 30434K, committed 30720K, reserved 1081344K
  class space    used 3819K, committed 3968K, reserved 1048576K
}
Event: 3.039 GC heap before
{Heap before GC invocations=8 (full 0):
 garbage-first heap   total 54272K, used 36995K [0x00000000c1800000, 0x0000000100000000)
  region size 1024K, 23 young (23552K), 2 survivors (2048K)
 Metaspace       used 34310K, committed 34624K, reserved 1081344K
  class space    used 4397K, committed 4544K, reserved 1048576K
}
Event: 3.046 GC heap after
{Heap after GC invocations=9 (full 0):
 garbage-first heap   total 54272K, used 18383K [0x00000000c1800000, 0x0000000100000000)
  region size 1024K, 3 young (3072K), 3 survivors (3072K)
 Metaspace       used 34310K, committed 34624K, reserved 1081344K
  class space    used 4397K, committed 4544K, reserved 1048576K
}
Event: 3.168 GC heap before
{Heap before GC invocations=9 (full 0):
 garbage-first heap   total 54272K, used 39887K [0x00000000c1800000, 0x0000000100000000)
  region size 1024K, 24 young (24576K), 3 survivors (3072K)
 Metaspace       used 35353K, committed 35648K, reserved 1081344K
  class space    used 4577K, committed 4736K, reserved 1048576K
}
Event: 3.177 GC heap after
{Heap after GC invocations=10 (full 0):
 garbage-first heap   total 54272K, used 22529K [0x00000000c1800000, 0x0000000100000000)
  region size 1024K, 3 young (3072K), 3 survivors (3072K)
 Metaspace       used 35353K, committed 35648K, reserved 1081344K
  class space    used 4577K, committed 4736K, reserved 1048576K
}
Event: 3.251 GC heap before
{Heap before GC invocations=10 (full 0):
 garbage-first heap   total 54272K, used 37889K [0x00000000c1800000, 0x0000000100000000)
  region size 1024K, 19 young (19456K), 3 survivors (3072K)
 Metaspace       used 35405K, committed 35712K, reserved 1081344K
  class space    used 4589K, committed 4736K, reserved 1048576K
}
Event: 3.257 GC heap after
{Heap after GC invocations=11 (full 0):
 garbage-first heap   total 54272K, used 25493K [0x00000000c1800000, 0x0000000100000000)
  region size 1024K, 3 young (3072K), 3 survivors (3072K)
 Metaspace       used 35405K, committed 35712K, reserved 1081344K
  class space    used 4589K, committed 4736K, reserved 1048576K
}
Event: 3.319 GC heap before
{Heap before GC invocations=11 (full 0):
 garbage-first heap   total 54272K, used 37781K [0x00000000c1800000, 0x0000000100000000)
  region size 1024K, 17 young (17408K), 3 survivors (3072K)
 Metaspace       used 35825K, committed 36096K, reserved 1081344K
  class space    used 4635K, committed 4736K, reserved 1048576K
}
Event: 3.325 GC heap after
{Heap after GC invocations=12 (full 0):
 garbage-first heap   total 77824K, used 28763K [0x00000000c1800000, 0x0000000100000000)
  region size 1024K, 3 young (3072K), 3 survivors (3072K)
 Metaspace       used 35825K, committed 36096K, reserved 1081344K
  class space    used 4635K, committed 4736K, reserved 1048576K
}
Event: 3.419 GC heap before
{Heap before GC invocations=13 (full 0):
 garbage-first heap   total 77824K, used 54363K [0x00000000c1800000, 0x0000000100000000)
  region size 1024K, 29 young (29696K), 3 survivors (3072K)
 Metaspace       used 36308K, committed 36608K, reserved 1081344K
  class space    used 4671K, committed 4800K, reserved 1048576K
}
Event: 3.427 GC heap after
{Heap after GC invocations=14 (full 0):
 garbage-first heap   total 77824K, used 32880K [0x00000000c1800000, 0x0000000100000000)
  region size 1024K, 4 young (4096K), 4 survivors (4096K)
 Metaspace       used 36308K, committed 36608K, reserved 1081344K
  class space    used 4671K, committed 4800K, reserved 1048576K
}
Event: 3.480 GC heap before
{Heap before GC invocations=14 (full 0):
 garbage-first heap   total 77824K, used 55408K [0x00000000c1800000, 0x0000000100000000)
  region size 1024K, 27 young (27648K), 4 survivors (4096K)
 Metaspace       used 36873K, committed 37184K, reserved 1081344K
  class space    used 4731K, committed 4864K, reserved 1048576K
}
Event: 3.488 GC heap after
{Heap after GC invocations=15 (full 0):
 garbage-first heap   total 77824K, used 36965K [0x00000000c1800000, 0x0000000100000000)
  region size 1024K, 4 young (4096K), 4 survivors (4096K)
 Metaspace       used 36873K, committed 37184K, reserved 1081344K
  class space    used 4731K, committed 4864K, reserved 1048576K
}
Event: 3.534 GC heap before
{Heap before GC invocations=15 (full 0):
 garbage-first heap   total 77824K, used 57445K [0x00000000c1800000, 0x0000000100000000)
  region size 1024K, 25 young (25600K), 4 survivors (4096K)
 Metaspace       used 37502K, committed 37824K, reserved 1089536K
  class space    used 4752K, committed 4864K, reserved 1048576K
}
Event: 3.543 GC heap after
{Heap after GC invocations=16 (full 0):
 garbage-first heap   total 77824K, used 40926K [0x00000000c1800000, 0x0000000100000000)
  region size 1024K, 4 young (4096K), 4 survivors (4096K)
 Metaspace       used 37502K, committed 37824K, reserved 1089536K
  class space    used 4752K, committed 4864K, reserved 1048576K
}
Event: 3.613 GC heap before
{Heap before GC invocations=16 (full 0):
 garbage-first heap   total 77824K, used 59358K [0x00000000c1800000, 0x0000000100000000)
  region size 1024K, 23 young (23552K), 4 survivors (4096K)
 Metaspace       used 37791K, committed 38080K, reserved 1089536K
  class space    used 4780K, committed 4928K, reserved 1048576K
}
Event: 3.629 GC heap after
{Heap after GC invocations=17 (full 0):
 garbage-first heap   total 77824K, used 48793K [0x00000000c1800000, 0x0000000100000000)
  region size 1024K, 3 young (3072K), 3 survivors (3072K)
 Metaspace       used 37791K, committed 38080K, reserved 1089536K
  class space    used 4780K, committed 4928K, reserved 1048576K
}
Event: 3.728 GC heap before
{Heap before GC invocations=17 (full 0):
 garbage-first heap   total 99328K, used 59033K [0x00000000c1800000, 0x0000000100000000)
  region size 1024K, 14 young (14336K), 3 survivors (3072K)
 Metaspace       used 38331K, committed 38656K, reserved 1089536K
  class space    used 4835K, committed 4992K, reserved 1048576K
}

Deoptimization events (10 events):
Event: 1.485 Thread 0x00000000002c4380 DEOPT PACKING pc=0x00000000056b8099 sp=0x00000000020bd6c0
Event: 1.485 Thread 0x00000000002c4380 DEOPT UNPACKING pc=0x00000000052d2b43 sp=0x00000000020bcba0 mode 3
Event: 2.993 Thread 0x00000000514abe40 DEOPT PACKING pc=0x00000000058d98b5 sp=0x0000000053abd9c0
Event: 2.993 Thread 0x00000000514abe40 DEOPT UNPACKING pc=0x00000000052d2b43 sp=0x0000000053abcee8 mode 3
Event: 3.021 Thread 0x000000005148e0a0 DEOPT PACKING pc=0x00000000056b4a01 sp=0x00000000538ddbd0
Event: 3.021 Thread 0x000000005148e0a0 DEOPT UNPACKING pc=0x00000000052d2b43 sp=0x00000000538dd060 mode 3
Event: 3.029 Thread 0x00000000514dcb40 DEOPT PACKING pc=0x00000000056b2617 sp=0x0000000053e9f1d0
Event: 3.029 Thread 0x00000000514dcb40 DEOPT UNPACKING pc=0x00000000052d2b43 sp=0x0000000053e9e628 mode 3
Event: 3.085 Thread 0x00000000514b0b50 DEOPT PACKING pc=0x00000000058f9783 sp=0x0000000053cae340
Event: 3.085 Thread 0x00000000514b0b50 DEOPT UNPACKING pc=0x00000000052d2b43 sp=0x0000000053cad888 mode 3

Classes unloaded (0 events):
No events

Classes redefined (0 events):
No events

Internal exceptions (20 events):
Event: 3.112 Thread 0x0000000051515180 Exception <a 'sun/nio/fs/WindowsException'{0x00000000c4751280}> (0x00000000c4751280) 
thrown [s\src\hotspot\share\prims\jni.cpp, line 516]
Event: 3.112 Thread 0x0000000051515180 Exception <a 'sun/nio/fs/WindowsException'{0x00000000c4751ce8}> (0x00000000c4751ce8) 
thrown [s\src\hotspot\share\prims\jni.cpp, line 516]
Event: 3.112 Thread 0x0000000051515180 Exception <a 'sun/nio/fs/WindowsException'{0x00000000c4752120}> (0x00000000c4752120) 
thrown [s\src\hotspot\share\prims\jni.cpp, line 516]
Event: 3.112 Thread 0x0000000051515180 Exception <a 'sun/nio/fs/WindowsException'{0x00000000c4752b60}> (0x00000000c4752b60) 
thrown [s\src\hotspot\share\prims\jni.cpp, line 516]
Event: 3.112 Thread 0x0000000051515180 Exception <a 'sun/nio/fs/WindowsException'{0x00000000c4752f68}> (0x00000000c4752f68) 
thrown [s\src\hotspot\share\prims\jni.cpp, line 516]
Event: 3.113 Thread 0x0000000051515180 Exception <a 'sun/nio/fs/WindowsException'{0x00000000c4753980}> (0x00000000c4753980) 
thrown [s\src\hotspot\share\prims\jni.cpp, line 516]
Event: 3.113 Thread 0x0000000051515180 Exception <a 'sun/nio/fs/WindowsException'{0x00000000c4753d50}> (0x00000000c4753d50) 
thrown [s\src\hotspot\share\prims\jni.cpp, line 516]
Event: 3.113 Thread 0x0000000051515180 Exception <a 'sun/nio/fs/WindowsException'{0x00000000c4754778}> (0x00000000c4754778) 
thrown [s\src\hotspot\share\prims\jni.cpp, line 516]
Event: 3.113 Thread 0x0000000051515180 Exception <a 'sun/nio/fs/WindowsException'{0x00000000c4754b60}> (0x00000000c4754b60) 
thrown [s\src\hotspot\share\prims\jni.cpp, line 516]
Event: 3.113 Thread 0x0000000051515180 Exception <a 'sun/nio/fs/WindowsException'{0x00000000c4755578}> (0x00000000c4755578) 
thrown [s\src\hotspot\share\prims\jni.cpp, line 516]
Event: 3.113 Thread 0x0000000051515180 Exception <a 'sun/nio/fs/WindowsException'{0x00000000c4755950}> (0x00000000c4755950) 
thrown [s\src\hotspot\share\prims\jni.cpp, line 516]
Event: 3.113 Thread 0x0000000051515180 Exception <a 'sun/nio/fs/WindowsException'{0x00000000c4756378}> (0x00000000c4756378) 
thrown [s\src\hotspot\share\prims\jni.cpp, line 516]
Event: 3.113 Thread 0x0000000051515180 Exception <a 'sun/nio/fs/WindowsException'{0x00000000c4756760}> (0x00000000c4756760) 
thrown [s\src\hotspot\share\prims\jni.cpp, line 516]
Event: 3.113 Thread 0x0000000051515180 Exception <a 'sun/nio/fs/WindowsException'{0x00000000c47571a0}> (0x00000000c47571a0) 
thrown [s\src\hotspot\share\prims\jni.cpp, line 516]
Event: 3.113 Thread 0x0000000051515180 Exception <a 'sun/nio/fs/WindowsException'{0x00000000c47575a8}> (0x00000000c47575a8) 
thrown [s\src\hotspot\share\prims\jni.cpp, line 516]
Event: 3.114 Thread 0x0000000051515180 Exception <a 'sun/nio/fs/WindowsException'{0x00000000c4758000}> (0x00000000c4758000) 
thrown [s\src\hotspot\share\prims\jni.cpp, line 516]
Event: 3.114 Thread 0x0000000051515180 Exception <a 'sun/nio/fs/WindowsException'{0x00000000c462ab48}> (0x00000000c462ab48) 
thrown [s\src\hotspot\share\prims\jni.cpp, line 516]
Event: 3.114 Thread 0x0000000051515180 Exception <a 'sun/nio/fs/WindowsException'{0x00000000c462b598}> (0x00000000c462b598) 
thrown [s\src\hotspot\share\prims\jni.cpp, line 516]
Event: 3.114 Thread 0x0000000051515180 Exception <a 'sun/nio/fs/WindowsException'{0x00000000c462b9b0}> (0x00000000c462b9b0) 
thrown [s\src\hotspot\share\prims\jni.cpp, line 516]
Event: 3.725 Thread 0x00000000514abe40 Exception <a 'java/lang/NoSuchMethodError'{0x00000000c78c53c0}: 'java.lang.Object java.lang.invoke.Invokers$Holder.invoke_MT(java.lang.Object, java.lang.Object, java.lang.Object)'> (0x00000000c78c53c0) 
thrown [s\src\hotspot\share\interpreter\linkResolver.cpp, line 759]

VM Operations (20 events):
Event: 3.370 Executing VM operation: CollectForMetadataAllocation done
Event: 3.388 Executing VM operation: G1Concurrent
Event: 3.388 Executing VM operation: G1Concurrent done
Event: 3.419 Executing VM operation: G1CollectForAllocation
Event: 3.427 Executing VM operation: G1CollectForAllocation done
Event: 3.480 Executing VM operation: G1CollectForAllocation
Event: 3.488 Executing VM operation: G1CollectForAllocation done
Event: 3.526 Executing VM operation: HandshakeAllThreads
Event: 3.527 Executing VM operation: HandshakeAllThreads done
Event: 3.534 Executing VM operation: G1CollectForAllocation
Event: 3.545 Executing VM operation: G1CollectForAllocation done
Event: 3.613 Executing VM operation: G1CollectForAllocation
Event: 3.630 Executing VM operation: G1CollectForAllocation done
Event: 3.704 Executing VM operation: G1Concurrent
Event: 3.706 Executing VM operation: G1Concurrent done
Event: 3.711 Executing VM operation: HandshakeAllThreads
Event: 3.711 Executing VM operation: HandshakeAllThreads done
Event: 3.713 Executing VM operation: HandshakeAllThreads
Event: 3.714 Executing VM operation: HandshakeAllThreads done
Event: 3.728 Executing VM operation: G1CollectForAllocation

Events (20 events):
Event: 3.715 loading class java/nio/file/FileAlreadyExistsException
Event: 3.715 loading class java/nio/file/FileAlreadyExistsException done
Event: 3.722 loading class sun/nio/fs/WindowsChannelFactory$2
Event: 3.722 loading class sun/nio/fs/WindowsChannelFactory$2 done
Event: 3.723 loading class java/nio/channels/FileChannel$MapMode
Event: 3.723 loading class java/nio/channels/FileChannel$MapMode done
Event: 3.723 loading class jdk/internal/misc/ExtendedMapMode
Event: 3.724 loading class jdk/internal/misc/ExtendedMapMode done
Event: 3.725 loading class sun/nio/ch/FileChannelImpl$DefaultUnmapper
Event: 3.725 loading class sun/nio/ch/FileChannelImpl$Unmapper
Event: 3.725 loading class jdk/internal/access/foreign/UnmapperProxy
Event: 3.725 loading class jdk/internal/access/foreign/UnmapperProxy done
Event: 3.725 loading class sun/nio/ch/FileChannelImpl$Unmapper done
Event: 3.725 loading class sun/nio/ch/FileChannelImpl$DefaultUnmapper done
Event: 3.726 loading class sun/nio/ch/Util$4
Event: 3.726 loading class sun/nio/ch/Util$4 done
Event: 3.726 loading class jdk/internal/access/foreign/MemorySegmentProxy
Event: 3.726 loading class jdk/internal/access/foreign/MemorySegmentProxy done
Event: 3.727 loading class java/io/UTFDataFormatException
Event: 3.727 loading class java/io/UTFDataFormatException done


Dynamic libraries:
0x000000013f6b0000 - 0x000000013f6be000 	c:\Users\KL_Schweizer\.vscode\extensions\redhat.java-1.11.0-win32-x64\jre\17.0.4.1-win32-x86_64\bin\java.exe
0x0000000077670000 - 0x000000007780f000 	C:\Windows\SYSTEM32\ntdll.dll
0x0000000077450000 - 0x000000007756f000 	C:\Windows\system32\kernel32.dll
0x000007fefd8a0000 - 0x000007fefd90a000 	C:\Windows\system32\KERNELBASE.dll
0x000007fee3ad0000 - 0x000007fee3ae8000 	c:\Users\KL_Schweizer\.vscode\extensions\redhat.java-1.11.0-win32-x64\jre\17.0.4.1-win32-x86_64\bin\jli.dll
0x000007fefb760000 - 0x000007fefb954000 	C:\Windows\WinSxS\amd64_microsoft.windows.common-controls_6595b64144ccf1df_6.0.7601.17514_none_fa396087175ac9ac\COMCTL32.dll
0x000007feff7c0000 - 0x000007feff85f000 	C:\Windows\system32\msvcrt.dll
0x000007fefef20000 - 0x000007fefef87000 	C:\Windows\system32\GDI32.dll
0x0000000077570000 - 0x000000007766a000 	C:\Windows\system32\USER32.dll
0x000007feff2d0000 - 0x000007feff2de000 	C:\Windows\system32\LPK.dll
0x000007feff890000 - 0x000007feff959000 	C:\Windows\system32\USP10.dll
0x000007fefeff0000 - 0x000007feff061000 	C:\Windows\system32\SHLWAPI.dll
0x000007fef55c0000 - 0x000007fef55d9000 	c:\Users\KL_Schweizer\.vscode\extensions\redhat.java-1.11.0-win32-x64\jre\17.0.4.1-win32-x86_64\bin\VCRUNTIME140.dll
0x000007fef55b0000 - 0x000007fef55b4000 	c:\Users\KL_Schweizer\.vscode\extensions\redhat.java-1.11.0-win32-x64\jre\17.0.4.1-win32-x86_64\bin\api-ms-win-crt-runtime-l1-1-0.dll
0x000007fec7650000 - 0x000007fec774a000 	c:\Users\KL_Schweizer\.vscode\extensions\redhat.java-1.11.0-win32-x64\jre\17.0.4.1-win32-x86_64\bin\ucrtbase.DLL
0x000007fef5690000 - 0x000007fef5693000 	c:\Users\KL_Schweizer\.vscode\extensions\redhat.java-1.11.0-win32-x64\jre\17.0.4.1-win32-x86_64\bin\api-ms-win-core-localization-l1-2-0.dll
0x000007fee3ab0000 - 0x000007fee3ab3000 	c:\Users\KL_Schweizer\.vscode\extensions\redhat.java-1.11.0-win32-x64\jre\17.0.4.1-win32-x86_64\bin\api-ms-win-core-processthreads-l1-1-1.dll
0x000007fee3ac0000 - 0x000007fee3ac3000 	c:\Users\KL_Schweizer\.vscode\extensions\redhat.java-1.11.0-win32-x64\jre\17.0.4.1-win32-x86_64\bin\api-ms-win-core-file-l1-2-0.dll
0x000007fee38e0000 - 0x000007fee38e3000 	c:\Users\KL_Schweizer\.vscode\extensions\redhat.java-1.11.0-win32-x64\jre\17.0.4.1-win32-x86_64\bin\api-ms-win-core-timezone-l1-1-0.dll
0x000007fee3a50000 - 0x000007fee3a53000 	c:\Users\KL_Schweizer\.vscode\extensions\redhat.java-1.11.0-win32-x64\jre\17.0.4.1-win32-x86_64\bin\api-ms-win-core-file-l2-1-0.dll
0x000007fee3700000 - 0x000007fee3703000 	c:\Users\KL_Schweizer\.vscode\extensions\redhat.java-1.11.0-win32-x64\jre\17.0.4.1-win32-x86_64\bin\api-ms-win-core-synch-l1-2-0.dll
0x000007fee3710000 - 0x000007fee3713000 	c:\Users\KL_Schweizer\.vscode\extensions\redhat.java-1.11.0-win32-x64\jre\17.0.4.1-win32-x86_64\bin\api-ms-win-crt-heap-l1-1-0.dll
0x000007fee30b0000 - 0x000007fee30b4000 	c:\Users\KL_Schweizer\.vscode\extensions\redhat.java-1.11.0-win32-x64\jre\17.0.4.1-win32-x86_64\bin\api-ms-win-crt-string-l1-1-0.dll
0x000007fee30c0000 - 0x000007fee30c4000 	c:\Users\KL_Schweizer\.vscode\extensions\redhat.java-1.11.0-win32-x64\jre\17.0.4.1-win32-x86_64\bin\api-ms-win-crt-stdio-l1-1-0.dll
0x000007fee2840000 - 0x000007fee2844000 	c:\Users\KL_Schweizer\.vscode\extensions\redhat.java-1.11.0-win32-x64\jre\17.0.4.1-win32-x86_64\bin\api-ms-win-crt-convert-l1-1-0.dll
0x000007fee2850000 - 0x000007fee2853000 	c:\Users\KL_Schweizer\.vscode\extensions\redhat.java-1.11.0-win32-x64\jre\17.0.4.1-win32-x86_64\bin\api-ms-win-crt-environment-l1-1-0.dll
0x000007fedd380000 - 0x000007fedd383000 	c:\Users\KL_Schweizer\.vscode\extensions\redhat.java-1.11.0-win32-x64\jre\17.0.4.1-win32-x86_64\bin\api-ms-win-crt-filesystem-l1-1-0.dll
0x000007fee2830000 - 0x000007fee2835000 	c:\Users\KL_Schweizer\.vscode\extensions\redhat.java-1.11.0-win32-x64\jre\17.0.4.1-win32-x86_64\bin\api-ms-win-crt-math-l1-1-0.dll
0x000007fedcad0000 - 0x000007fedcad3000 	c:\Users\KL_Schweizer\.vscode\extensions\redhat.java-1.11.0-win32-x64\jre\17.0.4.1-win32-x86_64\bin\api-ms-win-crt-locale-l1-1-0.dll
0x000007feff860000 - 0x000007feff88e000 	C:\Windows\system32\IMM32.DLL
0x000007fefde70000 - 0x000007fefdf79000 	C:\Windows\system32\MSCTF.dll
0x000007fedd270000 - 0x000007fedd27c000 	c:\Users\KL_Schweizer\.vscode\extensions\redhat.java-1.11.0-win32-x64\jre\17.0.4.1-win32-x86_64\bin\vcruntime140_1.dll
0x000007fec8910000 - 0x000007fec89a1000 	c:\Users\KL_Schweizer\.vscode\extensions\redhat.java-1.11.0-win32-x64\jre\17.0.4.1-win32-x86_64\bin\msvcp140.dll
0x000007fedcab0000 - 0x000007fedcab3000 	c:\Users\KL_Schweizer\.vscode\extensions\redhat.java-1.11.0-win32-x64\jre\17.0.4.1-win32-x86_64\bin\api-ms-win-crt-time-l1-1-0.dll
0x000007fedcac0000 - 0x000007fedcac3000 	c:\Users\KL_Schweizer\.vscode\extensions\redhat.java-1.11.0-win32-x64\jre\17.0.4.1-win32-x86_64\bin\api-ms-win-crt-utility-l1-1-0.dll
0x000007fec4960000 - 0x000007fec55a6000 	c:\Users\KL_Schweizer\.vscode\extensions\redhat.java-1.11.0-win32-x64\jre\17.0.4.1-win32-x86_64\bin\server\jvm.dll
0x000007feff2e0000 - 0x000007feff3bb000 	C:\Windows\system32\ADVAPI32.dll
0x000007fefd970000 - 0x000007fefd98f000 	C:\Windows\SYSTEM32\sechost.dll
0x000007feff690000 - 0x000007feff7bc000 	C:\Windows\system32\RPCRT4.dll
0x000007fef5920000 - 0x000007fef5929000 	C:\Windows\system32\WSOCK32.dll
0x000007feff540000 - 0x000007feff58d000 	C:\Windows\system32\WS2_32.dll
0x000007fefdb60000 - 0x000007fefdb68000 	C:\Windows\system32\NSI.dll
0x000007fef90e0000 - 0x000007fef911b000 	C:\Windows\system32\WINMM.dll
0x000007fefc840000 - 0x000007fefc84c000 	C:\Windows\system32\VERSION.dll
0x0000000077820000 - 0x0000000077827000 	C:\Windows\system32\PSAPI.DLL
0x000007feda0c0000 - 0x000007feda0ca000 	c:\Users\KL_Schweizer\.vscode\extensions\redhat.java-1.11.0-win32-x64\jre\17.0.4.1-win32-x86_64\bin\jimage.dll
0x000007fef5f10000 - 0x000007fef6035000 	C:\Windows\system32\DBGHELP.DLL
0x000007feda090000 - 0x000007feda0b5000 	c:\Users\KL_Schweizer\.vscode\extensions\redhat.java-1.11.0-win32-x64\jre\17.0.4.1-win32-x86_64\bin\java.dll
0x000007fed9b70000 - 0x000007fed9b88000 	c:\Users\KL_Schweizer\.vscode\extensions\redhat.java-1.11.0-win32-x64\jre\17.0.4.1-win32-x86_64\bin\zip.dll
0x000007fefe190000 - 0x000007fefef18000 	C:\Windows\system32\SHELL32.dll
0x000007fefdf80000 - 0x000007fefe183000 	C:\Windows\system32\ole32.dll
0x000007fefd5a0000 - 0x000007fefd5af000 	C:\Windows\system32\profapi.dll
0x000007feda060000 - 0x000007feda079000 	C:\Users\KL_Schweizer\.vscode\extensions\redhat.java-1.11.0-win32-x64\jre\17.0.4.1-win32-x86_64\bin\net.dll
0x000007fef23e0000 - 0x000007fef2451000 	C:\Windows\system32\WINHTTP.dll
0x000007fef2370000 - 0x000007fef23d4000 	C:\Windows\system32\webio.dll
0x000007fefcdc0000 - 0x000007fefce15000 	C:\Windows\system32\mswsock.dll
0x000007fefcdb0000 - 0x000007fefcdb7000 	C:\Windows\System32\wship6.dll
0x000007fed9710000 - 0x000007fed9725000 	C:\Users\KL_Schweizer\.vscode\extensions\redhat.java-1.11.0-win32-x64\jre\17.0.4.1-win32-x86_64\bin\nio.dll
0x000007fed9ae0000 - 0x000007fed9af0000 	c:\Users\KL_Schweizer\.vscode\extensions\redhat.java-1.11.0-win32-x64\jre\17.0.4.1-win32-x86_64\bin\verify.dll
0x000007fee28f0000 - 0x000007fee28f9000 	C:\Users\KL_Schweizer\.vscode\extensions\redhat.java-1.11.0-win32-x64\jre\17.0.4.1-win32-x86_64\bin\management.dll
0x000007fee28e0000 - 0x000007fee28eb000 	C:\Users\KL_Schweizer\.vscode\extensions\redhat.java-1.11.0-win32-x64\jre\17.0.4.1-win32-x86_64\bin\management_ext.dll
0x000007fefa3e0000 - 0x000007fefa3f5000 	C:\Windows\system32\NLAapi.dll
0x000007fef5a00000 - 0x000007fef5a15000 	C:\Windows\system32\napinsp.dll
0x000007fef59e0000 - 0x000007fef59f9000 	C:\Windows\system32\pnrpnsp.dll
0x000007fefcc40000 - 0x000007fefcc9b000 	C:\Windows\system32\DNSAPI.dll
0x000007fef5950000 - 0x000007fef595b000 	C:\Windows\System32\winrnr.dll
0x0000000073d70000 - 0x0000000073d9e000 	c:\Program Files\Common Files\Microsoft Shared\Windows Live\WLIDNSP.DLL
0x000007fefbeb0000 - 0x000007fefbeb7000 	C:\Windows\System32\wshtcpip.dll
0x000007fefc5c0000 - 0x000007fefc5e7000 	C:\Windows\system32\IPHLPAPI.DLL
0x000007fefc5b0000 - 0x000007fefc5bb000 	C:\Windows\system32\WINNSI.DLL
0x000007fef4280000 - 0x000007fef4288000 	C:\Windows\system32\rasadhlp.dll
0x000007fef9b30000 - 0x000007fef9b83000 	C:\Windows\System32\fwpuclnt.dll
0x000007fefce20000 - 0x000007fefce38000 	C:\Windows\system32\CRYPTSP.dll
0x000007fefcb20000 - 0x000007fefcb67000 	C:\Windows\system32\rsaenh.dll
0x000007fefc8e0000 - 0x000007fefc8fe000 	C:\Windows\system32\USERENV.dll
0x000007fefd4d0000 - 0x000007fefd4df000 	C:\Windows\system32\CRYPTBASE.dll
0x000007fef9ab0000 - 0x000007fef9ac1000 	C:\Windows\system32\dhcpcsvc6.DLL
0x000007fef9a90000 - 0x000007fef9aa8000 	C:\Windows\system32\dhcpcsvc.DLL

dbghelp: loaded successfully - version: 4.0.5 - missing functions: none
symbol engine: initialized successfully - sym options: 0x614 - pdb path: .;c:\Users\KL_Schweizer\.vscode\extensions\redhat.java-1.11.0-win32-x64\jre\17.0.4.1-win32-x86_64\bin;C:\Windows\SYSTEM32;C:\Windows\WinSxS\amd64_microsoft.windows.common-controls_6595b64144ccf1df_6.0.7601.17514_none_fa396087175ac9ac;c:\Users\KL_Schweizer\.vscode\extensions\redhat.java-1.11.0-win32-x64\jre\17.0.4.1-win32-x86_64\bin\server;c:\Program Files\Common Files\Microsoft Shared\Windows Live

VM Arguments:
jvm_args: -Dsts.lsp.client=vscode -Dsts.log.file=/dev/null -XX:TieredStopAtLevel=1 -Xlog:jni+resolve=off -Dspring.config.location=file:c:\Users\KL_Schweizer\.vscode\extensions\pivotal.vscode-spring-boot-1.40.0\language-server\BOOT-INF\classes\application.properties 
java_command: org.springframework.ide.vscode.boot.app.BootLanguageServerBootApp
java_class_path (initial): c:\Users\KL_Schweizer\.vscode\extensions\pivotal.vscode-spring-boot-1.40.0\language-server\BOOT-INF\classes;c:\Users\KL_Schweizer\.vscode\extensions\pivotal.vscode-spring-boot-1.40.0\language-server\BOOT-INF\lib\annotations-23.0.0.jar;c:\Users\KL_Schweizer\.vscode\extensions\pivotal.vscode-spring-boot-1.40.0\language-server\BOOT-INF\lib\ant-1.10.12.jar;c:\Users\KL_Schweizer\.vscode\extensions\pivotal.vscode-spring-boot-1.40.0\language-server\BOOT-INF\lib\ant-launcher-1.10.12.jar;c:\Users\KL_Schweizer\.vscode\extensions\pivotal.vscode-spring-boot-1.40.0\language-server\BOOT-INF\lib\antlr-runtime-3.5.2.jar;c:\Users\KL_Schweizer\.vscode\extensions\pivotal.vscode-spring-boot-1.40.0\language-server\BOOT-INF\lib\antlr4-4.9.3.jar;c:\Users\KL_Schweizer\.vscode\extensions\pivotal.vscode-spring-boot-1.40.0\language-server\BOOT-INF\lib\antlr4-runtime-4.9.3.jar;c:\Users\KL_Schweizer\.vscode\extensions\pivotal.vscode-spring-boot-1.40.0\language-server\BOOT-INF\lib\asm-9.3.jar;c:\Users\KL_Schweizer\.vscode\extensions\pivotal.vscode-spring-boot-1.40.0\language-server\BOOT-INF\lib\asm-analysis-9.3.jar;c:\Users\KL_Schweizer\.vscode\extensions\pivotal.vscode-spring-boot-1.40.0\language-server\BOOT-INF\lib\asm-tree-9.3.jar;c:\Users\KL_Schweizer\.vscode\extensions\pivotal.vscode-spring-boot-1.40.0\language-server\BOOT-INF\lib\asm-util-9.3.jar;c:\Users\KL_Schweizer\.vscode\extensions\pivotal.vscode-spring-boot-1.40.0\language-server\BOOT-INF\lib\byte-buddy-1.12.13.jar;c:\Users\KL_Schweizer\.vscode\extensions\pivotal.vscode-spring-boot-1.40.0\language-server\BOOT-INF\lib\caffeine-2.9.3.jar;c:\Users\KL_Schweizer\.vscode\extensions\pivotal.vscode-spring-boot-1.40.0\language-server\BOOT-INF\lib\checker-qual-3.12.0.jar;c:\Users\KL_Schweizer\.vscode\extensions\pivotal.vscode-spring-boot-1.40.0\language-server\BOOT-INF\lib\classgraph-4.8.149.jar;c:\Users\KL_Schweizer\.vscode\extensions\pivotal.vscode-spring-boot-1.40.0\language-server\BOOT-INF\lib\commons-codec-1.1
Launcher Type: SUN_STANDARD

[Global flags]
     intx CICompilerCount                          = 3                                         {product} {ergonomic}
     uint ConcGCThreads                            = 1                                         {product} {ergonomic}
     uint G1ConcRefinementThreads                  = 4                                         {product} {ergonomic}
   size_t G1HeapRegionSize                         = 1048576                                   {product} {ergonomic}
    uintx GCDrainStackTargetSize                   = 64                                        {product} {ergonomic}
   size_t InitialHeapSize                          = 67108864                                  {product} {ergonomic}
   size_t MarkStackSize                            = 4194304                                   {product} {ergonomic}
   size_t MaxHeapSize                              = 1048576000                                {product} {ergonomic}
   size_t MaxNewSize                               = 629145600                                 {product} {ergonomic}
   size_t MinHeapDeltaBytes                        = 1048576                                   {product} {ergonomic}
   size_t MinHeapSize                              = 8388608                                   {product} {ergonomic}
    uintx NonProfiledCodeHeapSize                  = 0                                      {pd product} {ergonomic}
     bool ProfileInterpreter                       = false                                  {pd product} {command line}
    uintx ProfiledCodeHeapSize                     = 0                                      {pd product} {ergonomic}
   size_t SoftMaxHeapSize                          = 1048576000                             {manageable} {ergonomic}
     intx TieredStopAtLevel                        = 1                                         {product} {command line}
     bool UseCompressedClassPointers               = true                           {product lp64_product} {ergonomic}
     bool UseCompressedOops                        = true                           {product lp64_product} {ergonomic}
     bool UseG1GC                                  = true                                      {product} {ergonomic}
     bool UseLargePagesIndividualAllocation        = false                                  {pd product} {ergonomic}

Logging:
Log output configuration:
 #0: stdout all=warning,jni+resolve=off uptime,level,tags
 #1: stderr all=off uptime,level,tags

Environment Variables:
PATH=C:\Program Files\Common Files\Oracle\Java\javapath;C:\Program Files (x86)\Common Files\Oracle\Java\javapath;C:\Program Files (x86)\Common Files\Microsoft Shared\Windows Live;C:\Windows\system32;C:\Windows;C:\Windows\System32\Wbem;C:\Windows\System32\WindowsPowerShell\v1.0\;C:\Program Files\nodejs\;C:\xampp\php;C:\composer;C:\Program Files\dotnet\;C:\Program Files\Git\cmd;C:\Program Files\NVIDIA Corporation\NVIDIA NvDLISR;C:\Program Files (x86)\GtkSharp\2.12\bin;C:\Users\KL_Schweizer\.dnx\bin;C:\Program Files\Microsoft DNX\Dnvm\;C:\Program Files (x86)\NVIDIA Corporation\PhysX\Common;C:\Program Files\Microsoft SQL Server\130\Tools\Binn\;C:\Windows\System32\WindowsPowerShell\v1.0\;C:\apache-maven-3.8.6-bin\apache-maven-3.8.6\bin;C:\Program Files (x86)\MySQL\MySQL Server 5.0\bin;C:\laragon\bin;C:\laragon\bin\apache\httpd-2.4.54-win64-VS16\bin;C:\laragon\bin\composer;C:\laragon\bin\git\bin;C:\laragon\bin\git\cmd;C:\laragon\bin\git\mingw64\bin;C:\laragon\bin\git\usr\bin;C:\laragon\bin\laragon\utils;C:\laragon\bin\mysql\mysql-8.0.30-winx64\bin;C:\laragon\bin\nginx\nginx-1.22.0;C:\laragon\bin\ngrok;C:\laragon\bin\nodejs\node-v18;C:\laragon\bin\notepad++;C:\laragon\bin\php\php-8.1.10-Win32-vs16-x64;C:\laragon\bin\python\python-3.10;C:\laragon\bin\python\python-3.10\Scripts;C:\laragon\bin\redis\redis-x64-5.0.14.1;C:\laragon\bin\telnet;C:\laragon\usr\bin;C:\Users\KL_Schweizer\AppData\Local\Yarn\config\global\node_modules\.bin;C:\Users\KL_Schweizer\AppData\Roaming\Composer\vendor\bin;C:\Users\KL_Schweizer\AppData\Roaming\npm;C:\Users\KL_Schweizer\AppData\Local\Programs\Python\Python38-32\Scripts\;C:\Users\KL_Schweizer\AppData\Local\Programs\Python\Python38-32\;D:\pktriot-0.14.1.win64\pktriot-0.14.1;C:\Users\KL_Schweizer\AppData\Local\Programs\Microsoft VS Code\bin;D:\Program Files\Docker Toolbox;D:\Program Files\flutter\bin;C:\Users\KL_Schweizer\AppData\Local\Pub\Cache\bin;
USERNAME=KL_Schweizer
OS=Windows_NT
PROCESSOR_IDENTIFIER=Intel64 Family 6 Model 58 Stepping 9, GenuineIntel
TMP=C:\Users\KL_SCH~1\AppData\Local\Temp
TEMP=C:\Users\KL_SCH~1\AppData\Local\Temp



---------------  S Y S T E M  ---------------

OS:
 Windows 7 , 64 bit Build 7601 (6.1.7601.24384)
OS uptime: 0 days 5:18 hours

CPU: total 4 (initial active 4) (2 cores per cpu, 2 threads per core) family 6 model 58 stepping 9 microcode 0x0, cx8, cmov, fxsr, ht, mmx, sse, sse2, sse3, ssse3, sse4.1, sse4.2, popcnt, tsc, tscinvbit, avx, erms, clmul, vzeroupper, clflush

Memory: 4k page, system-wide physical 3993M (42M free)
TotalPageFile size 9275M (AvailPageFile size 21M)
current process WorkingSet (physical memory assigned to process): 180M, peak: 180M
current process commit charge ("private bytes"): 232M, peak: 330M

vm_info: OpenJDK 64-Bit Server VM (17.0.4.1+1) for windows-amd64 JRE (17.0.4.1+1), built on Aug 17 2022 07:42:43 by "temurin" with MS VC++ 16.7 (VS2019)

END.
