#
# There is insufficient memory for the Java Runtime Environment to continue.
# Native memory allocation (mmap) failed to map 138412032 bytes for G1 virtual space
# Possible reasons:
#   The system is out of physical RAM or swap space
#   The process is running with CompressedOops enabled, and the Java Heap may be blocking the growth of the native heap
# Possible solutions:
#   Reduce memory load on the system
#   Increase physical memory or swap space
#   Check if swap backing store is full
#   Decrease Java heap size (-Xmx/-Xms)
#   Decrease number of Java threads
#   Decrease Java thread stack sizes (-Xss)
#   Set larger code cache with -XX:ReservedCodeCacheSize=
#   JVM is running with Unscaled Compressed Oops mode in which the Java heap is
#     placed in the first 4GB address space. The Java Heap base address is the
#     maximum limit for the native heap growth. Please use -XX:HeapBaseMinAddress
#     to set the Java Heap base and to place the Java Heap above 4GB virtual address.
# This output file may be truncated or incomplete.
#
#  Out of Memory Error (os_windows.cpp:3541), pid=3564, tid=5820
#
# JRE version: OpenJDK Runtime Environment Temurin-17.0.4.1+1 (17.0.4.1+1) (build 17.0.4.1+1)
# Java VM: OpenJDK 64-Bit Server VM Temurin-17.0.4.1+1 (17.0.4.1+1, mixed mode, emulated-client, tiered, compressed oops, compressed class ptrs, g1 gc, windows-amd64)
# No core dump will be written. Minidumps are not enabled by default on client versions of Windows
#

---------------  S U M M A R Y ------------

Command Line: -Dsts.lsp.client=vscode -Dsts.log.file=/dev/null -XX:TieredStopAtLevel=1 -Xlog:jni+resolve=off -Dspring.config.location=file:c:\Users\KL_Schweizer\.vscode\extensions\pivotal.vscode-spring-boot-1.40.0\language-server\BOOT-INF\classes\application.properties org.springframework.ide.vscode.boot.app.BootLanguageServerBootApp

Host: Intel(R) Core(TM) i3-3240 CPU @ 3.40GHz, 4 cores, 3G,  Windows 7 , 64 bit Build 7601 (6.1.7601.24384)
Time: Thu Oct 27 14:35:01 2022 Taipei Standard Time elapsed time: 5.155234 seconds (0d 0h 0m 5s)

---------------  T H R E A D  ---------------

Current thread (0x000000000d9c0ae0):  VMThread "VM Thread" [stack: 0x000000004e420000,0x000000004e520000] [id=5820]

Stack: [0x000000004e420000,0x000000004e520000]
Native frames: (J=compiled Java code, j=interpreted, Vv=VM code, C=native code)
V  [jvm.dll+0x67731a]
V  [jvm.dll+0x832284]
V  [jvm.dll+0x833a2e]
V  [jvm.dll+0x834093]
V  [jvm.dll+0x245775]
V  [jvm.dll+0x674209]
V  [jvm.dll+0x668a92]
V  [jvm.dll+0x30471b]
V  [jvm.dll+0x30bc66]
V  [jvm.dll+0x35ba9e]
V  [jvm.dll+0x35bccf]
V  [jvm.dll+0x2db5b8]
V  [jvm.dll+0x2d986c]
V  [jvm.dll+0x2d8e3c]
V  [jvm.dll+0x31cd9b]
V  [jvm.dll+0x83853b]
V  [jvm.dll+0x839274]
V  [jvm.dll+0x83978c]
V  [jvm.dll+0x839b64]
V  [jvm.dll+0x839c30]
V  [jvm.dll+0x7e240a]
V  [jvm.dll+0x6761a5]
C  [ucrtbase.DLL+0x1c1ae]
C  [kernel32.dll+0x1570d]
C  [ntdll.dll+0x5385d]

VM_Operation (0x000000005418ea10): G1CollectForAllocation, mode: safepoint, requested by thread 0x000000005182c480


---------------  P R O C E S S  ---------------

Threads class SMR info:
_java_thread_list=0x000000005185ce40, length=30, elements={
0x000000000d9a9fb0, 0x000000000d9aaef0, 0x000000000d9ff3e0, 0x000000000da01f60,
0x000000000da04980, 0x000000000da08740, 0x000000000da090b0, 0x000000000da099b0,
0x000000004f3a2e80, 0x000000004f3b4350, 0x00000000513c2820, 0x00000000513c2cf0,
0x00000000513c31c0, 0x00000000513c3690, 0x00000000513c3b60, 0x00000000513c4030,
0x00000000513c4500, 0x00000000513c49d0, 0x00000000513c4ea0, 0x00000000513c5370,
0x00000000513c5840, 0x00000000513c5d10, 0x00000000513c61e0, 0x000000005182b610,
0x000000005182bae0, 0x000000005182bfb0, 0x000000005182c480, 0x000000005182c950,
0x000000005182ce20, 0x000000005182d2f0
}

Java Threads: ( => current thread )
  0x000000000d9a9fb0 JavaThread "Reference Handler" daemon [_thread_blocked, id=9016, stack(0x000000004e570000,0x000000004e670000)]
  0x000000000d9aaef0 JavaThread "Finalizer" daemon [_thread_blocked, id=8444, stack(0x000000004e710000,0x000000004e810000)]
  0x000000000d9ff3e0 JavaThread "Signal Dispatcher" daemon [_thread_blocked, id=220, stack(0x000000004e870000,0x000000004e970000)]
  0x000000000da01f60 JavaThread "Attach Listener" daemon [_thread_blocked, id=1232, stack(0x000000004eaa0000,0x000000004eba0000)]
  0x000000000da04980 JavaThread "Service Thread" daemon [_thread_blocked, id=2796, stack(0x000000004ec10000,0x000000004ed10000)]
  0x000000000da08740 JavaThread "Monitor Deflation Thread" daemon [_thread_blocked, id=8424, stack(0x000000004ee80000,0x000000004ef80000)]
  0x000000000da090b0 JavaThread "C1 CompilerThread0" daemon [_thread_blocked, id=9012, stack(0x000000004f030000,0x000000004f130000)]
  0x000000000da099b0 JavaThread "Sweeper thread" daemon [_thread_blocked, id=8696, stack(0x000000004f1a0000,0x000000004f2a0000)]
  0x000000004f3a2e80 JavaThread "Notification Thread" daemon [_thread_blocked, id=5860, stack(0x000000004f6c0000,0x000000004f7c0000)]
  0x000000004f3b4350 JavaThread "Common-Cleaner" daemon [_thread_blocked, id=3816, stack(0x000000004f820000,0x000000004f920000)]
  0x00000000513c2820 JavaThread "boundedElastic-evictor-1" daemon [_thread_blocked, id=6744, stack(0x0000000052110000,0x0000000052210000)]
  0x00000000513c2cf0 JavaThread "pool-9-thread-1" [_thread_blocked, id=3768, stack(0x00000000534c0000,0x00000000535c0000)]
  0x00000000513c31c0 JavaThread "LanguageServerApp-lifecycle" [_thread_blocked, id=5392, stack(0x0000000052220000,0x0000000052320000)]
  0x00000000513c3690 JavaThread "DestroyJavaVM" [_thread_blocked, id=8712, stack(0x0000000001fd0000,0x00000000020d0000)]
  0x00000000513c3b60 JavaThread "pool-10-thread-1" [_thread_in_native, id=2556, stack(0x0000000053690000,0x0000000053790000)]
  0x00000000513c4030 JavaThread "Simple-Language-Server main thread" daemon [_thread_blocked, id=1440, stack(0x0000000053970000,0x0000000053a70000)]
  0x00000000513c4500 JavaThread "ForkJoinPool.commonPool-worker-1" daemon [_thread_blocked, id=9140, stack(0x0000000053b50000,0x0000000053c50000)]
  0x00000000513c49d0 JavaThread "pool-7-thread-1" [_thread_blocked, id=7216, stack(0x0000000053c50000,0x0000000053d50000)]
  0x00000000513c4ea0 JavaThread "parallel-1" daemon [_thread_blocked, id=8484, stack(0x0000000053870000,0x0000000053970000)]
  0x00000000513c5370 JavaThread "parallel-2" daemon [_thread_blocked, id=2800, stack(0x0000000053d50000,0x0000000053e50000)]
  0x00000000513c5840 JavaThread "ClassGraph-worker-0" daemon [_thread_blocked, id=3480, stack(0x0000000053f30000,0x0000000054030000)]
  0x00000000513c5d10 JavaThread "ClassGraph-worker-1" daemon [_thread_blocked, id=2912, stack(0x0000000054200000,0x0000000054300000)]
  0x00000000513c61e0 JavaThread "ClassGraph-worker-2" daemon [_thread_blocked, id=620, stack(0x0000000054340000,0x0000000054440000)]
  0x000000005182b610 JavaThread "ClassGraph-worker-3" daemon [_thread_blocked, id=3272, stack(0x0000000054540000,0x0000000054640000)]
  0x000000005182bae0 JavaThread "ClassGraph-worker-4" daemon [_thread_blocked, id=1172, stack(0x00000000546b0000,0x00000000547b0000)]
  0x000000005182bfb0 JavaThread "ClassGraph-worker-5" daemon [_thread_blocked, id=8816, stack(0x0000000054440000,0x0000000054540000)]
  0x000000005182c480 JavaThread "ClassGraph-worker-6" daemon [_thread_blocked, id=3952, stack(0x0000000054090000,0x0000000054190000)]
  0x000000005182c950 JavaThread "ClassGraph-worker-7" daemon [_thread_blocked, id=4288, stack(0x00000000548b0000,0x00000000549b0000)]
  0x000000005182ce20 JavaThread "Reconciler-1" daemon [_thread_blocked, id=8332, stack(0x0000000054a30000,0x0000000054b30000)]
  0x000000005182d2f0 JavaThread "parallel-3" daemon [_thread_blocked, id=1572, stack(0x0000000054c10000,0x0000000054d10000)]

Other Threads:
=>0x000000000d9c0ae0 VMThread "VM Thread" [stack: 0x000000004e420000,0x000000004e520000] [id=5820]
  0x000000000d45bc10 WatcherThread [stack: 0x000000004e990000,0x000000004ea90000] [id=4000]
  0x0000000000226750 GCTaskThread "GC Thread#0" [stack: 0x000000000acd0000,0x000000000add0000] [id=7132]
  0x000000005003e5a0 GCTaskThread "GC Thread#1" [stack: 0x00000000503f0000,0x00000000504f0000] [id=8664]
  0x0000000050053010 GCTaskThread "GC Thread#2" [stack: 0x000000004ed20000,0x000000004ee20000] [id=1152]
  0x0000000050145b00 GCTaskThread "GC Thread#3" [stack: 0x0000000050500000,0x0000000050600000] [id=8144]
  0x000000000022fec0 ConcurrentGCThread "G1 Main Marker" [stack: 0x000000000ab90000,0x000000000ac90000] [id=6720]
  0x0000000000230f80 ConcurrentGCThread "G1 Conc#0" [stack: 0x000000000af50000,0x000000000b050000] [id=8548]
  0x000000000025fc90 ConcurrentGCThread "G1 Refine#0" [stack: 0x000000000d640000,0x000000000d740000] [id=3772]
  0x0000000051233150 ConcurrentGCThread "G1 Refine#1" [stack: 0x0000000054db0000,0x0000000054eb0000] [id=4448]
  0x000000000d3af9f0 ConcurrentGCThread "G1 Service" [stack: 0x000000000d800000,0x000000000d900000] [id=6740]

Threads with active compile tasks:
C1 CompilerThread0     5264 3728       1       jdk.internal.jrtfs.JrtFileSystem::getFileAttributes (42 bytes)

VM state: at safepoint (normal execution)

VM Mutex/Monitor currently owned by a thread:  ([mutex/lock_event])
[0x00000000001c4370] Threads_lock - owner thread: 0x000000000d9c0ae0
[0x00000000001e13e0] Heap_lock - owner thread: 0x000000005182c480

Heap address: 0x00000000c1800000, size: 1000 MB, Compressed Oops mode: 32-bit

CDS archive(s) not mapped
Compressed class space mapped at: 0x000000000dc00000-0x000000004dc00000, reserved size: 1073741824
Narrow klass base: 0x0000000000000000, Narrow klass shift: 0, Narrow klass range: 0x4dc00000

GC Precious Log:
 CPUs: 4 total, 4 available
 Memory: 3993M
 Large Page Support: Disabled
 NUMA Support: Disabled
 Compressed Oops: Enabled (32-bit)
 Heap Region Size: 1M
 Heap Min Capacity: 8M
 Heap Initial Capacity: 64M
 Heap Max Capacity: 1000M
 Pre-touch: Disabled
 Parallel Workers: 4
 Concurrent Workers: 1
 Concurrent Refinement Workers: 4
 Periodic GC: Disabled

Heap:
 garbage-first heap   total 111616K, used 68119K [0x00000000c1800000, 0x0000000100000000)
  region size 1024K, 2 young (2048K), 2 survivors (2048K)
 Metaspace       used 38541K, committed 38912K, reserved 1089536K
  class space    used 4863K, committed 5056K, reserved 1048576K

Heap Regions: E=young(eden), S=young(survivor), O=old, HS=humongous(starts), HC=humongous(continues), CS=collection set, F=free, OA=open archive, CA=closed archive, TAMS=top-at-mark-start (previous, next)
|   0|0x00000000c1800000, 0x00000000c1900000, 0x00000000c1900000|100%| O|  |TAMS 0x00000000c1900000, 0x00000000c1900000| Untracked 
|   1|0x00000000c1900000, 0x00000000c1a00000, 0x00000000c1a00000|100%| O|  |TAMS 0x00000000c1a00000, 0x00000000c1a00000| Untracked 
|   2|0x00000000c1a00000, 0x00000000c1b00000, 0x00000000c1b00000|100%| O|  |TAMS 0x00000000c1b00000, 0x00000000c1b00000| Untracked 
|   3|0x00000000c1b00000, 0x00000000c1c00000, 0x00000000c1c00000|100%| O|  |TAMS 0x00000000c1c00000, 0x00000000c1c00000| Untracked 
|   4|0x00000000c1c00000, 0x00000000c1d00000, 0x00000000c1d00000|100%| O|  |TAMS 0x00000000c1d00000, 0x00000000c1d00000| Untracked 
|   5|0x00000000c1d00000, 0x00000000c1e00000, 0x00000000c1e00000|100%| O|  |TAMS 0x00000000c1e00000, 0x00000000c1e00000| Untracked 
|   6|0x00000000c1e00000, 0x00000000c1f00000, 0x00000000c1f00000|100%| O|  |TAMS 0x00000000c1f00000, 0x00000000c1f00000| Untracked 
|   7|0x00000000c1f00000, 0x00000000c2000000, 0x00000000c2000000|100%| O|  |TAMS 0x00000000c2000000, 0x00000000c2000000| Untracked 
|   8|0x00000000c2000000, 0x00000000c2100000, 0x00000000c2100000|100%| O|  |TAMS 0x00000000c2100000, 0x00000000c2100000| Untracked 
|   9|0x00000000c2100000, 0x00000000c2200000, 0x00000000c2200000|100%| O|  |TAMS 0x00000000c2200000, 0x00000000c2200000| Untracked 
|  10|0x00000000c2200000, 0x00000000c2300000, 0x00000000c2300000|100%| O|  |TAMS 0x00000000c2300000, 0x00000000c2300000| Untracked 
|  11|0x00000000c2300000, 0x00000000c2400000, 0x00000000c2400000|100%| O|  |TAMS 0x00000000c2400000, 0x00000000c2400000| Untracked 
|  12|0x00000000c2400000, 0x00000000c2500000, 0x00000000c2500000|100%| O|  |TAMS 0x00000000c2500000, 0x00000000c2500000| Untracked 
|  13|0x00000000c2500000, 0x00000000c2600000, 0x00000000c2600000|100%| O|  |TAMS 0x00000000c2600000, 0x00000000c2600000| Untracked 
|  14|0x00000000c2600000, 0x00000000c2700000, 0x00000000c2700000|100%| O|  |TAMS 0x00000000c2700000, 0x00000000c2700000| Untracked 
|  15|0x00000000c2700000, 0x00000000c2800000, 0x00000000c2800000|100%| O|  |TAMS 0x00000000c2800000, 0x00000000c2800000| Untracked 
|  16|0x00000000c2800000, 0x00000000c2900000, 0x00000000c2900000|100%| O|  |TAMS 0x00000000c2900000, 0x00000000c2900000| Untracked 
|  17|0x00000000c2900000, 0x00000000c2a00000, 0x00000000c2a00000|100%| O|  |TAMS 0x00000000c2a00000, 0x00000000c2a00000| Untracked 
|  18|0x00000000c2a00000, 0x00000000c2b00000, 0x00000000c2b00000|100%| O|  |TAMS 0x00000000c2b00000, 0x00000000c2b00000| Untracked 
|  19|0x00000000c2b00000, 0x00000000c2c00000, 0x00000000c2c00000|100%| O|  |TAMS 0x00000000c2c00000, 0x00000000c2c00000| Untracked 
|  20|0x00000000c2c00000, 0x00000000c2d00000, 0x00000000c2d00000|100%| O|  |TAMS 0x00000000c2d00000, 0x00000000c2d00000| Untracked 
|  21|0x00000000c2d00000, 0x00000000c2e00000, 0x00000000c2e00000|100%| O|  |TAMS 0x00000000c2e00000, 0x00000000c2e00000| Untracked 
|  22|0x00000000c2e00000, 0x00000000c2f00000, 0x00000000c2f00000|100%| O|  |TAMS 0x00000000c2f00000, 0x00000000c2f00000| Untracked 
|  23|0x00000000c2f00000, 0x00000000c3000000, 0x00000000c3000000|100%| O|  |TAMS 0x00000000c2f3ba00, 0x00000000c3000000| Untracked 
|  24|0x00000000c3000000, 0x00000000c3100000, 0x00000000c3100000|100%| O|  |TAMS 0x00000000c3000000, 0x00000000c3100000| Untracked 
|  25|0x00000000c3100000, 0x00000000c3200000, 0x00000000c3200000|100%| O|  |TAMS 0x00000000c3100000, 0x00000000c3200000| Untracked 
|  26|0x00000000c3200000, 0x00000000c3300000, 0x00000000c3300000|100%| O|  |TAMS 0x00000000c3200000, 0x00000000c3300000| Untracked 
|  27|0x00000000c3300000, 0x00000000c3400000, 0x00000000c3400000|100%| O|  |TAMS 0x00000000c3300000, 0x00000000c3400000| Untracked 
|  28|0x00000000c3400000, 0x00000000c3500000, 0x00000000c3500000|100%| O|  |TAMS 0x00000000c3400000, 0x00000000c3500000| Untracked 
|  29|0x00000000c3500000, 0x00000000c3600000, 0x00000000c3600000|100%| O|  |TAMS 0x00000000c3500000, 0x00000000c3600000| Untracked 
|  30|0x00000000c3600000, 0x00000000c3700000, 0x00000000c3700000|100%| O|  |TAMS 0x00000000c3600000, 0x00000000c3700000| Untracked 
|  31|0x00000000c3700000, 0x00000000c3800000, 0x00000000c3800000|100%| O|  |TAMS 0x00000000c3700000, 0x00000000c3800000| Untracked 
|  32|0x00000000c3800000, 0x00000000c3900000, 0x00000000c3900000|100%| O|  |TAMS 0x00000000c3800000, 0x00000000c3900000| Untracked 
|  33|0x00000000c3900000, 0x00000000c3a00000, 0x00000000c3a00000|100%|HS|  |TAMS 0x00000000c3900000, 0x00000000c3a00000| Complete 
|  34|0x00000000c3a00000, 0x00000000c3b00000, 0x00000000c3b00000|100%| O|  |TAMS 0x00000000c3a00000, 0x00000000c3b00000| Untracked 
|  35|0x00000000c3b00000, 0x00000000c3c00000, 0x00000000c3c00000|100%| O|  |TAMS 0x00000000c3b00000, 0x00000000c3c00000| Untracked 
|  36|0x00000000c3c00000, 0x00000000c3d00000, 0x00000000c3d00000|100%| O|  |TAMS 0x00000000c3c00000, 0x00000000c3d00000| Untracked 
|  37|0x00000000c3d00000, 0x00000000c3e00000, 0x00000000c3e00000|100%| O|  |TAMS 0x00000000c3d00000, 0x00000000c3e00000| Untracked 
|  38|0x00000000c3e00000, 0x00000000c3f00000, 0x00000000c3f00000|100%| O|  |TAMS 0x00000000c3e00000, 0x00000000c3f00000| Untracked 
|  39|0x00000000c3f00000, 0x00000000c4000000, 0x00000000c4000000|100%| O|  |TAMS 0x00000000c3f00000, 0x00000000c4000000| Untracked 
|  40|0x00000000c4000000, 0x00000000c4100000, 0x00000000c4100000|100%| O|  |TAMS 0x00000000c4000000, 0x00000000c4100000| Untracked 
|  41|0x00000000c4100000, 0x00000000c4200000, 0x00000000c4200000|100%| O|  |TAMS 0x00000000c4100000, 0x00000000c4200000| Untracked 
|  42|0x00000000c4200000, 0x00000000c4300000, 0x00000000c4300000|100%| O|  |TAMS 0x00000000c4200000, 0x00000000c4300000| Untracked 
|  43|0x00000000c4300000, 0x00000000c4400000, 0x00000000c4400000|100%| O|  |TAMS 0x00000000c4300000, 0x00000000c4400000| Untracked 
|  44|0x00000000c4400000, 0x00000000c4500000, 0x00000000c4500000|100%| O|  |TAMS 0x00000000c4400000, 0x00000000c4500000| Untracked 
|  45|0x00000000c4500000, 0x00000000c4600000, 0x00000000c4600000|100%|HS|  |TAMS 0x00000000c4500000, 0x00000000c4600000| Complete 
|  46|0x00000000c4600000, 0x00000000c4700000, 0x00000000c4700000|100%| O|  |TAMS 0x00000000c4600000, 0x00000000c4700000| Untracked 
|  47|0x00000000c4700000, 0x00000000c4800000, 0x00000000c4800000|100%| O|  |TAMS 0x00000000c4700000, 0x00000000c4800000| Untracked 
|  48|0x00000000c4800000, 0x00000000c4900000, 0x00000000c4900000|100%| O|  |TAMS 0x00000000c4800000, 0x00000000c4900000| Untracked 
|  49|0x00000000c4900000, 0x00000000c4a00000, 0x00000000c4a00000|100%| O|  |TAMS 0x00000000c4900000, 0x00000000c4a00000| Untracked 
|  50|0x00000000c4a00000, 0x00000000c4b00000, 0x00000000c4b00000|100%| O|  |TAMS 0x00000000c4a00000, 0x00000000c4b00000| Untracked 
|  51|0x00000000c4b00000, 0x00000000c4c00000, 0x00000000c4c00000|100%| O|  |TAMS 0x00000000c4b00000, 0x00000000c4c00000| Untracked 
|  52|0x00000000c4c00000, 0x00000000c4d00000, 0x00000000c4d00000|100%| O|  |TAMS 0x00000000c4c00000, 0x00000000c4d00000| Untracked 
|  53|0x00000000c4d00000, 0x00000000c4e00000, 0x00000000c4e00000|100%| O|  |TAMS 0x00000000c4d00000, 0x00000000c4e00000| Untracked 
|  54|0x00000000c4e00000, 0x00000000c4f00000, 0x00000000c4f00000|100%| O|  |TAMS 0x00000000c4e00000, 0x00000000c4f00000| Untracked 
|  55|0x00000000c4f00000, 0x00000000c5000000, 0x00000000c5000000|100%| O|  |TAMS 0x00000000c4f00000, 0x00000000c5000000| Untracked 
|  56|0x00000000c5000000, 0x00000000c5100000, 0x00000000c5100000|100%| O|  |TAMS 0x00000000c5000000, 0x00000000c5100000| Untracked 
|  57|0x00000000c5100000, 0x00000000c5200000, 0x00000000c5200000|100%| O|  |TAMS 0x00000000c5100000, 0x00000000c5200000| Untracked 
|  58|0x00000000c5200000, 0x00000000c5300000, 0x00000000c5300000|100%| O|  |TAMS 0x00000000c5200000, 0x00000000c5300000| Untracked 
|  59|0x00000000c5300000, 0x00000000c5400000, 0x00000000c5400000|100%| O|  |TAMS 0x00000000c5300000, 0x00000000c5371800| Untracked 
|  60|0x00000000c5400000, 0x00000000c5500000, 0x00000000c5500000|100%| O|  |TAMS 0x00000000c5400000, 0x00000000c5400000| Untracked 
|  61|0x00000000c5500000, 0x00000000c5600000, 0x00000000c5600000|100%| O|  |TAMS 0x00000000c5500000, 0x00000000c5500000| Untracked 
|  62|0x00000000c5600000, 0x00000000c5700000, 0x00000000c5700000|100%| O|  |TAMS 0x00000000c5600000, 0x00000000c5600000| Untracked 
|  63|0x00000000c5700000, 0x00000000c5800000, 0x00000000c5800000|100%| O|  |TAMS 0x00000000c5700000, 0x00000000c5700000| Untracked 
|  64|0x00000000c5800000, 0x00000000c5900000, 0x00000000c5900000|100%| O|  |TAMS 0x00000000c5800000, 0x00000000c5800000| Untracked 
|  65|0x00000000c5900000, 0x00000000c5900000, 0x00000000c5a00000|  0%| F|  |TAMS 0x00000000c5900000, 0x00000000c5900000| Untracked 
|  66|0x00000000c5a00000, 0x00000000c5a00000, 0x00000000c5b00000|  0%| F|  |TAMS 0x00000000c5a00000, 0x00000000c5a00000| Untracked 
|  67|0x00000000c5b00000, 0x00000000c5b00000, 0x00000000c5c00000|  0%| F|  |TAMS 0x00000000c5b00000, 0x00000000c5b00000| Untracked 
|  68|0x00000000c5c00000, 0x00000000c5c00000, 0x00000000c5d00000|  0%| F|  |TAMS 0x00000000c5c00000, 0x00000000c5c00000| Untracked 
|  69|0x00000000c5d00000, 0x00000000c5d00000, 0x00000000c5e00000|  0%| F|  |TAMS 0x00000000c5d00000, 0x00000000c5d00000| Untracked 
|  70|0x00000000c5e00000, 0x00000000c5e00000, 0x00000000c5f00000|  0%| F|  |TAMS 0x00000000c5e00000, 0x00000000c5e00000| Untracked 
|  71|0x00000000c5f00000, 0x00000000c5f00000, 0x00000000c6000000|  0%| F|  |TAMS 0x00000000c5f00000, 0x00000000c5f00000| Untracked 
|  72|0x00000000c6000000, 0x00000000c6000000, 0x00000000c6100000|  0%| F|  |TAMS 0x00000000c6000000, 0x00000000c6000000| Untracked 
|  73|0x00000000c6100000, 0x00000000c6100000, 0x00000000c6200000|  0%| F|  |TAMS 0x00000000c6100000, 0x00000000c6100000| Untracked 
|  74|0x00000000c6200000, 0x00000000c6200000, 0x00000000c6300000|  0%| F|  |TAMS 0x00000000c6200000, 0x00000000c6200000| Untracked 
|  75|0x00000000c6300000, 0x00000000c6300000, 0x00000000c6400000|  0%| F|  |TAMS 0x00000000c6300000, 0x00000000c6300000| Untracked 
|  76|0x00000000c6400000, 0x00000000c6400000, 0x00000000c6500000|  0%| F|  |TAMS 0x00000000c6400000, 0x00000000c6400000| Untracked 
|  77|0x00000000c6500000, 0x00000000c6500000, 0x00000000c6600000|  0%| F|  |TAMS 0x00000000c6500000, 0x00000000c6500000| Untracked 
|  78|0x00000000c6600000, 0x00000000c6600000, 0x00000000c6700000|  0%| F|  |TAMS 0x00000000c6600000, 0x00000000c6600000| Untracked 
|  79|0x00000000c6700000, 0x00000000c6700000, 0x00000000c6800000|  0%| F|  |TAMS 0x00000000c6700000, 0x00000000c6700000| Untracked 
|  80|0x00000000c6800000, 0x00000000c6800000, 0x00000000c6900000|  0%| F|  |TAMS 0x00000000c6800000, 0x00000000c6800000| Untracked 
|  81|0x00000000c6900000, 0x00000000c6900000, 0x00000000c6a00000|  0%| F|  |TAMS 0x00000000c6900000, 0x00000000c6900000| Untracked 
|  82|0x00000000c6a00000, 0x00000000c6a00000, 0x00000000c6b00000|  0%| F|  |TAMS 0x00000000c6a00000, 0x00000000c6a00000| Untracked 
|  83|0x00000000c6b00000, 0x00000000c6b00000, 0x00000000c6c00000|  0%| F|  |TAMS 0x00000000c6b00000, 0x00000000c6b00000| Untracked 
|  84|0x00000000c6c00000, 0x00000000c6c00000, 0x00000000c6d00000|  0%| F|  |TAMS 0x00000000c6c00000, 0x00000000c6c00000| Untracked 
|  85|0x00000000c6d00000, 0x00000000c6d00000, 0x00000000c6e00000|  0%| F|  |TAMS 0x00000000c6d00000, 0x00000000c6d00000| Untracked 
|  86|0x00000000c6e00000, 0x00000000c6e00000, 0x00000000c6f00000|  0%| F|  |TAMS 0x00000000c6e00000, 0x00000000c6e00000| Untracked 
|  87|0x00000000c6f00000, 0x00000000c6f00000, 0x00000000c7000000|  0%| F|  |TAMS 0x00000000c6f00000, 0x00000000c6f00000| Untracked 
|  88|0x00000000c7000000, 0x00000000c7000000, 0x00000000c7100000|  0%| F|  |TAMS 0x00000000c7000000, 0x00000000c7000000| Untracked 
|  89|0x00000000c7100000, 0x00000000c7185ed0, 0x00000000c7200000| 52%| S|CS|TAMS 0x00000000c7100000, 0x00000000c7100000| Complete 
|  90|0x00000000c7200000, 0x00000000c7300000, 0x00000000c7300000|100%| S|CS|TAMS 0x00000000c7200000, 0x00000000c7200000| Complete 
|  91|0x00000000c7300000, 0x00000000c7300000, 0x00000000c7400000|  0%| F|  |TAMS 0x00000000c7300000, 0x00000000c7300000| Untracked 
|  92|0x00000000c7400000, 0x00000000c7400000, 0x00000000c7500000|  0%| F|  |TAMS 0x00000000c7400000, 0x00000000c7400000| Untracked 
|  93|0x00000000c7500000, 0x00000000c7500000, 0x00000000c7600000|  0%| F|  |TAMS 0x00000000c7500000, 0x00000000c7500000| Untracked 
|  94|0x00000000c7600000, 0x00000000c7600000, 0x00000000c7700000|  0%| F|  |TAMS 0x00000000c7600000, 0x00000000c7600000| Untracked 
|  95|0x00000000c7700000, 0x00000000c7700000, 0x00000000c7800000|  0%| F|  |TAMS 0x00000000c7700000, 0x00000000c7700000| Untracked 
|  96|0x00000000c7800000, 0x00000000c7800000, 0x00000000c7900000|  0%| F|  |TAMS 0x00000000c7800000, 0x00000000c7800000| Untracked 
|  97|0x00000000c7900000, 0x00000000c7900000, 0x00000000c7a00000|  0%| F|  |TAMS 0x00000000c7900000, 0x00000000c7900000| Untracked 
|  98|0x00000000c7a00000, 0x00000000c7a00000, 0x00000000c7b00000|  0%| F|  |TAMS 0x00000000c7a00000, 0x00000000c7a00000| Untracked 
|  99|0x00000000c7b00000, 0x00000000c7b00000, 0x00000000c7c00000|  0%| F|  |TAMS 0x00000000c7b00000, 0x00000000c7b00000| Untracked 
| 100|0x00000000c7c00000, 0x00000000c7c00000, 0x00000000c7d00000|  0%| F|  |TAMS 0x00000000c7c00000, 0x00000000c7c00000| Untracked 
| 101|0x00000000c7d00000, 0x00000000c7d00000, 0x00000000c7e00000|  0%| F|  |TAMS 0x00000000c7d00000, 0x00000000c7d00000| Untracked 
| 102|0x00000000c7e00000, 0x00000000c7e00000, 0x00000000c7f00000|  0%| F|  |TAMS 0x00000000c7e00000, 0x00000000c7e00000| Untracked 
| 103|0x00000000c7f00000, 0x00000000c7f00000, 0x00000000c8000000|  0%| F|  |TAMS 0x00000000c7f00000, 0x00000000c7f00000| Untracked 
| 104|0x00000000c8000000, 0x00000000c8000000, 0x00000000c8100000|  0%| F|  |TAMS 0x00000000c8000000, 0x00000000c8000000| Untracked 
| 105|0x00000000c8100000, 0x00000000c8100000, 0x00000000c8200000|  0%| F|  |TAMS 0x00000000c8100000, 0x00000000c8100000| Untracked 
| 106|0x00000000c8200000, 0x00000000c8200000, 0x00000000c8300000|  0%| F|  |TAMS 0x00000000c8200000, 0x00000000c8200000| Untracked 
| 107|0x00000000c8300000, 0x00000000c8300000, 0x00000000c8400000|  0%| F|  |TAMS 0x00000000c8300000, 0x00000000c8300000| Untracked 
| 108|0x00000000c8400000, 0x00000000c8400000, 0x00000000c8500000|  0%| F|  |TAMS 0x00000000c8400000, 0x00000000c8400000| Untracked 

Card table byte_map: [0x00000000087d0000,0x00000000089d0000] _byte_map_base: 0x00000000081c4000

Marking Bits (Prev, Next): (CMBitMap*) 0x0000000000227470, (CMBitMap*) 0x00000000002274b0
 Prev Bits: [0x0000000008bd0000, 0x0000000009b70000)
 Next Bits: [0x0000000009b70000, 0x000000000ab10000)

Polling page: 0x0000000001e90000

Metaspace:

Usage:
  Non-class:     32.89 MB used.
      Class:      4.75 MB used.
       Both:     37.64 MB used.

Virtual space:
  Non-class space:       40.00 MB reserved,      33.06 MB ( 83%) committed,  5 nodes.
      Class space:        1.00 GB reserved,       4.94 MB ( <1%) committed,  1 nodes.
             Both:        1.04 GB reserved,      38.00 MB (  4%) committed. 

Chunk freelists:
   Non-Class:  2.97 MB
       Class:  3.03 MB
        Both:  6.00 MB

MaxMetaspaceSize: unlimited
CompressedClassSpaceSize: 1.00 GB
Initial GC threshold: 21.00 MB
Current GC threshold: 59.50 MB
CDS: off
MetaspaceReclaimPolicy: balanced
 - commit_granule_bytes: 65536.
 - commit_granule_words: 8192.
 - virtual_space_node_default_size: 1048576.
 - enlarge_chunks_in_place: 1.
 - new_chunks_are_fully_committed: 0.
 - uncommit_free_chunks: 1.
 - use_allocation_guard: 0.
 - handle_deallocations: 1.


Internal statistics:

num_allocs_failed_limit: 6.
num_arena_births: 348.
num_arena_deaths: 0.
num_vsnodes_births: 6.
num_vsnodes_deaths: 0.
num_space_committed: 608.
num_space_uncommitted: 0.
num_chunks_returned_to_freelist: 6.
num_chunks_taken_from_freelist: 1478.
num_chunk_merges: 6.
num_chunk_splits: 1014.
num_chunks_enlarged: 792.
num_purges: 0.
num_inconsistent_stats: 0.

CodeCache: size=49152Kb used=7249Kb max_used=7249Kb free=41902Kb
 bounds [0x0000000005190000, 0x00000000058b0000, 0x0000000008190000]
 total_blobs=4244 nmethods=3716 adapters=454
 compilation: enabled
              stopped_count=0, restarted_count=0
 full_count=0

Compilation events (20 events):
Event: 5.121 Thread 0x000000000da090b0 nmethod 3720 0x0000000005899c90 code [0x0000000005899e20, 0x0000000005899ff8]
Event: 5.121 Thread 0x000000000da090b0 3688       1       java.util.ArrayDeque::sub (14 bytes)
Event: 5.121 Thread 0x000000000da090b0 nmethod 3688 0x000000000589a190 code [0x000000000589a320, 0x000000000589a3d8]
Event: 5.121 Thread 0x000000000da090b0 3722       1       jdk.internal.jrtfs.JrtDirectoryStream$1::next (5 bytes)
Event: 5.121 Thread 0x000000000da090b0 nmethod 3722 0x000000000589a490 code [0x000000000589a620, 0x000000000589a708]
Event: 5.121 Thread 0x000000000da090b0 3723   !   1       jdk.internal.jrtfs.JrtDirectoryStream$1::next (48 bytes)
Event: 5.121 Thread 0x000000000da090b0 nmethod 3723 0x000000000589a790 code [0x000000000589a960, 0x000000000589ac38]
Event: 5.121 Thread 0x000000000da090b0 3724   !   1       java.nio.file.FileTreeWalker::visit (204 bytes)
Event: 5.123 Thread 0x000000000da090b0 nmethod 3724 0x000000000589ae90 code [0x000000000589b180, 0x000000000589c0b8]
Event: 5.123 Thread 0x000000000da090b0 3725   !   1       java.nio.file.FileTreeWalker::getAttributes (94 bytes)
Event: 5.124 Thread 0x000000000da090b0 nmethod 3725 0x000000000589c590 code [0x000000000589c7c0, 0x000000000589cd88]
Event: 5.124 Thread 0x000000000da090b0 3726       1       jdk.internal.jrtfs.JrtFileSystemProvider::readAttributes (23 bytes)
Event: 5.124 Thread 0x000000000da090b0 nmethod 3726 0x000000000589d010 code [0x000000000589d200, 0x000000000589d598]
Event: 5.124 Thread 0x000000000da090b0 3739       1       io.github.classgraph.Classfile::readMethods (1501 bytes)
Event: 5.133 Thread 0x000000000da090b0 nmethod 3739 0x000000000589d790 code [0x000000000589dec0, 0x00000000058a1148]
Event: 5.133 Thread 0x000000000da090b0 3729       1       jdk.internal.jrtfs.JrtFileAttributes::<init> (10 bytes)
Event: 5.133 Thread 0x000000000da090b0 nmethod 3729 0x00000000058a3f10 code [0x00000000058a40a0, 0x00000000058a41b8]
Event: 5.133 Thread 0x000000000da090b0 3730       1       jdk.internal.jrtfs.JrtFileAttributes::isDirectory (8 bytes)
Event: 5.133 Thread 0x000000000da090b0 nmethod 3730 0x00000000058a4210 code [0x00000000058a43a0, 0x00000000058a4488]
Event: 5.133 Thread 0x000000000da090b0 3728       1       jdk.internal.jrtfs.JrtFileSystem::getFileAttributes (42 bytes)

GC Heap History (20 events):
Event: 2.169 GC heap after
{Heap after GC invocations=6 (full 0):
 garbage-first heap   total 58368K, used 12971K [0x00000000c1800000, 0x0000000100000000)
  region size 1024K, 3 young (3072K), 3 survivors (3072K)
 Metaspace       used 25001K, committed 25216K, reserved 1073152K
  class space    used 3065K, committed 3136K, reserved 1048576K
}
Event: 2.190 GC heap before
{Heap before GC invocations=6 (full 0):
 garbage-first heap   total 58368K, used 13995K [0x00000000c1800000, 0x0000000100000000)
  region size 1024K, 4 young (4096K), 3 survivors (3072K)
 Metaspace       used 25261K, committed 25472K, reserved 1073152K
  class space    used 3097K, committed 3200K, reserved 1048576K
}
Event: 2.196 GC heap after
{Heap after GC invocations=7 (full 0):
 garbage-first heap   total 58368K, used 13470K [0x00000000c1800000, 0x0000000100000000)
  region size 1024K, 1 young (1024K), 1 survivors (1024K)
 Metaspace       used 25261K, committed 25472K, reserved 1073152K
  class space    used 3097K, committed 3200K, reserved 1048576K
}
Event: 2.919 GC heap before
{Heap before GC invocations=7 (full 0):
 garbage-first heap   total 58368K, used 39070K [0x00000000c1800000, 0x0000000100000000)
  region size 1024K, 27 young (27648K), 1 survivors (1024K)
 Metaspace       used 29416K, committed 29696K, reserved 1081344K
  class space    used 3693K, committed 3840K, reserved 1048576K
}
Event: 2.926 GC heap after
{Heap after GC invocations=8 (full 0):
 garbage-first heap   total 58368K, used 15821K [0x00000000c1800000, 0x0000000100000000)
  region size 1024K, 3 young (3072K), 3 survivors (3072K)
 Metaspace       used 29416K, committed 29696K, reserved 1081344K
  class space    used 3693K, committed 3840K, reserved 1048576K
}
Event: 3.608 GC heap before
{Heap before GC invocations=8 (full 0):
 garbage-first heap   total 58368K, used 41421K [0x00000000c1800000, 0x0000000100000000)
  region size 1024K, 28 young (28672K), 3 survivors (3072K)
 Metaspace       used 34207K, committed 34496K, reserved 1081344K
  class space    used 4376K, committed 4480K, reserved 1048576K
}
Event: 3.618 GC heap after
{Heap after GC invocations=9 (full 0):
 garbage-first heap   total 58368K, used 18010K [0x00000000c1800000, 0x0000000100000000)
  region size 1024K, 3 young (3072K), 3 survivors (3072K)
 Metaspace       used 34207K, committed 34496K, reserved 1081344K
  class space    used 4376K, committed 4480K, reserved 1048576K
}
Event: 3.757 GC heap before
{Heap before GC invocations=9 (full 0):
 garbage-first heap   total 58368K, used 40538K [0x00000000c1800000, 0x0000000100000000)
  region size 1024K, 26 young (26624K), 3 survivors (3072K)
 Metaspace       used 35066K, committed 35392K, reserved 1081344K
  class space    used 4525K, committed 4672K, reserved 1048576K
}
Event: 3.767 GC heap after
{Heap after GC invocations=10 (full 0):
 garbage-first heap   total 58368K, used 22733K [0x00000000c1800000, 0x0000000100000000)
  region size 1024K, 4 young (4096K), 4 survivors (4096K)
 Metaspace       used 35066K, committed 35392K, reserved 1081344K
  class space    used 4525K, committed 4672K, reserved 1048576K
}
Event: 3.826 GC heap before
{Heap before GC invocations=10 (full 0):
 garbage-first heap   total 58368K, used 41165K [0x00000000c1800000, 0x0000000100000000)
  region size 1024K, 23 young (23552K), 4 survivors (4096K)
 Metaspace       used 35093K, committed 35392K, reserved 1081344K
  class space    used 4530K, committed 4672K, reserved 1048576K
}
Event: 3.835 GC heap after
{Heap after GC invocations=11 (full 0):
 garbage-first heap   total 111616K, used 26862K [0x00000000c1800000, 0x0000000100000000)
  region size 1024K, 3 young (3072K), 3 survivors (3072K)
 Metaspace       used 35093K, committed 35392K, reserved 1081344K
  class space    used 4530K, committed 4672K, reserved 1048576K
}
Event: 4.022 GC heap before
{Heap before GC invocations=11 (full 0):
 garbage-first heap   total 111616K, used 62702K [0x00000000c1800000, 0x0000000100000000)
  region size 1024K, 39 young (39936K), 3 survivors (3072K)
 Metaspace       used 35969K, committed 36288K, reserved 1081344K
  class space    used 4650K, committed 4800K, reserved 1048576K
}
Event: 4.035 GC heap after
{Heap after GC invocations=12 (full 0):
 garbage-first heap   total 111616K, used 32734K [0x00000000c1800000, 0x0000000100000000)
  region size 1024K, 7 young (7168K), 7 survivors (7168K)
 Metaspace       used 35969K, committed 36288K, reserved 1081344K
  class space    used 4650K, committed 4800K, reserved 1048576K
}
Event: 4.680 GC heap before
{Heap before GC invocations=13 (full 0):
 garbage-first heap   total 111616K, used 73694K [0x00000000c1800000, 0x0000000100000000)
  region size 1024K, 48 young (49152K), 7 survivors (7168K)
 Metaspace       used 36476K, committed 36864K, reserved 1081344K
  class space    used 4691K, committed 4864K, reserved 1048576K
}
Event: 4.700 GC heap after
{Heap after GC invocations=14 (full 0):
 garbage-first heap   total 111616K, used 39936K [0x00000000c1800000, 0x0000000100000000)
  region size 1024K, 6 young (6144K), 6 survivors (6144K)
 Metaspace       used 36476K, committed 36864K, reserved 1081344K
  class space    used 4691K, committed 4864K, reserved 1048576K
}
Event: 4.943 GC heap before
{Heap before GC invocations=14 (full 0):
 garbage-first heap   total 111616K, used 78848K [0x00000000c1800000, 0x0000000100000000)
  region size 1024K, 44 young (45056K), 6 survivors (6144K)
 Metaspace       used 37959K, committed 38272K, reserved 1089536K
  class space    used 4796K, committed 4928K, reserved 1048576K
}
Event: 4.967 GC heap after
{Heap after GC invocations=15 (full 0):
 garbage-first heap   total 111616K, used 51868K [0x00000000c1800000, 0x0000000100000000)
  region size 1024K, 6 young (6144K), 6 survivors (6144K)
 Metaspace       used 37959K, committed 38272K, reserved 1089536K
  class space    used 4796K, committed 4928K, reserved 1048576K
}
Event: 5.066 GC heap before
{Heap before GC invocations=15 (full 0):
 garbage-first heap   total 111616K, used 82588K [0x00000000c1800000, 0x0000000100000000)
  region size 1024K, 36 young (36864K), 6 survivors (6144K)
 Metaspace       used 38539K, committed 38912K, reserved 1089536K
  class space    used 4862K, committed 5056K, reserved 1048576K
}
Event: 5.100 GC heap after
{Heap after GC invocations=16 (full 0):
 garbage-first heap   total 111616K, used 65990K [0x00000000c1800000, 0x0000000100000000)
  region size 1024K, 5 young (5120K), 5 survivors (5120K)
 Metaspace       used 38539K, committed 38912K, reserved 1089536K
  class space    used 4862K, committed 5056K, reserved 1048576K
}
Event: 5.134 GC heap before
{Heap before GC invocations=16 (full 0):
 garbage-first heap   total 111616K, used 83398K [0x00000000c1800000, 0x0000000100000000)
  region size 1024K, 23 young (23552K), 5 survivors (5120K)
 Metaspace       used 38541K, committed 38912K, reserved 1089536K
  class space    used 4863K, committed 5056K, reserved 1048576K
}

Deoptimization events (10 events):
Event: 1.642 Thread 0x00000000001e4380 DEOPT PACKING pc=0x0000000005528a99 sp=0x00000000020cd480
Event: 1.642 Thread 0x00000000001e4380 DEOPT UNPACKING pc=0x00000000051e2b43 sp=0x00000000020cc960 mode 3
Event: 3.117 Thread 0x00000000001e4380 DEOPT PACKING pc=0x000000000569e819 sp=0x00000000020cc7e0
Event: 3.117 Thread 0x00000000001e4380 DEOPT UNPACKING pc=0x00000000051e2b43 sp=0x00000000020cbcc8 mode 3
Event: 3.555 Thread 0x00000000513c4030 DEOPT PACKING pc=0x00000000057490b5 sp=0x0000000053a6de40
Event: 3.555 Thread 0x00000000513c4030 DEOPT UNPACKING pc=0x00000000051e2b43 sp=0x0000000053a6d368 mode 3
Event: 3.599 Thread 0x00000000513c3b60 DEOPT PACKING pc=0x0000000005529b01 sp=0x000000005378dbd0
Event: 3.599 Thread 0x00000000513c3b60 DEOPT UNPACKING pc=0x00000000051e2b43 sp=0x000000005378d060 mode 3
Event: 3.662 Thread 0x00000000513c4500 DEOPT PACKING pc=0x0000000005768603 sp=0x0000000053c4e4e0
Event: 3.662 Thread 0x00000000513c4500 DEOPT UNPACKING pc=0x00000000051e2b43 sp=0x0000000053c4da28 mode 3

Classes unloaded (0 events):
No events

Classes redefined (0 events):
No events

Internal exceptions (20 events):
Event: 3.691 Thread 0x00000000513c5d10 Exception <a 'sun/nio/fs/WindowsException'{0x00000000c4b448e0}> (0x00000000c4b448e0) 
thrown [s\src\hotspot\share\prims\jni.cpp, line 516]
Event: 3.691 Thread 0x00000000513c5d10 Exception <a 'sun/nio/fs/WindowsException'{0x00000000c4b45320}> (0x00000000c4b45320) 
thrown [s\src\hotspot\share\prims\jni.cpp, line 516]
Event: 3.691 Thread 0x00000000513c5d10 Exception <a 'sun/nio/fs/WindowsException'{0x00000000c4b45728}> (0x00000000c4b45728) 
thrown [s\src\hotspot\share\prims\jni.cpp, line 516]
Event: 3.691 Thread 0x00000000513c5d10 Exception <a 'sun/nio/fs/WindowsException'{0x00000000c4b46140}> (0x00000000c4b46140) 
thrown [s\src\hotspot\share\prims\jni.cpp, line 516]
Event: 3.691 Thread 0x00000000513c5d10 Exception <a 'sun/nio/fs/WindowsException'{0x00000000c4b46510}> (0x00000000c4b46510) 
thrown [s\src\hotspot\share\prims\jni.cpp, line 516]
Event: 3.692 Thread 0x00000000513c5d10 Exception <a 'sun/nio/fs/WindowsException'{0x00000000c4b46f38}> (0x00000000c4b46f38) 
thrown [s\src\hotspot\share\prims\jni.cpp, line 516]
Event: 3.692 Thread 0x00000000513c5d10 Exception <a 'sun/nio/fs/WindowsException'{0x00000000c4b47320}> (0x00000000c4b47320) 
thrown [s\src\hotspot\share\prims\jni.cpp, line 516]
Event: 3.692 Thread 0x00000000513c5d10 Exception <a 'sun/nio/fs/WindowsException'{0x00000000c4b47d38}> (0x00000000c4b47d38) 
thrown [s\src\hotspot\share\prims\jni.cpp, line 516]
Event: 3.692 Thread 0x00000000513c5d10 Exception <a 'sun/nio/fs/WindowsException'{0x00000000c4b48110}> (0x00000000c4b48110) 
thrown [s\src\hotspot\share\prims\jni.cpp, line 516]
Event: 3.692 Thread 0x00000000513c5d10 Exception <a 'sun/nio/fs/WindowsException'{0x00000000c4b48b38}> (0x00000000c4b48b38) 
thrown [s\src\hotspot\share\prims\jni.cpp, line 516]
Event: 3.692 Thread 0x00000000513c5d10 Exception <a 'sun/nio/fs/WindowsException'{0x00000000c4b48f20}> (0x00000000c4b48f20) 
thrown [s\src\hotspot\share\prims\jni.cpp, line 516]
Event: 3.692 Thread 0x00000000513c5d10 Exception <a 'sun/nio/fs/WindowsException'{0x00000000c4b49960}> (0x00000000c4b49960) 
thrown [s\src\hotspot\share\prims\jni.cpp, line 516]
Event: 3.692 Thread 0x00000000513c5d10 Exception <a 'sun/nio/fs/WindowsException'{0x00000000c4b49d68}> (0x00000000c4b49d68) 
thrown [s\src\hotspot\share\prims\jni.cpp, line 516]
Event: 3.692 Thread 0x00000000513c5d10 Exception <a 'sun/nio/fs/WindowsException'{0x00000000c4b4a7c0}> (0x00000000c4b4a7c0) 
thrown [s\src\hotspot\share\prims\jni.cpp, line 516]
Event: 3.692 Thread 0x00000000513c5d10 Exception <a 'sun/nio/fs/WindowsException'{0x00000000c4b4abe0}> (0x00000000c4b4abe0) 
thrown [s\src\hotspot\share\prims\jni.cpp, line 516]
Event: 3.692 Thread 0x00000000513c5d10 Exception <a 'sun/nio/fs/WindowsException'{0x00000000c4b4b630}> (0x00000000c4b4b630) 
thrown [s\src\hotspot\share\prims\jni.cpp, line 516]
Event: 3.692 Thread 0x00000000513c5d10 Exception <a 'sun/nio/fs/WindowsException'{0x00000000c4b4ba48}> (0x00000000c4b4ba48) 
thrown [s\src\hotspot\share\prims\jni.cpp, line 516]
Event: 3.861 Thread 0x00000000513c4030 Exception <a 'java/lang/NoSuchMethodError'{0x00000000c816fe48}: 'int java.lang.invoke.DirectMethodHandle$Holder.invokeStatic(java.lang.Object)'> (0x00000000c816fe48) 
thrown [s\src\hotspot\share\interpreter\linkResolver.cpp, line 759]
Event: 3.861 Thread 0x00000000513c4030 Exception <a 'java/lang/NoSuchMethodError'{0x00000000c81b67d8}: 'int java.lang.invoke.DirectMethodHandle$Holder.invokeStaticInit(java.lang.Object)'> (0x00000000c81b67d8) 
thrown [s\src\hotspot\share\interpreter\linkResolver.cpp, line 759]
Event: 5.006 Thread 0x00000000513c4030 Exception <a 'java/lang/NoSuchMethodError'{0x00000000c7ab5c10}: 'java.lang.Object java.lang.invoke.Invokers$Holder.invoke_MT(java.lang.Object, java.lang.Object, java.lang.Object)'> (0x00000000c7ab5c10) 
thrown [s\src\hotspot\share\interpreter\linkResolver.cpp, line 759]

VM Operations (20 events):
Event: 4.575 Executing VM operation: G1Concurrent done
Event: 4.597 Executing VM operation: G1Concurrent
Event: 4.600 Executing VM operation: G1Concurrent done
Event: 4.662 Executing VM operation: HandshakeAllThreads
Event: 4.662 Executing VM operation: HandshakeAllThreads done
Event: 4.679 Executing VM operation: G1CollectForAllocation
Event: 4.704 Executing VM operation: G1CollectForAllocation done
Event: 4.943 Executing VM operation: G1CollectForAllocation
Event: 4.967 Executing VM operation: G1CollectForAllocation done
Event: 4.993 Executing VM operation: HandshakeAllThreads
Event: 4.993 Executing VM operation: HandshakeAllThreads done
Event: 4.995 Executing VM operation: HandshakeAllThreads
Event: 4.995 Executing VM operation: HandshakeAllThreads done
Event: 5.051 Executing VM operation: HandshakeAllThreads
Event: 5.051 Executing VM operation: HandshakeAllThreads done
Event: 5.066 Executing VM operation: G1CollectForAllocation
Event: 5.066 Executing VM operation: G1CollectForAllocation done
Event: 5.066 Executing VM operation: G1CollectForAllocation
Event: 5.100 Executing VM operation: G1CollectForAllocation done
Event: 5.134 Executing VM operation: G1CollectForAllocation

Events (20 events):
Event: 5.009 loading class java/nio/file/ClosedDirectoryStreamException
Event: 5.009 loading class java/nio/file/ClosedDirectoryStreamException done
Event: 5.009 loading class jdk/internal/jrtfs/JrtFileSystem
Event: 5.010 loading class jdk/internal/jrtfs/JrtFileSystem done
Event: 5.010 loading class jdk/internal/jrtfs/JrtPath
Event: 5.010 loading class jdk/internal/jrtfs/JrtPath done
Event: 5.012 loading class java/nio/file/FileVisitOption
Event: 5.013 loading class java/nio/file/FileVisitOption done
Event: 5.013 loading class java/nio/file/FileTreeWalker
Event: 5.013 loading class java/nio/file/FileTreeWalker done
Event: 5.051 loading class java/nio/file/FileTreeWalker$DirectoryNode
Event: 5.051 loading class java/nio/file/FileTreeWalker$DirectoryNode done
Event: 5.051 loading class java/nio/file/FileTreeWalker$Event
Event: 5.051 loading class java/nio/file/FileTreeWalker$Event done
Event: 5.051 loading class java/nio/file/FileTreeWalker$EventType
Event: 5.051 loading class java/nio/file/FileTreeWalker$EventType done
Event: 5.052 loading class java/nio/file/Files$3
Event: 5.052 loading class java/nio/file/Files$3 done
Event: 5.052 loading class java/nio/file/FileVisitResult
Event: 5.052 loading class java/nio/file/FileVisitResult done


Dynamic libraries:
0x000000013f6b0000 - 0x000000013f6be000 	c:\Users\KL_Schweizer\.vscode\extensions\redhat.java-1.11.0-win32-x64\jre\17.0.4.1-win32-x86_64\bin\java.exe
0x0000000077670000 - 0x000000007780f000 	C:\Windows\SYSTEM32\ntdll.dll
0x0000000077450000 - 0x000000007756f000 	C:\Windows\system32\kernel32.dll
0x000007fefd8a0000 - 0x000007fefd90a000 	C:\Windows\system32\KERNELBASE.dll
0x000007fee3ad0000 - 0x000007fee3ae8000 	c:\Users\KL_Schweizer\.vscode\extensions\redhat.java-1.11.0-win32-x64\jre\17.0.4.1-win32-x86_64\bin\jli.dll
0x000007fefb760000 - 0x000007fefb954000 	C:\Windows\WinSxS\amd64_microsoft.windows.common-controls_6595b64144ccf1df_6.0.7601.17514_none_fa396087175ac9ac\COMCTL32.dll
0x000007feff7c0000 - 0x000007feff85f000 	C:\Windows\system32\msvcrt.dll
0x000007fefef20000 - 0x000007fefef87000 	C:\Windows\system32\GDI32.dll
0x0000000077570000 - 0x000000007766a000 	C:\Windows\system32\USER32.dll
0x000007feff2d0000 - 0x000007feff2de000 	C:\Windows\system32\LPK.dll
0x000007feff890000 - 0x000007feff959000 	C:\Windows\system32\USP10.dll
0x000007fefeff0000 - 0x000007feff061000 	C:\Windows\system32\SHLWAPI.dll
0x000007fef55c0000 - 0x000007fef55d9000 	c:\Users\KL_Schweizer\.vscode\extensions\redhat.java-1.11.0-win32-x64\jre\17.0.4.1-win32-x86_64\bin\VCRUNTIME140.dll
0x000007fef55b0000 - 0x000007fef55b4000 	c:\Users\KL_Schweizer\.vscode\extensions\redhat.java-1.11.0-win32-x64\jre\17.0.4.1-win32-x86_64\bin\api-ms-win-crt-runtime-l1-1-0.dll
0x000007fec7650000 - 0x000007fec774a000 	c:\Users\KL_Schweizer\.vscode\extensions\redhat.java-1.11.0-win32-x64\jre\17.0.4.1-win32-x86_64\bin\ucrtbase.DLL
0x000007fef5690000 - 0x000007fef5693000 	c:\Users\KL_Schweizer\.vscode\extensions\redhat.java-1.11.0-win32-x64\jre\17.0.4.1-win32-x86_64\bin\api-ms-win-core-localization-l1-2-0.dll
0x000007fee3ab0000 - 0x000007fee3ab3000 	c:\Users\KL_Schweizer\.vscode\extensions\redhat.java-1.11.0-win32-x64\jre\17.0.4.1-win32-x86_64\bin\api-ms-win-core-processthreads-l1-1-1.dll
0x000007fee3ac0000 - 0x000007fee3ac3000 	c:\Users\KL_Schweizer\.vscode\extensions\redhat.java-1.11.0-win32-x64\jre\17.0.4.1-win32-x86_64\bin\api-ms-win-core-file-l1-2-0.dll
0x000007fee38e0000 - 0x000007fee38e3000 	c:\Users\KL_Schweizer\.vscode\extensions\redhat.java-1.11.0-win32-x64\jre\17.0.4.1-win32-x86_64\bin\api-ms-win-core-timezone-l1-1-0.dll
0x000007fee3a50000 - 0x000007fee3a53000 	c:\Users\KL_Schweizer\.vscode\extensions\redhat.java-1.11.0-win32-x64\jre\17.0.4.1-win32-x86_64\bin\api-ms-win-core-file-l2-1-0.dll
0x000007fee3700000 - 0x000007fee3703000 	c:\Users\KL_Schweizer\.vscode\extensions\redhat.java-1.11.0-win32-x64\jre\17.0.4.1-win32-x86_64\bin\api-ms-win-core-synch-l1-2-0.dll
0x000007fee3710000 - 0x000007fee3713000 	c:\Users\KL_Schweizer\.vscode\extensions\redhat.java-1.11.0-win32-x64\jre\17.0.4.1-win32-x86_64\bin\api-ms-win-crt-heap-l1-1-0.dll
0x000007fee30b0000 - 0x000007fee30b4000 	c:\Users\KL_Schweizer\.vscode\extensions\redhat.java-1.11.0-win32-x64\jre\17.0.4.1-win32-x86_64\bin\api-ms-win-crt-string-l1-1-0.dll
0x000007fee30c0000 - 0x000007fee30c4000 	c:\Users\KL_Schweizer\.vscode\extensions\redhat.java-1.11.0-win32-x64\jre\17.0.4.1-win32-x86_64\bin\api-ms-win-crt-stdio-l1-1-0.dll
0x000007fee2840000 - 0x000007fee2844000 	c:\Users\KL_Schweizer\.vscode\extensions\redhat.java-1.11.0-win32-x64\jre\17.0.4.1-win32-x86_64\bin\api-ms-win-crt-convert-l1-1-0.dll
0x000007fee2850000 - 0x000007fee2853000 	c:\Users\KL_Schweizer\.vscode\extensions\redhat.java-1.11.0-win32-x64\jre\17.0.4.1-win32-x86_64\bin\api-ms-win-crt-environment-l1-1-0.dll
0x000007fedd380000 - 0x000007fedd383000 	c:\Users\KL_Schweizer\.vscode\extensions\redhat.java-1.11.0-win32-x64\jre\17.0.4.1-win32-x86_64\bin\api-ms-win-crt-filesystem-l1-1-0.dll
0x000007fee2830000 - 0x000007fee2835000 	c:\Users\KL_Schweizer\.vscode\extensions\redhat.java-1.11.0-win32-x64\jre\17.0.4.1-win32-x86_64\bin\api-ms-win-crt-math-l1-1-0.dll
0x000007fedcad0000 - 0x000007fedcad3000 	c:\Users\KL_Schweizer\.vscode\extensions\redhat.java-1.11.0-win32-x64\jre\17.0.4.1-win32-x86_64\bin\api-ms-win-crt-locale-l1-1-0.dll
0x000007feff860000 - 0x000007feff88e000 	C:\Windows\system32\IMM32.DLL
0x000007fefde70000 - 0x000007fefdf79000 	C:\Windows\system32\MSCTF.dll
0x000007fedd270000 - 0x000007fedd27c000 	c:\Users\KL_Schweizer\.vscode\extensions\redhat.java-1.11.0-win32-x64\jre\17.0.4.1-win32-x86_64\bin\vcruntime140_1.dll
0x000007fec8910000 - 0x000007fec89a1000 	c:\Users\KL_Schweizer\.vscode\extensions\redhat.java-1.11.0-win32-x64\jre\17.0.4.1-win32-x86_64\bin\msvcp140.dll
0x000007fedcab0000 - 0x000007fedcab3000 	c:\Users\KL_Schweizer\.vscode\extensions\redhat.java-1.11.0-win32-x64\jre\17.0.4.1-win32-x86_64\bin\api-ms-win-crt-time-l1-1-0.dll
0x000007fedcac0000 - 0x000007fedcac3000 	c:\Users\KL_Schweizer\.vscode\extensions\redhat.java-1.11.0-win32-x64\jre\17.0.4.1-win32-x86_64\bin\api-ms-win-crt-utility-l1-1-0.dll
0x000007fec4960000 - 0x000007fec55a6000 	c:\Users\KL_Schweizer\.vscode\extensions\redhat.java-1.11.0-win32-x64\jre\17.0.4.1-win32-x86_64\bin\server\jvm.dll
0x000007feff2e0000 - 0x000007feff3bb000 	C:\Windows\system32\ADVAPI32.dll
0x000007fefd970000 - 0x000007fefd98f000 	C:\Windows\SYSTEM32\sechost.dll
0x000007feff690000 - 0x000007feff7bc000 	C:\Windows\system32\RPCRT4.dll
0x000007fef5920000 - 0x000007fef5929000 	C:\Windows\system32\WSOCK32.dll
0x000007feff540000 - 0x000007feff58d000 	C:\Windows\system32\WS2_32.dll
0x000007fefdb60000 - 0x000007fefdb68000 	C:\Windows\system32\NSI.dll
0x000007fef90e0000 - 0x000007fef911b000 	C:\Windows\system32\WINMM.dll
0x000007fefc840000 - 0x000007fefc84c000 	C:\Windows\system32\VERSION.dll
0x0000000077820000 - 0x0000000077827000 	C:\Windows\system32\PSAPI.DLL
0x000007feda0c0000 - 0x000007feda0ca000 	c:\Users\KL_Schweizer\.vscode\extensions\redhat.java-1.11.0-win32-x64\jre\17.0.4.1-win32-x86_64\bin\jimage.dll
0x000007fef5f10000 - 0x000007fef6035000 	C:\Windows\system32\DBGHELP.DLL
0x000007feda090000 - 0x000007feda0b5000 	c:\Users\KL_Schweizer\.vscode\extensions\redhat.java-1.11.0-win32-x64\jre\17.0.4.1-win32-x86_64\bin\java.dll
0x000007fed9b70000 - 0x000007fed9b88000 	c:\Users\KL_Schweizer\.vscode\extensions\redhat.java-1.11.0-win32-x64\jre\17.0.4.1-win32-x86_64\bin\zip.dll
0x000007fefe190000 - 0x000007fefef18000 	C:\Windows\system32\SHELL32.dll
0x000007fefdf80000 - 0x000007fefe183000 	C:\Windows\system32\ole32.dll
0x000007fefd5a0000 - 0x000007fefd5af000 	C:\Windows\system32\profapi.dll
0x000007feda060000 - 0x000007feda079000 	C:\Users\KL_Schweizer\.vscode\extensions\redhat.java-1.11.0-win32-x64\jre\17.0.4.1-win32-x86_64\bin\net.dll
0x000007fef23e0000 - 0x000007fef2451000 	C:\Windows\system32\WINHTTP.dll
0x000007fef2370000 - 0x000007fef23d4000 	C:\Windows\system32\webio.dll
0x000007fefcdc0000 - 0x000007fefce15000 	C:\Windows\system32\mswsock.dll
0x000007fefcdb0000 - 0x000007fefcdb7000 	C:\Windows\System32\wship6.dll
0x000007fed9710000 - 0x000007fed9725000 	C:\Users\KL_Schweizer\.vscode\extensions\redhat.java-1.11.0-win32-x64\jre\17.0.4.1-win32-x86_64\bin\nio.dll
0x000007fed9ae0000 - 0x000007fed9af0000 	c:\Users\KL_Schweizer\.vscode\extensions\redhat.java-1.11.0-win32-x64\jre\17.0.4.1-win32-x86_64\bin\verify.dll
0x000007fee28f0000 - 0x000007fee28f9000 	C:\Users\KL_Schweizer\.vscode\extensions\redhat.java-1.11.0-win32-x64\jre\17.0.4.1-win32-x86_64\bin\management.dll
0x000007fee28e0000 - 0x000007fee28eb000 	C:\Users\KL_Schweizer\.vscode\extensions\redhat.java-1.11.0-win32-x64\jre\17.0.4.1-win32-x86_64\bin\management_ext.dll
0x000007fefa3e0000 - 0x000007fefa3f5000 	C:\Windows\system32\NLAapi.dll
0x000007fef5a00000 - 0x000007fef5a15000 	C:\Windows\system32\napinsp.dll
0x000007fef59e0000 - 0x000007fef59f9000 	C:\Windows\system32\pnrpnsp.dll
0x000007fefcc40000 - 0x000007fefcc9b000 	C:\Windows\system32\DNSAPI.dll
0x000007fef5950000 - 0x000007fef595b000 	C:\Windows\System32\winrnr.dll
0x0000000073d70000 - 0x0000000073d9e000 	c:\Program Files\Common Files\Microsoft Shared\Windows Live\WLIDNSP.DLL
0x000007fefbeb0000 - 0x000007fefbeb7000 	C:\Windows\System32\wshtcpip.dll
0x000007fefc5c0000 - 0x000007fefc5e7000 	C:\Windows\system32\IPHLPAPI.DLL
0x000007fefc5b0000 - 0x000007fefc5bb000 	C:\Windows\system32\WINNSI.DLL
0x000007fef4280000 - 0x000007fef4288000 	C:\Windows\system32\rasadhlp.dll
0x000007fef9b30000 - 0x000007fef9b83000 	C:\Windows\System32\fwpuclnt.dll
0x000007fefce20000 - 0x000007fefce38000 	C:\Windows\system32\CRYPTSP.dll
0x000007fefcb20000 - 0x000007fefcb67000 	C:\Windows\system32\rsaenh.dll
0x000007fefc8e0000 - 0x000007fefc8fe000 	C:\Windows\system32\USERENV.dll
0x000007fefd4d0000 - 0x000007fefd4df000 	C:\Windows\system32\CRYPTBASE.dll
0x000007fef9ab0000 - 0x000007fef9ac1000 	C:\Windows\system32\dhcpcsvc6.DLL
0x000007fef9a90000 - 0x000007fef9aa8000 	C:\Windows\system32\dhcpcsvc.DLL

dbghelp: loaded successfully - version: 4.0.5 - missing functions: none
symbol engine: initialized successfully - sym options: 0x614 - pdb path: .;c:\Users\KL_Schweizer\.vscode\extensions\redhat.java-1.11.0-win32-x64\jre\17.0.4.1-win32-x86_64\bin;C:\Windows\SYSTEM32;C:\Windows\WinSxS\amd64_microsoft.windows.common-controls_6595b64144ccf1df_6.0.7601.17514_none_fa396087175ac9ac;c:\Users\KL_Schweizer\.vscode\extensions\redhat.java-1.11.0-win32-x64\jre\17.0.4.1-win32-x86_64\bin\server;c:\Program Files\Common Files\Microsoft Shared\Windows Live

VM Arguments:
jvm_args: -Dsts.lsp.client=vscode -Dsts.log.file=/dev/null -XX:TieredStopAtLevel=1 -Xlog:jni+resolve=off -Dspring.config.location=file:c:\Users\KL_Schweizer\.vscode\extensions\pivotal.vscode-spring-boot-1.40.0\language-server\BOOT-INF\classes\application.properties 
java_command: org.springframework.ide.vscode.boot.app.BootLanguageServerBootApp
java_class_path (initial): c:\Users\KL_Schweizer\.vscode\extensions\pivotal.vscode-spring-boot-1.40.0\language-server\BOOT-INF\classes;c:\Users\KL_Schweizer\.vscode\extensions\pivotal.vscode-spring-boot-1.40.0\language-server\BOOT-INF\lib\annotations-23.0.0.jar;c:\Users\KL_Schweizer\.vscode\extensions\pivotal.vscode-spring-boot-1.40.0\language-server\BOOT-INF\lib\ant-1.10.12.jar;c:\Users\KL_Schweizer\.vscode\extensions\pivotal.vscode-spring-boot-1.40.0\language-server\BOOT-INF\lib\ant-launcher-1.10.12.jar;c:\Users\KL_Schweizer\.vscode\extensions\pivotal.vscode-spring-boot-1.40.0\language-server\BOOT-INF\lib\antlr-runtime-3.5.2.jar;c:\Users\KL_Schweizer\.vscode\extensions\pivotal.vscode-spring-boot-1.40.0\language-server\BOOT-INF\lib\antlr4-4.9.3.jar;c:\Users\KL_Schweizer\.vscode\extensions\pivotal.vscode-spring-boot-1.40.0\language-server\BOOT-INF\lib\antlr4-runtime-4.9.3.jar;c:\Users\KL_Schweizer\.vscode\extensions\pivotal.vscode-spring-boot-1.40.0\language-server\BOOT-INF\lib\asm-9.3.jar;c:\Users\KL_Schweizer\.vscode\extensions\pivotal.vscode-spring-boot-1.40.0\language-server\BOOT-INF\lib\asm-analysis-9.3.jar;c:\Users\KL_Schweizer\.vscode\extensions\pivotal.vscode-spring-boot-1.40.0\language-server\BOOT-INF\lib\asm-tree-9.3.jar;c:\Users\KL_Schweizer\.vscode\extensions\pivotal.vscode-spring-boot-1.40.0\language-server\BOOT-INF\lib\asm-util-9.3.jar;c:\Users\KL_Schweizer\.vscode\extensions\pivotal.vscode-spring-boot-1.40.0\language-server\BOOT-INF\lib\byte-buddy-1.12.13.jar;c:\Users\KL_Schweizer\.vscode\extensions\pivotal.vscode-spring-boot-1.40.0\language-server\BOOT-INF\lib\caffeine-2.9.3.jar;c:\Users\KL_Schweizer\.vscode\extensions\pivotal.vscode-spring-boot-1.40.0\language-server\BOOT-INF\lib\checker-qual-3.12.0.jar;c:\Users\KL_Schweizer\.vscode\extensions\pivotal.vscode-spring-boot-1.40.0\language-server\BOOT-INF\lib\classgraph-4.8.149.jar;c:\Users\KL_Schweizer\.vscode\extensions\pivotal.vscode-spring-boot-1.40.0\language-server\BOOT-INF\lib\commons-codec-1.1
Launcher Type: SUN_STANDARD

[Global flags]
     intx CICompilerCount                          = 3                                         {product} {ergonomic}
     uint ConcGCThreads                            = 1                                         {product} {ergonomic}
     uint G1ConcRefinementThreads                  = 4                                         {product} {ergonomic}
   size_t G1HeapRegionSize                         = 1048576                                   {product} {ergonomic}
    uintx GCDrainStackTargetSize                   = 64                                        {product} {ergonomic}
   size_t InitialHeapSize                          = 67108864                                  {product} {ergonomic}
   size_t MarkStackSize                            = 4194304                                   {product} {ergonomic}
   size_t MaxHeapSize                              = 1048576000                                {product} {ergonomic}
   size_t MaxNewSize                               = 629145600                                 {product} {ergonomic}
   size_t MinHeapDeltaBytes                        = 1048576                                   {product} {ergonomic}
   size_t MinHeapSize                              = 8388608                                   {product} {ergonomic}
    uintx NonProfiledCodeHeapSize                  = 0                                      {pd product} {ergonomic}
     bool ProfileInterpreter                       = false                                  {pd product} {command line}
    uintx ProfiledCodeHeapSize                     = 0                                      {pd product} {ergonomic}
   size_t SoftMaxHeapSize                          = 1048576000                             {manageable} {ergonomic}
     intx TieredStopAtLevel                        = 1                                         {product} {command line}
     bool UseCompressedClassPointers               = true                           {product lp64_product} {ergonomic}
     bool UseCompressedOops                        = true                           {product lp64_product} {ergonomic}
     bool UseG1GC                                  = true                                      {product} {ergonomic}
     bool UseLargePagesIndividualAllocation        = false                                  {pd product} {ergonomic}

Logging:
Log output configuration:
 #0: stdout all=warning,jni+resolve=off uptime,level,tags
 #1: stderr all=off uptime,level,tags

Environment Variables:
PATH=C:\Program Files\Common Files\Oracle\Java\javapath;C:\Program Files (x86)\Common Files\Oracle\Java\javapath;C:\Program Files (x86)\Common Files\Microsoft Shared\Windows Live;C:\Windows\system32;C:\Windows;C:\Windows\System32\Wbem;C:\Windows\System32\WindowsPowerShell\v1.0\;C:\Program Files\nodejs\;C:\xampp\php;C:\composer;C:\Program Files\dotnet\;C:\Program Files\Git\cmd;C:\Program Files\NVIDIA Corporation\NVIDIA NvDLISR;C:\Program Files (x86)\GtkSharp\2.12\bin;C:\Users\KL_Schweizer\.dnx\bin;C:\Program Files\Microsoft DNX\Dnvm\;C:\Program Files (x86)\NVIDIA Corporation\PhysX\Common;C:\Program Files\Microsoft SQL Server\130\Tools\Binn\;C:\Windows\System32\WindowsPowerShell\v1.0\;C:\apache-maven-3.8.6-bin\apache-maven-3.8.6\bin;C:\Program Files (x86)\MySQL\MySQL Server 5.0\bin;C:\laragon\bin;C:\laragon\bin\apache\httpd-2.4.54-win64-VS16\bin;C:\laragon\bin\composer;C:\laragon\bin\git\bin;C:\laragon\bin\git\cmd;C:\laragon\bin\git\mingw64\bin;C:\laragon\bin\git\usr\bin;C:\laragon\bin\laragon\utils;C:\laragon\bin\mysql\mysql-8.0.30-winx64\bin;C:\laragon\bin\nginx\nginx-1.22.0;C:\laragon\bin\ngrok;C:\laragon\bin\nodejs\node-v18;C:\laragon\bin\notepad++;C:\laragon\bin\php\php-8.1.10-Win32-vs16-x64;C:\laragon\bin\python\python-3.10;C:\laragon\bin\python\python-3.10\Scripts;C:\laragon\bin\redis\redis-x64-5.0.14.1;C:\laragon\bin\telnet;C:\laragon\usr\bin;C:\Users\KL_Schweizer\AppData\Local\Yarn\config\global\node_modules\.bin;C:\Users\KL_Schweizer\AppData\Roaming\Composer\vendor\bin;C:\Users\KL_Schweizer\AppData\Roaming\npm;C:\Users\KL_Schweizer\AppData\Local\Programs\Python\Python38-32\Scripts\;C:\Users\KL_Schweizer\AppData\Local\Programs\Python\Python38-32\;D:\pktriot-0.14.1.win64\pktriot-0.14.1;C:\Users\KL_Schweizer\AppData\Local\Programs\Microsoft VS Code\bin;D:\Program Files\Docker Toolbox;D:\Program Files\flutter\bin;C:\Users\KL_Schweizer\AppData\Local\Pub\Cache\bin;
USERNAME=KL_Schweizer
OS=Windows_NT
PROCESSOR_IDENTIFIER=Intel64 Family 6 Model 58 Stepping 9, GenuineIntel
TMP=C:\Users\KL_SCH~1\AppData\Local\Temp
TEMP=C:\Users\KL_SCH~1\AppData\Local\Temp



---------------  S Y S T E M  ---------------

OS:
 Windows 7 , 64 bit Build 7601 (6.1.7601.24384)
OS uptime: 0 days 5:18 hours

CPU: total 4 (initial active 4) (2 cores per cpu, 2 threads per core) family 6 model 58 stepping 9 microcode 0x0, cx8, cmov, fxsr, ht, mmx, sse, sse2, sse3, ssse3, sse4.1, sse4.2, popcnt, tsc, tscinvbit, avx, erms, clmul, vzeroupper, clflush

Memory: 4k page, system-wide physical 3993M (13M free)
TotalPageFile size 9275M (AvailPageFile size 35M)
current process WorkingSet (physical memory assigned to process): 203M, peak: 205M
current process commit charge ("private bytes"): 244M, peak: 376M

vm_info: OpenJDK 64-Bit Server VM (17.0.4.1+1) for windows-amd64 JRE (17.0.4.1+1), built on Aug 17 2022 07:42:43 by "temurin" with MS VC++ 16.7 (VS2019)

END.
