#
# There is insufficient memory for the Java Runtime Environment to continue.
# Native memory allocation (malloc) failed to allocate 1048576 bytes for AllocateHeap
# Possible reasons:
#   The system is out of physical RAM or swap space
#   The process is running with CompressedOops enabled, and the Java Heap may be blocking the growth of the native heap
# Possible solutions:
#   Reduce memory load on the system
#   Increase physical memory or swap space
#   Check if swap backing store is full
#   Decrease Java heap size (-Xmx/-Xms)
#   Decrease number of Java threads
#   Decrease Java thread stack sizes (-Xss)
#   Set larger code cache with -XX:ReservedCodeCacheSize=
# This output file may be truncated or incomplete.
#
#  Out of Memory Error (./open/src/hotspot/share/memory/allocation.cpp:46), pid=8344, tid=5316
#
# JRE version:  (11.0.9+7) (build )
# Java VM: Java HotSpot(TM) 64-Bit Server VM (11.0.9+7-LTS, mixed mode, sharing, tiered, compressed oops, g1 gc, windows-amd64)
# No core dump will be written. Minidumps are not enabled by default on client versions of Windows
#

---------------  S U M M A R Y ------------

Command Line: com.medicinedeliveryapp.medicinedeliveryapp.MedicineDeliveryAppApplication

Host: Intel(R) Core(TM) i3-3240 CPU @ 3.40GHz, 4 cores, 3G,  Windows 7 , 64 bit Build 7601 (6.1.7601.24384)
Time: Tue Oct  4 17:19:55 2022 Taipei Standard Time elapsed time: 0.074885 seconds (0d 0h 0m 0s)

---------------  T H R E A D  ---------------

Current thread (0x00000000003dd800):  JavaThread "Unknown thread" [_thread_in_vm, id=5316, stack(0x0000000002010000,0x0000000002110000)]

Stack: [0x0000000002010000,0x0000000002110000]
Native frames: (J=compiled Java code, j=interpreted, Vv=VM code, C=native code)
V  [jvm.dll+0x611a3a]
V  [jvm.dll+0x748aaf]
V  [jvm.dll+0x74a135]
V  [jvm.dll+0x74a7b3]
V  [jvm.dll+0x2439f8]
V  [jvm.dll+0xb0f14]
V  [jvm.dll+0x2dc93d]
V  [jvm.dll+0x2d6bc9]
V  [jvm.dll+0x724927]
V  [jvm.dll+0x7261cf]
V  [jvm.dll+0x34af59]
V  [jvm.dll+0x70a4a0]
V  [jvm.dll+0x3b415f]
V  [jvm.dll+0x3b6201]
C  [jli.dll+0x520b]
C  [ucrtbase.DLL+0x1d912]
C  [kernel32.dll+0x1570d]
C  [ntdll.dll+0x5385d]


---------------  P R O C E S S  ---------------

Threads class SMR info:
_java_thread_list=0x00000000003bf9d0, length=0, elements={
}

Java Threads: ( => current thread )

Other Threads:
  0x00000000003f5000 GCTaskThread "GC Thread#0" [stack: 0x0000000019dc0000,0x0000000019ec0000] [id=6152]

[error occurred during error reporting (printing all threads), id 0xc0000005, EXCEPTION_ACCESS_VIOLATION (0xc0000005) at pc=0x000007febb4a14c0]

VM state:not at safepoint (not fully initialized)

VM Mutex/Monitor currently owned by a thread:  ([mutex/lock_event])
[0x00000000003da4a0] Heap_lock - owner thread: 0x00000000003dd800

Heap address: 0x00000000c1800000, size: 1000 MB, Compressed Oops mode: Non-zero based: 0x00000000c1800000
Narrow klass base: 0x0000000000000000, Narrow klass shift: 0

GC Heap History (0 events):
No events

Deoptimization events (0 events):
No events

Classes redefined (0 events):
No events

Internal exceptions (0 events):
No events

Events (0 events):
No events


Dynamic libraries:
0x000000013fe30000 - 0x000000013fe3f000 	C:\Program Files\Java\jdk-11.0.9\bin\java.exe
0x0000000077b20000 - 0x0000000077cbf000 	C:\Windows\SYSTEM32\ntdll.dll
0x0000000077900000 - 0x0000000077a1f000 	C:\Windows\system32\kernel32.dll
0x000007fefdd70000 - 0x000007fefddda000 	C:\Windows\system32\KERNELBASE.dll
0x000007fef6760000 - 0x000007fef6778000 	C:\Program Files\Java\jdk-11.0.9\bin\jli.dll
0x000007feff630000 - 0x000007feff70b000 	C:\Windows\system32\ADVAPI32.dll
0x000007fefe0b0000 - 0x000007fefe14f000 	C:\Windows\system32\msvcrt.dll
0x000007feff390000 - 0x000007feff3af000 	C:\Windows\SYSTEM32\sechost.dll
0x000007fefe450000 - 0x000007fefe57c000 	C:\Windows\system32\RPCRT4.dll
0x000007fefbc10000 - 0x000007fefbe04000 	C:\Windows\WinSxS\amd64_microsoft.windows.common-controls_6595b64144ccf1df_6.0.7601.17514_none_fa396087175ac9ac\COMCTL32.dll
0x000007feff310000 - 0x000007feff377000 	C:\Windows\system32\GDI32.dll
0x0000000077a20000 - 0x0000000077b1a000 	C:\Windows\system32\USER32.dll
0x000007feff890000 - 0x000007feff89e000 	C:\Windows\system32\LPK.dll
0x000007feffb60000 - 0x000007feffc29000 	C:\Windows\system32\USP10.dll
0x000007fefe030000 - 0x000007fefe0a1000 	C:\Windows\system32\SHLWAPI.dll
0x000007fefccf0000 - 0x000007fefccfc000 	C:\Windows\system32\VERSION.dll
0x000007fef65e0000 - 0x000007fef65f5000 	C:\Program Files\Java\jdk-11.0.9\bin\VCRUNTIME140.dll
0x000007fef6750000 - 0x000007fef6754000 	C:\Program Files\Java\jdk-11.0.9\bin\api-ms-win-crt-runtime-l1-1-0.dll
0x000007fed7a60000 - 0x000007fed7b5a000 	C:\Program Files\Java\jdk-11.0.9\bin\ucrtbase.DLL
0x000007fef6610000 - 0x000007fef6613000 	C:\Program Files\Java\jdk-11.0.9\bin\api-ms-win-core-localization-l1-2-0.dll
0x000007fef65d0000 - 0x000007fef65d3000 	C:\Program Files\Java\jdk-11.0.9\bin\api-ms-win-core-processthreads-l1-1-1.dll
0x000007fef65c0000 - 0x000007fef65c3000 	C:\Program Files\Java\jdk-11.0.9\bin\api-ms-win-core-file-l1-2-0.dll
0x000007fef65b0000 - 0x000007fef65b3000 	C:\Program Files\Java\jdk-11.0.9\bin\api-ms-win-core-timezone-l1-1-0.dll
0x000007fef65a0000 - 0x000007fef65a3000 	C:\Program Files\Java\jdk-11.0.9\bin\api-ms-win-core-file-l2-1-0.dll
0x000007fee41a0000 - 0x000007fee41a3000 	C:\Program Files\Java\jdk-11.0.9\bin\api-ms-win-core-synch-l1-2-0.dll
0x000007fedb0e0000 - 0x000007fedb0e3000 	C:\Program Files\Java\jdk-11.0.9\bin\api-ms-win-crt-heap-l1-1-0.dll
0x000007fed96a0000 - 0x000007fed96a4000 	C:\Program Files\Java\jdk-11.0.9\bin\api-ms-win-crt-string-l1-1-0.dll
0x000007fed7a50000 - 0x000007fed7a54000 	C:\Program Files\Java\jdk-11.0.9\bin\api-ms-win-crt-stdio-l1-1-0.dll
0x000007fed7a40000 - 0x000007fed7a44000 	C:\Program Files\Java\jdk-11.0.9\bin\api-ms-win-crt-convert-l1-1-0.dll
0x000007fed7a30000 - 0x000007fed7a33000 	C:\Program Files\Java\jdk-11.0.9\bin\api-ms-win-crt-environment-l1-1-0.dll
0x000007fed7a20000 - 0x000007fed7a23000 	C:\Program Files\Java\jdk-11.0.9\bin\api-ms-win-crt-filesystem-l1-1-0.dll
0x000007fed7a10000 - 0x000007fed7a15000 	C:\Program Files\Java\jdk-11.0.9\bin\api-ms-win-crt-math-l1-1-0.dll
0x000007fed7a00000 - 0x000007fed7a03000 	C:\Program Files\Java\jdk-11.0.9\bin\api-ms-win-crt-locale-l1-1-0.dll
0x000007feffde0000 - 0x000007feffe0e000 	C:\Windows\system32\IMM32.DLL
0x000007feff8a0000 - 0x000007feff9a9000 	C:\Windows\system32\MSCTF.dll
0x000007fecb530000 - 0x000007fecb5cb000 	C:\Program Files\Java\jdk-11.0.9\bin\msvcp140.dll
0x000007fed79f0000 - 0x000007fed79f3000 	C:\Program Files\Java\jdk-11.0.9\bin\api-ms-win-crt-time-l1-1-0.dll
0x000007fed79e0000 - 0x000007fed79e3000 	C:\Program Files\Java\jdk-11.0.9\bin\api-ms-win-crt-utility-l1-1-0.dll
0x000007febb1c0000 - 0x000007febbcb7000 	C:\Program Files\Java\jdk-11.0.9\bin\server\jvm.dll
0x000007fefa610000 - 0x000007fefa619000 	C:\Windows\system32\WSOCK32.dll
0x000007feffd70000 - 0x000007feffdbd000 	C:\Windows\system32\WS2_32.dll
0x000007feff380000 - 0x000007feff388000 	C:\Windows\system32\NSI.dll
0x000007fef8e40000 - 0x000007fef8e7b000 	C:\Windows\system32\WINMM.dll
0x0000000077cc0000 - 0x0000000077cc7000 	C:\Windows\system32\PSAPI.DLL
0x000007fed79d0000 - 0x000007fed79e0000 	C:\Program Files\Java\jdk-11.0.9\bin\verify.dll
0x000007fef5d50000 - 0x000007fef5e75000 	C:\Windows\system32\DBGHELP.DLL
0x000007fed79a0000 - 0x000007fed79c8000 	C:\Program Files\Java\jdk-11.0.9\bin\java.dll
0x000007fed7990000 - 0x000007fed799a000 	C:\Program Files\Java\jdk-11.0.9\bin\jimage.dll
0x000007fecb510000 - 0x000007fecb526000 	C:\Program Files\Java\jdk-11.0.9\bin\zip.dll

dbghelp: loaded successfully - version: 4.0.5 - missing functions: none
symbol engine: initialized successfully - sym options: 0x614 - pdb path: .;C:\Program Files\Java\jdk-11.0.9\bin;C:\Windows\SYSTEM32;C:\Windows\WinSxS\amd64_microsoft.windows.common-controls_6595b64144ccf1df_6.0.7601.17514_none_fa396087175ac9ac;C:\Program Files\Java\jdk-11.0.9\bin\server

VM Arguments:
java_command: com.medicinedeliveryapp.medicinedeliveryapp.MedicineDeliveryAppApplication
java_class_path (initial): D:\programming-workspaces\Website\CAPSTONE 1\medicine-delivery-app\target\classes;C:\Users\KL_Schweizer\.m2\repository\org\springframework\boot\spring-boot-starter-data-jpa\2.7.4\spring-boot-starter-data-jpa-2.7.4.jar;C:\Users\KL_Schweizer\.m2\repository\org\springframework\boot\spring-boot-starter-aop\2.7.4\spring-boot-starter-aop-2.7.4.jar;C:\Users\KL_Schweizer\.m2\repository\org\springframework\spring-aop\5.3.23\spring-aop-5.3.23.jar;C:\Users\KL_Schweizer\.m2\repository\org\aspectj\aspectjweaver\1.9.7\aspectjweaver-1.9.7.jar;C:\Users\KL_Schweizer\.m2\repository\org\springframework\boot\spring-boot-starter-jdbc\2.7.4\spring-boot-starter-jdbc-2.7.4.jar;C:\Users\KL_Schweizer\.m2\repository\com\zaxxer\HikariCP\4.0.3\HikariCP-4.0.3.jar;C:\Users\KL_Schweizer\.m2\repository\org\springframework\spring-jdbc\5.3.23\spring-jdbc-5.3.23.jar;C:\Users\KL_Schweizer\.m2\repository\jakarta\transaction\jakarta.transaction-api\1.3.3\jakarta.transaction-api-1.3.3.jar;C:\Users\KL_Schweizer\.m2\repository\jakarta\persistence\jakarta.persistence-api\2.2.3\jakarta.persistence-api-2.2.3.jar;C:\Users\KL_Schweizer\.m2\repository\org\hibernate\hibernate-core\5.6.11.Final\hibernate-core-5.6.11.Final.jar;C:\Users\KL_Schweizer\.m2\repository\org\jboss\logging\jboss-logging\3.4.3.Final\jboss-logging-3.4.3.Final.jar;C:\Users\KL_Schweizer\.m2\repository\net\bytebuddy\byte-buddy\1.12.17\byte-buddy-1.12.17.jar;C:\Users\KL_Schweizer\.m2\repository\antlr\antlr\2.7.7\antlr-2.7.7.jar;C:\Users\KL_Schweizer\.m2\repository\org\jboss\jandex\2.4.2.Final\jandex-2.4.2.Final.jar;C:\Users\KL_Schweizer\.m2\repository\com\fasterxml\classmate\1.5.1\classmate-1.5.1.jar;C:\Users\KL_Schweizer\.m2\repository\org\hibernate\common\hibernate-commons-annotations\5.1.2.Final\hibernate-commons-annotations-5.1.2.Final.jar;C:\Users\KL_Schweizer\.m2\repository\org\glassfish\jaxb\jaxb-runtime\2.3.6\jaxb-runtime-2.3.6.jar;C:\Users\KL_Schweizer\.m2\repository\org\glassfish\jaxb\txw2\2.3.6\txw2-2.3.6.ja
Launcher Type: SUN_STANDARD

[Global flags]
     intx CICompilerCount                          = 3                                         {product} {ergonomic}
     uint ConcGCThreads                            = 1                                         {product} {ergonomic}
     uint G1ConcRefinementThreads                  = 4                                         {product} {ergonomic}
   size_t G1HeapRegionSize                         = 1048576                                   {product} {ergonomic}
    uintx GCDrainStackTargetSize                   = 64                                        {product} {ergonomic}
   size_t InitialHeapSize                          = 67108864                                  {product} {ergonomic}
   size_t MarkStackSize                            = 4194304                                   {product} {ergonomic}
   size_t MaxHeapSize                              = 1048576000                                {product} {ergonomic}
   size_t MinHeapDeltaBytes                        = 1048576                                   {product} {ergonomic}
    uintx NonNMethodCodeHeapSize                   = 5830732                                {pd product} {ergonomic}
    uintx NonProfiledCodeHeapSize                  = 122913754                              {pd product} {ergonomic}
    uintx ProfiledCodeHeapSize                     = 122913754                              {pd product} {ergonomic}
    uintx ReservedCodeCacheSize                    = 251658240                              {pd product} {ergonomic}
     bool SegmentedCodeCache                       = true                                      {product} {ergonomic}
     bool UseCompressedClassPointers               = true                                 {lp64_product} {ergonomic}
     bool UseCompressedOops                        = true                                 {lp64_product} {ergonomic}
     bool UseG1GC                                  = true                                      {product} {ergonomic}
     bool UseLargePagesIndividualAllocation        = false                                  {pd product} {ergonomic}

Logging:
Log output configuration:
 #0: stdout all=warning uptime,level,tags
 #1: stderr all=off uptime,level,tags

Environment Variables:
PATH=C:\Program Files\Common Files\Oracle\Java\javapath;C:\Program Files (x86)\Common Files\Oracle\Java\javapath;C:\Program Files (x86)\Common Files\Microsoft Shared\Windows Live;C:\Windows\system32;C:\Windows;C:\Windows\System32\Wbem;C:\Windows\System32\WindowsPowerShell\v1.0\;C:\Program Files\nodejs\;C:\xampp\php;C:\composer;C:\Program Files\dotnet\;C:\Program Files\Git\cmd;C:\Program Files\NVIDIA Corporation\NVIDIA NvDLISR;C:\Program Files (x86)\GtkSharp\2.12\bin;C:\Users\KL_Schweizer\.dnx\bin;C:\Program Files\Microsoft DNX\Dnvm\;C:\Program Files (x86)\NVIDIA Corporation\PhysX\Common;C:\Program Files (x86)\Windows Kits\8.1\Windows Performance Toolkit\;C:\Program Files\Microsoft SQL Server\130\Tools\Binn\;C:\Windows\System32\WindowsPowerShell\v1.0\;C:\apache-maven-3.8.6-bin\apache-maven-3.8.6\bin;C:\Users\KL_Schweizer\AppData\Local\Programs\Python\Python38-32\Scripts\;C:\Users\KL_Schweizer\AppData\Local\Programs\Python\Python38-32\;C:\Users\KL_Schweizer\.poetry\bin;C:\Users\KL_Schweizer\AppData\Local\Programs\Python\Python37-32\Scripts\;C:\Users\KL_Schweizer\AppData\Local\Programs\Python\Python37-32\;D:\pktriot-0.14.1.win64\pktriot-0.14.1;C:\Users\KL_Schweizer\AppData\Local\Programs\Microsoft VS Code\bin;D:\Program Files\Docker Toolbox
USERNAME=KL_Schweizer
OS=Windows_NT
PROCESSOR_IDENTIFIER=Intel64 Family 6 Model 58 Stepping 9, GenuineIntel



---------------  S Y S T E M  ---------------

OS: Windows 7 , 64 bit Build 7601 (6.1.7601.24384)

CPU:total 4 (initial active 4) (2 cores per cpu, 2 threads per core) family 6 model 58 stepping 9, cmov, cx8, fxsr, mmx, sse, sse2, sse3, ssse3, sse4.1, sse4.2, popcnt, avx, clmul, erms, ht, tsc, tscinvbit, tscinv

Memory: 4k page, system-wide physical 3993M (249M free)
TotalPageFile size 9292M (AvailPageFile size 4M)
current process WorkingSet (physical memory assigned to process): 9M, peak: 9M
current process commit charge ("private bytes"): 50M, peak: 51M

vm_info: Java HotSpot(TM) 64-Bit Server VM (11.0.9+7-LTS) for windows-amd64 JRE (11.0.9+7-LTS), built on Sep 15 2020 16:47:03 by "mach5one" with MS VC++ 15.9 (VS2017)

END.
