#
# There is insufficient memory for the Java Runtime Environment to continue.
# Native memory allocation (mmap) failed to map 168820736 bytes for G1 virtual space
# Possible reasons:
#   The system is out of physical RAM or swap space
#   The process is running with CompressedOops enabled, and the Java Heap may be blocking the growth of the native heap
# Possible solutions:
#   Reduce memory load on the system
#   Increase physical memory or swap space
#   Check if swap backing store is full
#   Decrease Java heap size (-Xmx/-Xms)
#   Decrease number of Java threads
#   Decrease Java thread stack sizes (-Xss)
#   Set larger code cache with -XX:ReservedCodeCacheSize=
#   JVM is running with Unscaled Compressed Oops mode in which the Java heap is
#     placed in the first 4GB address space. The Java Heap base address is the
#     maximum limit for the native heap growth. Please use -XX:HeapBaseMinAddress
#     to set the Java Heap base and to place the Java Heap above 4GB virtual address.
# This output file may be truncated or incomplete.
#
#  Out of Memory Error (os_windows.cpp:3541), pid=5312, tid=1064
#
# JRE version: OpenJDK Runtime Environment Temurin-17.0.4.1+1 (17.0.4.1+1) (build 17.0.4.1+1)
# Java VM: OpenJDK 64-Bit Server VM Temurin-17.0.4.1+1 (17.0.4.1+1, mixed mode, emulated-client, tiered, compressed oops, compressed class ptrs, g1 gc, windows-amd64)
# No core dump will be written. Minidumps are not enabled by default on client versions of Windows
#

---------------  S U M M A R Y ------------

Command Line: -Dsts.lsp.client=vscode -Dsts.log.file=/dev/null -XX:TieredStopAtLevel=1 -Xlog:jni+resolve=off -Dspring.config.location=file:c:\Users\KL_Schweizer\.vscode\extensions\pivotal.vscode-spring-boot-1.40.0\language-server\BOOT-INF\classes\application.properties org.springframework.ide.vscode.boot.app.BootLanguageServerBootApp

Host: Intel(R) Core(TM) i3-3240 CPU @ 3.40GHz, 4 cores, 3G,  Windows 7 , 64 bit Build 7601 (6.1.7601.24384)
Time: Thu Oct 27 14:35:14 2022 Taipei Standard Time elapsed time: 3.706820 seconds (0d 0h 0m 3s)

---------------  T H R E A D  ---------------

Current thread (0x000000000da6e230):  VMThread "VM Thread" [stack: 0x000000000d5b0000,0x000000000d6b0000] [id=1064]

Stack: [0x000000000d5b0000,0x000000000d6b0000]
Native frames: (J=compiled Java code, j=interpreted, Vv=VM code, C=native code)
V  [jvm.dll+0x67731a]
V  [jvm.dll+0x832284]
V  [jvm.dll+0x833a2e]
V  [jvm.dll+0x834093]
V  [jvm.dll+0x245775]
V  [jvm.dll+0x674209]
V  [jvm.dll+0x668a92]
V  [jvm.dll+0x30471b]
V  [jvm.dll+0x30bc66]
V  [jvm.dll+0x35ba9e]
V  [jvm.dll+0x35bccf]
V  [jvm.dll+0x2db5b8]
V  [jvm.dll+0x2d986c]
V  [jvm.dll+0x2d8e3c]
V  [jvm.dll+0x31cd9b]
V  [jvm.dll+0x83853b]
V  [jvm.dll+0x839274]
V  [jvm.dll+0x83978c]
V  [jvm.dll+0x839b64]
V  [jvm.dll+0x839c30]
V  [jvm.dll+0x7e240a]
V  [jvm.dll+0x6761a5]
C  [ucrtbase.DLL+0x1c1ae]
C  [kernel32.dll+0x1570d]
C  [ntdll.dll+0x5385d]

VM_Operation (0x0000000054c0e860): G1CollectForAllocation, mode: safepoint, requested by thread 0x0000000051821830


---------------  P R O C E S S  ---------------

Threads class SMR info:
_java_thread_list=0x0000000054f326c0, length=31, elements={
0x000000000da93c00, 0x000000000da94a00, 0x000000000dac24e0, 0x000000000dac5060,
0x000000000dac9a80, 0x000000000dacd840, 0x000000000dace1b0, 0x000000000daceab0,
0x000000004f370d10, 0x000000004f37b390, 0x0000000051486c40, 0x00000000516bc7c0,
0x00000000516a7f30, 0x00000000004d4380, 0x00000000516bd580, 0x00000000516a4b00,
0x00000000517295c0, 0x0000000051729e90, 0x000000005174ef90, 0x00000000517325f0,
0x0000000051732ac0, 0x0000000051732f90, 0x0000000051733460, 0x0000000051733930,
0x0000000051733e00, 0x0000000051820e90, 0x0000000051821360, 0x0000000051821830,
0x0000000051821d00, 0x00000000518221d0, 0x0000000051822b70
}

Java Threads: ( => current thread )
  0x000000000da93c00 JavaThread "Reference Handler" daemon [_thread_blocked, id=2248, stack(0x000000004e4b0000,0x000000004e5b0000)]
  0x000000000da94a00 JavaThread "Finalizer" daemon [_thread_blocked, id=7748, stack(0x000000004e6a0000,0x000000004e7a0000)]
  0x000000000dac24e0 JavaThread "Signal Dispatcher" daemon [_thread_blocked, id=5664, stack(0x000000004e7c0000,0x000000004e8c0000)]
  0x000000000dac5060 JavaThread "Attach Listener" daemon [_thread_blocked, id=3288, stack(0x000000004e960000,0x000000004ea60000)]
  0x000000000dac9a80 JavaThread "Service Thread" daemon [_thread_blocked, id=7776, stack(0x000000004ebc0000,0x000000004ecc0000)]
  0x000000000dacd840 JavaThread "Monitor Deflation Thread" daemon [_thread_blocked, id=3364, stack(0x000000004edf0000,0x000000004eef0000)]
  0x000000000dace1b0 JavaThread "C1 CompilerThread0" daemon [_thread_blocked, id=8508, stack(0x000000004f020000,0x000000004f120000)]
  0x000000000daceab0 JavaThread "Sweeper thread" daemon [_thread_blocked, id=7496, stack(0x000000004f150000,0x000000004f250000)]
  0x000000004f370d10 JavaThread "Notification Thread" daemon [_thread_blocked, id=3448, stack(0x000000004ece0000,0x000000004ede0000)]
  0x000000004f37b390 JavaThread "Common-Cleaner" daemon [_thread_blocked, id=8576, stack(0x000000004f880000,0x000000004f980000)]
  0x0000000051486c40 JavaThread "boundedElastic-evictor-1" daemon [_thread_blocked, id=3452, stack(0x0000000052420000,0x0000000052520000)]
  0x00000000516bc7c0 JavaThread "pool-9-thread-1" [_thread_blocked, id=2700, stack(0x0000000052560000,0x0000000052660000)]
  0x00000000516a7f30 JavaThread "LanguageServerApp-lifecycle" [_thread_blocked, id=2156, stack(0x0000000052690000,0x0000000052790000)]
  0x00000000004d4380 JavaThread "DestroyJavaVM" [_thread_blocked, id=9028, stack(0x00000000022a0000,0x00000000023a0000)]
  0x00000000516bd580 JavaThread "pool-10-thread-1" [_thread_in_native, id=3828, stack(0x0000000051fd0000,0x00000000520d0000)]
  0x00000000516a4b00 JavaThread "Simple-Language-Server main thread" daemon [_thread_blocked, id=8328, stack(0x00000000538f0000,0x00000000539f0000)]
  0x00000000517295c0 JavaThread "ForkJoinPool.commonPool-worker-1" daemon [_thread_blocked, id=3444, stack(0x0000000053ae0000,0x0000000053be0000)]
  0x0000000051729e90 JavaThread "pool-7-thread-1" [_thread_blocked, id=7084, stack(0x0000000053d40000,0x0000000053e40000)]
  0x000000005174ef90 JavaThread "parallel-1" daemon [_thread_blocked, id=8964, stack(0x0000000052220000,0x0000000052320000)]
  0x00000000517325f0 JavaThread "parallel-2" daemon [_thread_blocked, id=3884, stack(0x0000000053c20000,0x0000000053d20000)]
  0x0000000051732ac0 JavaThread "parallel-3" daemon [_thread_blocked, id=6172, stack(0x0000000054010000,0x0000000054110000)]
  0x0000000051732f90 JavaThread "ClassGraph-worker-0" daemon [_thread_blocked, id=8516, stack(0x0000000054210000,0x0000000054310000)]
  0x0000000051733460 JavaThread "ClassGraph-worker-1" daemon [_thread_blocked, id=2876, stack(0x00000000543b0000,0x00000000544b0000)]
  0x0000000051733930 JavaThread "ClassGraph-worker-2" daemon [_thread_blocked, id=4712, stack(0x0000000054590000,0x0000000054690000)]
  0x0000000051733e00 JavaThread "ClassGraph-worker-3" daemon [_thread_blocked, id=5996, stack(0x0000000054700000,0x0000000054800000)]
  0x0000000051820e90 JavaThread "ClassGraph-worker-4" daemon [_thread_blocked, id=7092, stack(0x0000000054870000,0x0000000054970000)]
  0x0000000051821360 JavaThread "ClassGraph-worker-5" daemon [_thread_blocked, id=6028, stack(0x0000000053ee0000,0x0000000053fe0000)]
  0x0000000051821830 JavaThread "ClassGraph-worker-6" daemon [_thread_blocked, id=3804, stack(0x0000000054b10000,0x0000000054c10000)]
  0x0000000051821d00 JavaThread "ClassGraph-worker-7" daemon [_thread_blocked, id=4048, stack(0x0000000054d40000,0x0000000054e40000)]
  0x00000000518221d0 JavaThread "Reconciler-1" daemon [_thread_blocked, id=8644, stack(0x00000000549e0000,0x0000000054ae0000)]
  0x0000000051822b70 JavaThread "pool-5-thread-1" [_thread_blocked, id=5320, stack(0x000000005ebc0000,0x000000005ecc0000)]

Other Threads:
=>0x000000000da6e230 VMThread "VM Thread" [stack: 0x000000000d5b0000,0x000000000d6b0000] [id=1064]
  0x0000000000532670 WatcherThread [stack: 0x000000004f6b0000,0x000000004f7b0000] [id=4560]
  0x0000000000516750 GCTaskThread "GC Thread#0" [stack: 0x000000000acf0000,0x000000000adf0000] [id=3580]
  0x0000000050120f40 GCTaskThread "GC Thread#1" [stack: 0x000000004fa20000,0x000000004fb20000] [id=2916]
  0x0000000050100a40 GCTaskThread "GC Thread#2" [stack: 0x00000000504a0000,0x00000000505a0000] [id=6280]
  0x00000000501fdc70 GCTaskThread "GC Thread#3" [stack: 0x0000000050640000,0x0000000050740000] [id=3544]
  0x000000000051faa0 ConcurrentGCThread "G1 Main Marker" [stack: 0x000000000abf0000,0x000000000acf0000] [id=3648]
  0x0000000000520f80 ConcurrentGCThread "G1 Conc#0" [stack: 0x000000000aee0000,0x000000000afe0000] [id=7392]
  0x000000000d447c90 ConcurrentGCThread "G1 Refine#0" [stack: 0x000000000d6d0000,0x000000000d7d0000] [id=4656]
  0x000000000d4484c0 ConcurrentGCThread "G1 Service" [stack: 0x000000000d8c0000,0x000000000d9c0000] [id=6764]

Threads with active compile tasks:
C1 CompilerThread0     3734 3839       1       io.github.classgraph.ClasspathElementModule$1::close (65 bytes)

VM state: at safepoint (normal execution)

VM Mutex/Monitor currently owned by a thread:  ([mutex/lock_event])
[0x00000000004b4370] Threads_lock - owner thread: 0x000000000da6e230
[0x00000000004d13e0] Heap_lock - owner thread: 0x0000000051821830

Heap address: 0x00000000c1800000, size: 1000 MB, Compressed Oops mode: 32-bit

CDS archive(s) not mapped
Compressed class space mapped at: 0x000000000dc00000-0x000000004dc00000, reserved size: 1073741824
Narrow klass base: 0x0000000000000000, Narrow klass shift: 0, Narrow klass range: 0x4dc00000

GC Precious Log:
 CPUs: 4 total, 4 available
 Memory: 3993M
 Large Page Support: Disabled
 NUMA Support: Disabled
 Compressed Oops: Enabled (32-bit)
 Heap Region Size: 1M
 Heap Min Capacity: 8M
 Heap Initial Capacity: 64M
 Heap Max Capacity: 1000M
 Pre-touch: Disabled
 Parallel Workers: 4
 Concurrent Workers: 1
 Concurrent Refinement Workers: 4
 Periodic GC: Disabled

Heap:
 garbage-first heap   total 101376K, used 70626K [0x00000000c1800000, 0x0000000100000000)
  region size 1024K, 3 young (3072K), 3 survivors (3072K)
 Metaspace       used 38940K, committed 39296K, reserved 1089536K
  class space    used 4925K, committed 5056K, reserved 1048576K

Heap Regions: E=young(eden), S=young(survivor), O=old, HS=humongous(starts), HC=humongous(continues), CS=collection set, F=free, OA=open archive, CA=closed archive, TAMS=top-at-mark-start (previous, next)
|   0|0x00000000c1800000, 0x00000000c1900000, 0x00000000c1900000|100%| O|  |TAMS 0x00000000c1900000, 0x00000000c1900000| Untracked 
|   1|0x00000000c1900000, 0x00000000c1a00000, 0x00000000c1a00000|100%| O|  |TAMS 0x00000000c1a00000, 0x00000000c1a00000| Untracked 
|   2|0x00000000c1a00000, 0x00000000c1b00000, 0x00000000c1b00000|100%| O|  |TAMS 0x00000000c1b00000, 0x00000000c1b00000| Untracked 
|   3|0x00000000c1b00000, 0x00000000c1c00000, 0x00000000c1c00000|100%| O|  |TAMS 0x00000000c1c00000, 0x00000000c1c00000| Untracked 
|   4|0x00000000c1c00000, 0x00000000c1d00000, 0x00000000c1d00000|100%| O|  |TAMS 0x00000000c1d00000, 0x00000000c1d00000| Untracked 
|   5|0x00000000c1d00000, 0x00000000c1e00000, 0x00000000c1e00000|100%| O|  |TAMS 0x00000000c1e00000, 0x00000000c1e00000| Untracked 
|   6|0x00000000c1e00000, 0x00000000c1f00000, 0x00000000c1f00000|100%| O|  |TAMS 0x00000000c1f00000, 0x00000000c1f00000| Untracked 
|   7|0x00000000c1f00000, 0x00000000c2000000, 0x00000000c2000000|100%| O|  |TAMS 0x00000000c2000000, 0x00000000c2000000| Untracked 
|   8|0x00000000c2000000, 0x00000000c2100000, 0x00000000c2100000|100%| O|  |TAMS 0x00000000c2100000, 0x00000000c2100000| Untracked 
|   9|0x00000000c2100000, 0x00000000c21f8800, 0x00000000c2200000| 97%| O|  |TAMS 0x00000000c21f8800, 0x00000000c21f8800| Untracked 
|  10|0x00000000c2200000, 0x00000000c2300000, 0x00000000c2300000|100%| O|  |TAMS 0x00000000c2300000, 0x00000000c2300000| Untracked 
|  11|0x00000000c2300000, 0x00000000c2400000, 0x00000000c2400000|100%| O|  |TAMS 0x00000000c2400000, 0x00000000c2400000| Untracked 
|  12|0x00000000c2400000, 0x00000000c2500000, 0x00000000c2500000|100%| O|  |TAMS 0x00000000c2500000, 0x00000000c2500000| Untracked 
|  13|0x00000000c2500000, 0x00000000c2600000, 0x00000000c2600000|100%| O|  |TAMS 0x00000000c2600000, 0x00000000c2600000| Untracked 
|  14|0x00000000c2600000, 0x00000000c2700000, 0x00000000c2700000|100%| O|  |TAMS 0x00000000c2700000, 0x00000000c2700000| Untracked 
|  15|0x00000000c2700000, 0x00000000c2800000, 0x00000000c2800000|100%| O|  |TAMS 0x00000000c2800000, 0x00000000c2800000| Untracked 
|  16|0x00000000c2800000, 0x00000000c2900000, 0x00000000c2900000|100%| O|  |TAMS 0x00000000c2900000, 0x00000000c2900000| Untracked 
|  17|0x00000000c2900000, 0x00000000c2a00000, 0x00000000c2a00000|100%| O|  |TAMS 0x00000000c2a00000, 0x00000000c2a00000| Untracked 
|  18|0x00000000c2a00000, 0x00000000c2b00000, 0x00000000c2b00000|100%| O|  |TAMS 0x00000000c2b00000, 0x00000000c2b00000| Untracked 
|  19|0x00000000c2b00000, 0x00000000c2c00000, 0x00000000c2c00000|100%| O|  |TAMS 0x00000000c2c00000, 0x00000000c2c00000| Untracked 
|  20|0x00000000c2c00000, 0x00000000c2d00000, 0x00000000c2d00000|100%| O|  |TAMS 0x00000000c2d00000, 0x00000000c2d00000| Untracked 
|  21|0x00000000c2d00000, 0x00000000c2e00000, 0x00000000c2e00000|100%| O|  |TAMS 0x00000000c2e00000, 0x00000000c2e00000| Untracked 
|  22|0x00000000c2e00000, 0x00000000c2f00000, 0x00000000c2f00000|100%| O|  |TAMS 0x00000000c2f00000, 0x00000000c2f00000| Untracked 
|  23|0x00000000c2f00000, 0x00000000c3000000, 0x00000000c3000000|100%| O|  |TAMS 0x00000000c3000000, 0x00000000c3000000| Untracked 
|  24|0x00000000c3000000, 0x00000000c3100000, 0x00000000c3100000|100%| O|  |TAMS 0x00000000c3100000, 0x00000000c3100000| Untracked 
|  25|0x00000000c3100000, 0x00000000c3200000, 0x00000000c3200000|100%| O|  |TAMS 0x00000000c3200000, 0x00000000c3200000| Untracked 
|  26|0x00000000c3200000, 0x00000000c3300000, 0x00000000c3300000|100%| O|  |TAMS 0x00000000c3300000, 0x00000000c3300000| Untracked 
|  27|0x00000000c3300000, 0x00000000c3400000, 0x00000000c3400000|100%| O|  |TAMS 0x00000000c3400000, 0x00000000c3400000| Untracked 
|  28|0x00000000c3400000, 0x00000000c3500000, 0x00000000c3500000|100%| O|  |TAMS 0x00000000c3500000, 0x00000000c3500000| Untracked 
|  29|0x00000000c3500000, 0x00000000c3600000, 0x00000000c3600000|100%| O|  |TAMS 0x00000000c3600000, 0x00000000c3600000| Untracked 
|  30|0x00000000c3600000, 0x00000000c3700000, 0x00000000c3700000|100%| O|  |TAMS 0x00000000c3700000, 0x00000000c3700000| Untracked 
|  31|0x00000000c3700000, 0x00000000c3800000, 0x00000000c3800000|100%| O|  |TAMS 0x00000000c3800000, 0x00000000c3800000| Untracked 
|  32|0x00000000c3800000, 0x00000000c3900000, 0x00000000c3900000|100%| O|  |TAMS 0x00000000c3900000, 0x00000000c3900000| Untracked 
|  33|0x00000000c3900000, 0x00000000c3a00000, 0x00000000c3a00000|100%| O|  |TAMS 0x00000000c3a00000, 0x00000000c3a00000| Untracked 
|  34|0x00000000c3a00000, 0x00000000c3b00000, 0x00000000c3b00000|100%| O|  |TAMS 0x00000000c3b00000, 0x00000000c3b00000| Untracked 
|  35|0x00000000c3b00000, 0x00000000c3c00000, 0x00000000c3c00000|100%| O|  |TAMS 0x00000000c3c00000, 0x00000000c3c00000| Untracked 
|  36|0x00000000c3c00000, 0x00000000c3d00000, 0x00000000c3d00000|100%| O|  |TAMS 0x00000000c3d00000, 0x00000000c3d00000| Untracked 
|  37|0x00000000c3d00000, 0x00000000c3e00000, 0x00000000c3e00000|100%| O|  |TAMS 0x00000000c3e00000, 0x00000000c3e00000| Untracked 
|  38|0x00000000c3e00000, 0x00000000c3f00000, 0x00000000c3f00000|100%| O|  |TAMS 0x00000000c3f00000, 0x00000000c3f00000| Untracked 
|  39|0x00000000c3f00000, 0x00000000c4000000, 0x00000000c4000000|100%| O|  |TAMS 0x00000000c3f00000, 0x00000000c4000000| Untracked 
|  40|0x00000000c4000000, 0x00000000c4100000, 0x00000000c4100000|100%| O|  |TAMS 0x00000000c4000000, 0x00000000c4100000| Untracked 
|  41|0x00000000c4100000, 0x00000000c4200000, 0x00000000c4200000|100%| O|  |TAMS 0x00000000c4100000, 0x00000000c4200000| Untracked 
|  42|0x00000000c4200000, 0x00000000c4300000, 0x00000000c4300000|100%| O|  |TAMS 0x00000000c4200000, 0x00000000c4300000| Untracked 
|  43|0x00000000c4300000, 0x00000000c4400000, 0x00000000c4400000|100%| O|  |TAMS 0x00000000c4300000, 0x00000000c4400000| Untracked 
|  44|0x00000000c4400000, 0x00000000c4500000, 0x00000000c4500000|100%| O|  |TAMS 0x00000000c4400000, 0x00000000c4500000| Untracked 
|  45|0x00000000c4500000, 0x00000000c4600000, 0x00000000c4600000|100%| O|  |TAMS 0x00000000c4500000, 0x00000000c4600000| Untracked 
|  46|0x00000000c4600000, 0x00000000c4700000, 0x00000000c4700000|100%| O|  |TAMS 0x00000000c4600000, 0x00000000c4700000| Untracked 
|  47|0x00000000c4700000, 0x00000000c4800000, 0x00000000c4800000|100%| O|  |TAMS 0x00000000c4700000, 0x00000000c4800000| Untracked 
|  48|0x00000000c4800000, 0x00000000c4900000, 0x00000000c4900000|100%|HS|  |TAMS 0x00000000c4800000, 0x00000000c4900000| Complete 
|  49|0x00000000c4900000, 0x00000000c4a00000, 0x00000000c4a00000|100%| O|  |TAMS 0x00000000c4900000, 0x00000000c4900000| Untracked 
|  50|0x00000000c4a00000, 0x00000000c4b00000, 0x00000000c4b00000|100%| O|  |TAMS 0x00000000c4a00000, 0x00000000c4a00000| Untracked 
|  51|0x00000000c4b00000, 0x00000000c4c00000, 0x00000000c4c00000|100%| O|  |TAMS 0x00000000c4b00000, 0x00000000c4b00000| Untracked 
|  52|0x00000000c4c00000, 0x00000000c4d00000, 0x00000000c4d00000|100%| O|  |TAMS 0x00000000c4c00000, 0x00000000c4c00000| Untracked 
|  53|0x00000000c4d00000, 0x00000000c4e00000, 0x00000000c4e00000|100%| O|  |TAMS 0x00000000c4d00000, 0x00000000c4d00000| Untracked 
|  54|0x00000000c4e00000, 0x00000000c4f00000, 0x00000000c4f00000|100%| O|  |TAMS 0x00000000c4e00000, 0x00000000c4e00000| Untracked 
|  55|0x00000000c4f00000, 0x00000000c5000000, 0x00000000c5000000|100%| O|  |TAMS 0x00000000c4f00000, 0x00000000c4f00000| Untracked 
|  56|0x00000000c5000000, 0x00000000c5100000, 0x00000000c5100000|100%| O|  |TAMS 0x00000000c5000000, 0x00000000c5000000| Untracked 
|  57|0x00000000c5100000, 0x00000000c5200000, 0x00000000c5200000|100%|HS|  |TAMS 0x00000000c5100000, 0x00000000c5100000| Complete 
|  58|0x00000000c5200000, 0x00000000c5300000, 0x00000000c5300000|100%|HS|  |TAMS 0x00000000c5200000, 0x00000000c5200000| Complete 
|  59|0x00000000c5300000, 0x00000000c5400000, 0x00000000c5400000|100%| O|  |TAMS 0x00000000c5300000, 0x00000000c5300000| Untracked 
|  60|0x00000000c5400000, 0x00000000c5500000, 0x00000000c5500000|100%| O|  |TAMS 0x00000000c5400000, 0x00000000c5400000| Untracked 
|  61|0x00000000c5500000, 0x00000000c5600000, 0x00000000c5600000|100%| O|  |TAMS 0x00000000c5500000, 0x00000000c5500000| Untracked 
|  62|0x00000000c5600000, 0x00000000c5700000, 0x00000000c5700000|100%| O|  |TAMS 0x00000000c5600000, 0x00000000c5600000| Untracked 
|  63|0x00000000c5700000, 0x00000000c5800000, 0x00000000c5800000|100%| O|  |TAMS 0x00000000c5700000, 0x00000000c5700000| Untracked 
|  64|0x00000000c5800000, 0x00000000c5900000, 0x00000000c5900000|100%| O|  |TAMS 0x00000000c5800000, 0x00000000c5800000| Untracked 
|  65|0x00000000c5900000, 0x00000000c5a00000, 0x00000000c5a00000|100%| O|  |TAMS 0x00000000c5900000, 0x00000000c5900000| Untracked 
|  66|0x00000000c5a00000, 0x00000000c5a00000, 0x00000000c5b00000|  0%| F|  |TAMS 0x00000000c5a00000, 0x00000000c5a00000| Untracked 
|  67|0x00000000c5b00000, 0x00000000c5b00000, 0x00000000c5c00000|  0%| F|  |TAMS 0x00000000c5b00000, 0x00000000c5b00000| Untracked 
|  68|0x00000000c5c00000, 0x00000000c5c00000, 0x00000000c5d00000|  0%| F|  |TAMS 0x00000000c5c00000, 0x00000000c5c00000| Untracked 
|  69|0x00000000c5d00000, 0x00000000c5d00000, 0x00000000c5e00000|  0%| F|  |TAMS 0x00000000c5d00000, 0x00000000c5d00000| Untracked 
|  70|0x00000000c5e00000, 0x00000000c5e00000, 0x00000000c5f00000|  0%| F|  |TAMS 0x00000000c5e00000, 0x00000000c5e00000| Untracked 
|  71|0x00000000c5f00000, 0x00000000c5f00000, 0x00000000c6000000|  0%| F|  |TAMS 0x00000000c5f00000, 0x00000000c5f00000| Untracked 
|  72|0x00000000c6000000, 0x00000000c6000000, 0x00000000c6100000|  0%| F|  |TAMS 0x00000000c6000000, 0x00000000c6000000| Untracked 
|  73|0x00000000c6100000, 0x00000000c6100000, 0x00000000c6200000|  0%| F|  |TAMS 0x00000000c6100000, 0x00000000c6100000| Untracked 
|  74|0x00000000c6200000, 0x00000000c6200000, 0x00000000c6300000|  0%| F|  |TAMS 0x00000000c6200000, 0x00000000c6200000| Untracked 
|  75|0x00000000c6300000, 0x00000000c6300000, 0x00000000c6400000|  0%| F|  |TAMS 0x00000000c6300000, 0x00000000c6300000| Untracked 
|  76|0x00000000c6400000, 0x00000000c6400000, 0x00000000c6500000|  0%| F|  |TAMS 0x00000000c6400000, 0x00000000c6400000| Untracked 
|  77|0x00000000c6500000, 0x00000000c6500000, 0x00000000c6600000|  0%| F|  |TAMS 0x00000000c6500000, 0x00000000c6500000| Untracked 
|  78|0x00000000c6600000, 0x00000000c6600000, 0x00000000c6700000|  0%| F|  |TAMS 0x00000000c6600000, 0x00000000c6600000| Untracked 
|  79|0x00000000c6700000, 0x00000000c6700000, 0x00000000c6800000|  0%| F|  |TAMS 0x00000000c6700000, 0x00000000c6700000| Untracked 
|  80|0x00000000c6800000, 0x00000000c6800000, 0x00000000c6900000|  0%| F|  |TAMS 0x00000000c6800000, 0x00000000c6800000| Untracked 
|  81|0x00000000c6900000, 0x00000000c6a00000, 0x00000000c6a00000|100%| S|CS|TAMS 0x00000000c6900000, 0x00000000c6900000| Complete 
|  82|0x00000000c6a00000, 0x00000000c6b00000, 0x00000000c6b00000|100%| S|CS|TAMS 0x00000000c6a00000, 0x00000000c6a00000| Complete 
|  83|0x00000000c6b00000, 0x00000000c6c00000, 0x00000000c6c00000|100%| S|CS|TAMS 0x00000000c6b00000, 0x00000000c6b00000| Complete 
|  84|0x00000000c6c00000, 0x00000000c6c00000, 0x00000000c6d00000|  0%| F|  |TAMS 0x00000000c6c00000, 0x00000000c6c00000| Untracked 
|  85|0x00000000c6d00000, 0x00000000c6d00000, 0x00000000c6e00000|  0%| F|  |TAMS 0x00000000c6d00000, 0x00000000c6d00000| Untracked 
|  86|0x00000000c6e00000, 0x00000000c6e00000, 0x00000000c6f00000|  0%| F|  |TAMS 0x00000000c6e00000, 0x00000000c6e00000| Untracked 
|  87|0x00000000c6f00000, 0x00000000c6f00000, 0x00000000c7000000|  0%| F|  |TAMS 0x00000000c6f00000, 0x00000000c6f00000| Untracked 
|  88|0x00000000c7000000, 0x00000000c7000000, 0x00000000c7100000|  0%| F|  |TAMS 0x00000000c7000000, 0x00000000c7000000| Untracked 
|  89|0x00000000c7100000, 0x00000000c7100000, 0x00000000c7200000|  0%| F|  |TAMS 0x00000000c7100000, 0x00000000c7100000| Untracked 
|  90|0x00000000c7200000, 0x00000000c7200000, 0x00000000c7300000|  0%| F|  |TAMS 0x00000000c7200000, 0x00000000c7200000| Untracked 
|  91|0x00000000c7300000, 0x00000000c7300000, 0x00000000c7400000|  0%| F|  |TAMS 0x00000000c7300000, 0x00000000c7300000| Untracked 
|  92|0x00000000c7400000, 0x00000000c7400000, 0x00000000c7500000|  0%| F|  |TAMS 0x00000000c7400000, 0x00000000c7400000| Untracked 
|  93|0x00000000c7500000, 0x00000000c7500000, 0x00000000c7600000|  0%| F|  |TAMS 0x00000000c7500000, 0x00000000c7500000| Untracked 
|  94|0x00000000c7600000, 0x00000000c7600000, 0x00000000c7700000|  0%| F|  |TAMS 0x00000000c7600000, 0x00000000c7600000| Untracked 
|  95|0x00000000c7700000, 0x00000000c7700000, 0x00000000c7800000|  0%| F|  |TAMS 0x00000000c7700000, 0x00000000c7700000| Untracked 
|  96|0x00000000c7800000, 0x00000000c7800000, 0x00000000c7900000|  0%| F|  |TAMS 0x00000000c7800000, 0x00000000c7800000| Untracked 
|  97|0x00000000c7900000, 0x00000000c7900000, 0x00000000c7a00000|  0%| F|  |TAMS 0x00000000c7900000, 0x00000000c7900000| Untracked 
|  98|0x00000000c7a00000, 0x00000000c7a00000, 0x00000000c7b00000|  0%| F|  |TAMS 0x00000000c7a00000, 0x00000000c7a00000| Untracked 

Card table byte_map: [0x0000000008880000,0x0000000008a80000] _byte_map_base: 0x0000000008274000

Marking Bits (Prev, Next): (CMBitMap*) 0x0000000000517470, (CMBitMap*) 0x00000000005174b0
 Prev Bits: [0x0000000008c80000, 0x0000000009c20000)
 Next Bits: [0x0000000009c20000, 0x000000000abc0000)

Polling page: 0x0000000000140000

Metaspace:

Usage:
  Non-class:     33.22 MB used.
      Class:      4.81 MB used.
       Both:     38.03 MB used.

Virtual space:
  Non-class space:       40.00 MB reserved,      33.44 MB ( 84%) committed,  5 nodes.
      Class space:        1.00 GB reserved,       4.94 MB ( <1%) committed,  1 nodes.
             Both:        1.04 GB reserved,      38.38 MB (  4%) committed. 

Chunk freelists:
   Non-Class:  2.16 MB
       Class:  2.88 MB
        Both:  5.04 MB

MaxMetaspaceSize: unlimited
CompressedClassSpaceSize: 1.00 GB
Initial GC threshold: 21.00 MB
Current GC threshold: 63.13 MB
CDS: off
MetaspaceReclaimPolicy: balanced
 - commit_granule_bytes: 65536.
 - commit_granule_words: 8192.
 - virtual_space_node_default_size: 1048576.
 - enlarge_chunks_in_place: 1.
 - new_chunks_are_fully_committed: 0.
 - uncommit_free_chunks: 1.
 - use_allocation_guard: 0.
 - handle_deallocations: 1.


Internal statistics:

num_allocs_failed_limit: 9.
num_arena_births: 388.
num_arena_deaths: 0.
num_vsnodes_births: 6.
num_vsnodes_deaths: 0.
num_space_committed: 614.
num_space_uncommitted: 0.
num_chunks_returned_to_freelist: 9.
num_chunks_taken_from_freelist: 1550.
num_chunk_merges: 9.
num_chunk_splits: 1064.
num_chunks_enlarged: 818.
num_purges: 0.
num_inconsistent_stats: 0.

CodeCache: size=49152Kb used=7391Kb max_used=7391Kb free=41761Kb
 bounds [0x0000000005460000, 0x0000000005ba0000, 0x0000000008460000]
 total_blobs=4362 nmethods=3829 adapters=459
 compilation: enabled
              stopped_count=0, restarted_count=0
 full_count=0

Compilation events (20 events):
Event: 3.682 Thread 0x000000000dace1b0 nmethod 3832 0x0000000005b94d90 code [0x0000000005b94fa0, 0x0000000005b95448]
Event: 3.682 Thread 0x000000000dace1b0 3831       1       nonapi.io.github.classgraph.fileslice.reader.ClassfileReader::readString (38 bytes)
Event: 3.683 Thread 0x000000000dace1b0 nmethod 3831 0x0000000005b95890 code [0x0000000005b95a40, 0x0000000005b95b78]
Event: 3.683 Thread 0x000000000dace1b0 3833       1       io.github.classgraph.Classfile::getConstantPoolClassName (8 bytes)
Event: 3.683 Thread 0x000000000dace1b0 nmethod 3833 0x0000000005b95c90 code [0x0000000005b95e20, 0x0000000005b95f08]
Event: 3.683 Thread 0x000000000dace1b0 3834       1       io.github.classgraph.Classfile::getConstantPoolString (58 bytes)
Event: 3.683 Thread 0x000000000dace1b0 nmethod 3834 0x0000000005b95f90 code [0x0000000005b96160, 0x0000000005b96418]
Event: 3.683 Thread 0x000000000dace1b0 3819       1       jdk.internal.jimage.decompressor.CompressedResourceHeader::getSize (3 bytes)
Event: 3.683 Thread 0x000000000dace1b0 nmethod 3819 0x0000000005b96610 code [0x0000000005b967a0, 0x0000000005b96858]
Event: 3.683 Thread 0x000000000dace1b0 3823       1       io.github.classgraph.Scanner$ClassfileScanWorkUnit::access$400 (5 bytes)
Event: 3.683 Thread 0x000000000dace1b0 nmethod 3823 0x0000000005b96910 code [0x0000000005b96aa0, 0x0000000005b96b58]
Event: 3.683 Thread 0x000000000dace1b0 3829       1       java.util.zip.Inflater::inflate (9 bytes)
Event: 3.683 Thread 0x000000000dace1b0 nmethod 3829 0x0000000005b96c10 code [0x0000000005b96da0, 0x0000000005b96e88]
Event: 3.684 Thread 0x000000000dace1b0 3816       1       java.util.concurrent.ConcurrentLinkedQueue::add (6 bytes)
Event: 3.684 Thread 0x000000000dace1b0 nmethod 3816 0x0000000005b96f90 code [0x0000000005b97120, 0x0000000005b97208]
Event: 3.684 Thread 0x000000000dace1b0 3827       1       io.github.classgraph.ClasspathElementModule::access$000 (5 bytes)
Event: 3.684 Thread 0x000000000dace1b0 nmethod 3827 0x0000000005b97290 code [0x0000000005b97420, 0x0000000005b974d8]
Event: 3.684 Thread 0x000000000dace1b0 3817       1       java.util.concurrent.ConcurrentLinkedQueue$Node::<init> (13 bytes)
Event: 3.684 Thread 0x000000000dace1b0 nmethod 3817 0x0000000005b97590 code [0x0000000005b97760, 0x0000000005b97a98]
Event: 3.684 Thread 0x000000000dace1b0 3839       1       io.github.classgraph.ClasspathElementModule$1::close (65 bytes)

GC Heap History (20 events):
Event: 2.675 GC heap after
{Heap after GC invocations=8 (full 0):
 garbage-first heap   total 58368K, used 17066K [0x00000000c1800000, 0x0000000100000000)
  region size 1024K, 4 young (4096K), 4 survivors (4096K)
 Metaspace       used 33086K, committed 33344K, reserved 1081344K
  class space    used 4223K, committed 4352K, reserved 1048576K
}
Event: 2.867 GC heap before
{Heap before GC invocations=8 (full 0):
 garbage-first heap   total 58368K, used 41642K [0x00000000c1800000, 0x0000000100000000)
  region size 1024K, 29 young (29696K), 4 survivors (4096K)
 Metaspace       used 35463K, committed 35776K, reserved 1081344K
  class space    used 4597K, committed 4736K, reserved 1048576K
}
Event: 2.876 GC heap after
{Heap after GC invocations=9 (full 0):
 garbage-first heap   total 58368K, used 21288K [0x00000000c1800000, 0x0000000100000000)
  region size 1024K, 4 young (4096K), 4 survivors (4096K)
 Metaspace       used 35463K, committed 35776K, reserved 1081344K
  class space    used 4597K, committed 4736K, reserved 1048576K
}
Event: 2.965 GC heap before
{Heap before GC invocations=9 (full 0):
 garbage-first heap   total 58368K, used 41768K [0x00000000c1800000, 0x0000000100000000)
  region size 1024K, 25 young (25600K), 4 survivors (4096K)
 Metaspace       used 35539K, committed 35840K, reserved 1081344K
  class space    used 4610K, committed 4736K, reserved 1048576K
}
Event: 2.974 GC heap after
{Heap after GC invocations=10 (full 0):
 garbage-first heap   total 58368K, used 25364K [0x00000000c1800000, 0x0000000100000000)
  region size 1024K, 4 young (4096K), 4 survivors (4096K)
 Metaspace       used 35539K, committed 35840K, reserved 1081344K
  class space    used 4610K, committed 4736K, reserved 1048576K
}
Event: 3.019 GC heap before
{Heap before GC invocations=10 (full 0):
 garbage-first heap   total 58368K, used 35604K [0x00000000c1800000, 0x0000000100000000)
  region size 1024K, 16 young (16384K), 4 survivors (4096K)
 Metaspace       used 35905K, committed 36160K, reserved 1081344K
  class space    used 4644K, committed 4736K, reserved 1048576K
}
Event: 3.026 GC heap after
{Heap after GC invocations=11 (full 0):
 garbage-first heap   total 81920K, used 28385K [0x00000000c1800000, 0x0000000100000000)
  region size 1024K, 3 young (3072K), 3 survivors (3072K)
 Metaspace       used 35905K, committed 36160K, reserved 1081344K
  class space    used 4644K, committed 4736K, reserved 1048576K
}
Event: 3.147 GC heap before
{Heap before GC invocations=12 (full 0):
 garbage-first heap   total 81920K, used 57057K [0x00000000c1800000, 0x0000000100000000)
  region size 1024K, 32 young (32768K), 3 survivors (3072K)
 Metaspace       used 36656K, committed 36992K, reserved 1081344K
  class space    used 4714K, committed 4864K, reserved 1048576K
}
Event: 3.155 GC heap after
{Heap after GC invocations=13 (full 0):
 garbage-first heap   total 81920K, used 32477K [0x00000000c1800000, 0x0000000100000000)
  region size 1024K, 4 young (4096K), 4 survivors (4096K)
 Metaspace       used 36656K, committed 36992K, reserved 1081344K
  class space    used 4714K, committed 4864K, reserved 1048576K
}
Event: 3.233 GC heap before
{Heap before GC invocations=14 (full 0):
 garbage-first heap   total 83968K, used 58077K [0x00000000c1800000, 0x0000000100000000)
  region size 1024K, 30 young (30720K), 4 survivors (4096K)
 Metaspace       used 37376K, committed 37696K, reserved 1089536K
  class space    used 4753K, committed 4864K, reserved 1048576K
}
Event: 3.243 GC heap after
{Heap after GC invocations=15 (full 0):
 garbage-first heap   total 83968K, used 36971K [0x00000000c1800000, 0x0000000100000000)
  region size 1024K, 4 young (4096K), 4 survivors (4096K)
 Metaspace       used 37376K, committed 37696K, reserved 1089536K
  class space    used 4753K, committed 4864K, reserved 1048576K
}
Event: 3.312 GC heap before
{Heap before GC invocations=15 (full 0):
 garbage-first heap   total 83968K, used 60523K [0x00000000c1800000, 0x0000000100000000)
  region size 1024K, 28 young (28672K), 4 survivors (4096K)
 Metaspace       used 37794K, committed 38080K, reserved 1089536K
  class space    used 4782K, committed 4928K, reserved 1048576K
}
Event: 3.326 GC heap after
{Heap after GC invocations=16 (full 0):
 garbage-first heap   total 83968K, used 44002K [0x00000000c1800000, 0x0000000100000000)
  region size 1024K, 4 young (4096K), 4 survivors (4096K)
 Metaspace       used 37794K, committed 38080K, reserved 1089536K
  class space    used 4782K, committed 4928K, reserved 1048576K
}
Event: 3.391 GC heap before
{Heap before GC invocations=16 (full 0):
 garbage-first heap   total 83968K, used 61410K [0x00000000c1800000, 0x0000000100000000)
  region size 1024K, 22 young (22528K), 4 survivors (4096K)
 Metaspace       used 38075K, committed 38400K, reserved 1089536K
  class space    used 4808K, committed 4992K, reserved 1048576K
}
Event: 3.402 GC heap after
{Heap after GC invocations=17 (full 0):
 garbage-first heap   total 83968K, used 48950K [0x00000000c1800000, 0x0000000100000000)
  region size 1024K, 3 young (3072K), 3 survivors (3072K)
 Metaspace       used 38075K, committed 38400K, reserved 1089536K
  class space    used 4808K, committed 4992K, reserved 1048576K
}
Event: 3.520 GC heap before
{Heap before GC invocations=17 (full 0):
 garbage-first heap   total 101376K, used 62262K [0x00000000c1800000, 0x0000000100000000)
  region size 1024K, 17 young (17408K), 3 survivors (3072K)
 Metaspace       used 38449K, committed 38784K, reserved 1089536K
  class space    used 4853K, committed 4992K, reserved 1048576K
}
Event: 3.529 GC heap after
{Heap after GC invocations=18 (full 0):
 garbage-first heap   total 101376K, used 51170K [0x00000000c1800000, 0x0000000100000000)
  region size 1024K, 2 young (2048K), 2 survivors (2048K)
 Metaspace       used 38449K, committed 38784K, reserved 1089536K
  class space    used 4853K, committed 4992K, reserved 1048576K
}
Event: 3.618 GC heap before
{Heap before GC invocations=19 (full 0):
 garbage-first heap   total 101376K, used 72674K [0x00000000c1800000, 0x0000000100000000)
  region size 1024K, 23 young (23552K), 2 survivors (2048K)
 Metaspace       used 38851K, committed 39232K, reserved 1089536K
  class space    used 4916K, committed 5056K, reserved 1048576K
}
Event: 3.633 GC heap after
{Heap after GC invocations=20 (full 0):
 garbage-first heap   total 101376K, used 61774K [0x00000000c1800000, 0x0000000100000000)
  region size 1024K, 4 young (4096K), 4 survivors (4096K)
 Metaspace       used 38851K, committed 39232K, reserved 1089536K
  class space    used 4916K, committed 5056K, reserved 1048576K
}
Event: 3.685 GC heap before
{Heap before GC invocations=20 (full 0):
 garbage-first heap   total 101376K, used 78158K [0x00000000c1800000, 0x0000000100000000)
  region size 1024K, 19 young (19456K), 4 survivors (4096K)
 Metaspace       used 38940K, committed 39296K, reserved 1089536K
  class space    used 4925K, committed 5056K, reserved 1048576K
}

Deoptimization events (10 events):
Event: 1.300 Thread 0x00000000004d4380 DEOPT PACKING pc=0x00000000057f4319 sp=0x000000000239d270
Event: 1.300 Thread 0x00000000004d4380 DEOPT UNPACKING pc=0x00000000054b2b43 sp=0x000000000239c750 mode 3
Event: 2.709 Thread 0x00000000516a4b00 DEOPT PACKING pc=0x0000000005a09135 sp=0x00000000539ed9c0
Event: 2.709 Thread 0x00000000516a4b00 DEOPT UNPACKING pc=0x00000000054b2b43 sp=0x00000000539ecee8 mode 3
Event: 2.735 Thread 0x00000000516bd580 DEOPT PACKING pc=0x00000000057f5381 sp=0x00000000520cda50
Event: 2.735 Thread 0x00000000516bd580 DEOPT UNPACKING pc=0x00000000054b2b43 sp=0x00000000520ccee0 mode 3
Event: 2.736 Thread 0x0000000051729e90 DEOPT PACKING pc=0x000000000584ee17 sp=0x0000000053e3ef30
Event: 2.736 Thread 0x0000000051729e90 DEOPT UNPACKING pc=0x00000000054b2b43 sp=0x0000000053e3e388 mode 3
Event: 2.796 Thread 0x00000000517295c0 DEOPT PACKING pc=0x0000000005a2f503 sp=0x0000000053bde9a0
Event: 2.796 Thread 0x00000000517295c0 DEOPT UNPACKING pc=0x00000000054b2b43 sp=0x0000000053bddee8 mode 3

Classes unloaded (0 events):
No events

Classes redefined (0 events):
No events

Internal exceptions (20 events):
Event: 2.828 Thread 0x0000000051733930 Exception <a 'sun/nio/fs/WindowsException'{0x00000000c44378f0}> (0x00000000c44378f0) 
thrown [s\src\hotspot\share\prims\jni.cpp, line 516]
Event: 2.828 Thread 0x0000000051733930 Exception <a 'sun/nio/fs/WindowsException'{0x00000000c4437cf8}> (0x00000000c4437cf8) 
thrown [s\src\hotspot\share\prims\jni.cpp, line 516]
Event: 2.828 Thread 0x0000000051733930 Exception <a 'sun/nio/fs/WindowsException'{0x00000000c4438710}> (0x00000000c4438710) 
thrown [s\src\hotspot\share\prims\jni.cpp, line 516]
Event: 2.828 Thread 0x0000000051733930 Exception <a 'sun/nio/fs/WindowsException'{0x00000000c4438ae0}> (0x00000000c4438ae0) 
thrown [s\src\hotspot\share\prims\jni.cpp, line 516]
Event: 2.828 Thread 0x0000000051733930 Exception <a 'sun/nio/fs/WindowsException'{0x00000000c4439508}> (0x00000000c4439508) 
thrown [s\src\hotspot\share\prims\jni.cpp, line 516]
Event: 2.828 Thread 0x0000000051733930 Exception <a 'sun/nio/fs/WindowsException'{0x00000000c44398f0}> (0x00000000c44398f0) 
thrown [s\src\hotspot\share\prims\jni.cpp, line 516]
Event: 2.828 Thread 0x0000000051733930 Exception <a 'sun/nio/fs/WindowsException'{0x00000000c443a308}> (0x00000000c443a308) 
thrown [s\src\hotspot\share\prims\jni.cpp, line 516]
Event: 2.828 Thread 0x0000000051733930 Exception <a 'sun/nio/fs/WindowsException'{0x00000000c443a6e0}> (0x00000000c443a6e0) 
thrown [s\src\hotspot\share\prims\jni.cpp, line 516]
Event: 2.828 Thread 0x0000000051733930 Exception <a 'sun/nio/fs/WindowsException'{0x00000000c443b108}> (0x00000000c443b108) 
thrown [s\src\hotspot\share\prims\jni.cpp, line 516]
Event: 2.828 Thread 0x0000000051733930 Exception <a 'sun/nio/fs/WindowsException'{0x00000000c443b4f0}> (0x00000000c443b4f0) 
thrown [s\src\hotspot\share\prims\jni.cpp, line 516]
Event: 2.828 Thread 0x0000000051733930 Exception <a 'sun/nio/fs/WindowsException'{0x00000000c443bf30}> (0x00000000c443bf30) 
thrown [s\src\hotspot\share\prims\jni.cpp, line 516]
Event: 2.829 Thread 0x0000000051733930 Exception <a 'sun/nio/fs/WindowsException'{0x00000000c443c338}> (0x00000000c443c338) 
thrown [s\src\hotspot\share\prims\jni.cpp, line 516]
Event: 2.829 Thread 0x0000000051733930 Exception <a 'sun/nio/fs/WindowsException'{0x00000000c443cd90}> (0x00000000c443cd90) 
thrown [s\src\hotspot\share\prims\jni.cpp, line 516]
Event: 2.829 Thread 0x0000000051733930 Exception <a 'sun/nio/fs/WindowsException'{0x00000000c443d1b0}> (0x00000000c443d1b0) 
thrown [s\src\hotspot\share\prims\jni.cpp, line 516]
Event: 2.829 Thread 0x0000000051733930 Exception <a 'sun/nio/fs/WindowsException'{0x00000000c443dc00}> (0x00000000c443dc00) 
thrown [s\src\hotspot\share\prims\jni.cpp, line 516]
Event: 2.829 Thread 0x0000000051733930 Exception <a 'sun/nio/fs/WindowsException'{0x00000000c443e018}> (0x00000000c443e018) 
thrown [s\src\hotspot\share\prims\jni.cpp, line 516]
Event: 3.422 Thread 0x00000000516a4b00 Exception <a 'java/lang/NoSuchMethodError'{0x00000000c6884898}: 'java.lang.Object java.lang.invoke.Invokers$Holder.invoke_MT(java.lang.Object, java.lang.Object, java.lang.Object)'> (0x00000000c6884898) 
thrown [s\src\hotspot\share\interpreter\linkResolver.cpp, line 759]
Event: 3.579 Thread 0x00000000516a4b00 Exception <a 'java/lang/NoSuchMethodError'{0x00000000c6e11e18}: 'java.lang.Object java.lang.invoke.DirectMethodHandle$Holder.newInvokeSpecial(java.lang.Object, java.lang.Object, int)'> (0x00000000c6e11e18) 
thrown [s\src\hotspot\share\interpreter\linkResolver.cpp, line 759]
Event: 3.587 Thread 0x0000000051822b70 Exception <a 'java/lang/NoSuchMethodError'{0x00000000c6cd2ce0}: 'java.lang.Object java.lang.invoke.Invokers$Holder.linkToTargetMethod(java.lang.Object, long, java.lang.Object)'> (0x00000000c6cd2ce0) 
thrown [s\src\hotspot\share\interpreter\linkResolver.cpp, line 759]
Event: 3.601 Thread 0x0000000051822b70 Exception <a 'sun/nio/fs/WindowsException'{0x00000000c69cca08}> (0x00000000c69cca08) 
thrown [s\src\hotspot\share\prims\jni.cpp, line 516]

VM Operations (20 events):
Event: 3.288 Executing VM operation: HandshakeAllThreads done
Event: 3.312 Executing VM operation: G1CollectForAllocation
Event: 3.330 Executing VM operation: G1CollectForAllocation done
Event: 3.391 Executing VM operation: G1CollectForAllocation
Event: 3.402 Executing VM operation: G1CollectForAllocation done
Event: 3.411 Executing VM operation: HandshakeAllThreads
Event: 3.411 Executing VM operation: HandshakeAllThreads done
Event: 3.412 Executing VM operation: HandshakeAllThreads
Event: 3.412 Executing VM operation: HandshakeAllThreads done
Event: 3.474 Executing VM operation: HandshakeAllThreads
Event: 3.474 Executing VM operation: HandshakeAllThreads done
Event: 3.496 Executing VM operation: G1Concurrent
Event: 3.499 Executing VM operation: G1Concurrent done
Event: 3.520 Executing VM operation: G1CollectForAllocation
Event: 3.529 Executing VM operation: G1CollectForAllocation done
Event: 3.547 Executing VM operation: G1Concurrent
Event: 3.547 Executing VM operation: G1Concurrent done
Event: 3.618 Executing VM operation: G1TryInitiateConcMark
Event: 3.634 Executing VM operation: G1TryInitiateConcMark done
Event: 3.685 Executing VM operation: G1CollectForAllocation

Events (20 events):
Event: 3.475 loading class java/nio/file/Files$3 done
Event: 3.475 loading class java/nio/file/FileVisitResult
Event: 3.475 loading class java/nio/file/FileVisitResult done
Event: 3.535 loading class java/nio/channels/Channels$ReadableByteChannelImpl
Event: 3.535 loading class java/nio/channels/Channels$ReadableByteChannelImpl done
Event: 3.535 loading class java/nio/channels/NonWritableChannelException
Event: 3.535 loading class java/nio/channels/NonWritableChannelException done
Event: 3.574 loading class java/util/WeakHashMap$EntrySet
Event: 3.574 loading class java/util/WeakHashMap$EntrySet done
Event: 3.574 loading class java/util/WeakHashMap$EntryIterator
Event: 3.574 loading class java/util/WeakHashMap$HashIterator
Event: 3.574 loading class java/util/WeakHashMap$HashIterator done
Event: 3.574 loading class java/util/WeakHashMap$EntryIterator done
Event: 3.581 Thread 0x0000000051822b70 Thread added: 0x0000000051822b70
Event: 3.591 loading class java/security/NoSuchAlgorithmException
Event: 3.591 loading class java/security/NoSuchAlgorithmException done
Event: 3.592 loading class sun/security/provider/MD5
Event: 3.592 loading class sun/security/provider/MD5 done
Event: 3.592 loading class sun/security/provider/ByteArrayAccess$LE
Event: 3.592 loading class sun/security/provider/ByteArrayAccess$LE done


Dynamic libraries:
0x000000013f6b0000 - 0x000000013f6be000 	c:\Users\KL_Schweizer\.vscode\extensions\redhat.java-1.11.0-win32-x64\jre\17.0.4.1-win32-x86_64\bin\java.exe
0x0000000077670000 - 0x000000007780f000 	C:\Windows\SYSTEM32\ntdll.dll
0x0000000077450000 - 0x000000007756f000 	C:\Windows\system32\kernel32.dll
0x000007fefd8a0000 - 0x000007fefd90a000 	C:\Windows\system32\KERNELBASE.dll
0x000007fee3ad0000 - 0x000007fee3ae8000 	c:\Users\KL_Schweizer\.vscode\extensions\redhat.java-1.11.0-win32-x64\jre\17.0.4.1-win32-x86_64\bin\jli.dll
0x000007fefb760000 - 0x000007fefb954000 	C:\Windows\WinSxS\amd64_microsoft.windows.common-controls_6595b64144ccf1df_6.0.7601.17514_none_fa396087175ac9ac\COMCTL32.dll
0x000007feff7c0000 - 0x000007feff85f000 	C:\Windows\system32\msvcrt.dll
0x000007fefef20000 - 0x000007fefef87000 	C:\Windows\system32\GDI32.dll
0x0000000077570000 - 0x000000007766a000 	C:\Windows\system32\USER32.dll
0x000007feff2d0000 - 0x000007feff2de000 	C:\Windows\system32\LPK.dll
0x000007feff890000 - 0x000007feff959000 	C:\Windows\system32\USP10.dll
0x000007fefeff0000 - 0x000007feff061000 	C:\Windows\system32\SHLWAPI.dll
0x000007fef55c0000 - 0x000007fef55d9000 	c:\Users\KL_Schweizer\.vscode\extensions\redhat.java-1.11.0-win32-x64\jre\17.0.4.1-win32-x86_64\bin\VCRUNTIME140.dll
0x000007fef55b0000 - 0x000007fef55b4000 	c:\Users\KL_Schweizer\.vscode\extensions\redhat.java-1.11.0-win32-x64\jre\17.0.4.1-win32-x86_64\bin\api-ms-win-crt-runtime-l1-1-0.dll
0x000007fec7650000 - 0x000007fec774a000 	c:\Users\KL_Schweizer\.vscode\extensions\redhat.java-1.11.0-win32-x64\jre\17.0.4.1-win32-x86_64\bin\ucrtbase.DLL
0x000007fef5690000 - 0x000007fef5693000 	c:\Users\KL_Schweizer\.vscode\extensions\redhat.java-1.11.0-win32-x64\jre\17.0.4.1-win32-x86_64\bin\api-ms-win-core-localization-l1-2-0.dll
0x000007fee3ab0000 - 0x000007fee3ab3000 	c:\Users\KL_Schweizer\.vscode\extensions\redhat.java-1.11.0-win32-x64\jre\17.0.4.1-win32-x86_64\bin\api-ms-win-core-processthreads-l1-1-1.dll
0x000007fee3ac0000 - 0x000007fee3ac3000 	c:\Users\KL_Schweizer\.vscode\extensions\redhat.java-1.11.0-win32-x64\jre\17.0.4.1-win32-x86_64\bin\api-ms-win-core-file-l1-2-0.dll
0x000007fee38e0000 - 0x000007fee38e3000 	c:\Users\KL_Schweizer\.vscode\extensions\redhat.java-1.11.0-win32-x64\jre\17.0.4.1-win32-x86_64\bin\api-ms-win-core-timezone-l1-1-0.dll
0x000007fee3a50000 - 0x000007fee3a53000 	c:\Users\KL_Schweizer\.vscode\extensions\redhat.java-1.11.0-win32-x64\jre\17.0.4.1-win32-x86_64\bin\api-ms-win-core-file-l2-1-0.dll
0x000007fee3700000 - 0x000007fee3703000 	c:\Users\KL_Schweizer\.vscode\extensions\redhat.java-1.11.0-win32-x64\jre\17.0.4.1-win32-x86_64\bin\api-ms-win-core-synch-l1-2-0.dll
0x000007fee3710000 - 0x000007fee3713000 	c:\Users\KL_Schweizer\.vscode\extensions\redhat.java-1.11.0-win32-x64\jre\17.0.4.1-win32-x86_64\bin\api-ms-win-crt-heap-l1-1-0.dll
0x000007fee30b0000 - 0x000007fee30b4000 	c:\Users\KL_Schweizer\.vscode\extensions\redhat.java-1.11.0-win32-x64\jre\17.0.4.1-win32-x86_64\bin\api-ms-win-crt-string-l1-1-0.dll
0x000007fee30c0000 - 0x000007fee30c4000 	c:\Users\KL_Schweizer\.vscode\extensions\redhat.java-1.11.0-win32-x64\jre\17.0.4.1-win32-x86_64\bin\api-ms-win-crt-stdio-l1-1-0.dll
0x000007fee2840000 - 0x000007fee2844000 	c:\Users\KL_Schweizer\.vscode\extensions\redhat.java-1.11.0-win32-x64\jre\17.0.4.1-win32-x86_64\bin\api-ms-win-crt-convert-l1-1-0.dll
0x000007fee2850000 - 0x000007fee2853000 	c:\Users\KL_Schweizer\.vscode\extensions\redhat.java-1.11.0-win32-x64\jre\17.0.4.1-win32-x86_64\bin\api-ms-win-crt-environment-l1-1-0.dll
0x000007fedd380000 - 0x000007fedd383000 	c:\Users\KL_Schweizer\.vscode\extensions\redhat.java-1.11.0-win32-x64\jre\17.0.4.1-win32-x86_64\bin\api-ms-win-crt-filesystem-l1-1-0.dll
0x000007fee2830000 - 0x000007fee2835000 	c:\Users\KL_Schweizer\.vscode\extensions\redhat.java-1.11.0-win32-x64\jre\17.0.4.1-win32-x86_64\bin\api-ms-win-crt-math-l1-1-0.dll
0x000007fedcad0000 - 0x000007fedcad3000 	c:\Users\KL_Schweizer\.vscode\extensions\redhat.java-1.11.0-win32-x64\jre\17.0.4.1-win32-x86_64\bin\api-ms-win-crt-locale-l1-1-0.dll
0x000007feff860000 - 0x000007feff88e000 	C:\Windows\system32\IMM32.DLL
0x000007fefde70000 - 0x000007fefdf79000 	C:\Windows\system32\MSCTF.dll
0x000007fedd270000 - 0x000007fedd27c000 	c:\Users\KL_Schweizer\.vscode\extensions\redhat.java-1.11.0-win32-x64\jre\17.0.4.1-win32-x86_64\bin\vcruntime140_1.dll
0x000007fec8910000 - 0x000007fec89a1000 	c:\Users\KL_Schweizer\.vscode\extensions\redhat.java-1.11.0-win32-x64\jre\17.0.4.1-win32-x86_64\bin\msvcp140.dll
0x000007fedcab0000 - 0x000007fedcab3000 	c:\Users\KL_Schweizer\.vscode\extensions\redhat.java-1.11.0-win32-x64\jre\17.0.4.1-win32-x86_64\bin\api-ms-win-crt-time-l1-1-0.dll
0x000007fedcac0000 - 0x000007fedcac3000 	c:\Users\KL_Schweizer\.vscode\extensions\redhat.java-1.11.0-win32-x64\jre\17.0.4.1-win32-x86_64\bin\api-ms-win-crt-utility-l1-1-0.dll
0x000007fec4960000 - 0x000007fec55a6000 	c:\Users\KL_Schweizer\.vscode\extensions\redhat.java-1.11.0-win32-x64\jre\17.0.4.1-win32-x86_64\bin\server\jvm.dll
0x000007feff2e0000 - 0x000007feff3bb000 	C:\Windows\system32\ADVAPI32.dll
0x000007fefd970000 - 0x000007fefd98f000 	C:\Windows\SYSTEM32\sechost.dll
0x000007feff690000 - 0x000007feff7bc000 	C:\Windows\system32\RPCRT4.dll
0x000007fef5920000 - 0x000007fef5929000 	C:\Windows\system32\WSOCK32.dll
0x000007feff540000 - 0x000007feff58d000 	C:\Windows\system32\WS2_32.dll
0x000007fefdb60000 - 0x000007fefdb68000 	C:\Windows\system32\NSI.dll
0x000007fef90e0000 - 0x000007fef911b000 	C:\Windows\system32\WINMM.dll
0x000007fefc840000 - 0x000007fefc84c000 	C:\Windows\system32\VERSION.dll
0x0000000077820000 - 0x0000000077827000 	C:\Windows\system32\PSAPI.DLL
0x000007feda0c0000 - 0x000007feda0ca000 	c:\Users\KL_Schweizer\.vscode\extensions\redhat.java-1.11.0-win32-x64\jre\17.0.4.1-win32-x86_64\bin\jimage.dll
0x000007fef5f10000 - 0x000007fef6035000 	C:\Windows\system32\DBGHELP.DLL
0x000007feda090000 - 0x000007feda0b5000 	c:\Users\KL_Schweizer\.vscode\extensions\redhat.java-1.11.0-win32-x64\jre\17.0.4.1-win32-x86_64\bin\java.dll
0x000007fed9b70000 - 0x000007fed9b88000 	c:\Users\KL_Schweizer\.vscode\extensions\redhat.java-1.11.0-win32-x64\jre\17.0.4.1-win32-x86_64\bin\zip.dll
0x000007fefe190000 - 0x000007fefef18000 	C:\Windows\system32\SHELL32.dll
0x000007fefdf80000 - 0x000007fefe183000 	C:\Windows\system32\ole32.dll
0x000007fefd5a0000 - 0x000007fefd5af000 	C:\Windows\system32\profapi.dll
0x000007feda060000 - 0x000007feda079000 	C:\Users\KL_Schweizer\.vscode\extensions\redhat.java-1.11.0-win32-x64\jre\17.0.4.1-win32-x86_64\bin\net.dll
0x000007fef23e0000 - 0x000007fef2451000 	C:\Windows\system32\WINHTTP.dll
0x000007fef2370000 - 0x000007fef23d4000 	C:\Windows\system32\webio.dll
0x000007fefcdc0000 - 0x000007fefce15000 	C:\Windows\system32\mswsock.dll
0x000007fefcdb0000 - 0x000007fefcdb7000 	C:\Windows\System32\wship6.dll
0x000007fed9710000 - 0x000007fed9725000 	C:\Users\KL_Schweizer\.vscode\extensions\redhat.java-1.11.0-win32-x64\jre\17.0.4.1-win32-x86_64\bin\nio.dll
0x000007fed9ae0000 - 0x000007fed9af0000 	c:\Users\KL_Schweizer\.vscode\extensions\redhat.java-1.11.0-win32-x64\jre\17.0.4.1-win32-x86_64\bin\verify.dll
0x000007fee28f0000 - 0x000007fee28f9000 	C:\Users\KL_Schweizer\.vscode\extensions\redhat.java-1.11.0-win32-x64\jre\17.0.4.1-win32-x86_64\bin\management.dll
0x000007fee28e0000 - 0x000007fee28eb000 	C:\Users\KL_Schweizer\.vscode\extensions\redhat.java-1.11.0-win32-x64\jre\17.0.4.1-win32-x86_64\bin\management_ext.dll
0x000007fefa3e0000 - 0x000007fefa3f5000 	C:\Windows\system32\NLAapi.dll
0x000007fef5a00000 - 0x000007fef5a15000 	C:\Windows\system32\napinsp.dll
0x000007fef59e0000 - 0x000007fef59f9000 	C:\Windows\system32\pnrpnsp.dll
0x000007fefcc40000 - 0x000007fefcc9b000 	C:\Windows\system32\DNSAPI.dll
0x000007fef5950000 - 0x000007fef595b000 	C:\Windows\System32\winrnr.dll
0x0000000073d70000 - 0x0000000073d9e000 	c:\Program Files\Common Files\Microsoft Shared\Windows Live\WLIDNSP.DLL
0x000007fefbeb0000 - 0x000007fefbeb7000 	C:\Windows\System32\wshtcpip.dll
0x000007fefc5c0000 - 0x000007fefc5e7000 	C:\Windows\system32\IPHLPAPI.DLL
0x000007fefc5b0000 - 0x000007fefc5bb000 	C:\Windows\system32\WINNSI.DLL
0x000007fef4280000 - 0x000007fef4288000 	C:\Windows\system32\rasadhlp.dll
0x000007fef9b30000 - 0x000007fef9b83000 	C:\Windows\System32\fwpuclnt.dll
0x000007fefce20000 - 0x000007fefce38000 	C:\Windows\system32\CRYPTSP.dll
0x000007fefcb20000 - 0x000007fefcb67000 	C:\Windows\system32\rsaenh.dll
0x000007fefc8e0000 - 0x000007fefc8fe000 	C:\Windows\system32\USERENV.dll
0x000007fefd4d0000 - 0x000007fefd4df000 	C:\Windows\system32\CRYPTBASE.dll
0x000007fef9ab0000 - 0x000007fef9ac1000 	C:\Windows\system32\dhcpcsvc6.DLL
0x000007fef9a90000 - 0x000007fef9aa8000 	C:\Windows\system32\dhcpcsvc.DLL

dbghelp: loaded successfully - version: 4.0.5 - missing functions: none
symbol engine: initialized successfully - sym options: 0x614 - pdb path: .;c:\Users\KL_Schweizer\.vscode\extensions\redhat.java-1.11.0-win32-x64\jre\17.0.4.1-win32-x86_64\bin;C:\Windows\SYSTEM32;C:\Windows\WinSxS\amd64_microsoft.windows.common-controls_6595b64144ccf1df_6.0.7601.17514_none_fa396087175ac9ac;c:\Users\KL_Schweizer\.vscode\extensions\redhat.java-1.11.0-win32-x64\jre\17.0.4.1-win32-x86_64\bin\server;c:\Program Files\Common Files\Microsoft Shared\Windows Live

VM Arguments:
jvm_args: -Dsts.lsp.client=vscode -Dsts.log.file=/dev/null -XX:TieredStopAtLevel=1 -Xlog:jni+resolve=off -Dspring.config.location=file:c:\Users\KL_Schweizer\.vscode\extensions\pivotal.vscode-spring-boot-1.40.0\language-server\BOOT-INF\classes\application.properties 
java_command: org.springframework.ide.vscode.boot.app.BootLanguageServerBootApp
java_class_path (initial): c:\Users\KL_Schweizer\.vscode\extensions\pivotal.vscode-spring-boot-1.40.0\language-server\BOOT-INF\classes;c:\Users\KL_Schweizer\.vscode\extensions\pivotal.vscode-spring-boot-1.40.0\language-server\BOOT-INF\lib\annotations-23.0.0.jar;c:\Users\KL_Schweizer\.vscode\extensions\pivotal.vscode-spring-boot-1.40.0\language-server\BOOT-INF\lib\ant-1.10.12.jar;c:\Users\KL_Schweizer\.vscode\extensions\pivotal.vscode-spring-boot-1.40.0\language-server\BOOT-INF\lib\ant-launcher-1.10.12.jar;c:\Users\KL_Schweizer\.vscode\extensions\pivotal.vscode-spring-boot-1.40.0\language-server\BOOT-INF\lib\antlr-runtime-3.5.2.jar;c:\Users\KL_Schweizer\.vscode\extensions\pivotal.vscode-spring-boot-1.40.0\language-server\BOOT-INF\lib\antlr4-4.9.3.jar;c:\Users\KL_Schweizer\.vscode\extensions\pivotal.vscode-spring-boot-1.40.0\language-server\BOOT-INF\lib\antlr4-runtime-4.9.3.jar;c:\Users\KL_Schweizer\.vscode\extensions\pivotal.vscode-spring-boot-1.40.0\language-server\BOOT-INF\lib\asm-9.3.jar;c:\Users\KL_Schweizer\.vscode\extensions\pivotal.vscode-spring-boot-1.40.0\language-server\BOOT-INF\lib\asm-analysis-9.3.jar;c:\Users\KL_Schweizer\.vscode\extensions\pivotal.vscode-spring-boot-1.40.0\language-server\BOOT-INF\lib\asm-tree-9.3.jar;c:\Users\KL_Schweizer\.vscode\extensions\pivotal.vscode-spring-boot-1.40.0\language-server\BOOT-INF\lib\asm-util-9.3.jar;c:\Users\KL_Schweizer\.vscode\extensions\pivotal.vscode-spring-boot-1.40.0\language-server\BOOT-INF\lib\byte-buddy-1.12.13.jar;c:\Users\KL_Schweizer\.vscode\extensions\pivotal.vscode-spring-boot-1.40.0\language-server\BOOT-INF\lib\caffeine-2.9.3.jar;c:\Users\KL_Schweizer\.vscode\extensions\pivotal.vscode-spring-boot-1.40.0\language-server\BOOT-INF\lib\checker-qual-3.12.0.jar;c:\Users\KL_Schweizer\.vscode\extensions\pivotal.vscode-spring-boot-1.40.0\language-server\BOOT-INF\lib\classgraph-4.8.149.jar;c:\Users\KL_Schweizer\.vscode\extensions\pivotal.vscode-spring-boot-1.40.0\language-server\BOOT-INF\lib\commons-codec-1.1
Launcher Type: SUN_STANDARD

[Global flags]
     intx CICompilerCount                          = 3                                         {product} {ergonomic}
     uint ConcGCThreads                            = 1                                         {product} {ergonomic}
     uint G1ConcRefinementThreads                  = 4                                         {product} {ergonomic}
   size_t G1HeapRegionSize                         = 1048576                                   {product} {ergonomic}
    uintx GCDrainStackTargetSize                   = 64                                        {product} {ergonomic}
   size_t InitialHeapSize                          = 67108864                                  {product} {ergonomic}
   size_t MarkStackSize                            = 4194304                                   {product} {ergonomic}
   size_t MaxHeapSize                              = 1048576000                                {product} {ergonomic}
   size_t MaxNewSize                               = 629145600                                 {product} {ergonomic}
   size_t MinHeapDeltaBytes                        = 1048576                                   {product} {ergonomic}
   size_t MinHeapSize                              = 8388608                                   {product} {ergonomic}
    uintx NonProfiledCodeHeapSize                  = 0                                      {pd product} {ergonomic}
     bool ProfileInterpreter                       = false                                  {pd product} {command line}
    uintx ProfiledCodeHeapSize                     = 0                                      {pd product} {ergonomic}
   size_t SoftMaxHeapSize                          = 1048576000                             {manageable} {ergonomic}
     intx TieredStopAtLevel                        = 1                                         {product} {command line}
     bool UseCompressedClassPointers               = true                           {product lp64_product} {ergonomic}
     bool UseCompressedOops                        = true                           {product lp64_product} {ergonomic}
     bool UseG1GC                                  = true                                      {product} {ergonomic}
     bool UseLargePagesIndividualAllocation        = false                                  {pd product} {ergonomic}

Logging:
Log output configuration:
 #0: stdout all=warning,jni+resolve=off uptime,level,tags
 #1: stderr all=off uptime,level,tags

Environment Variables:
PATH=C:\Program Files\Common Files\Oracle\Java\javapath;C:\Program Files (x86)\Common Files\Oracle\Java\javapath;C:\Program Files (x86)\Common Files\Microsoft Shared\Windows Live;C:\Windows\system32;C:\Windows;C:\Windows\System32\Wbem;C:\Windows\System32\WindowsPowerShell\v1.0\;C:\Program Files\nodejs\;C:\xampp\php;C:\composer;C:\Program Files\dotnet\;C:\Program Files\Git\cmd;C:\Program Files\NVIDIA Corporation\NVIDIA NvDLISR;C:\Program Files (x86)\GtkSharp\2.12\bin;C:\Users\KL_Schweizer\.dnx\bin;C:\Program Files\Microsoft DNX\Dnvm\;C:\Program Files (x86)\NVIDIA Corporation\PhysX\Common;C:\Program Files\Microsoft SQL Server\130\Tools\Binn\;C:\Windows\System32\WindowsPowerShell\v1.0\;C:\apache-maven-3.8.6-bin\apache-maven-3.8.6\bin;C:\Program Files (x86)\MySQL\MySQL Server 5.0\bin;C:\laragon\bin;C:\laragon\bin\apache\httpd-2.4.54-win64-VS16\bin;C:\laragon\bin\composer;C:\laragon\bin\git\bin;C:\laragon\bin\git\cmd;C:\laragon\bin\git\mingw64\bin;C:\laragon\bin\git\usr\bin;C:\laragon\bin\laragon\utils;C:\laragon\bin\mysql\mysql-8.0.30-winx64\bin;C:\laragon\bin\nginx\nginx-1.22.0;C:\laragon\bin\ngrok;C:\laragon\bin\nodejs\node-v18;C:\laragon\bin\notepad++;C:\laragon\bin\php\php-8.1.10-Win32-vs16-x64;C:\laragon\bin\python\python-3.10;C:\laragon\bin\python\python-3.10\Scripts;C:\laragon\bin\redis\redis-x64-5.0.14.1;C:\laragon\bin\telnet;C:\laragon\usr\bin;C:\Users\KL_Schweizer\AppData\Local\Yarn\config\global\node_modules\.bin;C:\Users\KL_Schweizer\AppData\Roaming\Composer\vendor\bin;C:\Users\KL_Schweizer\AppData\Roaming\npm;C:\Users\KL_Schweizer\AppData\Local\Programs\Python\Python38-32\Scripts\;C:\Users\KL_Schweizer\AppData\Local\Programs\Python\Python38-32\;D:\pktriot-0.14.1.win64\pktriot-0.14.1;C:\Users\KL_Schweizer\AppData\Local\Programs\Microsoft VS Code\bin;D:\Program Files\Docker Toolbox;D:\Program Files\flutter\bin;C:\Users\KL_Schweizer\AppData\Local\Pub\Cache\bin;
USERNAME=KL_Schweizer
OS=Windows_NT
PROCESSOR_IDENTIFIER=Intel64 Family 6 Model 58 Stepping 9, GenuineIntel
TMP=C:\Users\KL_SCH~1\AppData\Local\Temp
TEMP=C:\Users\KL_SCH~1\AppData\Local\Temp



---------------  S Y S T E M  ---------------

OS:
 Windows 7 , 64 bit Build 7601 (6.1.7601.24384)
OS uptime: 0 days 5:18 hours

CPU: total 4 (initial active 4) (2 cores per cpu, 2 threads per core) family 6 model 58 stepping 9 microcode 0x0, cx8, cmov, fxsr, ht, mmx, sse, sse2, sse3, ssse3, sse4.1, sse4.2, popcnt, tsc, tscinvbit, avx, erms, clmul, vzeroupper, clflush

Memory: 4k page, system-wide physical 3993M (11M free)
TotalPageFile size 9275M (AvailPageFile size 36M)
current process WorkingSet (physical memory assigned to process): 204M, peak: 204M
current process commit charge ("private bytes"): 234M, peak: 395M

vm_info: OpenJDK 64-Bit Server VM (17.0.4.1+1) for windows-amd64 JRE (17.0.4.1+1), built on Aug 17 2022 07:42:43 by "temurin" with MS VC++ 16.7 (VS2019)

END.
