#
# There is insufficient memory for the Java Runtime Environment to continue.
# Native memory allocation (mmap) failed to map 328204288 bytes for G1 virtual space
# Possible reasons:
#   The system is out of physical RAM or swap space
#   The process is running with CompressedOops enabled, and the Java Heap may be blocking the growth of the native heap
# Possible solutions:
#   Reduce memory load on the system
#   Increase physical memory or swap space
#   Check if swap backing store is full
#   Decrease Java heap size (-Xmx/-Xms)
#   Decrease number of Java threads
#   Decrease Java thread stack sizes (-Xss)
#   Set larger code cache with -XX:ReservedCodeCacheSize=
#   JVM is running with Unscaled Compressed Oops mode in which the Java heap is
#     placed in the first 4GB address space. The Java Heap base address is the
#     maximum limit for the native heap growth. Please use -XX:HeapBaseMinAddress
#     to set the Java Heap base and to place the Java Heap above 4GB virtual address.
# This output file may be truncated or incomplete.
#
#  Out of Memory Error (os_windows.cpp:3541), pid=6484, tid=2652
#
# JRE version: OpenJDK Runtime Environment Temurin-17.0.4.1+1 (17.0.4.1+1) (build 17.0.4.1+1)
# Java VM: OpenJDK 64-Bit Server VM Temurin-17.0.4.1+1 (17.0.4.1+1, mixed mode, emulated-client, tiered, compressed oops, compressed class ptrs, g1 gc, windows-amd64)
# No core dump will be written. Minidumps are not enabled by default on client versions of Windows
#

---------------  S U M M A R Y ------------

Command Line: -Dsts.lsp.client=vscode -Dsts.log.file=/dev/null -XX:TieredStopAtLevel=1 -Xlog:jni+resolve=off -Dspring.config.location=file:c:\Users\KL_Schweizer\.vscode\extensions\pivotal.vscode-spring-boot-1.39.0\language-server\BOOT-INF\classes\application.properties org.springframework.ide.vscode.boot.app.BootLanguageServerBootApp

Host: Intel(R) Core(TM) i3-3240 CPU @ 3.40GHz, 4 cores, 3G,  Windows 7 , 64 bit Build 7601 (6.1.7601.24384)
Time: Sun Oct 23 16:15:53 2022 Taipei Standard Time elapsed time: 5.366966 seconds (0d 0h 0m 5s)

---------------  T H R E A D  ---------------

Current thread (0x000000004dc93fe0):  VMThread "VM Thread" [stack: 0x000000004de10000,0x000000004df10000] [id=2652]

Stack: [0x000000004de10000,0x000000004df10000]
Native frames: (J=compiled Java code, j=interpreted, Vv=VM code, C=native code)
V  [jvm.dll+0x67731a]
V  [jvm.dll+0x832284]
V  [jvm.dll+0x833a2e]
V  [jvm.dll+0x834093]
V  [jvm.dll+0x245775]
V  [jvm.dll+0x674209]
V  [jvm.dll+0x668a92]
V  [jvm.dll+0x30471b]
V  [jvm.dll+0x30bc66]
V  [jvm.dll+0x35ba9e]
V  [jvm.dll+0x35bccf]
V  [jvm.dll+0x2db5b8]
V  [jvm.dll+0x2d986c]
V  [jvm.dll+0x2d8e3c]
V  [jvm.dll+0x31cd9b]
V  [jvm.dll+0x83853b]
V  [jvm.dll+0x839274]
V  [jvm.dll+0x83978c]
V  [jvm.dll+0x839b64]
V  [jvm.dll+0x839c30]
V  [jvm.dll+0x7e240a]
V  [jvm.dll+0x6761a5]
C  [ucrtbase.DLL+0x1c1ae]
C  [kernel32.dll+0x1570d]
C  [ntdll.dll+0x5385d]

VM_Operation (0x00000000521ae0a0): G1CollectForAllocation, mode: safepoint, requested by thread 0x00000000518a2090


---------------  P R O C E S S  ---------------

Threads class SMR info:
_java_thread_list=0x0000000054e0fda0, length=32, elements={
0x000000004dcc6850, 0x000000004dcc7cb0, 0x000000004dcfbaa0, 0x000000004dcfc4c0,
0x000000004dd077d0, 0x000000004dd0c4d0, 0x000000004dd0d530, 0x000000004dd0e5d0,
0x000000004f1d7f50, 0x000000004f1f1800, 0x000000004f1fd110, 0x000000004ff0bcc0,
0x000000005151f0d0, 0x000000005175c7d0, 0x00000000518a7880, 0x00000000518a9c40,
0x00000000518aa110, 0x00000000518aa5e0, 0x00000000518aaab0, 0x00000000518a1bc0,
0x00000000518a2090, 0x00000000518a2560, 0x00000000518a2a30, 0x00000000518a2f00,
0x00000000518a33d0, 0x00000000518a38a0, 0x00000000518a3d70, 0x00000000518a4240,
0x00000000518a4710, 0x00000000518a4be0, 0x00000000518a50b0, 0x00000000518a5580
}

Java Threads: ( => current thread )
  0x000000004dcc6850 JavaThread "Reference Handler" daemon [_thread_blocked, id=5532, stack(0x000000000d8b0000,0x000000000d9b0000)]
  0x000000004dcc7cb0 JavaThread "Finalizer" daemon [_thread_blocked, id=1876, stack(0x000000004e870000,0x000000004e970000)]
  0x000000004dcfbaa0 JavaThread "Signal Dispatcher" daemon [_thread_blocked, id=6800, stack(0x000000004ea80000,0x000000004eb80000)]
  0x000000004dcfc4c0 JavaThread "Attach Listener" daemon [_thread_blocked, id=5888, stack(0x000000000dae0000,0x000000000dbe0000)]
  0x000000004dd077d0 JavaThread "Service Thread" daemon [_thread_blocked, id=3252, stack(0x000000004e970000,0x000000004ea70000)]
  0x000000004dd0c4d0 JavaThread "Monitor Deflation Thread" daemon [_thread_blocked, id=4448, stack(0x000000004ebe0000,0x000000004ece0000)]
  0x000000004dd0d530 JavaThread "C1 CompilerThread0" daemon [_thread_blocked, id=7408, stack(0x000000004ed60000,0x000000004ee60000)]
  0x000000004dd0e5d0 JavaThread "Sweeper thread" daemon [_thread_blocked, id=8176, stack(0x000000004efe0000,0x000000004f0e0000)]
  0x000000004f1d7f50 JavaThread "C1 CompilerThread1" daemon [_thread_blocked, id=5472, stack(0x000000000d620000,0x000000000d720000)]
  0x000000004f1f1800 JavaThread "Notification Thread" daemon [_thread_blocked, id=7012, stack(0x000000004ee90000,0x000000004ef90000)]
  0x000000004f1fd110 JavaThread "Common-Cleaner" daemon [_thread_blocked, id=5288, stack(0x000000004f830000,0x000000004f930000)]
  0x000000004ff0bcc0 JavaThread "C1 CompilerThread2" daemon [_thread_blocked, id=3204, stack(0x0000000050d40000,0x0000000050e40000)]
  0x000000005151f0d0 JavaThread "boundedElastic-evictor-1" daemon [_thread_blocked, id=2940, stack(0x0000000050c00000,0x0000000050d00000)]
  0x000000005175c7d0 JavaThread "ForkJoinPool.commonPool-worker-1" daemon [_thread_blocked, id=4912, stack(0x0000000052620000,0x0000000052720000)]
  0x00000000518a7880 JavaThread "ClassGraph-worker-0" daemon [_thread_blocked, id=8160, stack(0x0000000053860000,0x0000000053960000)]
  0x00000000518a9c40 JavaThread "ClassGraph-worker-1" daemon [_thread_blocked, id=6088, stack(0x00000000539f0000,0x0000000053af0000)]
  0x00000000518aa110 JavaThread "ClassGraph-worker-2" daemon [_thread_blocked, id=2060, stack(0x00000000523a0000,0x00000000524a0000)]
  0x00000000518aa5e0 JavaThread "ClassGraph-worker-3" daemon [_thread_blocked, id=1840, stack(0x0000000053bb0000,0x0000000053cb0000)]
  0x00000000518aaab0 JavaThread "ClassGraph-worker-4" daemon [_thread_blocked, id=6260, stack(0x0000000050e50000,0x0000000050f50000)]
  0x00000000518a1bc0 JavaThread "ClassGraph-worker-5" daemon [_thread_blocked, id=4036, stack(0x0000000053d90000,0x0000000053e90000)]
  0x00000000518a2090 JavaThread "ClassGraph-worker-6" daemon [_thread_blocked, id=1116, stack(0x00000000520b0000,0x00000000521b0000)]
  0x00000000518a2560 JavaThread "ClassGraph-worker-7" daemon [_thread_blocked, id=2216, stack(0x0000000053f20000,0x0000000054020000)]
  0x00000000518a2a30 JavaThread "pool-9-thread-1" [_thread_blocked, id=5272, stack(0x0000000054210000,0x0000000054310000)]
  0x00000000518a2f00 JavaThread "LanguageServerApp-lifecycle" [_thread_blocked, id=2784, stack(0x0000000054330000,0x0000000054430000)]
  0x00000000518a33d0 JavaThread "DestroyJavaVM" [_thread_blocked, id=3988, stack(0x0000000002160000,0x0000000002260000)]
  0x00000000518a38a0 JavaThread "pool-10-thread-1" [_thread_in_native, id=1656, stack(0x0000000054450000,0x0000000054550000)]
  0x00000000518a3d70 JavaThread "Simple-Language-Server main thread" daemon [_thread_blocked, id=6252, stack(0x0000000054650000,0x0000000054750000)]
  0x00000000518a4240 JavaThread "pool-7-thread-1" [_thread_blocked, id=1276, stack(0x0000000054880000,0x0000000054980000)]
  0x00000000518a4710 JavaThread "parallel-1" daemon [_thread_blocked, id=2756, stack(0x0000000054a80000,0x0000000054b80000)]
  0x00000000518a4be0 JavaThread "pool-4-thread-1" [_thread_blocked, id=1520, stack(0x0000000054ce0000,0x0000000054de0000)]
  0x00000000518a50b0 JavaThread "Reconciler-1" daemon [_thread_blocked, id=7260, stack(0x0000000054b80000,0x0000000054c80000)]
  0x00000000518a5580 JavaThread "parallel-2" daemon [_thread_blocked, id=4480, stack(0x0000000056000000,0x0000000056100000)]

Other Threads:
=>0x000000004dc93fe0 VMThread "VM Thread" [stack: 0x000000004de10000,0x000000004df10000] [id=2652]
  0x000000004f1f1cd0 WatcherThread [stack: 0x000000004f690000,0x000000004f790000] [id=5412]
  0x0000000000406da0 GCTaskThread "GC Thread#0" [stack: 0x000000000ac80000,0x000000000ad80000] [id=1256]
  0x000000004fe8b340 GCTaskThread "GC Thread#1" [stack: 0x00000000502a0000,0x00000000503a0000] [id=3984]
  0x000000004fea6660 GCTaskThread "GC Thread#2" [stack: 0x0000000050150000,0x0000000050250000] [id=1780]
  0x000000004ffb2350 GCTaskThread "GC Thread#3" [stack: 0x0000000050f90000,0x0000000051090000] [id=5568]
  0x00000000004100f0 ConcurrentGCThread "G1 Main Marker" [stack: 0x000000000ae00000,0x000000000af00000] [id=5312]
  0x0000000000410a10 ConcurrentGCThread "G1 Conc#0" [stack: 0x000000000afd0000,0x000000000b0d0000] [id=3172]
  0x000000000043faf0 ConcurrentGCThread "G1 Refine#0" [stack: 0x000000000d750000,0x000000000d850000] [id=4536]
  0x00000000518f7e80 ConcurrentGCThread "G1 Refine#1" [stack: 0x00000000540f0000,0x00000000541f0000] [id=6356]
  0x0000000052051c10 ConcurrentGCThread "G1 Refine#2" [stack: 0x0000000055e80000,0x0000000055f80000] [id=8020]
  0x000000000d5335d0 ConcurrentGCThread "G1 Service" [stack: 0x000000000d9e0000,0x000000000dae0000] [id=6988]

Threads with active compile tasks:

VM state: at safepoint (normal execution)

VM Mutex/Monitor currently owned by a thread:  ([mutex/lock_event])
[0x00000000003a42f0] Threads_lock - owner thread: 0x000000004dc93fe0
[0x00000000003c0a00] Heap_lock - owner thread: 0x00000000518a2090

Heap address: 0x00000000c1800000, size: 1000 MB, Compressed Oops mode: 32-bit

CDS archive(s) not mapped
Compressed class space mapped at: 0x000000000dc00000-0x000000004dc00000, reserved size: 1073741824
Narrow klass base: 0x0000000000000000, Narrow klass shift: 0, Narrow klass range: 0x4dc00000

GC Precious Log:
 CPUs: 4 total, 4 available
 Memory: 3993M
 Large Page Support: Disabled
 NUMA Support: Disabled
 Compressed Oops: Enabled (32-bit)
 Heap Region Size: 1M
 Heap Min Capacity: 8M
 Heap Initial Capacity: 64M
 Heap Max Capacity: 1000M
 Pre-touch: Disabled
 Parallel Workers: 4
 Concurrent Workers: 1
 Concurrent Refinement Workers: 4
 Periodic GC: Disabled

Heap:
 garbage-first heap   total 223232K, used 78899K [0x00000000c1800000, 0x0000000100000000)
  region size 1024K, 5 young (5120K), 5 survivors (5120K)
 Metaspace       used 37216K, committed 37504K, reserved 1089536K
  class space    used 4807K, committed 4928K, reserved 1048576K

Heap Regions: E=young(eden), S=young(survivor), O=old, HS=humongous(starts), HC=humongous(continues), CS=collection set, F=free, OA=open archive, CA=closed archive, TAMS=top-at-mark-start (previous, next)
|   0|0x00000000c1800000, 0x00000000c1900000, 0x00000000c1900000|100%| O|  |TAMS 0x00000000c1900000, 0x00000000c1800000| Untracked 
|   1|0x00000000c1900000, 0x00000000c1a00000, 0x00000000c1a00000|100%| O|  |TAMS 0x00000000c1a00000, 0x00000000c1900000| Untracked 
|   2|0x00000000c1a00000, 0x00000000c1b00000, 0x00000000c1b00000|100%| O|  |TAMS 0x00000000c1b00000, 0x00000000c1a00000| Untracked 
|   3|0x00000000c1b00000, 0x00000000c1c00000, 0x00000000c1c00000|100%| O|  |TAMS 0x00000000c1c00000, 0x00000000c1b00000| Untracked 
|   4|0x00000000c1c00000, 0x00000000c1d00000, 0x00000000c1d00000|100%| O|  |TAMS 0x00000000c1d00000, 0x00000000c1c00000| Untracked 
|   5|0x00000000c1d00000, 0x00000000c1e00000, 0x00000000c1e00000|100%| O|  |TAMS 0x00000000c1e00000, 0x00000000c1d00000| Untracked 
|   6|0x00000000c1e00000, 0x00000000c1f00000, 0x00000000c1f00000|100%| O|  |TAMS 0x00000000c1f00000, 0x00000000c1e00000| Untracked 
|   7|0x00000000c1f00000, 0x00000000c2000000, 0x00000000c2000000|100%| O|  |TAMS 0x00000000c2000000, 0x00000000c1f00000| Untracked 
|   8|0x00000000c2000000, 0x00000000c2000000, 0x00000000c2100000|  0%| F|  |TAMS 0x00000000c2000000, 0x00000000c2000000| Untracked 
|   9|0x00000000c2100000, 0x00000000c2200000, 0x00000000c2200000|100%| O|  |TAMS 0x00000000c2200000, 0x00000000c2100000| Untracked 
|  10|0x00000000c2200000, 0x00000000c2300000, 0x00000000c2300000|100%| O|  |TAMS 0x00000000c2300000, 0x00000000c2200000| Untracked 
|  11|0x00000000c2300000, 0x00000000c2400000, 0x00000000c2400000|100%| O|  |TAMS 0x00000000c2400000, 0x00000000c2300000| Untracked 
|  12|0x00000000c2400000, 0x00000000c2500000, 0x00000000c2500000|100%| O|  |TAMS 0x00000000c2500000, 0x00000000c2400000| Untracked 
|  13|0x00000000c2500000, 0x00000000c2600000, 0x00000000c2600000|100%| O|  |TAMS 0x00000000c2600000, 0x00000000c2500000| Untracked 
|  14|0x00000000c2600000, 0x00000000c2700000, 0x00000000c2700000|100%| O|  |TAMS 0x00000000c2700000, 0x00000000c2600000| Untracked 
|  15|0x00000000c2700000, 0x00000000c2800000, 0x00000000c2800000|100%| O|  |TAMS 0x00000000c2800000, 0x00000000c2700000| Untracked 
|  16|0x00000000c2800000, 0x00000000c2900000, 0x00000000c2900000|100%| O|  |TAMS 0x00000000c2900000, 0x00000000c2800000| Untracked 
|  17|0x00000000c2900000, 0x00000000c2a00000, 0x00000000c2a00000|100%| O|  |TAMS 0x00000000c2a00000, 0x00000000c2900000| Untracked 
|  18|0x00000000c2a00000, 0x00000000c2b00000, 0x00000000c2b00000|100%| O|  |TAMS 0x00000000c2b00000, 0x00000000c2a00000| Untracked 
|  19|0x00000000c2b00000, 0x00000000c2c00000, 0x00000000c2c00000|100%| O|  |TAMS 0x00000000c2c00000, 0x00000000c2b00000| Untracked 
|  20|0x00000000c2c00000, 0x00000000c2d00000, 0x00000000c2d00000|100%| O|  |TAMS 0x00000000c2d00000, 0x00000000c2c00000| Untracked 
|  21|0x00000000c2d00000, 0x00000000c2e00000, 0x00000000c2e00000|100%| O|  |TAMS 0x00000000c2e00000, 0x00000000c2d00000| Untracked 
|  22|0x00000000c2e00000, 0x00000000c2f00000, 0x00000000c2f00000|100%| O|  |TAMS 0x00000000c2f00000, 0x00000000c2e00000| Untracked 
|  23|0x00000000c2f00000, 0x00000000c3000000, 0x00000000c3000000|100%| O|  |TAMS 0x00000000c3000000, 0x00000000c2f00000| Untracked 
|  24|0x00000000c3000000, 0x00000000c3100000, 0x00000000c3100000|100%| O|  |TAMS 0x00000000c3100000, 0x00000000c3000000| Untracked 
|  25|0x00000000c3100000, 0x00000000c3200000, 0x00000000c3200000|100%| O|  |TAMS 0x00000000c3200000, 0x00000000c3100000| Untracked 
|  26|0x00000000c3200000, 0x00000000c3300000, 0x00000000c3300000|100%| O|  |TAMS 0x00000000c3300000, 0x00000000c3200000| Untracked 
|  27|0x00000000c3300000, 0x00000000c3400000, 0x00000000c3400000|100%| O|  |TAMS 0x00000000c3400000, 0x00000000c3300000| Untracked 
|  28|0x00000000c3400000, 0x00000000c3500000, 0x00000000c3500000|100%| O|  |TAMS 0x00000000c3500000, 0x00000000c3400000| Untracked 
|  29|0x00000000c3500000, 0x00000000c3600000, 0x00000000c3600000|100%| O|  |TAMS 0x00000000c3600000, 0x00000000c3500000| Untracked 
|  30|0x00000000c3600000, 0x00000000c3700000, 0x00000000c3700000|100%| O|  |TAMS 0x00000000c3700000, 0x00000000c3600000| Untracked 
|  31|0x00000000c3700000, 0x00000000c3800000, 0x00000000c3800000|100%| O|  |TAMS 0x00000000c3800000, 0x00000000c3700000| Untracked 
|  32|0x00000000c3800000, 0x00000000c3900000, 0x00000000c3900000|100%| O|  |TAMS 0x00000000c3900000, 0x00000000c3800000| Untracked 
|  33|0x00000000c3900000, 0x00000000c3a00000, 0x00000000c3a00000|100%| O|  |TAMS 0x00000000c3a00000, 0x00000000c3900000| Untracked 
|  34|0x00000000c3a00000, 0x00000000c3b00000, 0x00000000c3b00000|100%| O|  |TAMS 0x00000000c3b00000, 0x00000000c3a00000| Untracked 
|  35|0x00000000c3b00000, 0x00000000c3c00000, 0x00000000c3c00000|100%| O|  |TAMS 0x00000000c3c00000, 0x00000000c3b00000| Untracked 
|  36|0x00000000c3c00000, 0x00000000c3d00000, 0x00000000c3d00000|100%| O|  |TAMS 0x00000000c3d00000, 0x00000000c3c00000| Untracked 
|  37|0x00000000c3d00000, 0x00000000c3e00000, 0x00000000c3e00000|100%| O|  |TAMS 0x00000000c3e00000, 0x00000000c3d00000| Untracked 
|  38|0x00000000c3e00000, 0x00000000c3f00000, 0x00000000c3f00000|100%| O|  |TAMS 0x00000000c3f00000, 0x00000000c3e00000| Untracked 
|  39|0x00000000c3f00000, 0x00000000c4000000, 0x00000000c4000000|100%| O|  |TAMS 0x00000000c4000000, 0x00000000c3f00000| Untracked 
|  40|0x00000000c4000000, 0x00000000c4100000, 0x00000000c4100000|100%| O|  |TAMS 0x00000000c4100000, 0x00000000c4000000| Untracked 
|  41|0x00000000c4100000, 0x00000000c4200000, 0x00000000c4200000|100%| O|  |TAMS 0x00000000c4200000, 0x00000000c4100000| Untracked 
|  42|0x00000000c4200000, 0x00000000c4300000, 0x00000000c4300000|100%| O|  |TAMS 0x00000000c4300000, 0x00000000c4200000| Untracked 
|  43|0x00000000c4300000, 0x00000000c4400000, 0x00000000c4400000|100%| O|  |TAMS 0x00000000c4300000, 0x00000000c4300000| Untracked 
|  44|0x00000000c4400000, 0x00000000c4500000, 0x00000000c4500000|100%|HS|  |TAMS 0x00000000c4500000, 0x00000000c4400000| Complete 
|  45|0x00000000c4500000, 0x00000000c4600000, 0x00000000c4600000|100%| O|  |TAMS 0x00000000c4600000, 0x00000000c4500000| Untracked 
|  46|0x00000000c4600000, 0x00000000c4700000, 0x00000000c4700000|100%| O|  |TAMS 0x00000000c4700000, 0x00000000c4600000| Untracked 
|  47|0x00000000c4700000, 0x00000000c4800000, 0x00000000c4800000|100%| O|  |TAMS 0x00000000c4800000, 0x00000000c4700000| Untracked 
|  48|0x00000000c4800000, 0x00000000c4900000, 0x00000000c4900000|100%| O|  |TAMS 0x00000000c4900000, 0x00000000c4800000| Untracked 
|  49|0x00000000c4900000, 0x00000000c4a00000, 0x00000000c4a00000|100%| O|  |TAMS 0x00000000c4a00000, 0x00000000c4900000| Untracked 
|  50|0x00000000c4a00000, 0x00000000c4b00000, 0x00000000c4b00000|100%| O|  |TAMS 0x00000000c4b00000, 0x00000000c4a00000| Untracked 
|  51|0x00000000c4b00000, 0x00000000c4c00000, 0x00000000c4c00000|100%| O|  |TAMS 0x00000000c4c00000, 0x00000000c4b00000| Untracked 
|  52|0x00000000c4c00000, 0x00000000c4d00000, 0x00000000c4d00000|100%| O|  |TAMS 0x00000000c4d00000, 0x00000000c4c00000| Untracked 
|  53|0x00000000c4d00000, 0x00000000c4e00000, 0x00000000c4e00000|100%| O|  |TAMS 0x00000000c4e00000, 0x00000000c4d00000| Untracked 
|  54|0x00000000c4e00000, 0x00000000c4f00000, 0x00000000c4f00000|100%| O|  |TAMS 0x00000000c4f00000, 0x00000000c4e00000| Untracked 
|  55|0x00000000c4f00000, 0x00000000c5000000, 0x00000000c5000000|100%| O|  |TAMS 0x00000000c5000000, 0x00000000c4f00000| Untracked 
|  56|0x00000000c5000000, 0x00000000c5100000, 0x00000000c5100000|100%| O|  |TAMS 0x00000000c5100000, 0x00000000c5000000| Untracked 
|  57|0x00000000c5100000, 0x00000000c5200000, 0x00000000c5200000|100%| O|  |TAMS 0x00000000c51b2400, 0x00000000c5100000| Untracked 
|  58|0x00000000c5200000, 0x00000000c5300000, 0x00000000c5300000|100%| O|  |TAMS 0x00000000c5200000, 0x00000000c5200000| Untracked 
|  59|0x00000000c5300000, 0x00000000c5400000, 0x00000000c5400000|100%| O|  |TAMS 0x00000000c5300000, 0x00000000c5300000| Untracked 
|  60|0x00000000c5400000, 0x00000000c5500000, 0x00000000c5500000|100%| O|  |TAMS 0x00000000c5400000, 0x00000000c5400000| Untracked 
|  61|0x00000000c5500000, 0x00000000c5600000, 0x00000000c5600000|100%| O|  |TAMS 0x00000000c5500000, 0x00000000c5500000| Untracked 
|  62|0x00000000c5600000, 0x00000000c5700000, 0x00000000c5700000|100%| O|  |TAMS 0x00000000c5600000, 0x00000000c5600000| Untracked 
|  63|0x00000000c5700000, 0x00000000c5800000, 0x00000000c5800000|100%| O|  |TAMS 0x00000000c5700000, 0x00000000c5700000| Untracked 
|  64|0x00000000c5800000, 0x00000000c5900000, 0x00000000c5900000|100%| O|  |TAMS 0x00000000c5800000, 0x00000000c5800000| Untracked 
|  65|0x00000000c5900000, 0x00000000c5a00000, 0x00000000c5a00000|100%| O|  |TAMS 0x00000000c5900000, 0x00000000c5900000| Untracked 
|  66|0x00000000c5a00000, 0x00000000c5b00000, 0x00000000c5b00000|100%| O|  |TAMS 0x00000000c5a00000, 0x00000000c5a00000| Untracked 
|  67|0x00000000c5b00000, 0x00000000c5c00000, 0x00000000c5c00000|100%| O|  |TAMS 0x00000000c5b00000, 0x00000000c5b00000| Untracked 
|  68|0x00000000c5c00000, 0x00000000c5d00000, 0x00000000c5d00000|100%| O|  |TAMS 0x00000000c5c00000, 0x00000000c5c00000| Untracked 
|  69|0x00000000c5d00000, 0x00000000c5e00000, 0x00000000c5e00000|100%| O|  |TAMS 0x00000000c5d00000, 0x00000000c5d00000| Untracked 
|  70|0x00000000c5e00000, 0x00000000c5f00000, 0x00000000c5f00000|100%| O|  |TAMS 0x00000000c5e00000, 0x00000000c5e00000| Untracked 
|  71|0x00000000c5f00000, 0x00000000c6000000, 0x00000000c6000000|100%| O|  |TAMS 0x00000000c5f00000, 0x00000000c5f00000| Untracked 
|  72|0x00000000c6000000, 0x00000000c6100000, 0x00000000c6100000|100%| O|  |TAMS 0x00000000c6000000, 0x00000000c6000000| Untracked 
|  73|0x00000000c6100000, 0x00000000c6160000, 0x00000000c6200000| 37%| O|  |TAMS 0x00000000c6100000, 0x00000000c6100000| Untracked 
|  74|0x00000000c6200000, 0x00000000c6200000, 0x00000000c6300000|  0%| F|  |TAMS 0x00000000c6200000, 0x00000000c6200000| Untracked 
|  75|0x00000000c6300000, 0x00000000c6300000, 0x00000000c6400000|  0%| F|  |TAMS 0x00000000c6300000, 0x00000000c6300000| Untracked 
|  76|0x00000000c6400000, 0x00000000c6400000, 0x00000000c6500000|  0%| F|  |TAMS 0x00000000c6400000, 0x00000000c6400000| Untracked 
|  77|0x00000000c6500000, 0x00000000c6500000, 0x00000000c6600000|  0%| F|  |TAMS 0x00000000c6500000, 0x00000000c6500000| Untracked 
|  78|0x00000000c6600000, 0x00000000c6600000, 0x00000000c6700000|  0%| F|  |TAMS 0x00000000c6600000, 0x00000000c6600000| Untracked 
|  79|0x00000000c6700000, 0x00000000c6700000, 0x00000000c6800000|  0%| F|  |TAMS 0x00000000c6700000, 0x00000000c6700000| Untracked 
|  80|0x00000000c6800000, 0x00000000c6800000, 0x00000000c6900000|  0%| F|  |TAMS 0x00000000c6800000, 0x00000000c6800000| Untracked 
|  81|0x00000000c6900000, 0x00000000c6900000, 0x00000000c6a00000|  0%| F|  |TAMS 0x00000000c6900000, 0x00000000c6900000| Untracked 
|  82|0x00000000c6a00000, 0x00000000c6a00000, 0x00000000c6b00000|  0%| F|  |TAMS 0x00000000c6a00000, 0x00000000c6a00000| Untracked 
|  83|0x00000000c6b00000, 0x00000000c6b00000, 0x00000000c6c00000|  0%| F|  |TAMS 0x00000000c6b00000, 0x00000000c6b00000| Untracked 
|  84|0x00000000c6c00000, 0x00000000c6c00000, 0x00000000c6d00000|  0%| F|  |TAMS 0x00000000c6c00000, 0x00000000c6c00000| Untracked 
|  85|0x00000000c6d00000, 0x00000000c6d00000, 0x00000000c6e00000|  0%| F|  |TAMS 0x00000000c6d00000, 0x00000000c6d00000| Untracked 
|  86|0x00000000c6e00000, 0x00000000c6e00000, 0x00000000c6f00000|  0%| F|  |TAMS 0x00000000c6e00000, 0x00000000c6e00000| Untracked 
|  87|0x00000000c6f00000, 0x00000000c6f00000, 0x00000000c7000000|  0%| F|  |TAMS 0x00000000c6f00000, 0x00000000c6f00000| Untracked 
|  88|0x00000000c7000000, 0x00000000c7000000, 0x00000000c7100000|  0%| F|  |TAMS 0x00000000c7000000, 0x00000000c7000000| Untracked 
|  89|0x00000000c7100000, 0x00000000c7100000, 0x00000000c7200000|  0%| F|  |TAMS 0x00000000c7100000, 0x00000000c7100000| Untracked 
|  90|0x00000000c7200000, 0x00000000c7200000, 0x00000000c7300000|  0%| F|  |TAMS 0x00000000c7200000, 0x00000000c7200000| Untracked 
|  91|0x00000000c7300000, 0x00000000c7300000, 0x00000000c7400000|  0%| F|  |TAMS 0x00000000c7300000, 0x00000000c7300000| Untracked 
|  92|0x00000000c7400000, 0x00000000c7400000, 0x00000000c7500000|  0%| F|  |TAMS 0x00000000c7400000, 0x00000000c7400000| Untracked 
|  93|0x00000000c7500000, 0x00000000c7500000, 0x00000000c7600000|  0%| F|  |TAMS 0x00000000c7500000, 0x00000000c7500000| Untracked 
|  94|0x00000000c7600000, 0x00000000c7600000, 0x00000000c7700000|  0%| F|  |TAMS 0x00000000c7600000, 0x00000000c7600000| Untracked 
|  95|0x00000000c7700000, 0x00000000c7700000, 0x00000000c7800000|  0%| F|  |TAMS 0x00000000c7700000, 0x00000000c7700000| Untracked 
|  96|0x00000000c7800000, 0x00000000c7800000, 0x00000000c7900000|  0%| F|  |TAMS 0x00000000c7800000, 0x00000000c7800000| Untracked 
|  97|0x00000000c7900000, 0x00000000c7900000, 0x00000000c7a00000|  0%| F|  |TAMS 0x00000000c7900000, 0x00000000c7900000| Untracked 
|  98|0x00000000c7a00000, 0x00000000c7a00000, 0x00000000c7b00000|  0%| F|  |TAMS 0x00000000c7a00000, 0x00000000c7a00000| Untracked 
|  99|0x00000000c7b00000, 0x00000000c7b00000, 0x00000000c7c00000|  0%| F|  |TAMS 0x00000000c7b00000, 0x00000000c7b00000| Untracked 
| 100|0x00000000c7c00000, 0x00000000c7c00000, 0x00000000c7d00000|  0%| F|  |TAMS 0x00000000c7c00000, 0x00000000c7c00000| Untracked 
| 101|0x00000000c7d00000, 0x00000000c7d00000, 0x00000000c7e00000|  0%| F|  |TAMS 0x00000000c7d00000, 0x00000000c7d00000| Untracked 
| 102|0x00000000c7e00000, 0x00000000c7e00000, 0x00000000c7f00000|  0%| F|  |TAMS 0x00000000c7e00000, 0x00000000c7e00000| Untracked 
| 103|0x00000000c7f00000, 0x00000000c7f00000, 0x00000000c8000000|  0%| F|  |TAMS 0x00000000c7f00000, 0x00000000c7f00000| Untracked 
| 104|0x00000000c8000000, 0x00000000c8000000, 0x00000000c8100000|  0%| F|  |TAMS 0x00000000c8000000, 0x00000000c8000000| Untracked 
| 105|0x00000000c8100000, 0x00000000c8100000, 0x00000000c8200000|  0%| F|  |TAMS 0x00000000c8100000, 0x00000000c8100000| Untracked 
| 106|0x00000000c8200000, 0x00000000c8200000, 0x00000000c8300000|  0%| F|  |TAMS 0x00000000c8200000, 0x00000000c8200000| Untracked 
| 107|0x00000000c8300000, 0x00000000c8300000, 0x00000000c8400000|  0%| F|  |TAMS 0x00000000c8300000, 0x00000000c8300000| Untracked 
| 108|0x00000000c8400000, 0x00000000c8400000, 0x00000000c8500000|  0%| F|  |TAMS 0x00000000c8400000, 0x00000000c8400000| Untracked 
| 109|0x00000000c8500000, 0x00000000c8500000, 0x00000000c8600000|  0%| F|  |TAMS 0x00000000c8500000, 0x00000000c8500000| Untracked 
| 110|0x00000000c8600000, 0x00000000c8600000, 0x00000000c8700000|  0%| F|  |TAMS 0x00000000c8600000, 0x00000000c8600000| Untracked 
| 111|0x00000000c8700000, 0x00000000c8700000, 0x00000000c8800000|  0%| F|  |TAMS 0x00000000c8700000, 0x00000000c8700000| Untracked 
| 112|0x00000000c8800000, 0x00000000c8800000, 0x00000000c8900000|  0%| F|  |TAMS 0x00000000c8800000, 0x00000000c8800000| Untracked 
| 113|0x00000000c8900000, 0x00000000c8900000, 0x00000000c8a00000|  0%| F|  |TAMS 0x00000000c8900000, 0x00000000c8900000| Untracked 
| 114|0x00000000c8a00000, 0x00000000c8a00000, 0x00000000c8b00000|  0%| F|  |TAMS 0x00000000c8a00000, 0x00000000c8a00000| Untracked 
| 115|0x00000000c8b00000, 0x00000000c8b00000, 0x00000000c8c00000|  0%| F|  |TAMS 0x00000000c8b00000, 0x00000000c8b00000| Untracked 
| 116|0x00000000c8c00000, 0x00000000c8c00000, 0x00000000c8d00000|  0%| F|  |TAMS 0x00000000c8c00000, 0x00000000c8c00000| Untracked 
| 117|0x00000000c8d00000, 0x00000000c8d00000, 0x00000000c8e00000|  0%| F|  |TAMS 0x00000000c8d00000, 0x00000000c8d00000| Untracked 
| 118|0x00000000c8e00000, 0x00000000c8eacdc0, 0x00000000c8f00000| 67%| S|CS|TAMS 0x00000000c8e00000, 0x00000000c8e00000| Complete 
| 119|0x00000000c8f00000, 0x00000000c9000000, 0x00000000c9000000|100%| S|CS|TAMS 0x00000000c8f00000, 0x00000000c8f00000| Complete 
| 120|0x00000000c9000000, 0x00000000c9100000, 0x00000000c9100000|100%| S|CS|TAMS 0x00000000c9000000, 0x00000000c9000000| Complete 
| 121|0x00000000c9100000, 0x00000000c9200000, 0x00000000c9200000|100%| S|CS|TAMS 0x00000000c9100000, 0x00000000c9100000| Complete 
| 122|0x00000000c9200000, 0x00000000c9300000, 0x00000000c9300000|100%| S|CS|TAMS 0x00000000c9200000, 0x00000000c9200000| Complete 
| 123|0x00000000c9300000, 0x00000000c9300000, 0x00000000c9400000|  0%| F|  |TAMS 0x00000000c9300000, 0x00000000c9300000| Untracked 
| 124|0x00000000c9400000, 0x00000000c9400000, 0x00000000c9500000|  0%| F|  |TAMS 0x00000000c9400000, 0x00000000c9400000| Untracked 
| 125|0x00000000c9500000, 0x00000000c9500000, 0x00000000c9600000|  0%| F|  |TAMS 0x00000000c9500000, 0x00000000c9500000| Untracked 
| 126|0x00000000c9600000, 0x00000000c9600000, 0x00000000c9700000|  0%| F|  |TAMS 0x00000000c9600000, 0x00000000c9600000| Untracked 
| 127|0x00000000c9700000, 0x00000000c9700000, 0x00000000c9800000|  0%| F|  |TAMS 0x00000000c9700000, 0x00000000c9700000| Untracked 
| 128|0x00000000c9800000, 0x00000000c9800000, 0x00000000c9900000|  0%| F|  |TAMS 0x00000000c9800000, 0x00000000c9800000| Untracked 
| 129|0x00000000c9900000, 0x00000000c9900000, 0x00000000c9a00000|  0%| F|  |TAMS 0x00000000c9900000, 0x00000000c9900000| Untracked 
| 130|0x00000000c9a00000, 0x00000000c9a00000, 0x00000000c9b00000|  0%| F|  |TAMS 0x00000000c9a00000, 0x00000000c9a00000| Untracked 
| 131|0x00000000c9b00000, 0x00000000c9b00000, 0x00000000c9c00000|  0%| F|  |TAMS 0x00000000c9b00000, 0x00000000c9b00000| Untracked 
| 132|0x00000000c9c00000, 0x00000000c9c00000, 0x00000000c9d00000|  0%| F|  |TAMS 0x00000000c9c00000, 0x00000000c9c00000| Untracked 
| 133|0x00000000c9d00000, 0x00000000c9d00000, 0x00000000c9e00000|  0%| F|  |TAMS 0x00000000c9d00000, 0x00000000c9d00000| Untracked 
| 134|0x00000000c9e00000, 0x00000000c9e00000, 0x00000000c9f00000|  0%| F|  |TAMS 0x00000000c9e00000, 0x00000000c9e00000| Untracked 
| 135|0x00000000c9f00000, 0x00000000c9f00000, 0x00000000ca000000|  0%| F|  |TAMS 0x00000000c9f00000, 0x00000000c9f00000| Untracked 
| 136|0x00000000ca000000, 0x00000000ca000000, 0x00000000ca100000|  0%| F|  |TAMS 0x00000000ca000000, 0x00000000ca000000| Untracked 
| 137|0x00000000ca100000, 0x00000000ca100000, 0x00000000ca200000|  0%| F|  |TAMS 0x00000000ca100000, 0x00000000ca100000| Untracked 
| 138|0x00000000ca200000, 0x00000000ca200000, 0x00000000ca300000|  0%| F|  |TAMS 0x00000000ca200000, 0x00000000ca200000| Untracked 
| 139|0x00000000ca300000, 0x00000000ca300000, 0x00000000ca400000|  0%| F|  |TAMS 0x00000000ca300000, 0x00000000ca300000| Untracked 
| 140|0x00000000ca400000, 0x00000000ca400000, 0x00000000ca500000|  0%| F|  |TAMS 0x00000000ca400000, 0x00000000ca400000| Untracked 
| 141|0x00000000ca500000, 0x00000000ca500000, 0x00000000ca600000|  0%| F|  |TAMS 0x00000000ca500000, 0x00000000ca500000| Untracked 
| 142|0x00000000ca600000, 0x00000000ca600000, 0x00000000ca700000|  0%| F|  |TAMS 0x00000000ca600000, 0x00000000ca600000| Untracked 
| 143|0x00000000ca700000, 0x00000000ca700000, 0x00000000ca800000|  0%| F|  |TAMS 0x00000000ca700000, 0x00000000ca700000| Untracked 
| 144|0x00000000ca800000, 0x00000000ca800000, 0x00000000ca900000|  0%| F|  |TAMS 0x00000000ca800000, 0x00000000ca800000| Untracked 
| 145|0x00000000ca900000, 0x00000000ca900000, 0x00000000caa00000|  0%| F|  |TAMS 0x00000000ca900000, 0x00000000ca900000| Untracked 
| 146|0x00000000caa00000, 0x00000000caa00000, 0x00000000cab00000|  0%| F|  |TAMS 0x00000000caa00000, 0x00000000caa00000| Untracked 
| 147|0x00000000cab00000, 0x00000000cab00000, 0x00000000cac00000|  0%| F|  |TAMS 0x00000000cab00000, 0x00000000cab00000| Untracked 
| 148|0x00000000cac00000, 0x00000000cac00000, 0x00000000cad00000|  0%| F|  |TAMS 0x00000000cac00000, 0x00000000cac00000| Untracked 
| 149|0x00000000cad00000, 0x00000000cad00000, 0x00000000cae00000|  0%| F|  |TAMS 0x00000000cad00000, 0x00000000cad00000| Untracked 
| 150|0x00000000cae00000, 0x00000000cae00000, 0x00000000caf00000|  0%| F|  |TAMS 0x00000000cae00000, 0x00000000cae00000| Untracked 
| 151|0x00000000caf00000, 0x00000000caf00000, 0x00000000cb000000|  0%| F|  |TAMS 0x00000000caf00000, 0x00000000caf00000| Untracked 
| 152|0x00000000cb000000, 0x00000000cb000000, 0x00000000cb100000|  0%| F|  |TAMS 0x00000000cb000000, 0x00000000cb000000| Untracked 
| 153|0x00000000cb100000, 0x00000000cb100000, 0x00000000cb200000|  0%| F|  |TAMS 0x00000000cb100000, 0x00000000cb100000| Untracked 
| 154|0x00000000cb200000, 0x00000000cb200000, 0x00000000cb300000|  0%| F|  |TAMS 0x00000000cb200000, 0x00000000cb200000| Untracked 
| 155|0x00000000cb300000, 0x00000000cb300000, 0x00000000cb400000|  0%| F|  |TAMS 0x00000000cb300000, 0x00000000cb300000| Untracked 
| 156|0x00000000cb400000, 0x00000000cb400000, 0x00000000cb500000|  0%| F|  |TAMS 0x00000000cb400000, 0x00000000cb400000| Untracked 
| 157|0x00000000cb500000, 0x00000000cb500000, 0x00000000cb600000|  0%| F|  |TAMS 0x00000000cb500000, 0x00000000cb500000| Untracked 
| 158|0x00000000cb600000, 0x00000000cb600000, 0x00000000cb700000|  0%| F|  |TAMS 0x00000000cb600000, 0x00000000cb600000| Untracked 
| 159|0x00000000cb700000, 0x00000000cb700000, 0x00000000cb800000|  0%| F|  |TAMS 0x00000000cb700000, 0x00000000cb700000| Untracked 
| 160|0x00000000cb800000, 0x00000000cb800000, 0x00000000cb900000|  0%| F|  |TAMS 0x00000000cb800000, 0x00000000cb800000| Untracked 
| 161|0x00000000cb900000, 0x00000000cb900000, 0x00000000cba00000|  0%| F|  |TAMS 0x00000000cb900000, 0x00000000cb900000| Untracked 
| 162|0x00000000cba00000, 0x00000000cba00000, 0x00000000cbb00000|  0%| F|  |TAMS 0x00000000cba00000, 0x00000000cba00000| Untracked 
| 163|0x00000000cbb00000, 0x00000000cbb00000, 0x00000000cbc00000|  0%| F|  |TAMS 0x00000000cbb00000, 0x00000000cbb00000| Untracked 
| 164|0x00000000cbc00000, 0x00000000cbc00000, 0x00000000cbd00000|  0%| F|  |TAMS 0x00000000cbc00000, 0x00000000cbc00000| Untracked 
| 165|0x00000000cbd00000, 0x00000000cbd00000, 0x00000000cbe00000|  0%| F|  |TAMS 0x00000000cbd00000, 0x00000000cbd00000| Untracked 
| 166|0x00000000cbe00000, 0x00000000cbe00000, 0x00000000cbf00000|  0%| F|  |TAMS 0x00000000cbe00000, 0x00000000cbe00000| Untracked 
| 167|0x00000000cbf00000, 0x00000000cbf00000, 0x00000000cc000000|  0%| F|  |TAMS 0x00000000cbf00000, 0x00000000cbf00000| Untracked 
| 168|0x00000000cc000000, 0x00000000cc000000, 0x00000000cc100000|  0%| F|  |TAMS 0x00000000cc000000, 0x00000000cc000000| Untracked 
| 169|0x00000000cc100000, 0x00000000cc100000, 0x00000000cc200000|  0%| F|  |TAMS 0x00000000cc100000, 0x00000000cc100000| Untracked 
| 170|0x00000000cc200000, 0x00000000cc200000, 0x00000000cc300000|  0%| F|  |TAMS 0x00000000cc200000, 0x00000000cc200000| Untracked 
| 171|0x00000000cc300000, 0x00000000cc300000, 0x00000000cc400000|  0%| F|  |TAMS 0x00000000cc300000, 0x00000000cc300000| Untracked 
| 172|0x00000000cc400000, 0x00000000cc400000, 0x00000000cc500000|  0%| F|  |TAMS 0x00000000cc400000, 0x00000000cc400000| Untracked 
| 173|0x00000000cc500000, 0x00000000cc500000, 0x00000000cc600000|  0%| F|  |TAMS 0x00000000cc500000, 0x00000000cc500000| Untracked 
| 174|0x00000000cc600000, 0x00000000cc600000, 0x00000000cc700000|  0%| F|  |TAMS 0x00000000cc600000, 0x00000000cc600000| Untracked 
| 175|0x00000000cc700000, 0x00000000cc700000, 0x00000000cc800000|  0%| F|  |TAMS 0x00000000cc700000, 0x00000000cc700000| Untracked 
| 176|0x00000000cc800000, 0x00000000cc800000, 0x00000000cc900000|  0%| F|  |TAMS 0x00000000cc800000, 0x00000000cc800000| Untracked 
| 177|0x00000000cc900000, 0x00000000cc900000, 0x00000000cca00000|  0%| F|  |TAMS 0x00000000cc900000, 0x00000000cc900000| Untracked 
| 178|0x00000000cca00000, 0x00000000cca00000, 0x00000000ccb00000|  0%| F|  |TAMS 0x00000000cca00000, 0x00000000cca00000| Untracked 
| 179|0x00000000ccb00000, 0x00000000ccb00000, 0x00000000ccc00000|  0%| F|  |TAMS 0x00000000ccb00000, 0x00000000ccb00000| Untracked 
| 180|0x00000000ccc00000, 0x00000000ccc00000, 0x00000000ccd00000|  0%| F|  |TAMS 0x00000000ccc00000, 0x00000000ccc00000| Untracked 
| 181|0x00000000ccd00000, 0x00000000ccd00000, 0x00000000cce00000|  0%| F|  |TAMS 0x00000000ccd00000, 0x00000000ccd00000| Untracked 
| 182|0x00000000cce00000, 0x00000000cce00000, 0x00000000ccf00000|  0%| F|  |TAMS 0x00000000cce00000, 0x00000000cce00000| Untracked 
| 183|0x00000000ccf00000, 0x00000000ccf00000, 0x00000000cd000000|  0%| F|  |TAMS 0x00000000ccf00000, 0x00000000ccf00000| Untracked 
| 184|0x00000000cd000000, 0x00000000cd000000, 0x00000000cd100000|  0%| F|  |TAMS 0x00000000cd000000, 0x00000000cd000000| Untracked 
| 185|0x00000000cd100000, 0x00000000cd100000, 0x00000000cd200000|  0%| F|  |TAMS 0x00000000cd100000, 0x00000000cd100000| Untracked 
| 186|0x00000000cd200000, 0x00000000cd200000, 0x00000000cd300000|  0%| F|  |TAMS 0x00000000cd200000, 0x00000000cd200000| Untracked 
| 187|0x00000000cd300000, 0x00000000cd300000, 0x00000000cd400000|  0%| F|  |TAMS 0x00000000cd300000, 0x00000000cd300000| Untracked 
| 188|0x00000000cd400000, 0x00000000cd400000, 0x00000000cd500000|  0%| F|  |TAMS 0x00000000cd400000, 0x00000000cd400000| Untracked 
| 189|0x00000000cd500000, 0x00000000cd500000, 0x00000000cd600000|  0%| F|  |TAMS 0x00000000cd500000, 0x00000000cd500000| Untracked 
| 190|0x00000000cd600000, 0x00000000cd600000, 0x00000000cd700000|  0%| F|  |TAMS 0x00000000cd600000, 0x00000000cd600000| Untracked 
| 191|0x00000000cd700000, 0x00000000cd700000, 0x00000000cd800000|  0%| F|  |TAMS 0x00000000cd700000, 0x00000000cd700000| Untracked 
| 192|0x00000000cd800000, 0x00000000cd800000, 0x00000000cd900000|  0%| F|  |TAMS 0x00000000cd800000, 0x00000000cd800000| Untracked 
| 193|0x00000000cd900000, 0x00000000cd900000, 0x00000000cda00000|  0%| F|  |TAMS 0x00000000cd900000, 0x00000000cd900000| Untracked 
| 194|0x00000000cda00000, 0x00000000cda00000, 0x00000000cdb00000|  0%| F|  |TAMS 0x00000000cda00000, 0x00000000cda00000| Untracked 
| 195|0x00000000cdb00000, 0x00000000cdb00000, 0x00000000cdc00000|  0%| F|  |TAMS 0x00000000cdb00000, 0x00000000cdb00000| Untracked 
| 196|0x00000000cdc00000, 0x00000000cdc00000, 0x00000000cdd00000|  0%| F|  |TAMS 0x00000000cdc00000, 0x00000000cdc00000| Untracked 
| 197|0x00000000cdd00000, 0x00000000cdd00000, 0x00000000cde00000|  0%| F|  |TAMS 0x00000000cdd00000, 0x00000000cdd00000| Untracked 
| 198|0x00000000cde00000, 0x00000000cde00000, 0x00000000cdf00000|  0%| F|  |TAMS 0x00000000cde00000, 0x00000000cde00000| Untracked 
| 199|0x00000000cdf00000, 0x00000000cdf00000, 0x00000000ce000000|  0%| F|  |TAMS 0x00000000cdf00000, 0x00000000cdf00000| Untracked 
| 200|0x00000000ce000000, 0x00000000ce000000, 0x00000000ce100000|  0%| F|  |TAMS 0x00000000ce000000, 0x00000000ce000000| Untracked 
| 201|0x00000000ce100000, 0x00000000ce100000, 0x00000000ce200000|  0%| F|  |TAMS 0x00000000ce100000, 0x00000000ce100000| Untracked 
| 202|0x00000000ce200000, 0x00000000ce200000, 0x00000000ce300000|  0%| F|  |TAMS 0x00000000ce200000, 0x00000000ce200000| Untracked 
| 203|0x00000000ce300000, 0x00000000ce300000, 0x00000000ce400000|  0%| F|  |TAMS 0x00000000ce300000, 0x00000000ce300000| Untracked 
| 204|0x00000000ce400000, 0x00000000ce400000, 0x00000000ce500000|  0%| F|  |TAMS 0x00000000ce400000, 0x00000000ce400000| Untracked 
| 205|0x00000000ce500000, 0x00000000ce500000, 0x00000000ce600000|  0%| F|  |TAMS 0x00000000ce500000, 0x00000000ce500000| Untracked 
| 206|0x00000000ce600000, 0x00000000ce600000, 0x00000000ce700000|  0%| F|  |TAMS 0x00000000ce600000, 0x00000000ce600000| Untracked 
| 207|0x00000000ce700000, 0x00000000ce700000, 0x00000000ce800000|  0%| F|  |TAMS 0x00000000ce700000, 0x00000000ce700000| Untracked 
| 208|0x00000000ce800000, 0x00000000ce800000, 0x00000000ce900000|  0%| F|  |TAMS 0x00000000ce800000, 0x00000000ce800000| Untracked 
| 209|0x00000000ce900000, 0x00000000ce900000, 0x00000000cea00000|  0%| F|  |TAMS 0x00000000ce900000, 0x00000000ce900000| Untracked 
| 210|0x00000000cea00000, 0x00000000cea00000, 0x00000000ceb00000|  0%| F|  |TAMS 0x00000000cea00000, 0x00000000cea00000| Untracked 
| 211|0x00000000ceb00000, 0x00000000ceb00000, 0x00000000cec00000|  0%| F|  |TAMS 0x00000000ceb00000, 0x00000000ceb00000| Untracked 
| 212|0x00000000cec00000, 0x00000000cec00000, 0x00000000ced00000|  0%| F|  |TAMS 0x00000000cec00000, 0x00000000cec00000| Untracked 
| 213|0x00000000ced00000, 0x00000000ced00000, 0x00000000cee00000|  0%| F|  |TAMS 0x00000000ced00000, 0x00000000ced00000| Untracked 
| 214|0x00000000cee00000, 0x00000000cee00000, 0x00000000cef00000|  0%| F|  |TAMS 0x00000000cee00000, 0x00000000cee00000| Untracked 
| 215|0x00000000cef00000, 0x00000000cef00000, 0x00000000cf000000|  0%| F|  |TAMS 0x00000000cef00000, 0x00000000cef00000| Untracked 
| 216|0x00000000cf000000, 0x00000000cf000000, 0x00000000cf100000|  0%| F|  |TAMS 0x00000000cf000000, 0x00000000cf000000| Untracked 
| 217|0x00000000cf100000, 0x00000000cf100000, 0x00000000cf200000|  0%| F|  |TAMS 0x00000000cf100000, 0x00000000cf100000| Untracked 

Card table byte_map: [0x0000000008940000,0x0000000008b40000] _byte_map_base: 0x0000000008334000

Marking Bits (Prev, Next): (CMBitMap*) 0x0000000000407b00, (CMBitMap*) 0x0000000000407ac0
 Prev Bits: [0x0000000009ce0000, 0x000000000ac80000)
 Next Bits: [0x0000000008d40000, 0x0000000009ce0000)

Polling page: 0x0000000000230000

Metaspace:

Usage:
  Non-class:     31.65 MB used.
      Class:      4.69 MB used.
       Both:     36.34 MB used.

Virtual space:
  Non-class space:       40.00 MB reserved,      31.81 MB ( 80%) committed,  5 nodes.
      Class space:        1.00 GB reserved,       4.81 MB ( <1%) committed,  1 nodes.
             Both:        1.04 GB reserved,      36.63 MB (  3%) committed. 

Chunk freelists:
   Non-Class:  3.80 MB
       Class:  3.00 MB
        Both:  6.80 MB

MaxMetaspaceSize: unlimited
CompressedClassSpaceSize: 1.00 GB
Initial GC threshold: 21.00 MB
Current GC threshold: 60.44 MB
CDS: off
MetaspaceReclaimPolicy: balanced
 - commit_granule_bytes: 65536.
 - commit_granule_words: 8192.
 - virtual_space_node_default_size: 1048576.
 - enlarge_chunks_in_place: 1.
 - new_chunks_are_fully_committed: 0.
 - uncommit_free_chunks: 1.
 - use_allocation_guard: 0.
 - handle_deallocations: 1.


Internal statistics:

num_allocs_failed_limit: 3.
num_arena_births: 344.
num_arena_deaths: 0.
num_vsnodes_births: 6.
num_vsnodes_deaths: 0.
num_space_committed: 586.
num_space_uncommitted: 0.
num_chunks_returned_to_freelist: 3.
num_chunks_taken_from_freelist: 1426.
num_chunk_merges: 3.
num_chunk_splits: 981.
num_chunks_enlarged: 757.
num_purges: 0.
num_inconsistent_stats: 0.

CodeCache: size=49152Kb used=8430Kb max_used=8430Kb free=40722Kb
 bounds [0x0000000005300000, 0x0000000005b40000, 0x0000000008300000]
 total_blobs=4212 nmethods=3684 adapters=452
 compilation: enabled
              stopped_count=0, restarted_count=0
 full_count=0

Compilation events (20 events):
Event: 5.296 Thread 0x000000004dd0d530 3677       1       sun.security.x509.X509CertInfo::getX500Name (68 bytes)
Event: 5.296 Thread 0x000000004f1d7f50 3678       1       sun.security.util.AlgorithmDecomposer::hasLoop (37 bytes)
Event: 5.296 Thread 0x000000004dd0d530 nmethod 3677 0x0000000005b36b10 code [0x0000000005b36d00, 0x0000000005b36fc8]
Event: 5.296 Thread 0x000000004ff0bcc0 3679       1       java.lang.StringLatin1::compareToCI (108 bytes)
Event: 5.296 Thread 0x000000004f1d7f50 nmethod 3678 0x0000000005b37110 code [0x0000000005b372e0, 0x0000000005b37458]
Event: 5.297 Thread 0x000000004ff0bcc0 nmethod 3679 0x0000000005b37510 code [0x0000000005b37700, 0x0000000005b37a18]
Event: 5.306 Thread 0x000000004ff0bcc0 3680       1       sun.security.util.DerValue::toDerInputStream (54 bytes)
Event: 5.307 Thread 0x000000004ff0bcc0 nmethod 3680 0x0000000005b37c90 code [0x0000000005b37e80, 0x0000000005b38238]
Event: 5.308 Thread 0x000000004dd0d530 3681       1       sun.security.util.DerInputStream::getSet (11 bytes)
Event: 5.308 Thread 0x000000004dd0d530 nmethod 3681 0x0000000005b38410 code [0x0000000005b385c0, 0x0000000005b386d8]
Event: 5.310 Thread 0x000000004f1d7f50 3682       1       sun.util.calendar.CalendarDate::setNormalized (6 bytes)
Event: 5.310 Thread 0x000000004f1d7f50 nmethod 3682 0x0000000005b38790 code [0x0000000005b38920, 0x0000000005b389f8]
Event: 5.310 Thread 0x000000004f1d7f50 3683       1       java.math.BigInteger::bitLengthForInt (8 bytes)
Event: 5.310 Thread 0x000000004f1d7f50 nmethod 3683 0x0000000005b38a90 code [0x0000000005b38c20, 0x0000000005b38ce8]
Event: 5.312 Thread 0x000000004f1d7f50 3684       1       java.math.BigInteger::squareToLen (33 bytes)
Event: 5.312 Thread 0x000000004ff0bcc0 3685       1       java.math.BigInteger::implSquareToLenChecks (206 bytes)
Event: 5.313 Thread 0x000000004f1d7f50 nmethod 3684 0x0000000005b38d90 code [0x0000000005b38f40, 0x0000000005b39118]
Event: 5.314 Thread 0x000000004f1d7f50 3686       1       sun.security.util.SignatureFileVerifier::updateSigners (132 bytes)
Event: 5.314 Thread 0x000000004ff0bcc0 nmethod 3685 0x0000000005b39210 code [0x0000000005b395c0, 0x0000000005b3a578]
Event: 5.314 Thread 0x000000004f1d7f50 nmethod 3686 0x0000000005b3ad10 code [0x0000000005b3af40, 0x0000000005b3b4b8]

GC Heap History (20 events):
Event: 4.476 GC heap after
{Heap after GC invocations=12 (full 0):
 garbage-first heap   total 101376K, used 31232K [0x00000000c1800000, 0x0000000100000000)
  region size 1024K, 3 young (3072K), 3 survivors (3072K)
 Metaspace       used 33989K, committed 34304K, reserved 1081344K
  class space    used 4331K, committed 4480K, reserved 1048576K
}
Event: 4.615 GC heap before
{Heap before GC invocations=13 (full 0):
 garbage-first heap   total 101376K, used 73216K [0x00000000c1800000, 0x0000000100000000)
  region size 1024K, 44 young (45056K), 3 survivors (3072K)
 Metaspace       used 34486K, committed 34816K, reserved 1081344K
  class space    used 4409K, committed 4608K, reserved 1048576K
}
Event: 4.630 GC heap after
{Heap after GC invocations=14 (full 0):
 garbage-first heap   total 101376K, used 39915K [0x00000000c1800000, 0x0000000100000000)
  region size 1024K, 6 young (6144K), 6 survivors (6144K)
 Metaspace       used 34486K, committed 34816K, reserved 1081344K
  class space    used 4409K, committed 4608K, reserved 1048576K
}
Event: 4.824 GC heap before
{Heap before GC invocations=14 (full 0):
 garbage-first heap   total 101376K, used 71659K [0x00000000c1800000, 0x0000000100000000)
  region size 1024K, 37 young (37888K), 6 survivors (6144K)
 Metaspace       used 35552K, committed 35840K, reserved 1081344K
  class space    used 4600K, committed 4736K, reserved 1048576K
}
Event: 4.841 GC heap after
{Heap after GC invocations=15 (full 0):
 garbage-first heap   total 101376K, used 47630K [0x00000000c1800000, 0x0000000100000000)
  region size 1024K, 5 young (5120K), 5 survivors (5120K)
 Metaspace       used 35552K, committed 35840K, reserved 1081344K
  class space    used 4600K, committed 4736K, reserved 1048576K
}
Event: 4.942 GC heap before
{Heap before GC invocations=15 (full 0):
 garbage-first heap   total 101376K, used 75278K [0x00000000c1800000, 0x0000000100000000)
  region size 1024K, 31 young (31744K), 5 survivors (5120K)
 Metaspace       used 36250K, committed 36544K, reserved 1081344K
  class space    used 4733K, committed 4864K, reserved 1048576K
}
Event: 4.970 GC heap after
{Heap after GC invocations=16 (full 0):
 garbage-first heap   total 101376K, used 62250K [0x00000000c1800000, 0x0000000100000000)
  region size 1024K, 4 young (4096K), 4 survivors (4096K)
 Metaspace       used 36250K, committed 36544K, reserved 1081344K
  class space    used 4733K, committed 4864K, reserved 1048576K
}
Event: 5.009 GC heap before
{Heap before GC invocations=16 (full 0):
 garbage-first heap   total 101376K, used 75562K [0x00000000c1800000, 0x0000000100000000)
  region size 1024K, 18 young (18432K), 4 survivors (4096K)
 Metaspace       used 36530K, committed 36864K, reserved 1081344K
  class space    used 4749K, committed 4928K, reserved 1048576K
}
Event: 5.017 GC heap after
{Heap after GC invocations=17 (full 0):
 garbage-first heap   total 101376K, used 64957K [0x00000000c1800000, 0x0000000100000000)
  region size 1024K, 2 young (2048K), 2 survivors (2048K)
 Metaspace       used 36530K, committed 36864K, reserved 1081344K
  class space    used 4749K, committed 4928K, reserved 1048576K
}
Event: 5.039 GC heap before
{Heap before GC invocations=17 (full 0):
 garbage-first heap   total 101376K, used 77245K [0x00000000c1800000, 0x0000000100000000)
  region size 1024K, 15 young (15360K), 2 survivors (2048K)
 Metaspace       used 36576K, committed 36928K, reserved 1081344K
  class space    used 4752K, committed 4928K, reserved 1048576K
}
Event: 5.044 GC heap after
{Heap after GC invocations=18 (full 0):
 garbage-first heap   total 223232K, used 65660K [0x00000000c1800000, 0x0000000100000000)
  region size 1024K, 1 young (1024K), 1 survivors (1024K)
 Metaspace       used 36576K, committed 36928K, reserved 1081344K
  class space    used 4752K, committed 4928K, reserved 1048576K
}
Event: 5.122 GC heap before
{Heap before GC invocations=18 (full 0):
 garbage-first heap   total 223232K, used 133244K [0x00000000c1800000, 0x0000000100000000)
  region size 1024K, 68 young (69632K), 1 survivors (1024K)
 Metaspace       used 36679K, committed 36992K, reserved 1081344K
  class space    used 4763K, committed 4928K, reserved 1048576K
}
Event: 5.125 GC heap after
{Heap after GC invocations=19 (full 0):
 garbage-first heap   total 223232K, used 68359K [0x00000000c1800000, 0x0000000100000000)
  region size 1024K, 4 young (4096K), 4 survivors (4096K)
 Metaspace       used 36679K, committed 36992K, reserved 1081344K
  class space    used 4763K, committed 4928K, reserved 1048576K
}
Event: 5.207 GC heap before
{Heap before GC invocations=19 (full 0):
 garbage-first heap   total 223232K, used 157447K [0x00000000c1800000, 0x0000000100000000)
  region size 1024K, 93 young (95232K), 4 survivors (4096K)
 Metaspace       used 36882K, committed 37184K, reserved 1081344K
  class space    used 4774K, committed 4928K, reserved 1048576K
}
Event: 5.213 GC heap after
{Heap after GC invocations=20 (full 0):
 garbage-first heap   total 223232K, used 70933K [0x00000000c1800000, 0x0000000100000000)
  region size 1024K, 7 young (7168K), 7 survivors (7168K)
 Metaspace       used 36882K, committed 37184K, reserved 1081344K
  class space    used 4774K, committed 4928K, reserved 1048576K
}
Event: 5.279 GC heap before
{Heap before GC invocations=21 (full 0):
 garbage-first heap   total 223232K, used 163093K [0x00000000c1800000, 0x0000000100000000)
  region size 1024K, 98 young (100352K), 7 survivors (7168K)
 Metaspace       used 36976K, committed 37248K, reserved 1081344K
  class space    used 4784K, committed 4928K, reserved 1048576K
}
Event: 5.286 GC heap after
{Heap after GC invocations=22 (full 0):
 garbage-first heap   total 223232K, used 74635K [0x00000000c1800000, 0x0000000100000000)
  region size 1024K, 10 young (10240K), 10 survivors (10240K)
 Metaspace       used 36976K, committed 37248K, reserved 1081344K
  class space    used 4784K, committed 4928K, reserved 1048576K
}
Event: 5.288 GC heap before
{Heap before GC invocations=22 (full 0):
 garbage-first heap   total 223232K, used 75659K [0x00000000c1800000, 0x0000000100000000)
  region size 1024K, 12 young (12288K), 10 survivors (10240K)
 Metaspace       used 36976K, committed 37248K, reserved 1081344K
  class space    used 4784K, committed 4928K, reserved 1048576K
}
Event: 5.295 GC heap after
{Heap after GC invocations=23 (full 0):
 garbage-first heap   total 223232K, used 75565K [0x00000000c1800000, 0x0000000100000000)
  region size 1024K, 2 young (2048K), 2 survivors (2048K)
 Metaspace       used 36976K, committed 37248K, reserved 1081344K
  class space    used 4784K, committed 4928K, reserved 1048576K
}
Event: 5.360 GC heap before
{Heap before GC invocations=23 (full 0):
 garbage-first heap   total 223232K, used 169773K [0x00000000c1800000, 0x0000000100000000)
  region size 1024K, 95 young (97280K), 2 survivors (2048K)
 Metaspace       used 37216K, committed 37504K, reserved 1089536K
  class space    used 4807K, committed 4928K, reserved 1048576K
}

Deoptimization events (10 events):
Event: 2.757 Thread 0x00000000003c4960 DEOPT PACKING pc=0x00000000057c2c99 sp=0x000000000225d090
Event: 2.757 Thread 0x00000000003c4960 DEOPT UNPACKING pc=0x0000000005352b43 sp=0x000000000225c570 mode 3
Event: 4.158 Thread 0x000000005175c7d0 DEOPT PACKING pc=0x0000000005980e03 sp=0x000000005271e4f0
Event: 4.158 Thread 0x000000005175c7d0 DEOPT UNPACKING pc=0x0000000005352b43 sp=0x000000005271da38 mode 3
Event: 4.357 Thread 0x00000000518a2560 DEOPT PACKING pc=0x00000000057c1681 sp=0x000000005401ef40
Event: 4.357 Thread 0x00000000518a2560 DEOPT UNPACKING pc=0x0000000005352b43 sp=0x000000005401e3d0 mode 3
Event: 4.725 Thread 0x00000000518a3d70 DEOPT PACKING pc=0x0000000005acf2b5 sp=0x000000005474d920
Event: 4.725 Thread 0x00000000518a3d70 DEOPT UNPACKING pc=0x0000000005352b43 sp=0x000000005474ce38 mode 3
Event: 4.812 Thread 0x00000000518a2560 DEOPT PACKING pc=0x00000000057bcb17 sp=0x000000005401f070
Event: 4.812 Thread 0x00000000518a2560 DEOPT UNPACKING pc=0x0000000005352b43 sp=0x000000005401e4c8 mode 3

Classes unloaded (0 events):
No events

Classes redefined (0 events):
No events

Internal exceptions (20 events):
Event: 4.191 Thread 0x00000000518a9c40 Exception <a 'sun/nio/fs/WindowsException'{0x00000000c490dd38}> (0x00000000c490dd38) 
thrown [s\src\hotspot\share\prims\jni.cpp, line 516]
Event: 4.191 Thread 0x00000000518a9c40 Exception <a 'sun/nio/fs/WindowsException'{0x00000000c490e120}> (0x00000000c490e120) 
thrown [s\src\hotspot\share\prims\jni.cpp, line 516]
Event: 4.192 Thread 0x00000000518a9c40 Exception <a 'sun/nio/fs/WindowsException'{0x00000000c490eb38}> (0x00000000c490eb38) 
thrown [s\src\hotspot\share\prims\jni.cpp, line 516]
Event: 4.192 Thread 0x00000000518a9c40 Exception <a 'sun/nio/fs/WindowsException'{0x00000000c490ef10}> (0x00000000c490ef10) 
thrown [s\src\hotspot\share\prims\jni.cpp, line 516]
Event: 4.192 Thread 0x00000000518a9c40 Exception <a 'sun/nio/fs/WindowsException'{0x00000000c490f938}> (0x00000000c490f938) 
thrown [s\src\hotspot\share\prims\jni.cpp, line 516]
Event: 4.192 Thread 0x00000000518a9c40 Exception <a 'sun/nio/fs/WindowsException'{0x00000000c490fd20}> (0x00000000c490fd20) 
thrown [s\src\hotspot\share\prims\jni.cpp, line 516]
Event: 4.192 Thread 0x00000000518a9c40 Exception <a 'sun/nio/fs/WindowsException'{0x00000000c4910760}> (0x00000000c4910760) 
thrown [s\src\hotspot\share\prims\jni.cpp, line 516]
Event: 4.192 Thread 0x00000000518a9c40 Exception <a 'sun/nio/fs/WindowsException'{0x00000000c4910b68}> (0x00000000c4910b68) 
thrown [s\src\hotspot\share\prims\jni.cpp, line 516]
Event: 4.192 Thread 0x00000000518a9c40 Exception <a 'sun/nio/fs/WindowsException'{0x00000000c49115c0}> (0x00000000c49115c0) 
thrown [s\src\hotspot\share\prims\jni.cpp, line 516]
Event: 4.192 Thread 0x00000000518a9c40 Exception <a 'sun/nio/fs/WindowsException'{0x00000000c49119e0}> (0x00000000c49119e0) 
thrown [s\src\hotspot\share\prims\jni.cpp, line 516]
Event: 4.192 Thread 0x00000000518a9c40 Exception <a 'sun/nio/fs/WindowsException'{0x00000000c4912430}> (0x00000000c4912430) 
thrown [s\src\hotspot\share\prims\jni.cpp, line 516]
Event: 4.192 Thread 0x00000000518a9c40 Exception <a 'sun/nio/fs/WindowsException'{0x00000000c4912848}> (0x00000000c4912848) 
thrown [s\src\hotspot\share\prims\jni.cpp, line 516]
Event: 4.254 Thread 0x00000000003c4960 Exception <a 'java/lang/NoSuchMethodError'{0x00000000c3eeeec8}: 'java.lang.Object java.lang.invoke.DirectMethodHandle$Holder.newInvokeSpecial(java.lang.Object, java.lang.Object, int, java.lang.Object, java.lang.Object)'> (0x00000000c3eeeec8) 
thrown [s\src\hotspot\share\interpreter\linkResolver.cpp, line 759]
Event: 4.258 Thread 0x00000000003c4960 Exception <a 'java/lang/NoSuchMethodError'{0x00000000c3932a48}: 'java.lang.Object java.lang.invoke.DirectMethodHandle$Holder.invokeSpecial(java.lang.Object, java.lang.Object, int, java.lang.Object, int, java.lang.Object)'> (0x00000000c3932a48) 
thrown [s\src\hotspot\share\interpreter\linkResolver.cpp, line 759]
Event: 4.259 Thread 0x00000000003c4960 Exception <a 'java/lang/NoSuchMethodError'{0x00000000c393a848}: 'java.lang.Object java.lang.invoke.DirectMethodHandle$Holder.newInvokeSpecial(java.lang.Object, java.lang.Object, int, java.lang.Object, int)'> (0x00000000c393a848) 
thrown [s\src\hotspot\share\interpreter\linkResolver.cpp, line 759]
Event: 4.259 Thread 0x00000000003c4960 Exception <a 'java/lang/NoSuchMethodError'{0x00000000c393e948}: 'java.lang.Object java.lang.invoke.DirectMethodHandle$Holder.invokeSpecial(java.lang.Object, java.lang.Object, java.lang.Object, int, java.lang.Object, int)'> (0x00000000c393e948) 
thrown [s\src\hotspot\share\interpreter\linkResolver.cpp, line 759]
Event: 4.717 Thread 0x00000000518a38a0 Exception <a 'java/lang/NoSuchMethodError'{0x00000000c649fa40}: 'java.lang.Object java.lang.invoke.DirectMethodHandle$Holder.invokeStatic(java.lang.Object, java.lang.Object, java.lang.Object, int, java.lang.Object, java.lang.Object)'> (0x00000000c649fa40) 
thrown [s\src\hotspot\share\interpreter\linkResolver.cpp, line 759]
Event: 4.720 Thread 0x00000000518a3d70 Exception <a 'java/lang/NoSuchMethodError'{0x00000000c64c14a8}: 'java.lang.Object java.lang.invoke.DirectMethodHandle$Holder.invokeStatic(java.lang.Object, int, java.lang.Object)'> (0x00000000c64c14a8) 
thrown [s\src\hotspot\share\interpreter\linkResolver.cpp, line 759]
Event: 4.882 Thread 0x00000000518a50b0 Exception <a 'java/lang/NoSuchMethodError'{0x00000000c7088e98}: 'int java.lang.invoke.DirectMethodHandle$Holder.invokeStatic(java.lang.Object)'> (0x00000000c7088e98) 
thrown [s\src\hotspot\share\interpreter\linkResolver.cpp, line 759]
Event: 4.883 Thread 0x00000000518a50b0 Exception <a 'java/lang/NoSuchMethodError'{0x00000000c708c298}: 'int java.lang.invoke.DirectMethodHandle$Holder.invokeStaticInit(java.lang.Object)'> (0x00000000c708c298) 
thrown [s\src\hotspot\share\interpreter\linkResolver.cpp, line 759]

VM Operations (20 events):
Event: 5.121 Executing VM operation: HandshakeAllThreads done
Event: 5.121 Executing VM operation: G1CollectForAllocation
Event: 5.121 Executing VM operation: G1CollectForAllocation done
Event: 5.122 Executing VM operation: G1CollectForAllocation
Event: 5.126 Executing VM operation: G1CollectForAllocation done
Event: 5.171 Executing VM operation: G1Concurrent
Event: 5.180 Executing VM operation: G1Concurrent done
Event: 5.206 Executing VM operation: G1CollectForAllocation
Event: 5.206 Executing VM operation: G1CollectForAllocation done
Event: 5.207 Executing VM operation: G1CollectForAllocation
Event: 5.213 Executing VM operation: G1CollectForAllocation done
Event: 5.253 Executing VM operation: G1Concurrent
Event: 5.253 Executing VM operation: G1Concurrent done
Event: 5.279 Executing VM operation: G1CollectForAllocation
Event: 5.287 Executing VM operation: G1CollectForAllocation done
Event: 5.288 Executing VM operation: G1CollectForAllocation
Event: 5.295 Executing VM operation: G1CollectForAllocation done
Event: 5.360 Executing VM operation: G1CollectForAllocation
Event: 5.360 Executing VM operation: G1CollectForAllocation done
Event: 5.360 Executing VM operation: G1CollectForAllocation

Events (20 events):
Event: 4.797 loading class java/util/concurrent/CompletableFuture$UniExceptionally
Event: 4.797 loading class java/util/concurrent/CompletableFuture$UniExceptionally done
Event: 4.797 loading class java/util/concurrent/CompletableFuture$Signaller
Event: 4.797 loading class java/util/concurrent/CompletableFuture$Signaller done
Event: 4.875 Thread 0x00000000518a50b0 Thread added: 0x00000000518a50b0
Event: 4.890 Thread 0x00000000518a5580 Thread added: 0x00000000518a5580
Event: 4.895 loading class sun/nio/cs/StringUTF16
Event: 4.895 loading class sun/nio/cs/StringUTF16 done
Event: 4.907 loading class jdk/internal/vm/annotation/ForceInline
Event: 4.907 loading class jdk/internal/vm/annotation/ForceInline done
Event: 4.927 loading class java/util/ServiceConfigurationError
Event: 4.927 loading class java/util/ServiceConfigurationError done
Event: 4.930 loading class java/util/stream/Nodes$SpinedNodeBuilder
Event: 4.931 loading class java/util/stream/Nodes$SpinedNodeBuilder done
Event: 5.318 loading class java/util/zip/GZIPOutputStream
Event: 5.318 loading class java/util/zip/DeflaterOutputStream
Event: 5.318 loading class java/util/zip/DeflaterOutputStream done
Event: 5.318 loading class java/util/zip/GZIPOutputStream done
Event: 5.337 loading class java/util/zip/GZIPInputStream
Event: 5.337 loading class java/util/zip/GZIPInputStream done


Dynamic libraries:
0x000000013fe10000 - 0x000000013fe1e000 	c:\Users\KL_Schweizer\.vscode\extensions\redhat.java-1.11.0-win32-x64\jre\17.0.4.1-win32-x86_64\bin\java.exe
0x0000000076e20000 - 0x0000000076fbf000 	C:\Windows\SYSTEM32\ntdll.dll
0x0000000076c00000 - 0x0000000076d1f000 	C:\Windows\system32\kernel32.dll
0x000007fefce60000 - 0x000007fefceca000 	C:\Windows\system32\KERNELBASE.dll
0x000007fee2ea0000 - 0x000007fee2eb8000 	c:\Users\KL_Schweizer\.vscode\extensions\redhat.java-1.11.0-win32-x64\jre\17.0.4.1-win32-x86_64\bin\jli.dll
0x000007fefaf10000 - 0x000007fefb104000 	C:\Windows\WinSxS\amd64_microsoft.windows.common-controls_6595b64144ccf1df_6.0.7601.17514_none_fa396087175ac9ac\COMCTL32.dll
0x000007feff040000 - 0x000007feff0df000 	C:\Windows\system32\msvcrt.dll
0x000007fefd120000 - 0x000007fefd187000 	C:\Windows\system32\GDI32.dll
0x0000000076d20000 - 0x0000000076e1a000 	C:\Windows\system32\USER32.dll
0x000007fefdcb0000 - 0x000007fefdcbe000 	C:\Windows\system32\LPK.dll
0x000007fefddd0000 - 0x000007fefde99000 	C:\Windows\system32\USP10.dll
0x000007fefefc0000 - 0x000007feff031000 	C:\Windows\system32\SHLWAPI.dll
0x000007fee26d0000 - 0x000007fee26e9000 	c:\Users\KL_Schweizer\.vscode\extensions\redhat.java-1.11.0-win32-x64\jre\17.0.4.1-win32-x86_64\bin\VCRUNTIME140.dll
0x000007fef9fe0000 - 0x000007fef9fe4000 	c:\Users\KL_Schweizer\.vscode\extensions\redhat.java-1.11.0-win32-x64\jre\17.0.4.1-win32-x86_64\bin\api-ms-win-crt-runtime-l1-1-0.dll
0x000007fec77f0000 - 0x000007fec78ea000 	c:\Users\KL_Schweizer\.vscode\extensions\redhat.java-1.11.0-win32-x64\jre\17.0.4.1-win32-x86_64\bin\ucrtbase.DLL
0x000007fef3840000 - 0x000007fef3843000 	c:\Users\KL_Schweizer\.vscode\extensions\redhat.java-1.11.0-win32-x64\jre\17.0.4.1-win32-x86_64\bin\api-ms-win-core-localization-l1-2-0.dll
0x000007fef37f0000 - 0x000007fef37f3000 	c:\Users\KL_Schweizer\.vscode\extensions\redhat.java-1.11.0-win32-x64\jre\17.0.4.1-win32-x86_64\bin\api-ms-win-core-processthreads-l1-1-1.dll
0x000007fef3480000 - 0x000007fef3483000 	c:\Users\KL_Schweizer\.vscode\extensions\redhat.java-1.11.0-win32-x64\jre\17.0.4.1-win32-x86_64\bin\api-ms-win-core-file-l1-2-0.dll
0x000007fee4700000 - 0x000007fee4703000 	c:\Users\KL_Schweizer\.vscode\extensions\redhat.java-1.11.0-win32-x64\jre\17.0.4.1-win32-x86_64\bin\api-ms-win-core-timezone-l1-1-0.dll
0x000007fee2e90000 - 0x000007fee2e93000 	c:\Users\KL_Schweizer\.vscode\extensions\redhat.java-1.11.0-win32-x64\jre\17.0.4.1-win32-x86_64\bin\api-ms-win-core-file-l2-1-0.dll
0x000007fede630000 - 0x000007fede633000 	c:\Users\KL_Schweizer\.vscode\extensions\redhat.java-1.11.0-win32-x64\jre\17.0.4.1-win32-x86_64\bin\api-ms-win-core-synch-l1-2-0.dll
0x000007fedd000000 - 0x000007fedd003000 	c:\Users\KL_Schweizer\.vscode\extensions\redhat.java-1.11.0-win32-x64\jre\17.0.4.1-win32-x86_64\bin\api-ms-win-crt-heap-l1-1-0.dll
0x000007fedcff0000 - 0x000007fedcff4000 	c:\Users\KL_Schweizer\.vscode\extensions\redhat.java-1.11.0-win32-x64\jre\17.0.4.1-win32-x86_64\bin\api-ms-win-crt-string-l1-1-0.dll
0x000007fedcfe0000 - 0x000007fedcfe4000 	c:\Users\KL_Schweizer\.vscode\extensions\redhat.java-1.11.0-win32-x64\jre\17.0.4.1-win32-x86_64\bin\api-ms-win-crt-stdio-l1-1-0.dll
0x000007fedcf50000 - 0x000007fedcf54000 	c:\Users\KL_Schweizer\.vscode\extensions\redhat.java-1.11.0-win32-x64\jre\17.0.4.1-win32-x86_64\bin\api-ms-win-crt-convert-l1-1-0.dll
0x000007fedcf40000 - 0x000007fedcf43000 	c:\Users\KL_Schweizer\.vscode\extensions\redhat.java-1.11.0-win32-x64\jre\17.0.4.1-win32-x86_64\bin\api-ms-win-crt-environment-l1-1-0.dll
0x000007fedce20000 - 0x000007fedce23000 	c:\Users\KL_Schweizer\.vscode\extensions\redhat.java-1.11.0-win32-x64\jre\17.0.4.1-win32-x86_64\bin\api-ms-win-crt-filesystem-l1-1-0.dll
0x000007fedccf0000 - 0x000007fedccf5000 	c:\Users\KL_Schweizer\.vscode\extensions\redhat.java-1.11.0-win32-x64\jre\17.0.4.1-win32-x86_64\bin\api-ms-win-crt-math-l1-1-0.dll
0x000007fedcce0000 - 0x000007fedcce3000 	c:\Users\KL_Schweizer\.vscode\extensions\redhat.java-1.11.0-win32-x64\jre\17.0.4.1-win32-x86_64\bin\api-ms-win-crt-locale-l1-1-0.dll
0x000007feff0e0000 - 0x000007feff10e000 	C:\Windows\system32\IMM32.DLL
0x000007fefdcc0000 - 0x000007fefddc9000 	C:\Windows\system32\MSCTF.dll
0x000007fedc310000 - 0x000007fedc31c000 	c:\Users\KL_Schweizer\.vscode\extensions\redhat.java-1.11.0-win32-x64\jre\17.0.4.1-win32-x86_64\bin\vcruntime140_1.dll
0x000007fec7750000 - 0x000007fec77e1000 	c:\Users\KL_Schweizer\.vscode\extensions\redhat.java-1.11.0-win32-x64\jre\17.0.4.1-win32-x86_64\bin\msvcp140.dll
0x000007fedc0b0000 - 0x000007fedc0b3000 	c:\Users\KL_Schweizer\.vscode\extensions\redhat.java-1.11.0-win32-x64\jre\17.0.4.1-win32-x86_64\bin\api-ms-win-crt-time-l1-1-0.dll
0x000007fedc0a0000 - 0x000007fedc0a3000 	c:\Users\KL_Schweizer\.vscode\extensions\redhat.java-1.11.0-win32-x64\jre\17.0.4.1-win32-x86_64\bin\api-ms-win-crt-utility-l1-1-0.dll
0x000007fec5f00000 - 0x000007fec6b46000 	c:\Users\KL_Schweizer\.vscode\extensions\redhat.java-1.11.0-win32-x64\jre\17.0.4.1-win32-x86_64\bin\server\jvm.dll
0x000007fefd580000 - 0x000007fefd65b000 	C:\Windows\system32\ADVAPI32.dll
0x000007fefd660000 - 0x000007fefd67f000 	C:\Windows\SYSTEM32\sechost.dll
0x000007fefd880000 - 0x000007fefd9ac000 	C:\Windows\system32\RPCRT4.dll
0x000007fefa0d0000 - 0x000007fefa0d9000 	C:\Windows\system32\WSOCK32.dll
0x000007fefeed0000 - 0x000007fefef1d000 	C:\Windows\system32\WS2_32.dll
0x000007fefecb0000 - 0x000007fefecb8000 	C:\Windows\system32\NSI.dll
0x000007fef8950000 - 0x000007fef898b000 	C:\Windows\system32\WINMM.dll
0x000007fefbff0000 - 0x000007fefbffc000 	C:\Windows\system32\VERSION.dll
0x0000000076fd0000 - 0x0000000076fd7000 	C:\Windows\system32\PSAPI.DLL
0x000007fedc000000 - 0x000007fedc00a000 	c:\Users\KL_Schweizer\.vscode\extensions\redhat.java-1.11.0-win32-x64\jre\17.0.4.1-win32-x86_64\bin\jimage.dll
0x000007fef43a0000 - 0x000007fef44c5000 	C:\Windows\system32\DBGHELP.DLL
0x000007fedbfa0000 - 0x000007fedbfc5000 	c:\Users\KL_Schweizer\.vscode\extensions\redhat.java-1.11.0-win32-x64\jre\17.0.4.1-win32-x86_64\bin\java.dll
0x000007fec9c30000 - 0x000007fec9c48000 	c:\Users\KL_Schweizer\.vscode\extensions\redhat.java-1.11.0-win32-x64\jre\17.0.4.1-win32-x86_64\bin\zip.dll
0x000007fefdf20000 - 0x000007fefeca8000 	C:\Windows\system32\SHELL32.dll
0x000007fefecc0000 - 0x000007fefeec3000 	C:\Windows\system32\ole32.dll
0x000007fefcd50000 - 0x000007fefcd5f000 	C:\Windows\system32\profapi.dll
0x000007fed97b0000 - 0x000007fed97c9000 	C:\Users\KL_Schweizer\.vscode\extensions\redhat.java-1.11.0-win32-x64\jre\17.0.4.1-win32-x86_64\bin\net.dll
0x000007fef8bf0000 - 0x000007fef8c61000 	C:\Windows\system32\WINHTTP.dll
0x000007fef8b80000 - 0x000007fef8be4000 	C:\Windows\system32\webio.dll
0x000007fefc570000 - 0x000007fefc5c5000 	C:\Windows\system32\mswsock.dll
0x000007fefc560000 - 0x000007fefc567000 	C:\Windows\System32\wship6.dll
0x000007fec9c60000 - 0x000007fec9c75000 	C:\Users\KL_Schweizer\.vscode\extensions\redhat.java-1.11.0-win32-x64\jre\17.0.4.1-win32-x86_64\bin\nio.dll
0x000007fedbf90000 - 0x000007fedbfa0000 	c:\Users\KL_Schweizer\.vscode\extensions\redhat.java-1.11.0-win32-x64\jre\17.0.4.1-win32-x86_64\bin\verify.dll
0x000007fec9c50000 - 0x000007fec9c59000 	C:\Users\KL_Schweizer\.vscode\extensions\redhat.java-1.11.0-win32-x64\jre\17.0.4.1-win32-x86_64\bin\management.dll
0x000007fec90d0000 - 0x000007fec90db000 	C:\Users\KL_Schweizer\.vscode\extensions\redhat.java-1.11.0-win32-x64\jre\17.0.4.1-win32-x86_64\bin\management_ext.dll
0x000007fefa610000 - 0x000007fefa625000 	C:\Windows\system32\NLAapi.dll
0x000007fef2de0000 - 0x000007fef2df5000 	C:\Windows\system32\napinsp.dll
0x000007fef2dc0000 - 0x000007fef2dd9000 	C:\Windows\system32\pnrpnsp.dll
0x000007fefc3f0000 - 0x000007fefc44b000 	C:\Windows\system32\DNSAPI.dll
0x000007fef2db0000 - 0x000007fef2dbb000 	C:\Windows\System32\winrnr.dll
0x0000000072370000 - 0x000000007239e000 	c:\Program Files\Common Files\Microsoft Shared\Windows Live\WLIDNSP.DLL
0x000007fefb660000 - 0x000007fefb667000 	C:\Windows\System32\wshtcpip.dll
0x000007fefbd70000 - 0x000007fefbd97000 	C:\Windows\system32\IPHLPAPI.DLL
0x000007fefbd60000 - 0x000007fefbd6b000 	C:\Windows\system32\WINNSI.DLL
0x000007fef5f30000 - 0x000007fef5f38000 	C:\Windows\system32\rasadhlp.dll
0x000007fef8a10000 - 0x000007fef8a63000 	C:\Windows\System32\fwpuclnt.dll
0x000007fefc5d0000 - 0x000007fefc5e8000 	C:\Windows\system32\CRYPTSP.dll
0x000007fefc2d0000 - 0x000007fefc317000 	C:\Windows\system32\rsaenh.dll
0x000007fefc090000 - 0x000007fefc0ae000 	C:\Windows\system32\USERENV.dll
0x000007fefcc80000 - 0x000007fefcc8f000 	C:\Windows\system32\CRYPTBASE.dll
0x000007fef8860000 - 0x000007fef8871000 	C:\Windows\system32\dhcpcsvc6.DLL
0x000007fef8740000 - 0x000007fef8758000 	C:\Windows\system32\dhcpcsvc.DLL

dbghelp: loaded successfully - version: 4.0.5 - missing functions: none
symbol engine: initialized successfully - sym options: 0x614 - pdb path: .;c:\Users\KL_Schweizer\.vscode\extensions\redhat.java-1.11.0-win32-x64\jre\17.0.4.1-win32-x86_64\bin;C:\Windows\SYSTEM32;C:\Windows\WinSxS\amd64_microsoft.windows.common-controls_6595b64144ccf1df_6.0.7601.17514_none_fa396087175ac9ac;c:\Users\KL_Schweizer\.vscode\extensions\redhat.java-1.11.0-win32-x64\jre\17.0.4.1-win32-x86_64\bin\server;c:\Program Files\Common Files\Microsoft Shared\Windows Live

VM Arguments:
jvm_args: -Dsts.lsp.client=vscode -Dsts.log.file=/dev/null -XX:TieredStopAtLevel=1 -Xlog:jni+resolve=off -Dspring.config.location=file:c:\Users\KL_Schweizer\.vscode\extensions\pivotal.vscode-spring-boot-1.39.0\language-server\BOOT-INF\classes\application.properties 
java_command: org.springframework.ide.vscode.boot.app.BootLanguageServerBootApp
java_class_path (initial): c:\Users\KL_Schweizer\.vscode\extensions\pivotal.vscode-spring-boot-1.39.0\language-server\BOOT-INF\classes;c:\Users\KL_Schweizer\.vscode\extensions\pivotal.vscode-spring-boot-1.39.0\language-server\BOOT-INF\lib\annotations-23.0.0.jar;c:\Users\KL_Schweizer\.vscode\extensions\pivotal.vscode-spring-boot-1.39.0\language-server\BOOT-INF\lib\antlr-runtime-3.5.2.jar;c:\Users\KL_Schweizer\.vscode\extensions\pivotal.vscode-spring-boot-1.39.0\language-server\BOOT-INF\lib\antlr4-4.9.3.jar;c:\Users\KL_Schweizer\.vscode\extensions\pivotal.vscode-spring-boot-1.39.0\language-server\BOOT-INF\lib\antlr4-runtime-4.9.3.jar;c:\Users\KL_Schweizer\.vscode\extensions\pivotal.vscode-spring-boot-1.39.0\language-server\BOOT-INF\lib\asm-9.3.jar;c:\Users\KL_Schweizer\.vscode\extensions\pivotal.vscode-spring-boot-1.39.0\language-server\BOOT-INF\lib\asm-analysis-9.3.jar;c:\Users\KL_Schweizer\.vscode\extensions\pivotal.vscode-spring-boot-1.39.0\language-server\BOOT-INF\lib\asm-tree-9.3.jar;c:\Users\KL_Schweizer\.vscode\extensions\pivotal.vscode-spring-boot-1.39.0\language-server\BOOT-INF\lib\asm-util-9.3.jar;c:\Users\KL_Schweizer\.vscode\extensions\pivotal.vscode-spring-boot-1.39.0\language-server\BOOT-INF\lib\byte-buddy-1.12.13.jar;c:\Users\KL_Schweizer\.vscode\extensions\pivotal.vscode-spring-boot-1.39.0\language-server\BOOT-INF\lib\caffeine-2.9.3.jar;c:\Users\KL_Schweizer\.vscode\extensions\pivotal.vscode-spring-boot-1.39.0\language-server\BOOT-INF\lib\checker-qual-3.12.0.jar;c:\Users\KL_Schweizer\.vscode\extensions\pivotal.vscode-spring-boot-1.39.0\language-server\BOOT-INF\lib\classgraph-4.8.149.jar;c:\Users\KL_Schweizer\.vscode\extensions\pivotal.vscode-spring-boot-1.39.0\language-server\BOOT-INF\lib\commons-codec-1.15.jar;c:\Users\KL_Schweizer\.vscode\extensions\pivotal.vscode-spring-boot-1.39.0\language-server\BOOT-INF\lib\commons-compress-1.21.jar;c:\Users\KL_Schweizer\.vscode\extensions\pivotal.vscode-spring-boot-1.39.0\language-server\BOOT-INF\lib\commons-e
Launcher Type: SUN_STANDARD

[Global flags]
     intx CICompilerCount                          = 3                                         {product} {ergonomic}
     uint ConcGCThreads                            = 1                                         {product} {ergonomic}
     uint G1ConcRefinementThreads                  = 4                                         {product} {ergonomic}
   size_t G1HeapRegionSize                         = 1048576                                   {product} {ergonomic}
    uintx GCDrainStackTargetSize                   = 64                                        {product} {ergonomic}
   size_t InitialHeapSize                          = 67108864                                  {product} {ergonomic}
   size_t MarkStackSize                            = 4194304                                   {product} {ergonomic}
   size_t MaxHeapSize                              = 1048576000                                {product} {ergonomic}
   size_t MaxNewSize                               = 629145600                                 {product} {ergonomic}
   size_t MinHeapDeltaBytes                        = 1048576                                   {product} {ergonomic}
   size_t MinHeapSize                              = 8388608                                   {product} {ergonomic}
    uintx NonProfiledCodeHeapSize                  = 0                                      {pd product} {ergonomic}
     bool ProfileInterpreter                       = false                                  {pd product} {command line}
    uintx ProfiledCodeHeapSize                     = 0                                      {pd product} {ergonomic}
   size_t SoftMaxHeapSize                          = 1048576000                             {manageable} {ergonomic}
     intx TieredStopAtLevel                        = 1                                         {product} {command line}
     bool UseCompressedClassPointers               = true                           {product lp64_product} {ergonomic}
     bool UseCompressedOops                        = true                           {product lp64_product} {ergonomic}
     bool UseG1GC                                  = true                                      {product} {ergonomic}
     bool UseLargePagesIndividualAllocation        = false                                  {pd product} {ergonomic}

Logging:
Log output configuration:
 #0: stdout all=warning,jni+resolve=off uptime,level,tags
 #1: stderr all=off uptime,level,tags

Environment Variables:
PATH=C:\Program Files\Common Files\Oracle\Java\javapath;C:\Program Files (x86)\Common Files\Oracle\Java\javapath;C:\Program Files (x86)\Common Files\Microsoft Shared\Windows Live;C:\Windows\system32;C:\Windows;C:\Windows\System32\Wbem;C:\Windows\System32\WindowsPowerShell\v1.0\;C:\Program Files\nodejs\;C:\xampp\php;C:\composer;C:\Program Files\dotnet\;C:\Program Files\Git\cmd;C:\Program Files\NVIDIA Corporation\NVIDIA NvDLISR;C:\Program Files (x86)\GtkSharp\2.12\bin;C:\Users\KL_Schweizer\.dnx\bin;C:\Program Files\Microsoft DNX\Dnvm\;C:\Program Files (x86)\NVIDIA Corporation\PhysX\Common;C:\Program Files\Microsoft SQL Server\130\Tools\Binn\;C:\Windows\System32\WindowsPowerShell\v1.0\;C:\apache-maven-3.8.6-bin\apache-maven-3.8.6\bin;C:\Program Files (x86)\MySQL\MySQL Server 5.0\bin;C:\laragon\bin;C:\laragon\bin\apache\httpd-2.4.54-win64-VS16\bin;C:\laragon\bin\composer;C:\laragon\bin\git\bin;C:\laragon\bin\git\cmd;C:\laragon\bin\git\mingw64\bin;C:\laragon\bin\git\usr\bin;C:\laragon\bin\laragon\utils;C:\laragon\bin\mysql\mysql-8.0.30-winx64\bin;C:\laragon\bin\nginx\nginx-1.22.0;C:\laragon\bin\ngrok;C:\laragon\bin\nodejs\node-v18;C:\laragon\bin\notepad++;C:\laragon\bin\php\php-8.1.10-Win32-vs16-x64;C:\laragon\bin\python\python-3.10;C:\laragon\bin\python\python-3.10\Scripts;C:\laragon\bin\redis\redis-x64-5.0.14.1;C:\laragon\bin\telnet;C:\laragon\usr\bin;C:\Users\KL_Schweizer\AppData\Local\Yarn\config\global\node_modules\.bin;C:\Users\KL_Schweizer\AppData\Roaming\Composer\vendor\bin;C:\Users\KL_Schweizer\AppData\Roaming\npm;C:\Users\KL_Schweizer\AppData\Local\Programs\Python\Python38-32\Scripts\;C:\Users\KL_Schweizer\AppData\Local\Programs\Python\Python38-32\;D:\pktriot-0.14.1.win64\pktriot-0.14.1;C:\Users\KL_Schweizer\AppData\Local\Programs\Microsoft VS Code\bin;D:\Program Files\Docker Toolbox;D:\Program Files\flutter\bin;C:\Users\KL_Schweizer\AppData\Local\Pub\Cache\bin;
USERNAME=KL_Schweizer
OS=Windows_NT
PROCESSOR_IDENTIFIER=Intel64 Family 6 Model 58 Stepping 9, GenuineIntel
TMP=C:\Users\KL_SCH~1\AppData\Local\Temp
TEMP=C:\Users\KL_SCH~1\AppData\Local\Temp



---------------  S Y S T E M  ---------------

OS:
 Windows 7 , 64 bit Build 7601 (6.1.7601.24384)
OS uptime: 0 days 10:05 hours

CPU: total 4 (initial active 4) (2 cores per cpu, 2 threads per core) family 6 model 58 stepping 9 microcode 0x0, cx8, cmov, fxsr, ht, mmx, sse, sse2, sse3, ssse3, sse4.1, sse4.2, popcnt, tsc, tscinvbit, avx, erms, clmul, vzeroupper, clflush

Memory: 4k page, system-wide physical 3993M (453M free)
TotalPageFile size 8977M (AvailPageFile size 311M)
current process WorkingSet (physical memory assigned to process): 311M, peak: 312M
current process commit charge ("private bytes"): 356M, peak: 669M

vm_info: OpenJDK 64-Bit Server VM (17.0.4.1+1) for windows-amd64 JRE (17.0.4.1+1), built on Aug 17 2022 07:42:43 by "temurin" with MS VC++ 16.7 (VS2019)

END.
