#
# There is insufficient memory for the Java Runtime Environment to continue.
# Native memory allocation (malloc) failed to allocate 2097152 bytes for AllocateHeap
# Possible reasons:
#   The system is out of physical RAM or swap space
#   The process is running with CompressedOops enabled, and the Java Heap may be blocking the growth of the native heap
# Possible solutions:
#   Reduce memory load on the system
#   Increase physical memory or swap space
#   Check if swap backing store is full
#   Decrease Java heap size (-Xmx/-Xms)
#   Decrease number of Java threads
#   Decrease Java thread stack sizes (-Xss)
#   Set larger code cache with -XX:ReservedCodeCacheSize=
#   JVM is running with Unscaled Compressed Oops mode in which the Java heap is
#     placed in the first 4GB address space. The Java Heap base address is the
#     maximum limit for the native heap growth. Please use -XX:HeapBaseMinAddress
#     to set the Java Heap base and to place the Java Heap above 4GB virtual address.
# This output file may be truncated or incomplete.
#
#  Out of Memory Error (allocation.cpp:44), pid=6280, tid=7760
#
# JRE version: OpenJDK Runtime Environment Temurin-17.0.5+8 (17.0.5+8) (build 17.0.5+8)
# Java VM: OpenJDK 64-Bit Server VM Temurin-17.0.5+8 (17.0.5+8, mixed mode, emulated-client, tiered, compressed oops, compressed class ptrs, g1 gc, windows-amd64)
# No core dump will be written. Minidumps are not enabled by default on client versions of Windows
#

---------------  S U M M A R Y ------------

Command Line: -Dsts.lsp.client=vscode -Dsts.log.file=/dev/null -XX:TieredStopAtLevel=1 -Xlog:jni+resolve=off -Dspring.config.location=file:c:\Users\KL_Schweizer\.vscode\extensions\pivotal.vscode-spring-boot-1.42.0\language-server\BOOT-INF\classes\application.properties org.springframework.ide.vscode.boot.app.BootLanguageServerBootApp

Host: Intel(R) Core(TM) i3-3240 CPU @ 3.40GHz, 4 cores, 3G,  Windows 7 , 64 bit Build 7601 (6.1.7601.24384)
Time: Thu Dec 15 12:33:08 2022 Taipei Standard Time elapsed time: 8792.324654 seconds (0d 2h 26m 32s)

---------------  T H R E A D  ---------------

Current thread (0x000000000da51990):  VMThread "VM Thread" [stack: 0x000000004e510000,0x000000004e610000] [id=7760]

Stack: [0x000000004e510000,0x000000004e610000]
Native frames: (J=compiled Java code, j=interpreted, Vv=VM code, C=native code)
V  [jvm.dll+0x676b3a]
V  [jvm.dll+0x831444]
V  [jvm.dll+0x832bee]
V  [jvm.dll+0x833253]
V  [jvm.dll+0x244ce5]
V  [jvm.dll+0xa631f]
V  [jvm.dll+0x2f4f91]
V  [jvm.dll+0x2f0c10]
V  [jvm.dll+0x2d92f7]
V  [jvm.dll+0x31c3b7]
V  [jvm.dll+0x8376fb]
V  [jvm.dll+0x838434]
V  [jvm.dll+0x83894c]
V  [jvm.dll+0x838d24]
V  [jvm.dll+0x838df0]
V  [jvm.dll+0x7e17ea]
V  [jvm.dll+0x6759e5]
C  [ucrtbase.DLL+0x1c1ae]
C  [kernel32.dll+0x1570d]
C  [ntdll.dll+0x5385d]

VM_Operation (0x000000005259ef70): G1CollectFull, mode: safepoint, requested by thread 0x00000000513110a0


---------------  P R O C E S S  ---------------

Threads class SMR info:
_java_thread_list=0x0000000051b80180, length=26, elements={
0x000000000da688d0, 0x000000000da69950, 0x000000000da95d70, 0x000000000da988f0,
0x000000000da9b310, 0x000000000da9f0d0, 0x000000000da9f990, 0x000000000daa0290,
0x000000004f2a87f0, 0x000000004f2b0f50, 0x00000000515c9680, 0x00000000513110a0,
0x000000005013b500, 0x00000000003bd650, 0x00000000517afc00, 0x00000000517f8f40,
0x00000000517fac50, 0x00000000517fb5f0, 0x00000000517fbac0, 0x00000000517fbf90,
0x00000000517fc930, 0x000000000db6d930, 0x000000000db6de00, 0x000000000db6e2d0,
0x000000000db6e7a0, 0x000000000db6ec70
}

Java Threads: ( => current thread )
  0x000000000da688d0 JavaThread "Reference Handler" daemon [_thread_blocked, id=6876, stack(0x000000004e6c0000,0x000000004e7c0000)]
  0x000000000da69950 JavaThread "Finalizer" daemon [_thread_blocked, id=4188, stack(0x000000000d590000,0x000000000d690000)]
  0x000000000da95d70 JavaThread "Signal Dispatcher" daemon [_thread_blocked, id=1776, stack(0x000000004e830000,0x000000004e930000)]
  0x000000000da988f0 JavaThread "Attach Listener" daemon [_thread_blocked, id=9812, stack(0x000000004e9f0000,0x000000004eaf0000)]
  0x000000000da9b310 JavaThread "Service Thread" daemon [_thread_blocked, id=9644, stack(0x000000004ebb0000,0x000000004ecb0000)]
  0x000000000da9f0d0 JavaThread "Monitor Deflation Thread" daemon [_thread_blocked, id=9892, stack(0x000000004ee70000,0x000000004ef70000)]
  0x000000000da9f990 JavaThread "C1 CompilerThread0" daemon [_thread_blocked, id=4348, stack(0x000000004ed70000,0x000000004ee70000)]
  0x000000000daa0290 JavaThread "Sweeper thread" daemon [_thread_blocked, id=3736, stack(0x000000004f090000,0x000000004f190000)]
  0x000000004f2a87f0 JavaThread "Notification Thread" daemon [_thread_blocked, id=7940, stack(0x000000004f630000,0x000000004f730000)]
  0x000000004f2b0f50 JavaThread "Common-Cleaner" daemon [_thread_blocked, id=2008, stack(0x000000004f850000,0x000000004f950000)]
  0x00000000515c9680 JavaThread "boundedElastic-evictor-1" daemon [_thread_blocked, id=5000, stack(0x0000000052380000,0x0000000052480000)]
  0x00000000513110a0 JavaThread "pool-11-thread-1" [_thread_blocked, id=4396, stack(0x00000000524a0000,0x00000000525a0000)]
  0x000000005013b500 JavaThread "LanguageServerApp-lifecycle" [_thread_blocked, id=7808, stack(0x00000000525b0000,0x00000000526b0000)]
  0x00000000003bd650 JavaThread "DestroyJavaVM" [_thread_blocked, id=2180, stack(0x0000000002150000,0x0000000002250000)]
  0x00000000517afc00 JavaThread "pool-12-thread-1" [_thread_in_native, id=5780, stack(0x0000000052170000,0x0000000052270000)]
  0x00000000517f8f40 JavaThread "Simple-Language-Server main thread" daemon [_thread_blocked, id=7056, stack(0x0000000053830000,0x0000000053930000)]
  0x00000000517fac50 JavaThread "parallel-1" daemon [_thread_blocked, id=3392, stack(0x0000000055380000,0x0000000055480000)]
  0x00000000517fb5f0 JavaThread "pool-6-thread-1" [_thread_blocked, id=4772, stack(0x0000000055690000,0x0000000055790000)]
  0x00000000517fbac0 JavaThread "pool-10-thread-1" [_thread_blocked, id=4428, stack(0x000000005e570000,0x000000005e670000)]
  0x00000000517fbf90 JavaThread "parallel-2" daemon [_thread_blocked, id=6360, stack(0x000000005e6d0000,0x000000005e7d0000)]
  0x00000000517fc930 JavaThread "pool-10-thread-2" [_thread_blocked, id=5420, stack(0x000000005e400000,0x000000005e500000)]
  0x000000000db6d930 JavaThread "parallel-3" daemon [_thread_blocked, id=8768, stack(0x000000005e9a0000,0x000000005eaa0000)]
  0x000000000db6de00 JavaThread "pool-10-thread-3" [_thread_blocked, id=3228, stack(0x000000005ecd0000,0x000000005edd0000)]
  0x000000000db6e2d0 JavaThread "parallel-4" daemon [_thread_blocked, id=8224, stack(0x000000005eeb0000,0x000000005efb0000)]
  0x000000000db6e7a0 JavaThread "pool-8-thread-1" [_thread_blocked, id=5460, stack(0x0000000053950000,0x0000000053a50000)]
  0x000000000db6ec70 JavaThread "Reconciler-1" daemon [_thread_blocked, id=4684, stack(0x0000000053a90000,0x0000000053b90000)]

Other Threads:
=>0x000000000da51990 VMThread "VM Thread" [stack: 0x000000004e510000,0x000000004e610000] [id=7760]
  0x000000004f2aacc0 WatcherThread [stack: 0x000000004ef80000,0x000000004f080000] [id=8536]
  0x000000000041d600 GCTaskThread "GC Thread#0" [stack: 0x000000000ad50000,0x000000000ae50000] [id=6148]
  0x0000000050165c80 GCTaskThread "GC Thread#1" [stack: 0x0000000050400000,0x0000000050500000] [id=3592]
  0x000000004ff621d0 GCTaskThread "GC Thread#2" [stack: 0x000000004f9a0000,0x000000004faa0000] [id=1984]
  0x00000000502a6f80 GCTaskThread "GC Thread#3" [stack: 0x0000000050510000,0x0000000050610000] [id=3204]
  0x0000000000427150 ConcurrentGCThread "G1 Main Marker" [stack: 0x000000000ae80000,0x000000000af80000] [id=8652]
  0x0000000000428630 ConcurrentGCThread "G1 Conc#0" [stack: 0x000000000ab90000,0x000000000ac90000] [id=7232]
  0x000000000d3f0930 ConcurrentGCThread "G1 Refine#0" [stack: 0x000000000d690000,0x000000000d790000] [id=1736]
  0x0000000051dff2c0 ConcurrentGCThread "G1 Refine#1" [stack: 0x0000000055570000,0x0000000055670000] [id=8616]
  0x00000000518b82c0 ConcurrentGCThread "G1 Refine#2" [stack: 0x000000005f1e0000,0x000000005f2e0000] [id=5276]
  0x0000000054524890 ConcurrentGCThread "G1 Refine#3" [stack: 0x000000005fc20000,0x000000005fd20000] [id=7752]
  0x000000000d3f2560 ConcurrentGCThread "G1 Service" [stack: 0x000000000d880000,0x000000000d980000] [id=6056]

Threads with active compile tasks:

VM state: at safepoint (normal execution)

VM Mutex/Monitor currently owned by a thread:  ([mutex/lock_event])
[0x00000000003b8760] Threads_lock - owner thread: 0x000000000da51990
[0x00000000003d7e70] Heap_lock - owner thread: 0x00000000513110a0

Heap address: 0x00000000c1800000, size: 1000 MB, Compressed Oops mode: 32-bit

CDS archive(s) not mapped
Compressed class space mapped at: 0x000000000dc00000-0x000000004dc00000, reserved size: 1073741824
Narrow klass base: 0x0000000000000000, Narrow klass shift: 0, Narrow klass range: 0x4dc00000

GC Precious Log:
 CPUs: 4 total, 4 available
 Memory: 3993M
 Large Page Support: Disabled
 NUMA Support: Disabled
 Compressed Oops: Enabled (32-bit)
 Heap Region Size: 1M
 Heap Min Capacity: 8M
 Heap Initial Capacity: 64M
 Heap Max Capacity: 1000M
 Pre-touch: Disabled
 Parallel Workers: 4
 Concurrent Workers: 1
 Concurrent Refinement Workers: 4
 Periodic GC: Disabled

Heap:
 garbage-first heap   total 119808K, used 35649K [0x00000000c1800000, 0x0000000100000000)
  region size 1024K, 1 young (1024K), 0 survivors (0K)
 Metaspace       used 57736K, committed 58176K, reserved 1105920K
  class space    used 7934K, committed 8128K, reserved 1048576K

Heap Regions: E=young(eden), S=young(survivor), O=old, HS=humongous(starts), HC=humongous(continues), CS=collection set, F=free, OA=open archive, CA=closed archive, TAMS=top-at-mark-start (previous, next)
|   0|0x00000000c1800000, 0x00000000c18ffff0, 0x00000000c1900000| 99%| O|  |TAMS 0x00000000c18ffff0, 0x00000000c1800000| Untracked 
|   1|0x00000000c1900000, 0x00000000c1a00000, 0x00000000c1a00000|100%| O|  |TAMS 0x00000000c1a00000, 0x00000000c1900000| Untracked 
|   2|0x00000000c1a00000, 0x00000000c1b00000, 0x00000000c1b00000|100%| O|  |TAMS 0x00000000c1b00000, 0x00000000c1a00000| Untracked 
|   3|0x00000000c1b00000, 0x00000000c1c00000, 0x00000000c1c00000|100%| O|  |TAMS 0x00000000c1c00000, 0x00000000c1b00000| Untracked 
|   4|0x00000000c1c00000, 0x00000000c1cfffd0, 0x00000000c1d00000| 99%| O|  |TAMS 0x00000000c1cfffd0, 0x00000000c1c00000| Untracked 
|   5|0x00000000c1d00000, 0x00000000c1dffff0, 0x00000000c1e00000| 99%| O|  |TAMS 0x00000000c1dffff0, 0x00000000c1d00000| Untracked 
|   6|0x00000000c1e00000, 0x00000000c1f00000, 0x00000000c1f00000|100%| O|  |TAMS 0x00000000c1f00000, 0x00000000c1e00000| Untracked 
|   7|0x00000000c1f00000, 0x00000000c1fffff0, 0x00000000c2000000| 99%| O|  |TAMS 0x00000000c1fffff0, 0x00000000c1f00000| Untracked 
|   8|0x00000000c2000000, 0x00000000c20ffff8, 0x00000000c2100000| 99%| O|  |TAMS 0x00000000c20ffff8, 0x00000000c2000000| Untracked 
|   9|0x00000000c2100000, 0x00000000c21fffd0, 0x00000000c2200000| 99%| O|  |TAMS 0x00000000c21fffd0, 0x00000000c2100000| Untracked 
|  10|0x00000000c2200000, 0x00000000c22fffe8, 0x00000000c2300000| 99%| O|  |TAMS 0x00000000c22fffe8, 0x00000000c2200000| Untracked 
|  11|0x00000000c2300000, 0x00000000c2400000, 0x00000000c2400000|100%|HS|  |TAMS 0x00000000c2400000, 0x00000000c2300000| Untracked 
|  12|0x00000000c2400000, 0x00000000c24fff50, 0x00000000c2500000| 99%| O|  |TAMS 0x00000000c24fff50, 0x00000000c2400000| Untracked 
|  13|0x00000000c2500000, 0x00000000c25ffff8, 0x00000000c2600000| 99%| O|  |TAMS 0x00000000c25ffff8, 0x00000000c2500000| Untracked 
|  14|0x00000000c2600000, 0x00000000c26fffe0, 0x00000000c2700000| 99%| O|  |TAMS 0x00000000c26fffe0, 0x00000000c2600000| Untracked 
|  15|0x00000000c2700000, 0x00000000c27fffd0, 0x00000000c2800000| 99%| O|  |TAMS 0x00000000c27fffd0, 0x00000000c2700000| Untracked 
|  16|0x00000000c2800000, 0x00000000c28fffc0, 0x00000000c2900000| 99%| O|  |TAMS 0x00000000c28fffc0, 0x00000000c2800000| Untracked 
|  17|0x00000000c2900000, 0x00000000c29ffff8, 0x00000000c2a00000| 99%| O|  |TAMS 0x00000000c29ffff8, 0x00000000c2900000| Untracked 
|  18|0x00000000c2a00000, 0x00000000c2affff8, 0x00000000c2b00000| 99%| O|  |TAMS 0x00000000c2affff8, 0x00000000c2a00000| Untracked 
|  19|0x00000000c2b00000, 0x00000000c2bf6af0, 0x00000000c2c00000| 96%| O|  |TAMS 0x00000000c2bf6af0, 0x00000000c2b00000| Untracked 
|  20|0x00000000c2c00000, 0x00000000c2cfffe0, 0x00000000c2d00000| 99%| O|  |TAMS 0x00000000c2cfffe0, 0x00000000c2c00000| Untracked 
|  21|0x00000000c2d00000, 0x00000000c2dffff8, 0x00000000c2e00000| 99%| O|  |TAMS 0x00000000c2dffff8, 0x00000000c2d00000| Untracked 
|  22|0x00000000c2e00000, 0x00000000c2efffd8, 0x00000000c2f00000| 99%| O|  |TAMS 0x00000000c2efffd8, 0x00000000c2e00000| Untracked 
|  23|0x00000000c2f00000, 0x00000000c2ffffc0, 0x00000000c3000000| 99%| O|  |TAMS 0x00000000c2ffffc0, 0x00000000c2f00000| Untracked 
|  24|0x00000000c3000000, 0x00000000c30ffff8, 0x00000000c3100000| 99%| O|  |TAMS 0x00000000c30ffff8, 0x00000000c3000000| Untracked 
|  25|0x00000000c3100000, 0x00000000c31fffe8, 0x00000000c3200000| 99%| O|  |TAMS 0x00000000c31fffe8, 0x00000000c3100000| Untracked 
|  26|0x00000000c3200000, 0x00000000c32f4ca0, 0x00000000c3300000| 95%| O|  |TAMS 0x00000000c32f4ca0, 0x00000000c3200000| Untracked 
|  27|0x00000000c3300000, 0x00000000c33fffe8, 0x00000000c3400000| 99%| O|  |TAMS 0x00000000c33fffe8, 0x00000000c3300000| Untracked 
|  28|0x00000000c3400000, 0x00000000c34fffd8, 0x00000000c3500000| 99%| O|  |TAMS 0x00000000c34fffd8, 0x00000000c3400000| Untracked 
|  29|0x00000000c3500000, 0x00000000c35e50a8, 0x00000000c3600000| 89%| O|  |TAMS 0x00000000c3500000, 0x00000000c3500000| Untracked 
|  30|0x00000000c3600000, 0x00000000c3600068, 0x00000000c3700000|  0%| O|  |TAMS 0x00000000c3600000, 0x00000000c3600000| Untracked 
|  31|0x00000000c3700000, 0x00000000c37ffff0, 0x00000000c3800000| 99%| O|  |TAMS 0x00000000c37ffff0, 0x00000000c3700000| Untracked 
|  32|0x00000000c3800000, 0x00000000c3800000, 0x00000000c3900000|  0%| F|  |TAMS 0x00000000c3800000, 0x00000000c3800000| Untracked 
|  33|0x00000000c3900000, 0x00000000c3900000, 0x00000000c3a00000|  0%| F|  |TAMS 0x00000000c3900000, 0x00000000c3900000| Untracked 
|  34|0x00000000c3a00000, 0x00000000c3a00000, 0x00000000c3b00000|  0%| F|  |TAMS 0x00000000c3a00000, 0x00000000c3a00000| Untracked 
|  35|0x00000000c3b00000, 0x00000000c3b00000, 0x00000000c3c00000|  0%| F|  |TAMS 0x00000000c3b00000, 0x00000000c3b00000| Untracked 
|  36|0x00000000c3c00000, 0x00000000c3c00000, 0x00000000c3d00000|  0%| F|  |TAMS 0x00000000c3c00000, 0x00000000c3c00000| Untracked 
|  37|0x00000000c3d00000, 0x00000000c3d00000, 0x00000000c3e00000|  0%| F|  |TAMS 0x00000000c3d00000, 0x00000000c3d00000| Untracked 
|  38|0x00000000c3e00000, 0x00000000c3e00000, 0x00000000c3f00000|  0%| F|  |TAMS 0x00000000c3e00000, 0x00000000c3e00000| Untracked 
|  39|0x00000000c3f00000, 0x00000000c3f00000, 0x00000000c4000000|  0%| F|  |TAMS 0x00000000c3f00000, 0x00000000c3f00000| Untracked 
|  40|0x00000000c4000000, 0x00000000c4000000, 0x00000000c4100000|  0%| F|  |TAMS 0x00000000c4000000, 0x00000000c4000000| Untracked 
|  41|0x00000000c4100000, 0x00000000c4100000, 0x00000000c4200000|  0%| F|  |TAMS 0x00000000c4100000, 0x00000000c4100000| Untracked 
|  42|0x00000000c4200000, 0x00000000c4200000, 0x00000000c4300000|  0%| F|  |TAMS 0x00000000c4200000, 0x00000000c4200000| Untracked 
|  43|0x00000000c4300000, 0x00000000c4300000, 0x00000000c4400000|  0%| F|  |TAMS 0x00000000c4300000, 0x00000000c4300000| Untracked 
|  44|0x00000000c4400000, 0x00000000c4400000, 0x00000000c4500000|  0%| F|  |TAMS 0x00000000c4400000, 0x00000000c4400000| Untracked 
|  45|0x00000000c4500000, 0x00000000c45fffc8, 0x00000000c4600000| 99%| O|  |TAMS 0x00000000c45fffc8, 0x00000000c4500000| Untracked 
|  46|0x00000000c4600000, 0x00000000c4600000, 0x00000000c4700000|  0%| F|  |TAMS 0x00000000c4600000, 0x00000000c4600000| Untracked 
|  47|0x00000000c4700000, 0x00000000c4700000, 0x00000000c4800000|  0%| F|  |TAMS 0x00000000c4700000, 0x00000000c4700000| Untracked 
|  48|0x00000000c4800000, 0x00000000c4800000, 0x00000000c4900000|  0%| F|  |TAMS 0x00000000c4800000, 0x00000000c4800000| Untracked 
|  49|0x00000000c4900000, 0x00000000c4900000, 0x00000000c4a00000|  0%| F|  |TAMS 0x00000000c4900000, 0x00000000c4900000| Untracked 
|  50|0x00000000c4a00000, 0x00000000c4a00000, 0x00000000c4b00000|  0%| F|  |TAMS 0x00000000c4a00000, 0x00000000c4a00000| Untracked 
|  51|0x00000000c4b00000, 0x00000000c4b00000, 0x00000000c4c00000|  0%| F|  |TAMS 0x00000000c4b00000, 0x00000000c4b00000| Untracked 
|  52|0x00000000c4c00000, 0x00000000c4c00000, 0x00000000c4d00000|  0%| F|  |TAMS 0x00000000c4c00000, 0x00000000c4c00000| Untracked 
|  53|0x00000000c4d00000, 0x00000000c4d00000, 0x00000000c4e00000|  0%| F|  |TAMS 0x00000000c4d00000, 0x00000000c4d00000| Untracked 
|  54|0x00000000c4e00000, 0x00000000c4e00000, 0x00000000c4f00000|  0%| F|  |TAMS 0x00000000c4e00000, 0x00000000c4e00000| Untracked 
|  55|0x00000000c4f00000, 0x00000000c4f00000, 0x00000000c5000000|  0%| F|  |TAMS 0x00000000c4f00000, 0x00000000c4f00000| Untracked 
|  56|0x00000000c5000000, 0x00000000c5000000, 0x00000000c5100000|  0%| F|  |TAMS 0x00000000c5000000, 0x00000000c5000000| Untracked 
|  57|0x00000000c5100000, 0x00000000c5100000, 0x00000000c5200000|  0%| F|  |TAMS 0x00000000c5100000, 0x00000000c5100000| Untracked 
|  58|0x00000000c5200000, 0x00000000c5200000, 0x00000000c5300000|  0%| F|  |TAMS 0x00000000c5200000, 0x00000000c5200000| Untracked 
|  59|0x00000000c5300000, 0x00000000c5300000, 0x00000000c5400000|  0%| F|  |TAMS 0x00000000c5300000, 0x00000000c5300000| Untracked 
|  60|0x00000000c5400000, 0x00000000c5400000, 0x00000000c5500000|  0%| F|  |TAMS 0x00000000c5400000, 0x00000000c5400000| Untracked 
|  61|0x00000000c5500000, 0x00000000c5500000, 0x00000000c5600000|  0%| F|  |TAMS 0x00000000c5500000, 0x00000000c5500000| Untracked 
|  62|0x00000000c5600000, 0x00000000c5700000, 0x00000000c5700000|100%| O|  |TAMS 0x00000000c5700000, 0x00000000c5600000| Untracked 
|  63|0x00000000c5700000, 0x00000000c5700000, 0x00000000c5800000|  0%| F|  |TAMS 0x00000000c5700000, 0x00000000c5700000| Untracked 
|  64|0x00000000c5800000, 0x00000000c5800000, 0x00000000c5900000|  0%| F|  |TAMS 0x00000000c5800000, 0x00000000c5800000| Untracked 
|  65|0x00000000c5900000, 0x00000000c5900000, 0x00000000c5a00000|  0%| F|  |TAMS 0x00000000c5900000, 0x00000000c5900000| Untracked 
|  66|0x00000000c5a00000, 0x00000000c5a00000, 0x00000000c5b00000|  0%| F|  |TAMS 0x00000000c5a00000, 0x00000000c5a00000| Untracked 
|  67|0x00000000c5b00000, 0x00000000c5b00000, 0x00000000c5c00000|  0%| F|  |TAMS 0x00000000c5b00000, 0x00000000c5b00000| Untracked 
|  68|0x00000000c5c00000, 0x00000000c5c00000, 0x00000000c5d00000|  0%| F|  |TAMS 0x00000000c5c00000, 0x00000000c5c00000| Untracked 
|  69|0x00000000c5d00000, 0x00000000c5d00000, 0x00000000c5e00000|  0%| F|  |TAMS 0x00000000c5d00000, 0x00000000c5d00000| Untracked 
|  70|0x00000000c5e00000, 0x00000000c5e00000, 0x00000000c5f00000|  0%| F|  |TAMS 0x00000000c5e00000, 0x00000000c5e00000| Untracked 
|  71|0x00000000c5f00000, 0x00000000c5f00000, 0x00000000c6000000|  0%| F|  |TAMS 0x00000000c5f00000, 0x00000000c5f00000| Untracked 
|  72|0x00000000c6000000, 0x00000000c6000000, 0x00000000c6100000|  0%| F|  |TAMS 0x00000000c6000000, 0x00000000c6000000| Untracked 
|  73|0x00000000c6100000, 0x00000000c6100000, 0x00000000c6200000|  0%| F|  |TAMS 0x00000000c6100000, 0x00000000c6100000| Untracked 
|  74|0x00000000c6200000, 0x00000000c6200000, 0x00000000c6300000|  0%| F|  |TAMS 0x00000000c6200000, 0x00000000c6200000| Untracked 
|  75|0x00000000c6300000, 0x00000000c6300000, 0x00000000c6400000|  0%| F|  |TAMS 0x00000000c6300000, 0x00000000c6300000| Untracked 
|  76|0x00000000c6400000, 0x00000000c6400000, 0x00000000c6500000|  0%| F|  |TAMS 0x00000000c6400000, 0x00000000c6400000| Untracked 
|  77|0x00000000c6500000, 0x00000000c6500000, 0x00000000c6600000|  0%| F|  |TAMS 0x00000000c6500000, 0x00000000c6500000| Untracked 
|  78|0x00000000c6600000, 0x00000000c6600000, 0x00000000c6700000|  0%| F|  |TAMS 0x00000000c6600000, 0x00000000c6600000| Untracked 
|  79|0x00000000c6700000, 0x00000000c6700000, 0x00000000c6800000|  0%| F|  |TAMS 0x00000000c6700000, 0x00000000c6700000| Untracked 
|  80|0x00000000c6800000, 0x00000000c6800000, 0x00000000c6900000|  0%| F|  |TAMS 0x00000000c6800000, 0x00000000c6800000| Untracked 
|  81|0x00000000c6900000, 0x00000000c6900000, 0x00000000c6a00000|  0%| F|  |TAMS 0x00000000c6900000, 0x00000000c6900000| Untracked 
|  82|0x00000000c6a00000, 0x00000000c6a00000, 0x00000000c6b00000|  0%| F|  |TAMS 0x00000000c6a00000, 0x00000000c6a00000| Untracked 
|  83|0x00000000c6b00000, 0x00000000c6b00000, 0x00000000c6c00000|  0%| F|  |TAMS 0x00000000c6b00000, 0x00000000c6b00000| Untracked 
|  84|0x00000000c6c00000, 0x00000000c6c00000, 0x00000000c6d00000|  0%| F|  |TAMS 0x00000000c6c00000, 0x00000000c6c00000| Untracked 
|  85|0x00000000c6d00000, 0x00000000c6d00000, 0x00000000c6e00000|  0%| F|  |TAMS 0x00000000c6d00000, 0x00000000c6d00000| Untracked 
|  86|0x00000000c6e00000, 0x00000000c6e00000, 0x00000000c6f00000|  0%| F|  |TAMS 0x00000000c6e00000, 0x00000000c6e00000| Untracked 
|  87|0x00000000c6f00000, 0x00000000c7000000, 0x00000000c7000000|100%| O|  |TAMS 0x00000000c7000000, 0x00000000c6f00000| Untracked 
|  88|0x00000000c7000000, 0x00000000c7000000, 0x00000000c7100000|  0%| F|  |TAMS 0x00000000c7000000, 0x00000000c7000000| Untracked 
|  89|0x00000000c7100000, 0x00000000c7100000, 0x00000000c7200000|  0%| F|  |TAMS 0x00000000c7100000, 0x00000000c7100000| Untracked 
|  90|0x00000000c7200000, 0x00000000c7200000, 0x00000000c7300000|  0%| F|  |TAMS 0x00000000c7200000, 0x00000000c7200000| Untracked 
|  91|0x00000000c7300000, 0x00000000c7300000, 0x00000000c7400000|  0%| F|  |TAMS 0x00000000c7300000, 0x00000000c7300000| Untracked 
|  92|0x00000000c7400000, 0x00000000c7400000, 0x00000000c7500000|  0%| F|  |TAMS 0x00000000c7400000, 0x00000000c7400000| Untracked 
|  93|0x00000000c7500000, 0x00000000c7500000, 0x00000000c7600000|  0%| F|  |TAMS 0x00000000c7500000, 0x00000000c7500000| Untracked 
|  94|0x00000000c7600000, 0x00000000c7600000, 0x00000000c7700000|  0%| F|  |TAMS 0x00000000c7600000, 0x00000000c7600000| Untracked 
|  95|0x00000000c7700000, 0x00000000c7700000, 0x00000000c7800000|  0%| F|  |TAMS 0x00000000c7700000, 0x00000000c7700000| Untracked 
|  96|0x00000000c7800000, 0x00000000c7800000, 0x00000000c7900000|  0%| F|  |TAMS 0x00000000c7800000, 0x00000000c7800000| Untracked 
|  97|0x00000000c7900000, 0x00000000c7900000, 0x00000000c7a00000|  0%| F|  |TAMS 0x00000000c7900000, 0x00000000c7900000| Untracked 
|  98|0x00000000c7a00000, 0x00000000c7a00000, 0x00000000c7b00000|  0%| F|  |TAMS 0x00000000c7a00000, 0x00000000c7a00000| Untracked 
|  99|0x00000000c7b00000, 0x00000000c7b00000, 0x00000000c7c00000|  0%| F|  |TAMS 0x00000000c7b00000, 0x00000000c7b00000| Untracked 
| 100|0x00000000c7c00000, 0x00000000c7c00000, 0x00000000c7d00000|  0%| F|  |TAMS 0x00000000c7c00000, 0x00000000c7c00000| Untracked 
| 101|0x00000000c7d00000, 0x00000000c7d00000, 0x00000000c7e00000|  0%| F|  |TAMS 0x00000000c7d00000, 0x00000000c7d00000| Untracked 
| 102|0x00000000c7e00000, 0x00000000c7e00000, 0x00000000c7f00000|  0%| F|  |TAMS 0x00000000c7e00000, 0x00000000c7e00000| Untracked 
| 103|0x00000000c7f00000, 0x00000000c7f00000, 0x00000000c8000000|  0%| F|  |TAMS 0x00000000c7f00000, 0x00000000c7f00000| Untracked 
| 104|0x00000000c8000000, 0x00000000c8000000, 0x00000000c8100000|  0%| F|  |TAMS 0x00000000c8000000, 0x00000000c8000000| Untracked 
| 105|0x00000000c8100000, 0x00000000c8100000, 0x00000000c8200000|  0%| F|  |TAMS 0x00000000c8100000, 0x00000000c8100000| Untracked 
| 106|0x00000000c8200000, 0x00000000c8200000, 0x00000000c8300000|  0%| F|  |TAMS 0x00000000c8200000, 0x00000000c8200000| Untracked 
| 107|0x00000000c8300000, 0x00000000c8300000, 0x00000000c8400000|  0%| F|  |TAMS 0x00000000c8300000, 0x00000000c8300000| Untracked 
| 108|0x00000000c8400000, 0x00000000c8400000, 0x00000000c8500000|  0%| F|  |TAMS 0x00000000c8400000, 0x00000000c8400000| Untracked 
| 109|0x00000000c8500000, 0x00000000c8500000, 0x00000000c8600000|  0%| F|  |TAMS 0x00000000c8500000, 0x00000000c8500000| Untracked 
| 110|0x00000000c8600000, 0x00000000c8600000, 0x00000000c8700000|  0%| F|  |TAMS 0x00000000c8600000, 0x00000000c8600000| Untracked 
| 111|0x00000000c8700000, 0x00000000c8700000, 0x00000000c8800000|  0%| F|  |TAMS 0x00000000c8700000, 0x00000000c8700000| Untracked 
| 112|0x00000000c8800000, 0x00000000c8800000, 0x00000000c8900000|  0%| F|  |TAMS 0x00000000c8800000, 0x00000000c8800000| Untracked 
| 113|0x00000000c8900000, 0x00000000c8900000, 0x00000000c8a00000|  0%| F|  |TAMS 0x00000000c8900000, 0x00000000c8900000| Untracked 
| 114|0x00000000c8a00000, 0x00000000c8a00000, 0x00000000c8b00000|  0%| F|  |TAMS 0x00000000c8a00000, 0x00000000c8a00000| Untracked 
| 115|0x00000000c8b00000, 0x00000000c8b47900, 0x00000000c8c00000| 27%| E|  |TAMS 0x00000000c8b00000, 0x00000000c8b00000| Complete 
| 124|0x00000000c9400000, 0x00000000c9500000, 0x00000000c9500000|100%| O|  |TAMS 0x00000000c9500000, 0x00000000c9400000| Untracked 

Card table byte_map: [0x0000000008850000,0x0000000008a50000] _byte_map_base: 0x0000000008244000

Marking Bits (Prev, Next): (CMBitMap*) 0x000000000041eb60, (CMBitMap*) 0x000000000041eb20
 Prev Bits: [0x0000000009bf0000, 0x000000000ab90000)
 Next Bits: [0x0000000008c50000, 0x0000000009bf0000)

Polling page: 0x0000000000130000

Metaspace:

Usage:
  Non-class:     48.64 MB used.
      Class:      7.75 MB used.
       Both:     56.38 MB used.

Virtual space:
  Non-class space:       56.00 MB reserved,      48.88 MB ( 87%) committed,  7 nodes.
      Class space:        1.00 GB reserved,       7.94 MB ( <1%) committed,  1 nodes.
             Both:        1.05 GB reserved,      56.81 MB (  5%) committed. 

Chunk freelists:
   Non-Class:  2.49 MB
       Class:  46.00 KB
        Both:  2.53 MB

MaxMetaspaceSize: unlimited
CompressedClassSpaceSize: 1.00 GB
Initial GC threshold: 21.00 MB
Current GC threshold: 94.63 MB
CDS: off
MetaspaceReclaimPolicy: balanced
 - commit_granule_bytes: 65536.
 - commit_granule_words: 8192.
 - virtual_space_node_default_size: 1048576.
 - enlarge_chunks_in_place: 1.
 - new_chunks_are_fully_committed: 0.
 - uncommit_free_chunks: 1.
 - use_allocation_guard: 0.
 - handle_deallocations: 1.


Internal statistics:

num_allocs_failed_limit: 6.
num_arena_births: 550.
num_arena_deaths: 178.
num_vsnodes_births: 8.
num_vsnodes_deaths: 0.
num_space_committed: 909.
num_space_uncommitted: 0.
num_chunks_returned_to_freelist: 221.
num_chunks_taken_from_freelist: 2395.
num_chunk_merges: 66.
num_chunk_splits: 1590.
num_chunks_enlarged: 1198.
num_purges: 10.
num_inconsistent_stats: 0.

CodeCache: size=49152Kb used=12859Kb max_used=13326Kb free=36292Kb
 bounds [0x0000000005320000, 0x0000000006030000, 0x0000000008320000]
 total_blobs=7586 nmethods=6965 adapters=548
 compilation: enabled
              stopped_count=0, restarted_count=0
 full_count=0

Compilation events (20 events):
Event: 7992.470 Thread 0x000000000da9f990 6980       1       com.google.common.base.Preconditions::checkArgument (13 bytes)
Event: 7992.472 Thread 0x000000000da9f990 nmethod 6980 0x000000000600e010 code [0x000000000600e1a0, 0x000000000600e2c8]
Event: 7992.477 Thread 0x000000000da9f990 6981       1       ch.qos.logback.classic.Logger::filterAndLog_0_Or3Plus (61 bytes)
Event: 7992.498 Thread 0x000000000da9f990 nmethod 6981 0x000000000600d710 code [0x000000000600d900, 0x000000000600dd58]
Event: 7992.498 Thread 0x000000000da9f990 6983       1       ch.qos.logback.classic.Logger::callAppenders (47 bytes)
Event: 7992.500 Thread 0x000000000da9f990 nmethod 6983 0x000000000600d210 code [0x000000000600d3c0, 0x000000000600d578]
Event: 7992.500 Thread 0x000000000da9f990 6982       1       org.eclipse.lsp4j.jsonrpc.json.JsonRpcMethod::getParameterTypes (5 bytes)
Event: 7992.502 Thread 0x000000000da9f990 nmethod 6982 0x000000000600cf10 code [0x000000000600d0a0, 0x000000000600d178]
Event: 8493.664 Thread 0x000000000da9f990 6984       1       ch.qos.logback.core.pattern.SpacePadder::spacePad (53 bytes)
Event: 8493.668 Thread 0x000000000da9f990 nmethod 6984 0x000000000600ca10 code [0x000000000600cbc0, 0x000000000600cd78]
Event: 8493.668 Thread 0x000000000da9f990 6985       1       org.eclipse.lsp4j.jsonrpc.messages.ResponseMessage::getError (5 bytes)
Event: 8493.669 Thread 0x000000000da9f990 nmethod 6985 0x000000000600c710 code [0x000000000600c8a0, 0x000000000600c978]
Event: 8529.350 Thread 0x000000000da9f990 6986       1       org.eclipse.lsp4j.jsonrpc.messages.RequestMessage::setMethod (6 bytes)
Event: 8529.350 Thread 0x000000000da9f990 nmethod 6986 0x000000000600c410 code [0x000000000600c5a0, 0x000000000600c6b8]
Event: 8529.350 Thread 0x000000000da9f990 6989       1       org.eclipse.lsp4j.jsonrpc.messages.IdentifiableMessage::<init> (5 bytes)
Event: 8529.350 Thread 0x000000000da9f990 nmethod 6989 0x000000000600c110 code [0x000000000600c2a0, 0x000000000600c3b8]
Event: 8529.350 Thread 0x000000000da9f990 6987       1       org.eclipse.lsp4j.jsonrpc.messages.RequestMessage::setParams (6 bytes)
Event: 8529.353 Thread 0x000000000da9f990 nmethod 6987 0x000000000600be10 code [0x000000000600bfa0, 0x000000000600c0b8]
Event: 8529.353 Thread 0x000000000da9f990 6988       1       org.eclipse.lsp4j.jsonrpc.messages.RequestMessage::getParams (5 bytes)
Event: 8529.353 Thread 0x000000000da9f990 nmethod 6988 0x000000000600bb10 code [0x000000000600bca0, 0x000000000600bd78]

GC Heap History (20 events):
Event: 8682.726 GC heap before
{Heap before GC invocations=806 (full 770):
 garbage-first heap   total 119808K, used 35649K [0x00000000c1800000, 0x0000000100000000)
  region size 1024K, 1 young (1024K), 0 survivors (0K)
 Metaspace       used 57736K, committed 58176K, reserved 1105920K
  class space    used 7934K, committed 8128K, reserved 1048576K
}
Event: 8682.769 GC heap after
{Heap after GC invocations=807 (full 771):
 garbage-first heap   total 119808K, used 35649K [0x00000000c1800000, 0x0000000100000000)
  region size 1024K, 0 young (0K), 0 survivors (0K)
 Metaspace       used 57736K, committed 58176K, reserved 1105920K
  class space    used 7934K, committed 8128K, reserved 1048576K
}
Event: 8693.232 GC heap before
{Heap before GC invocations=807 (full 771):
 garbage-first heap   total 119808K, used 35649K [0x00000000c1800000, 0x0000000100000000)
  region size 1024K, 1 young (1024K), 0 survivors (0K)
 Metaspace       used 57736K, committed 58176K, reserved 1105920K
  class space    used 7934K, committed 8128K, reserved 1048576K
}
Event: 8693.298 GC heap after
{Heap after GC invocations=808 (full 772):
 garbage-first heap   total 119808K, used 35649K [0x00000000c1800000, 0x0000000100000000)
  region size 1024K, 0 young (0K), 0 survivors (0K)
 Metaspace       used 57736K, committed 58176K, reserved 1105920K
  class space    used 7934K, committed 8128K, reserved 1048576K
}
Event: 8703.436 GC heap before
{Heap before GC invocations=808 (full 772):
 garbage-first heap   total 119808K, used 35649K [0x00000000c1800000, 0x0000000100000000)
  region size 1024K, 1 young (1024K), 0 survivors (0K)
 Metaspace       used 57736K, committed 58176K, reserved 1105920K
  class space    used 7934K, committed 8128K, reserved 1048576K
}
Event: 8703.481 GC heap after
{Heap after GC invocations=809 (full 773):
 garbage-first heap   total 119808K, used 35649K [0x00000000c1800000, 0x0000000100000000)
  region size 1024K, 0 young (0K), 0 survivors (0K)
 Metaspace       used 57736K, committed 58176K, reserved 1105920K
  class space    used 7934K, committed 8128K, reserved 1048576K
}
Event: 8713.690 GC heap before
{Heap before GC invocations=809 (full 773):
 garbage-first heap   total 119808K, used 35649K [0x00000000c1800000, 0x0000000100000000)
  region size 1024K, 1 young (1024K), 0 survivors (0K)
 Metaspace       used 57736K, committed 58176K, reserved 1105920K
  class space    used 7934K, committed 8128K, reserved 1048576K
}
Event: 8713.749 GC heap after
{Heap after GC invocations=810 (full 774):
 garbage-first heap   total 119808K, used 35649K [0x00000000c1800000, 0x0000000100000000)
  region size 1024K, 0 young (0K), 0 survivors (0K)
 Metaspace       used 57736K, committed 58176K, reserved 1105920K
  class space    used 7934K, committed 8128K, reserved 1048576K
}
Event: 8727.964 GC heap before
{Heap before GC invocations=810 (full 774):
 garbage-first heap   total 119808K, used 35649K [0x00000000c1800000, 0x0000000100000000)
  region size 1024K, 1 young (1024K), 0 survivors (0K)
 Metaspace       used 57736K, committed 58176K, reserved 1105920K
  class space    used 7934K, committed 8128K, reserved 1048576K
}
Event: 8728.055 GC heap after
{Heap after GC invocations=811 (full 775):
 garbage-first heap   total 119808K, used 35649K [0x00000000c1800000, 0x0000000100000000)
  region size 1024K, 0 young (0K), 0 survivors (0K)
 Metaspace       used 57736K, committed 58176K, reserved 1105920K
  class space    used 7934K, committed 8128K, reserved 1048576K
}
Event: 8738.199 GC heap before
{Heap before GC invocations=811 (full 775):
 garbage-first heap   total 119808K, used 35649K [0x00000000c1800000, 0x0000000100000000)
  region size 1024K, 1 young (1024K), 0 survivors (0K)
 Metaspace       used 57736K, committed 58176K, reserved 1105920K
  class space    used 7934K, committed 8128K, reserved 1048576K
}
Event: 8738.269 GC heap after
{Heap after GC invocations=812 (full 776):
 garbage-first heap   total 119808K, used 35649K [0x00000000c1800000, 0x0000000100000000)
  region size 1024K, 0 young (0K), 0 survivors (0K)
 Metaspace       used 57736K, committed 58176K, reserved 1105920K
  class space    used 7934K, committed 8128K, reserved 1048576K
}
Event: 8748.377 GC heap before
{Heap before GC invocations=812 (full 776):
 garbage-first heap   total 119808K, used 35649K [0x00000000c1800000, 0x0000000100000000)
  region size 1024K, 1 young (1024K), 0 survivors (0K)
 Metaspace       used 57736K, committed 58176K, reserved 1105920K
  class space    used 7934K, committed 8128K, reserved 1048576K
}
Event: 8748.442 GC heap after
{Heap after GC invocations=813 (full 777):
 garbage-first heap   total 119808K, used 35649K [0x00000000c1800000, 0x0000000100000000)
  region size 1024K, 0 young (0K), 0 survivors (0K)
 Metaspace       used 57736K, committed 58176K, reserved 1105920K
  class space    used 7934K, committed 8128K, reserved 1048576K
}
Event: 8758.547 GC heap before
{Heap before GC invocations=813 (full 777):
 garbage-first heap   total 119808K, used 35649K [0x00000000c1800000, 0x0000000100000000)
  region size 1024K, 1 young (1024K), 0 survivors (0K)
 Metaspace       used 57736K, committed 58176K, reserved 1105920K
  class space    used 7934K, committed 8128K, reserved 1048576K
}
Event: 8758.599 GC heap after
{Heap after GC invocations=814 (full 778):
 garbage-first heap   total 119808K, used 35649K [0x00000000c1800000, 0x0000000100000000)
  region size 1024K, 0 young (0K), 0 survivors (0K)
 Metaspace       used 57736K, committed 58176K, reserved 1105920K
  class space    used 7934K, committed 8128K, reserved 1048576K
}
Event: 8770.359 GC heap before
{Heap before GC invocations=814 (full 778):
 garbage-first heap   total 119808K, used 35649K [0x00000000c1800000, 0x0000000100000000)
  region size 1024K, 1 young (1024K), 0 survivors (0K)
 Metaspace       used 57736K, committed 58176K, reserved 1105920K
  class space    used 7934K, committed 8128K, reserved 1048576K
}
Event: 8770.411 GC heap after
{Heap after GC invocations=815 (full 779):
 garbage-first heap   total 119808K, used 35649K [0x00000000c1800000, 0x0000000100000000)
  region size 1024K, 0 young (0K), 0 survivors (0K)
 Metaspace       used 57736K, committed 58176K, reserved 1105920K
  class space    used 7934K, committed 8128K, reserved 1048576K
}
Event: 8782.221 GC heap before
{Heap before GC invocations=815 (full 779):
 garbage-first heap   total 119808K, used 35649K [0x00000000c1800000, 0x0000000100000000)
  region size 1024K, 1 young (1024K), 0 survivors (0K)
 Metaspace       used 57736K, committed 58176K, reserved 1105920K
  class space    used 7934K, committed 8128K, reserved 1048576K
}
Event: 8782.314 GC heap after
{Heap after GC invocations=816 (full 780):
 garbage-first heap   total 119808K, used 35649K [0x00000000c1800000, 0x0000000100000000)
  region size 1024K, 0 young (0K), 0 survivors (0K)
 Metaspace       used 57736K, committed 58176K, reserved 1105920K
  class space    used 7934K, committed 8128K, reserved 1048576K
}

Dll operation events (9 events):
Event: 0.007 Loaded shared library c:\Users\KL_Schweizer\.vscode\extensions\redhat.java-1.13.0-win32-x64\jre\17.0.5-win32-x86_64\bin\java.dll
Event: 0.260 Loaded shared library C:\Users\KL_Schweizer\.vscode\extensions\redhat.java-1.13.0-win32-x64\jre\17.0.5-win32-x86_64\bin\net.dll
Event: 0.262 Loaded shared library C:\Users\KL_Schweizer\.vscode\extensions\redhat.java-1.13.0-win32-x64\jre\17.0.5-win32-x86_64\bin\nio.dll
Event: 0.275 Loaded shared library C:\Users\KL_Schweizer\.vscode\extensions\redhat.java-1.13.0-win32-x64\jre\17.0.5-win32-x86_64\bin\zip.dll
Event: 0.684 Loaded shared library c:\Users\KL_Schweizer\.vscode\extensions\redhat.java-1.13.0-win32-x64\jre\17.0.5-win32-x86_64\bin\verify.dll
Event: 0.698 Loaded shared library C:\Users\KL_Schweizer\.vscode\extensions\redhat.java-1.13.0-win32-x64\jre\17.0.5-win32-x86_64\bin\jimage.dll
Event: 2.802 Loaded shared library C:\Users\KL_Schweizer\.vscode\extensions\redhat.java-1.13.0-win32-x64\jre\17.0.5-win32-x86_64\bin\management.dll
Event: 2.809 Loaded shared library C:\Users\KL_Schweizer\.vscode\extensions\redhat.java-1.13.0-win32-x64\jre\17.0.5-win32-x86_64\bin\management_ext.dll
Event: 12.449 Loaded shared library C:\Users\KL_Schweizer\.vscode\extensions\redhat.java-1.13.0-win32-x64\jre\17.0.5-win32-x86_64\bin\sunmscapi.dll

Deoptimization events (20 events):
Event: 6.780 Thread 0x00000000517f9de0 DEOPT PACKING pc=0x00000000056be801 sp=0x000000005070ec60
Event: 6.780 Thread 0x00000000517f9de0 DEOPT UNPACKING pc=0x0000000005372b43 sp=0x000000005070e0f0 mode 3
Event: 6.780 Thread 0x00000000519690e0 DEOPT PACKING pc=0x00000000056bd417 sp=0x00000000527def60
Event: 6.780 Thread 0x00000000517fa780 DEOPT PACKING pc=0x00000000056bd417 sp=0x000000005419f300
Event: 6.780 Thread 0x00000000519690e0 DEOPT UNPACKING pc=0x0000000005372b43 sp=0x00000000527de3b8 mode 3
Event: 6.780 Thread 0x00000000517fa780 DEOPT UNPACKING pc=0x0000000005372b43 sp=0x000000005419e758 mode 3
Event: 12.415 Thread 0x00000000517fc930 DEOPT PACKING pc=0x000000000548a68c sp=0x000000005e4fe410
Event: 12.416 Thread 0x00000000517fc930 DEOPT UNPACKING pc=0x0000000005372b43 sp=0x000000005e4fd8d8 mode 0
Event: 19.031 Thread 0x00000000517fd410 DEOPT PACKING pc=0x00000000056acbaa sp=0x0000000053a5d6c0
Event: 19.031 Thread 0x00000000517fd410 DEOPT UNPACKING pc=0x0000000005372b43 sp=0x0000000053a5cbc8 mode 3
Event: 19.744 Thread 0x00000000517fd410 DEOPT PACKING pc=0x0000000005e92674 sp=0x0000000053a5de40
Event: 19.745 Thread 0x00000000517fd410 DEOPT UNPACKING pc=0x0000000005372b43 sp=0x0000000053a5d338 mode 0
Event: 19.745 Thread 0x00000000517fd410 DEOPT PACKING pc=0x0000000005e60b54 sp=0x0000000053a5df10
Event: 19.745 Thread 0x00000000517fd410 DEOPT UNPACKING pc=0x0000000005372b43 sp=0x0000000053a5d3e8 mode 0
Event: 19.745 Thread 0x00000000517fd410 DEOPT PACKING pc=0x0000000005eb421c sp=0x0000000053a5dfc0
Event: 19.745 Thread 0x00000000517fd410 DEOPT UNPACKING pc=0x0000000005372b43 sp=0x0000000053a5d540 mode 0
Event: 19.746 Thread 0x00000000517fd410 DEOPT PACKING pc=0x0000000005ec8d1c sp=0x0000000053a5e2c0
Event: 19.746 Thread 0x00000000517fd410 DEOPT UNPACKING pc=0x0000000005372b43 sp=0x0000000053a5d750 mode 0
Event: 6710.498 Thread 0x00000000517afc00 DEOPT PACKING pc=0x00000000057f4cd4 sp=0x000000005226f210
Event: 6710.503 Thread 0x00000000517afc00 DEOPT UNPACKING pc=0x0000000005372b43 sp=0x000000005226e6b8 mode 0

Classes unloaded (20 events):
Event: 127.769 Thread 0x000000000da51990 Unloading class 0x000000000e0f0000 'java/lang/invoke/LambdaForm$MH+0x000000000e0f0000'
Event: 127.769 Thread 0x000000000da51990 Unloading class 0x000000000e0e9c00 'java/lang/invoke/LambdaForm$MH+0x000000000e0e9c00'
Event: 127.769 Thread 0x000000000da51990 Unloading class 0x000000000e0e9800 'java/lang/invoke/LambdaForm$MH+0x000000000e0e9800'
Event: 127.769 Thread 0x000000000da51990 Unloading class 0x000000000df4d000 'java/lang/invoke/LambdaForm$MH+0x000000000df4d000'
Event: 6880.199 Thread 0x000000000da51990 Unloading class 0x000000000de07000 'java/lang/invoke/LambdaForm$MH+0x000000000de07000'
Event: 6880.199 Thread 0x000000000da51990 Unloading class 0x000000000de0ac00 'java/lang/invoke/LambdaForm$MH+0x000000000de0ac00'
Event: 6880.199 Thread 0x000000000da51990 Unloading class 0x000000000de0b800 'java/lang/invoke/LambdaForm$MH+0x000000000de0b800'
Event: 6880.199 Thread 0x000000000da51990 Unloading class 0x000000000df4c800 'java/lang/invoke/LambdaForm$MH+0x000000000df4c800'
Event: 6880.199 Thread 0x000000000da51990 Unloading class 0x000000000df5ec00 'java/lang/invoke/LambdaForm$MH+0x000000000df5ec00'
Event: 6880.199 Thread 0x000000000da51990 Unloading class 0x000000000e050000 'java/lang/invoke/LambdaForm$MH+0x000000000e050000'
Event: 6880.199 Thread 0x000000000da51990 Unloading class 0x000000000dcd0000 'java/lang/invoke/LambdaForm$MH+0x000000000dcd0000'
Event: 6880.199 Thread 0x000000000da51990 Unloading class 0x000000000e09c000 'java/lang/invoke/LambdaForm$MH+0x000000000e09c000'
Event: 6880.199 Thread 0x000000000da51990 Unloading class 0x000000000e0e4c00 'java/lang/invoke/LambdaForm$MH+0x000000000e0e4c00'
Event: 6880.199 Thread 0x000000000da51990 Unloading class 0x000000000e0e5000 'java/lang/invoke/LambdaForm$MH+0x000000000e0e5000'
Event: 6880.199 Thread 0x000000000da51990 Unloading class 0x000000000e0e8000 'java/lang/invoke/LambdaForm$MH+0x000000000e0e8000'
Event: 6880.199 Thread 0x000000000da51990 Unloading class 0x000000000e0e8800 'java/lang/invoke/LambdaForm$MH+0x000000000e0e8800'
Event: 6880.199 Thread 0x000000000da51990 Unloading class 0x000000000e0fc800 'java/lang/invoke/LambdaForm$MH+0x000000000e0fc800'
Event: 6880.199 Thread 0x000000000da51990 Unloading class 0x000000000e398000 'java/lang/invoke/LambdaForm$MH+0x000000000e398000'
Event: 6880.199 Thread 0x000000000da51990 Unloading class 0x000000000e3cc400 'java/lang/invoke/LambdaForm$MH+0x000000000e3cc400'
Event: 6880.199 Thread 0x000000000da51990 Unloading class 0x000000000e3d8800 'java/lang/invoke/LambdaForm$MH+0x000000000e3d8800'

Classes redefined (0 events):
No events

Internal exceptions (20 events):
Event: 18.715 Thread 0x00000000517fa780 Exception <a 'sun/nio/fs/WindowsException'{0x00000000e0678af0}> (0x00000000e0678af0) 
thrown [s\src\hotspot\share\prims\jni.cpp, line 516]
Event: 18.715 Thread 0x00000000517fa780 Exception <a 'sun/nio/fs/WindowsException'{0x00000000e0679508}> (0x00000000e0679508) 
thrown [s\src\hotspot\share\prims\jni.cpp, line 516]
Event: 18.715 Thread 0x00000000517fa780 Exception <a 'sun/nio/fs/WindowsException'{0x00000000e06798e0}> (0x00000000e06798e0) 
thrown [s\src\hotspot\share\prims\jni.cpp, line 516]
Event: 18.715 Thread 0x00000000517fa780 Exception <a 'sun/nio/fs/WindowsException'{0x00000000e067a308}> (0x00000000e067a308) 
thrown [s\src\hotspot\share\prims\jni.cpp, line 516]
Event: 18.715 Thread 0x00000000517fa780 Exception <a 'sun/nio/fs/WindowsException'{0x00000000e067a6f0}> (0x00000000e067a6f0) 
thrown [s\src\hotspot\share\prims\jni.cpp, line 516]
Event: 18.715 Thread 0x00000000517fa780 Exception <a 'sun/nio/fs/WindowsException'{0x00000000e067b130}> (0x00000000e067b130) 
thrown [s\src\hotspot\share\prims\jni.cpp, line 516]
Event: 18.715 Thread 0x00000000517fa780 Exception <a 'sun/nio/fs/WindowsException'{0x00000000e067b538}> (0x00000000e067b538) 
thrown [s\src\hotspot\share\prims\jni.cpp, line 516]
Event: 18.715 Thread 0x00000000517fa780 Exception <a 'sun/nio/fs/WindowsException'{0x00000000e067bf90}> (0x00000000e067bf90) 
thrown [s\src\hotspot\share\prims\jni.cpp, line 516]
Event: 18.715 Thread 0x00000000517fa780 Exception <a 'sun/nio/fs/WindowsException'{0x00000000e067c3b0}> (0x00000000e067c3b0) 
thrown [s\src\hotspot\share\prims\jni.cpp, line 516]
Event: 18.716 Thread 0x00000000517fa780 Exception <a 'sun/nio/fs/WindowsException'{0x00000000e067ce00}> (0x00000000e067ce00) 
thrown [s\src\hotspot\share\prims\jni.cpp, line 516]
Event: 18.716 Thread 0x00000000517fa780 Exception <a 'sun/nio/fs/WindowsException'{0x00000000e067d218}> (0x00000000e067d218) 
thrown [s\src\hotspot\share\prims\jni.cpp, line 516]
Event: 18.839 Thread 0x00000000517fd410 Exception <a 'java/lang/NoSuchMethodError'{0x00000000e0794d60}: 'void java.lang.invoke.DirectMethodHandle$Holder.invokeStatic(java.lang.Object, java.lang.Object, java.lang.Object, java.lang.Object, java.lang.Object, java.lang.Object, java.lang.Object)'> (0x00000000e0794d60) 
thrown [s\src\hotspot\share\interpreter\linkResolver.cpp, line 759]
Event: 20.071 Thread 0x000000000db6e7a0 Exception <a 'sun/nio/fs/WindowsException'{0x00000000ddfe85c0}> (0x00000000ddfe85c0) 
thrown [s\src\hotspot\share\prims\jni.cpp, line 516]
Event: 20.071 Thread 0x000000000db6e7a0 Exception <a 'sun/nio/fs/WindowsException'{0x00000000ddfe8978}> (0x00000000ddfe8978) 
thrown [s\src\hotspot\share\prims\jni.cpp, line 516]
Event: 56.212 Thread 0x00000000513110a0 Exception <a 'java/lang/NoSuchMethodError'{0x00000000ddeca268}: 'void java.lang.invoke.DirectMethodHandle$Holder.invokeStatic(java.lang.Object, long)'> (0x00000000ddeca268) 
thrown [s\src\hotspot\share\interpreter\linkResolver.cpp, line 759]
Event: 56.213 Thread 0x00000000513110a0 Exception <a 'java/lang/NoSuchMethodError'{0x00000000ddecf610}: 'java.lang.Object java.lang.invoke.DirectMethodHandle$Holder.newInvokeSpecial(java.lang.Object, long)'> (0x00000000ddecf610) 
thrown [s\src\hotspot\share\interpreter\linkResolver.cpp, line 759]
Event: 56.217 Thread 0x00000000513110a0 Exception <a 'java/lang/NoSuchMethodError'{0x00000000dded6108}: 'java.lang.Object java.lang.invoke.DirectMethodHandle$Holder.invokeStatic(java.lang.Object, java.lang.Object, long, java.lang.Object)'> (0x00000000dded6108) 
thrown [s\src\hotspot\share\interpreter\linkResolver.cpp, line 759]
Event: 56.217 Thread 0x00000000513110a0 Exception <a 'java/lang/NoSuchMethodError'{0x00000000dded9ba0}: 'java.lang.Object java.lang.invoke.DirectMethodHandle$Holder.invokeStaticInit(java.lang.Object, java.lang.Object, long, java.lang.Object)'> (0x00000000dded9ba0) 
thrown [s\src\hotspot\share\interpreter\linkResolver.cpp, line 759]
Event: 56.219 Thread 0x00000000513110a0 Exception <a 'java/lang/NoSuchMethodError'{0x00000000ddedfed0}: 'java.lang.Object java.lang.invoke.DirectMethodHandle$Holder.newInvokeSpecial(java.lang.Object, java.lang.Object, long)'> (0x00000000ddedfed0) 
thrown [s\src\hotspot\share\interpreter\linkResolver.cpp, line 759]
Event: 6711.490 Thread 0x00000000517afc00 Exception <a 'java/lang/NoSuchMethodError'{0x00000000c8a1a408}: 'java.lang.Object java.lang.invoke.DirectMethodHandle$Holder.invokeStatic(java.lang.Object, java.lang.Object, java.lang.Object, int, java.lang.Object, java.lang.Object)'> (0x00000000c8a1a408) 
thrown [s\src\hotspot\share\interpreter\linkResolver.cpp, line 759]

VM Operations (20 events):
Event: 8682.769 Executing VM operation: G1CollectFull done
Event: 8693.232 Executing VM operation: G1CollectFull
Event: 8693.298 Executing VM operation: G1CollectFull done
Event: 8703.436 Executing VM operation: G1CollectFull
Event: 8703.481 Executing VM operation: G1CollectFull done
Event: 8713.689 Executing VM operation: G1CollectFull
Event: 8713.749 Executing VM operation: G1CollectFull done
Event: 8727.961 Executing VM operation: G1CollectFull
Event: 8728.056 Executing VM operation: G1CollectFull done
Event: 8738.199 Executing VM operation: G1CollectFull
Event: 8738.269 Executing VM operation: G1CollectFull done
Event: 8748.377 Executing VM operation: G1CollectFull
Event: 8748.442 Executing VM operation: G1CollectFull done
Event: 8758.547 Executing VM operation: G1CollectFull
Event: 8758.599 Executing VM operation: G1CollectFull done
Event: 8770.359 Executing VM operation: G1CollectFull
Event: 8770.411 Executing VM operation: G1CollectFull done
Event: 8782.220 Executing VM operation: G1CollectFull
Event: 8782.314 Executing VM operation: G1CollectFull done
Event: 8792.319 Executing VM operation: G1CollectFull

Events (20 events):
Event: 7552.029 Thread 0x000000000db6fae0 Thread exited: 0x000000000db6fae0
Event: 7624.349 Thread 0x000000000db6fae0 Thread added: 0x000000000db6fae0
Event: 7624.353 Thread 0x000000000db6f140 Thread added: 0x000000000db6f140
Event: 7624.355 Thread 0x000000000db70480 Thread added: 0x000000000db70480
Event: 7626.644 Thread 0x000000000db6f610 Thread exited: 0x000000000db6f610
Event: 7684.371 Thread 0x000000000db6f140 Thread exited: 0x000000000db6f140
Event: 7724.051 Thread 0x000000000db70480 Thread exited: 0x000000000db70480
Event: 7724.131 Thread 0x000000000db6fae0 Thread exited: 0x000000000db6fae0
Event: 7728.241 Thread 0x000000000db6fae0 Thread added: 0x000000000db6fae0
Event: 7788.263 Thread 0x000000000db6fae0 Thread exited: 0x000000000db6fae0
Event: 7827.027 Thread 0x000000000db6fae0 Thread added: 0x000000000db6fae0
Event: 7927.687 Thread 0x000000000db6fae0 Thread exited: 0x000000000db6fae0
Event: 7991.902 Thread 0x000000000db6fae0 Thread added: 0x000000000db6fae0
Event: 7991.903 Thread 0x000000000db70480 Thread added: 0x000000000db70480
Event: 7992.212 Thread 0x000000000db6f140 Thread added: 0x000000000db6f140
Event: 8051.905 Thread 0x000000000db70480 Thread exited: 0x000000000db70480
Event: 8052.449 Thread 0x000000000db6f140 Thread exited: 0x000000000db6f140
Event: 8052.471 Thread 0x000000000db6fae0 Thread exited: 0x000000000db6fae0
Event: 8493.663 Thread 0x000000000db6fae0 Thread added: 0x000000000db6fae0
Event: 8589.351 Thread 0x000000000db6fae0 Thread exited: 0x000000000db6fae0


Dynamic libraries:
0x000000013fd30000 - 0x000000013fd3e000 	c:\Users\KL_Schweizer\.vscode\extensions\redhat.java-1.13.0-win32-x64\jre\17.0.5-win32-x86_64\bin\java.exe
0x0000000077410000 - 0x00000000775af000 	C:\Windows\SYSTEM32\ntdll.dll
0x00000000771f0000 - 0x000000007730f000 	C:\Windows\system32\kernel32.dll
0x000007fefd6a0000 - 0x000007fefd70a000 	C:\Windows\system32\KERNELBASE.dll
0x000007fee2c60000 - 0x000007fee2c77000 	c:\Users\KL_Schweizer\.vscode\extensions\redhat.java-1.13.0-win32-x64\jre\17.0.5-win32-x86_64\bin\jli.dll
0x000007fefb500000 - 0x000007fefb6f4000 	C:\Windows\WinSxS\amd64_microsoft.windows.common-controls_6595b64144ccf1df_6.0.7601.17514_none_fa396087175ac9ac\COMCTL32.dll
0x000007feff660000 - 0x000007feff6ff000 	C:\Windows\system32\msvcrt.dll
0x000007fefda30000 - 0x000007fefda97000 	C:\Windows\system32\GDI32.dll
0x0000000077310000 - 0x000000007740a000 	C:\Windows\system32\USER32.dll
0x000007feff160000 - 0x000007feff16e000 	C:\Windows\system32\LPK.dll
0x000007fefde10000 - 0x000007fefded9000 	C:\Windows\system32\USP10.dll
0x000007feff170000 - 0x000007feff1e1000 	C:\Windows\system32\SHLWAPI.dll
0x000007fee2690000 - 0x000007fee26a9000 	c:\Users\KL_Schweizer\.vscode\extensions\redhat.java-1.13.0-win32-x64\jre\17.0.5-win32-x86_64\bin\VCRUNTIME140.dll
0x000007feebe40000 - 0x000007feebe44000 	c:\Users\KL_Schweizer\.vscode\extensions\redhat.java-1.13.0-win32-x64\jre\17.0.5-win32-x86_64\bin\api-ms-win-crt-runtime-l1-1-0.dll
0x000007feded10000 - 0x000007fedee0a000 	c:\Users\KL_Schweizer\.vscode\extensions\redhat.java-1.13.0-win32-x64\jre\17.0.5-win32-x86_64\bin\ucrtbase.DLL
0x000007fee9bd0000 - 0x000007fee9bd3000 	c:\Users\KL_Schweizer\.vscode\extensions\redhat.java-1.13.0-win32-x64\jre\17.0.5-win32-x86_64\bin\api-ms-win-core-localization-l1-2-0.dll
0x000007fee2c50000 - 0x000007fee2c53000 	c:\Users\KL_Schweizer\.vscode\extensions\redhat.java-1.13.0-win32-x64\jre\17.0.5-win32-x86_64\bin\api-ms-win-core-processthreads-l1-1-1.dll
0x000007fee2b70000 - 0x000007fee2b73000 	c:\Users\KL_Schweizer\.vscode\extensions\redhat.java-1.13.0-win32-x64\jre\17.0.5-win32-x86_64\bin\api-ms-win-core-file-l1-2-0.dll
0x000007fee2a80000 - 0x000007fee2a83000 	c:\Users\KL_Schweizer\.vscode\extensions\redhat.java-1.13.0-win32-x64\jre\17.0.5-win32-x86_64\bin\api-ms-win-core-timezone-l1-1-0.dll
0x000007fee2680000 - 0x000007fee2683000 	c:\Users\KL_Schweizer\.vscode\extensions\redhat.java-1.13.0-win32-x64\jre\17.0.5-win32-x86_64\bin\api-ms-win-core-file-l2-1-0.dll
0x000007fee1ec0000 - 0x000007fee1ec3000 	c:\Users\KL_Schweizer\.vscode\extensions\redhat.java-1.13.0-win32-x64\jre\17.0.5-win32-x86_64\bin\api-ms-win-core-synch-l1-2-0.dll
0x000007fee1eb0000 - 0x000007fee1eb3000 	c:\Users\KL_Schweizer\.vscode\extensions\redhat.java-1.13.0-win32-x64\jre\17.0.5-win32-x86_64\bin\api-ms-win-crt-heap-l1-1-0.dll
0x000007fee1ea0000 - 0x000007fee1ea4000 	c:\Users\KL_Schweizer\.vscode\extensions\redhat.java-1.13.0-win32-x64\jre\17.0.5-win32-x86_64\bin\api-ms-win-crt-string-l1-1-0.dll
0x000007fee1e90000 - 0x000007fee1e94000 	c:\Users\KL_Schweizer\.vscode\extensions\redhat.java-1.13.0-win32-x64\jre\17.0.5-win32-x86_64\bin\api-ms-win-crt-stdio-l1-1-0.dll
0x000007fee1e50000 - 0x000007fee1e54000 	c:\Users\KL_Schweizer\.vscode\extensions\redhat.java-1.13.0-win32-x64\jre\17.0.5-win32-x86_64\bin\api-ms-win-crt-convert-l1-1-0.dll
0x000007fee1e40000 - 0x000007fee1e43000 	c:\Users\KL_Schweizer\.vscode\extensions\redhat.java-1.13.0-win32-x64\jre\17.0.5-win32-x86_64\bin\api-ms-win-crt-environment-l1-1-0.dll
0x000007fee1e10000 - 0x000007fee1e13000 	c:\Users\KL_Schweizer\.vscode\extensions\redhat.java-1.13.0-win32-x64\jre\17.0.5-win32-x86_64\bin\api-ms-win-crt-filesystem-l1-1-0.dll
0x000007fee1e00000 - 0x000007fee1e05000 	c:\Users\KL_Schweizer\.vscode\extensions\redhat.java-1.13.0-win32-x64\jre\17.0.5-win32-x86_64\bin\api-ms-win-crt-math-l1-1-0.dll
0x000007fee1df0000 - 0x000007fee1df3000 	c:\Users\KL_Schweizer\.vscode\extensions\redhat.java-1.13.0-win32-x64\jre\17.0.5-win32-x86_64\bin\api-ms-win-crt-locale-l1-1-0.dll
0x000007fefdaa0000 - 0x000007fefdace000 	C:\Windows\system32\IMM32.DLL
0x000007feff550000 - 0x000007feff659000 	C:\Windows\system32\MSCTF.dll
0x000007fee1de0000 - 0x000007fee1dec000 	c:\Users\KL_Schweizer\.vscode\extensions\redhat.java-1.13.0-win32-x64\jre\17.0.5-win32-x86_64\bin\vcruntime140_1.dll
0x000007fede770000 - 0x000007fede801000 	c:\Users\KL_Schweizer\.vscode\extensions\redhat.java-1.13.0-win32-x64\jre\17.0.5-win32-x86_64\bin\msvcp140.dll
0x000007fee10f0000 - 0x000007fee10f3000 	c:\Users\KL_Schweizer\.vscode\extensions\redhat.java-1.13.0-win32-x64\jre\17.0.5-win32-x86_64\bin\api-ms-win-crt-time-l1-1-0.dll
0x000007fee10e0000 - 0x000007fee10e3000 	c:\Users\KL_Schweizer\.vscode\extensions\redhat.java-1.13.0-win32-x64\jre\17.0.5-win32-x86_64\bin\api-ms-win-crt-utility-l1-1-0.dll
0x000007fed1730000 - 0x000007fed2374000 	c:\Users\KL_Schweizer\.vscode\extensions\redhat.java-1.13.0-win32-x64\jre\17.0.5-win32-x86_64\bin\server\jvm.dll
0x000007fefe0f0000 - 0x000007fefe1cb000 	C:\Windows\system32\ADVAPI32.dll
0x000007fefd840000 - 0x000007fefd85f000 	C:\Windows\SYSTEM32\sechost.dll
0x000007fefd710000 - 0x000007fefd83c000 	C:\Windows\system32\RPCRT4.dll
0x000007fef71b0000 - 0x000007fef71b9000 	C:\Windows\system32\WSOCK32.dll
0x000007fefe1d0000 - 0x000007fefe21d000 	C:\Windows\system32\WS2_32.dll
0x000007fefe3c0000 - 0x000007fefe3c8000 	C:\Windows\system32\NSI.dll
0x000007fef3850000 - 0x000007fef388b000 	C:\Windows\system32\WINMM.dll
0x000007fefc5e0000 - 0x000007fefc5ec000 	C:\Windows\system32\VERSION.dll
0x000007fee1150000 - 0x000007fee115a000 	c:\Users\KL_Schweizer\.vscode\extensions\redhat.java-1.13.0-win32-x64\jre\17.0.5-win32-x86_64\bin\jimage.dll
0x000007fef8120000 - 0x000007fef8245000 	C:\Windows\system32\DBGHELP.DLL
0x000007fedec40000 - 0x000007fedec65000 	c:\Users\KL_Schweizer\.vscode\extensions\redhat.java-1.13.0-win32-x64\jre\17.0.5-win32-x86_64\bin\java.dll
0x000007fee1130000 - 0x000007fee1148000 	c:\Users\KL_Schweizer\.vscode\extensions\redhat.java-1.13.0-win32-x64\jre\17.0.5-win32-x86_64\bin\zip.dll
0x000007fefe3d0000 - 0x000007feff158000 	C:\Windows\system32\SHELL32.dll
0x000007fefdee0000 - 0x000007fefe0e3000 	C:\Windows\system32\ole32.dll
0x000007fefd340000 - 0x000007fefd34f000 	C:\Windows\system32\profapi.dll
0x000007fee10c0000 - 0x000007fee10d9000 	C:\Users\KL_Schweizer\.vscode\extensions\redhat.java-1.13.0-win32-x64\jre\17.0.5-win32-x86_64\bin\net.dll
0x000007fef7d90000 - 0x000007fef7e01000 	C:\Windows\system32\WINHTTP.dll
0x000007fef7d20000 - 0x000007fef7d84000 	C:\Windows\system32\webio.dll
0x000007fefcb60000 - 0x000007fefcbb5000 	C:\Windows\system32\mswsock.dll
0x000007fefcb50000 - 0x000007fefcb57000 	C:\Windows\System32\wship6.dll
0x000007fee01f0000 - 0x000007fee0205000 	C:\Users\KL_Schweizer\.vscode\extensions\redhat.java-1.13.0-win32-x64\jre\17.0.5-win32-x86_64\bin\nio.dll
0x000007fee1120000 - 0x000007fee1130000 	c:\Users\KL_Schweizer\.vscode\extensions\redhat.java-1.13.0-win32-x64\jre\17.0.5-win32-x86_64\bin\verify.dll
0x000007fedec70000 - 0x000007fedec79000 	C:\Users\KL_Schweizer\.vscode\extensions\redhat.java-1.13.0-win32-x64\jre\17.0.5-win32-x86_64\bin\management.dll
0x000007fede760000 - 0x000007fede76b000 	C:\Users\KL_Schweizer\.vscode\extensions\redhat.java-1.13.0-win32-x64\jre\17.0.5-win32-x86_64\bin\management_ext.dll
0x00000000775c0000 - 0x00000000775c7000 	C:\Windows\system32\PSAPI.DLL
0x000007fefacb0000 - 0x000007fefacc5000 	C:\Windows\system32\NLAapi.dll
0x000007fef7180000 - 0x000007fef7195000 	C:\Windows\system32\napinsp.dll
0x000007fef7160000 - 0x000007fef7179000 	C:\Windows\system32\pnrpnsp.dll
0x000007fefc9e0000 - 0x000007fefca3b000 	C:\Windows\system32\DNSAPI.dll
0x000007fef7150000 - 0x000007fef715b000 	C:\Windows\System32\winrnr.dll
0x0000000071f10000 - 0x0000000071f3e000 	c:\Program Files\Common Files\Microsoft Shared\Windows Live\WLIDNSP.DLL
0x000007fefbc50000 - 0x000007fefbc57000 	C:\Windows\System32\wshtcpip.dll
0x000007fefc360000 - 0x000007fefc387000 	C:\Windows\system32\IPHLPAPI.DLL
0x000007fefc350000 - 0x000007fefc35b000 	C:\Windows\system32\WINNSI.DLL
0x000007fef7140000 - 0x000007fef7148000 	C:\Windows\system32\rasadhlp.dll
0x000007fef9b90000 - 0x000007fef9be3000 	C:\Windows\System32\fwpuclnt.dll
0x000007fefcbc0000 - 0x000007fefcbd8000 	C:\Windows\system32\CRYPTSP.dll
0x000007fefc8c0000 - 0x000007fefc907000 	C:\Windows\system32\rsaenh.dll
0x000007fefc680000 - 0x000007fefc69e000 	C:\Windows\system32\USERENV.dll
0x000007fefd270000 - 0x000007fefd27f000 	C:\Windows\system32\CRYPTBASE.dll
0x000007fef9a80000 - 0x000007fef9a91000 	C:\Windows\system32\dhcpcsvc6.DLL
0x000007fef9ad0000 - 0x000007fef9ae8000 	C:\Windows\system32\dhcpcsvc.DLL
0x000007fee1100000 - 0x000007fee110e000 	C:\Users\KL_Schweizer\.vscode\extensions\redhat.java-1.13.0-win32-x64\jre\17.0.5-win32-x86_64\bin\sunmscapi.dll
0x000007fefd4f0000 - 0x000007fefd65d000 	C:\Windows\system32\CRYPT32.dll
0x000007fefd3e0000 - 0x000007fefd3ef000 	C:\Windows\system32\MSASN1.dll
0x000007fefcd90000 - 0x000007fefcde0000 	C:\Windows\system32\ncrypt.dll
0x000007fefcd60000 - 0x000007fefcd82000 	C:\Windows\system32\bcrypt.dll
0x000007fefd210000 - 0x000007fefd267000 	C:\Windows\system32\apphelp.dll

dbghelp: loaded successfully - version: 4.0.5 - missing functions: none
symbol engine: initialized successfully - sym options: 0x614 - pdb path: .;c:\Users\KL_Schweizer\.vscode\extensions\redhat.java-1.13.0-win32-x64\jre\17.0.5-win32-x86_64\bin;C:\Windows\SYSTEM32;C:\Windows\WinSxS\amd64_microsoft.windows.common-controls_6595b64144ccf1df_6.0.7601.17514_none_fa396087175ac9ac;c:\Users\KL_Schweizer\.vscode\extensions\redhat.java-1.13.0-win32-x64\jre\17.0.5-win32-x86_64\bin\server;c:\Program Files\Common Files\Microsoft Shared\Windows Live

VM Arguments:
jvm_args: -Dsts.lsp.client=vscode -Dsts.log.file=/dev/null -XX:TieredStopAtLevel=1 -Xlog:jni+resolve=off -Dspring.config.location=file:c:\Users\KL_Schweizer\.vscode\extensions\pivotal.vscode-spring-boot-1.42.0\language-server\BOOT-INF\classes\application.properties 
java_command: org.springframework.ide.vscode.boot.app.BootLanguageServerBootApp
java_class_path (initial): c:\Users\KL_Schweizer\.vscode\extensions\pivotal.vscode-spring-boot-1.42.0\language-server\BOOT-INF\classes;c:\Users\KL_Schweizer\.vscode\extensions\pivotal.vscode-spring-boot-1.42.0\language-server\BOOT-INF\lib\annotations-23.1.0.jar;c:\Users\KL_Schweizer\.vscode\extensions\pivotal.vscode-spring-boot-1.42.0\language-server\BOOT-INF\lib\ant-1.10.12.jar;c:\Users\KL_Schweizer\.vscode\extensions\pivotal.vscode-spring-boot-1.42.0\language-server\BOOT-INF\lib\ant-launcher-1.10.12.jar;c:\Users\KL_Schweizer\.vscode\extensions\pivotal.vscode-spring-boot-1.42.0\language-server\BOOT-INF\lib\antlr-runtime-3.5.2.jar;c:\Users\KL_Schweizer\.vscode\extensions\pivotal.vscode-spring-boot-1.42.0\language-server\BOOT-INF\lib\antlr4-4.9.3.jar;c:\Users\KL_Schweizer\.vscode\extensions\pivotal.vscode-spring-boot-1.42.0\language-server\BOOT-INF\lib\antlr4-runtime-4.9.3.jar;c:\Users\KL_Schweizer\.vscode\extensions\pivotal.vscode-spring-boot-1.42.0\language-server\BOOT-INF\lib\apiguardian-api-1.1.2.jar;c:\Users\KL_Schweizer\.vscode\extensions\pivotal.vscode-spring-boot-1.42.0\language-server\BOOT-INF\lib\asm-9.4.jar;c:\Users\KL_Schweizer\.vscode\extensions\pivotal.vscode-spring-boot-1.42.0\language-server\BOOT-INF\lib\asm-analysis-9.4.jar;c:\Users\KL_Schweizer\.vscode\extensions\pivotal.vscode-spring-boot-1.42.0\language-server\BOOT-INF\lib\asm-tree-9.4.jar;c:\Users\KL_Schweizer\.vscode\extensions\pivotal.vscode-spring-boot-1.42.0\language-server\BOOT-INF\lib\asm-util-9.4.jar;c:\Users\KL_Schweizer\.vscode\extensions\pivotal.vscode-spring-boot-1.42.0\language-server\BOOT-INF\lib\caffeine-2.9.3.jar;c:\Users\KL_Schweizer\.vscode\extensions\pivotal.vscode-spring-boot-1.42.0\language-server\BOOT-INF\lib\checker-qual-3.12.0.jar;c:\Users\KL_Schweizer\.vscode\extensions\pivotal.vscode-spring-boot-1.42.0\language-server\BOOT-INF\lib\ci-environment-9.1.0.jar;c:\Users\KL_Schweizer\.vscode\extensions\pivotal.vscode-spring-boot-1.42.0\language-server\BOOT-INF\lib\classgraph-4
Launcher Type: SUN_STANDARD

[Global flags]
     intx CICompilerCount                          = 3                                         {product} {ergonomic}
     uint ConcGCThreads                            = 1                                         {product} {ergonomic}
     uint G1ConcRefinementThreads                  = 4                                         {product} {ergonomic}
   size_t G1HeapRegionSize                         = 1048576                                   {product} {ergonomic}
    uintx GCDrainStackTargetSize                   = 64                                        {product} {ergonomic}
   size_t InitialHeapSize                          = 67108864                                  {product} {ergonomic}
   size_t MarkStackSize                            = 4194304                                   {product} {ergonomic}
   size_t MaxHeapSize                              = 1048576000                                {product} {ergonomic}
   size_t MaxNewSize                               = 629145600                                 {product} {ergonomic}
   size_t MinHeapDeltaBytes                        = 1048576                                   {product} {ergonomic}
   size_t MinHeapSize                              = 8388608                                   {product} {ergonomic}
    uintx NonProfiledCodeHeapSize                  = 0                                      {pd product} {ergonomic}
     bool ProfileInterpreter                       = false                                  {pd product} {command line}
    uintx ProfiledCodeHeapSize                     = 0                                      {pd product} {ergonomic}
   size_t SoftMaxHeapSize                          = 1048576000                             {manageable} {ergonomic}
     intx TieredStopAtLevel                        = 1                                         {product} {command line}
     bool UseCompressedClassPointers               = true                           {product lp64_product} {ergonomic}
     bool UseCompressedOops                        = true                           {product lp64_product} {ergonomic}
     bool UseG1GC                                  = true                                      {product} {ergonomic}
     bool UseLargePagesIndividualAllocation        = false                                  {pd product} {ergonomic}

Logging:
Log output configuration:
 #0: stdout all=warning,jni+resolve=off uptime,level,tags
 #1: stderr all=off uptime,level,tags

Environment Variables:
PATH=C:\Program Files\Common Files\Oracle\Java\javapath;C:\Program Files (x86)\Common Files\Oracle\Java\javapath;C:\Program Files (x86)\Common Files\Microsoft Shared\Windows Live;C:\Windows\system32;C:\Windows;C:\Windows\System32\Wbem;C:\Windows\System32\WindowsPowerShell\v1.0\;C:\Program Files\nodejs\;C:\xampp\php;C:\composer;C:\Program Files\dotnet\;C:\Program Files\Git\cmd;C:\Program Files\NVIDIA Corporation\NVIDIA NvDLISR;C:\Program Files (x86)\GtkSharp\2.12\bin;C:\Users\KL_Schweizer\.dnx\bin;C:\Program Files\Microsoft DNX\Dnvm\;C:\Program Files (x86)\NVIDIA Corporation\PhysX\Common;C:\Program Files\Microsoft SQL Server\130\Tools\Binn\;C:\Windows\System32\WindowsPowerShell\v1.0\;C:\apache-maven-3.8.6-bin\apache-maven-3.8.6\bin;C:\Program Files (x86)\MySQL\MySQL Server 5.0\bin;C:\laragon\bin;C:\laragon\bin\apache\httpd-2.4.54-win64-VS16\bin;C:\laragon\bin\composer;C:\laragon\bin\git\bin;C:\laragon\bin\git\cmd;C:\laragon\bin\git\mingw64\bin;C:\laragon\bin\git\usr\bin;C:\laragon\bin\laragon\utils;C:\laragon\bin\mysql\mysql-8.0.30-winx64\bin;C:\laragon\bin\nginx\nginx-1.22.0;C:\laragon\bin\ngrok;C:\laragon\bin\nodejs\node-v18;C:\laragon\bin\notepad++;C:\laragon\bin\php\php-8.1.10-Win32-vs16-x64;C:\laragon\bin\python\python-3.10;C:\laragon\bin\python\python-3.10\Scripts;C:\laragon\bin\redis\redis-x64-5.0.14.1;C:\laragon\bin\telnet;C:\laragon\usr\bin;C:\Users\KL_Schweizer\AppData\Local\Yarn\config\global\node_modules\.bin;C:\Users\KL_Schweizer\AppData\Roaming\Composer\vendor\bin;C:\Users\KL_Schweizer\AppData\Roaming\npm;C:\Users\KL_Schweizer\AppData\Local\Programs\Python\Python38-32\Scripts\;C:\Users\KL_Schweizer\AppData\Local\Programs\Python\Python38-32\;D:\pktriot-0.14.1.win64\pktriot-0.14.1;C:\Users\KL_Schweizer\AppData\Local\Programs\Microsoft VS Code\bin;D:\Program Files\Docker Toolbox;D:\Program Files\flutter\bin;C:\Users\KL_Schweizer\AppData\Local\Pub\Cache\bin;
USERNAME=KL_Schweizer
OS=Windows_NT
PROCESSOR_IDENTIFIER=Intel64 Family 6 Model 58 Stepping 9, GenuineIntel
TMP=C:\Users\KL_SCH~1\AppData\Local\Temp
TEMP=C:\Users\KL_SCH~1\AppData\Local\Temp



---------------  S Y S T E M  ---------------

OS:
 Windows 7 , 64 bit Build 7601 (6.1.7601.24384)
OS uptime: 1 days 4:26 hours

CPU: total 4 (initial active 4) (2 cores per cpu, 2 threads per core) family 6 model 58 stepping 9 microcode 0x0, cx8, cmov, fxsr, ht, mmx, sse, sse2, sse3, ssse3, sse4.1, sse4.2, popcnt, tsc, tscinvbit, avx, erms, clmul, vzeroupper, clflush

Memory: 4k page, system-wide physical 3993M (133M free)
TotalPageFile size 12139M (AvailPageFile size 7M)
current process WorkingSet (physical memory assigned to process): 78M, peak: 667M
current process commit charge ("private bytes"): 283M, peak: 710M

vm_info: OpenJDK 64-Bit Server VM (17.0.5+8) for windows-amd64 JRE (17.0.5+8), built on Oct 19 2022 04:48:13 by "temurin" with MS VC++ 16.7 (VS2019)

END.
