#
# There is insufficient memory for the Java Runtime Environment to continue.
# Native memory allocation (malloc) failed to allocate 388496 bytes for Chunk::new
# Possible reasons:
#   The system is out of physical RAM or swap space
#   The process is running with CompressedOops enabled, and the Java Heap may be blocking the growth of the native heap
# Possible solutions:
#   Reduce memory load on the system
#   Increase physical memory or swap space
#   Check if swap backing store is full
#   Decrease Java heap size (-Xmx/-Xms)
#   Decrease number of Java threads
#   Decrease Java thread stack sizes (-Xss)
#   Set larger code cache with -XX:ReservedCodeCacheSize=
#   JVM is running with Unscaled Compressed Oops mode in which the Java heap is
#     placed in the first 4GB address space. The Java Heap base address is the
#     maximum limit for the native heap growth. Please use -XX:HeapBaseMinAddress
#     to set the Java Heap base and to place the Java Heap above 4GB virtual address.
# This output file may be truncated or incomplete.
#
#  Out of Memory Error (arena.cpp:189), pid=8860, tid=9076
#
# JRE version: OpenJDK Runtime Environment Temurin-17.0.4.1+1 (17.0.4.1+1) (build 17.0.4.1+1)
# Java VM: OpenJDK 64-Bit Server VM Temurin-17.0.4.1+1 (17.0.4.1+1, mixed mode, tiered, compressed oops, compressed class ptrs, parallel gc, windows-amd64)
# No core dump will be written. Minidumps are not enabled by default on client versions of Windows
#

---------------  S U M M A R Y ------------

Command Line: --add-modules=ALL-SYSTEM --add-opens=java.base/java.util=ALL-UNNAMED --add-opens=java.base/java.lang=ALL-UNNAMED --add-opens=java.base/sun.nio.fs=ALL-UNNAMED -Declipse.application=org.eclipse.jdt.ls.core.id1 -Dosgi.bundles.defaultStartLevel=4 -Declipse.product=org.eclipse.jdt.ls.core.product -Djava.import.generatesMetadataFilesAtProjectRoot=false -Dfile.encoding=utf8 -DwatchParentProcess=false -XX:+UseParallelGC -XX:GCTimeRatio=4 -XX:AdaptiveSizePolicyWeight=90 -Dsun.zip.disableMemoryMapping=true -Xmx1G -Xms100m -Xlog:disable -javaagent:c:\Users\KL_Schweizer\.vscode\extensions\redhat.java-1.11.0-win32-x64\lombok\lombok-1.18.24.jar -XX:+HeapDumpOnOutOfMemoryError -XX:HeapDumpPath=c:\Users\KL_Schweizer\AppData\Roaming\Code\User\workspaceStorage\0e800f2a9d62bea7a7f93a1923c3a4da\redhat.java c:\Users\KL_Schweizer\.vscode\extensions\redhat.java-1.11.0-win32-x64\server\plugins\org.eclipse.equinox.launcher_1.6.400.v20210924-0641.jar -configuration c:\Users\KL_Schweizer\AppData\Roaming\Code\User\globalStorage\redhat.java\1.11.0\config_win -data c:\Users\KL_Schweizer\AppData\Roaming\Code\User\workspaceStorage\0e800f2a9d62bea7a7f93a1923c3a4da\redhat.java\jdt_ws

Host: Intel(R) Core(TM) i3-3240 CPU @ 3.40GHz, 4 cores, 3G,  Windows 7 , 64 bit Build 7601 (6.1.7601.24384)
Time: Tue Oct  4 09:25:54 2022 Taipei Standard Time elapsed time: 6.271615 seconds (0d 0h 0m 6s)

---------------  T H R E A D  ---------------

Current thread (0x0000000057513bb0):  JavaThread "C2 CompilerThread0" daemon [_thread_in_native, id=9076, stack(0x0000000059200000,0x0000000059300000)]


Current CompileTask:
C2:   6271 1436       4       java.io.WinNTFileSystem::normalize (224 bytes)

Stack: [0x0000000059200000,0x0000000059300000]
Native frames: (J=compiled Java code, j=interpreted, Vv=VM code, C=native code)
V  [jvm.dll+0x67731a]
V  [jvm.dll+0x832284]
V  [jvm.dll+0x833a2e]
V  [jvm.dll+0x834093]
V  [jvm.dll+0x245775]
V  [jvm.dll+0xabd7b]
V  [jvm.dll+0xac30c]
V  [jvm.dll+0x363a42]
V  [jvm.dll+0x32e011]
V  [jvm.dll+0x32d4ba]
V  [jvm.dll+0x218681]
V  [jvm.dll+0x217aa1]
V  [jvm.dll+0x1a3f8d]
V  [jvm.dll+0x227498]
V  [jvm.dll+0x2255e5]
V  [jvm.dll+0x7e7e9b]
V  [jvm.dll+0x7e240a]
V  [jvm.dll+0x6761a5]
C  [ucrtbase.DLL+0x1c1ae]
C  [kernel32.dll+0x1570d]
C  [ntdll.dll+0x5385d]


---------------  P R O C E S S  ---------------

Threads class SMR info:
_java_thread_list=0x000000005a1b76e0, length=16, elements={
0x00000000002faeb0, 0x00000000574e0340, 0x00000000574e1f00, 0x0000000057509e40,
0x000000005750a9c0, 0x000000005750b540, 0x0000000057510fc0, 0x0000000057513bb0,
0x0000000057518de0, 0x000000005751c2a0, 0x00000000597903e0, 0x0000000059a1a900,
0x000000005a35d3c0, 0x000000005a3de2d0, 0x000000005a3dea40, 0x000000005a56cec0
}

Java Threads: ( => current thread )
  0x00000000002faeb0 JavaThread "main" [_thread_blocked, id=8916, stack(0x0000000002270000,0x0000000002370000)]
  0x00000000574e0340 JavaThread "Reference Handler" daemon [_thread_blocked, id=9052, stack(0x00000000589c0000,0x0000000058ac0000)]
  0x00000000574e1f00 JavaThread "Finalizer" daemon [_thread_blocked, id=9056, stack(0x0000000058b70000,0x0000000058c70000)]
  0x0000000057509e40 JavaThread "Signal Dispatcher" daemon [_thread_blocked, id=9060, stack(0x0000000058620000,0x0000000058720000)]
  0x000000005750a9c0 JavaThread "Attach Listener" daemon [_thread_blocked, id=9064, stack(0x0000000058d10000,0x0000000058e10000)]
  0x000000005750b540 JavaThread "Service Thread" daemon [_thread_blocked, id=9068, stack(0x0000000058f80000,0x0000000059080000)]
  0x0000000057510fc0 JavaThread "Monitor Deflation Thread" daemon [_thread_blocked, id=9072, stack(0x00000000590b0000,0x00000000591b0000)]
=>0x0000000057513bb0 JavaThread "C2 CompilerThread0" daemon [_thread_in_native, id=9076, stack(0x0000000059200000,0x0000000059300000)]
  0x0000000057518de0 JavaThread "C1 CompilerThread0" daemon [_thread_in_native, id=9080, stack(0x00000000593e0000,0x00000000594e0000)]
  0x000000005751c2a0 JavaThread "Sweeper thread" daemon [_thread_blocked, id=9084, stack(0x0000000059620000,0x0000000059720000)]
  0x00000000597903e0 JavaThread "Common-Cleaner" daemon [_thread_blocked, id=9112, stack(0x0000000058e70000,0x0000000058f70000)]
  0x0000000059a1a900 JavaThread "Notification Thread" daemon [_thread_blocked, id=9116, stack(0x0000000059b20000,0x0000000059c20000)]
  0x000000005a35d3c0 JavaThread "Active Thread: Equinox Container: 9987f531-ed04-4eef-8535-68515908182c" [_thread_blocked, id=9184, stack(0x000000005b510000,0x000000005b610000)]
  0x000000005a3de2d0 JavaThread "Framework Event Dispatcher: Equinox Container: 9987f531-ed04-4eef-8535-68515908182c" daemon [_thread_blocked, id=8244, stack(0x000000005c630000,0x000000005c730000)]
  0x000000005a3dea40 JavaThread "Start Level: Equinox Container: 9987f531-ed04-4eef-8535-68515908182c" daemon [_thread_in_vm, id=8248, stack(0x000000005c730000,0x000000005c830000)]
  0x000000005a56cec0 JavaThread "SCR Component Actor" daemon [_thread_blocked, id=2128, stack(0x000000005b210000,0x000000005b310000)]

Other Threads:
  0x00000000574ca620 VMThread "VM Thread" [stack: 0x00000000587c0000,0x00000000588c0000] [id=9032]
  0x000000005996df40 WatcherThread [stack: 0x0000000059c80000,0x0000000059d80000] [id=9120]
  0x0000000000316190 GCTaskThread "GC Thread#0" [stack: 0x0000000014620000,0x0000000014720000] [id=8952]
  0x000000005a496ac0 GCTaskThread "GC Thread#1" [stack: 0x000000005a610000,0x000000005a710000] [id=9140]
  0x000000005a48e1f0 GCTaskThread "GC Thread#2" [stack: 0x000000005b0d0000,0x000000005b1d0000] [id=9144]
  0x000000005a0a94e0 GCTaskThread "GC Thread#3" [stack: 0x000000005b370000,0x000000005b470000] [id=9148]

Threads with active compile tasks:
C2 CompilerThread0     6402 1436       4       java.io.WinNTFileSystem::normalize (224 bytes)

VM state: not at safepoint (normal execution)

VM Mutex/Monitor currently owned by a thread: None

Heap address: 0x00000000c0000000, size: 1024 MB, Compressed Oops mode: 32-bit

CDS archive(s) not mapped
Compressed class space mapped at: 0x0000000016c00000-0x0000000056c00000, reserved size: 1073741824
Narrow klass base: 0x0000000000000000, Narrow klass shift: 0, Narrow klass range: 0x56c00000

GC Precious Log:
 CPUs: 4 total, 4 available
 Memory: 3993M
 Large Page Support: Disabled
 NUMA Support: Disabled
 Compressed Oops: Enabled (32-bit)
 Alignments: Space 512K, Generation 512K, Heap 2M
 Heap Min Capacity: 100M
 Heap Initial Capacity: 100M
 Heap Max Capacity: 1G
 Pre-touch: Disabled
 Parallel Workers: 4

Heap:
 PSYoungGen      total 29696K, used 26129K [0x00000000eab00000, 0x00000000ecc00000, 0x0000000100000000)
  eden space 25600K, 89% used [0x00000000eab00000,0x00000000ec14cb70,0x00000000ec400000)
  from space 4096K, 80% used [0x00000000ec400000,0x00000000ec737b18,0x00000000ec800000)
  to   space 4096K, 0% used [0x00000000ec800000,0x00000000ec800000,0x00000000ecc00000)
 ParOldGen       total 68608K, used 16K [0x00000000c0000000, 0x00000000c4300000, 0x00000000eab00000)
  object space 68608K, 0% used [0x00000000c0000000,0x00000000c0004000,0x00000000c4300000)
 Metaspace       used 13884K, committed 14080K, reserved 1064960K
  class space    used 1395K, committed 1472K, reserved 1048576K

Card table byte_map: [0x00000000143e0000,0x00000000145f0000] _byte_map_base: 0x0000000013de0000

Marking Bits: (ParMarkBitMap*) 0x000007feb6ce2cc0
 Begin Bits: [0x0000000014880000, 0x0000000015880000)
 End Bits:   [0x0000000015880000, 0x0000000016880000)

Polling page: 0x0000000000230000

Metaspace:

Usage:
  Non-class:     12.20 MB used.
      Class:      1.36 MB used.
       Both:     13.56 MB used.

Virtual space:
  Non-class space:       16.00 MB reserved,      12.31 MB ( 77%) committed,  2 nodes.
      Class space:        1.00 GB reserved,       1.44 MB ( <1%) committed,  1 nodes.
             Both:        1.02 GB reserved,      13.75 MB (  1%) committed. 

Chunk freelists:
   Non-Class:  3.59 MB
       Class:  2.39 MB
        Both:  5.98 MB

MaxMetaspaceSize: unlimited
CompressedClassSpaceSize: 1.00 GB
Initial GC threshold: 21.00 MB
Current GC threshold: 21.00 MB
CDS: off
MetaspaceReclaimPolicy: balanced
 - commit_granule_bytes: 65536.
 - commit_granule_words: 8192.
 - virtual_space_node_default_size: 1048576.
 - enlarge_chunks_in_place: 1.
 - new_chunks_are_fully_committed: 0.
 - uncommit_free_chunks: 1.
 - use_allocation_guard: 0.
 - handle_deallocations: 1.


Internal statistics:

num_allocs_failed_limit: 0.
num_arena_births: 64.
num_arena_deaths: 0.
num_vsnodes_births: 3.
num_vsnodes_deaths: 0.
num_space_committed: 220.
num_space_uncommitted: 0.
num_chunks_returned_to_freelist: 0.
num_chunks_taken_from_freelist: 268.
num_chunk_merges: 0.
num_chunk_splits: 177.
num_chunks_enlarged: 138.
num_purges: 0.
num_inconsistent_stats: 0.

CodeHeap 'non-profiled nmethods': size=120000Kb used=552Kb max_used=552Kb free=119447Kb
 bounds [0x000000000ccd0000, 0x000000000cf40000, 0x0000000014200000]
CodeHeap 'profiled nmethods': size=120000Kb used=2879Kb max_used=2879Kb free=117120Kb
 bounds [0x00000000057a0000, 0x0000000005a70000, 0x000000000ccd0000]
CodeHeap 'non-nmethods': size=5760Kb used=1153Kb max_used=1179Kb free=4606Kb
 bounds [0x0000000005200000, 0x0000000005470000, 0x00000000057a0000]
 total_blobs=1957 nmethods=1514 adapters=357
 compilation: enabled
              stopped_count=0, restarted_count=0
 full_count=0

Compilation events (20 events):
Event: 6.116 Thread 0x0000000057518de0 1472   !   3       java.util.zip.ZipFile$CleanableResource::getInflater (47 bytes)
Event: 6.116 Thread 0x0000000057518de0 nmethod 1472 0x0000000005a4e210 code [0x0000000005a4e3e0, 0x0000000005a4e8b8]
Event: 6.117 Thread 0x0000000057518de0 1473   !   3       java.util.zip.ZipFile$CleanableResource::releaseInflater (53 bytes)
Event: 6.117 Thread 0x0000000057518de0 nmethod 1473 0x0000000005a4ea90 code [0x0000000005a4ec60, 0x0000000005a4f068]
Event: 6.130 Thread 0x0000000057518de0 1474       3       java.util.concurrent.locks.ReentrantLock$NonfairSync::initialTryLock (58 bytes)
Event: 6.131 Thread 0x0000000057518de0 nmethod 1474 0x0000000005a4f290 code [0x0000000005a4f460, 0x0000000005a4f818]
Event: 6.137 Thread 0x0000000057518de0 1475       3       java.util.concurrent.locks.ReentrantLock$Sync::tryRelease (51 bytes)
Event: 6.138 Thread 0x0000000057518de0 nmethod 1475 0x0000000005a4f910 code [0x0000000005a4fac0, 0x0000000005a4fde8]
Event: 6.138 Thread 0x0000000057518de0 1476       3       java.util.concurrent.locks.ReentrantLock::unlock (10 bytes)
Event: 6.138 Thread 0x0000000057518de0 nmethod 1476 0x0000000005a4ff10 code [0x0000000005a500e0, 0x0000000005a50398]
Event: 6.181 Thread 0x0000000057513bb0 nmethod 1422 0x000000000cd52410 code [0x000000000cd527a0, 0x000000000cd556a0]
Event: 6.182 Thread 0x0000000057513bb0 1436       4       java.io.WinNTFileSystem::normalize (224 bytes)
Event: 6.197 Thread 0x0000000057518de0 1477       3       java.util.Collections::emptyList (4 bytes)
Event: 6.197 Thread 0x0000000057518de0 nmethod 1477 0x0000000005a50490 code [0x0000000005a50620, 0x0000000005a50718]
Event: 6.199 Thread 0x0000000057518de0 1478       1       org.eclipse.osgi.internal.loader.EquinoxClassLoader::getBundleLoader (5 bytes)
Event: 6.200 Thread 0x0000000057518de0 nmethod 1478 0x000000000cd57690 code [0x000000000cd57820, 0x000000000cd578f8]
Event: 6.225 Thread 0x0000000057518de0 1479       3       java.util.Collections$EmptyList::iterator (4 bytes)
Event: 6.225 Thread 0x0000000057518de0 nmethod 1479 0x0000000005a50790 code [0x0000000005a50920, 0x0000000005a50a98]
Event: 6.227 Thread 0x0000000057518de0 1480       1       org.eclipse.osgi.internal.hookregistry.ClassLoaderHook::preFindClass (2 bytes)
Event: 6.227 Thread 0x0000000057518de0 nmethod 1480 0x000000000cd57990 code [0x000000000cd57b20, 0x000000000cd57bf8]

GC Heap History (2 events):
Event: 4.726 GC heap before
{Heap before GC invocations=1 (full 0):
 PSYoungGen      total 29696K, used 25600K [0x00000000eab00000, 0x00000000ecc00000, 0x0000000100000000)
  eden space 25600K, 100% used [0x00000000eab00000,0x00000000ec400000,0x00000000ec400000)
  from space 4096K, 0% used [0x00000000ec800000,0x00000000ec800000,0x00000000ecc00000)
  to   space 4096K, 0% used [0x00000000ec400000,0x00000000ec400000,0x00000000ec800000)
 ParOldGen       total 68608K, used 0K [0x00000000c0000000, 0x00000000c4300000, 0x00000000eab00000)
  object space 68608K, 0% used [0x00000000c0000000,0x00000000c0000000,0x00000000c4300000)
 Metaspace       used 10769K, committed 10880K, reserved 1064960K
  class space    used 1081K, committed 1152K, reserved 1048576K
}
Event: 4.737 GC heap after
{Heap after GC invocations=1 (full 0):
 PSYoungGen      total 29696K, used 3294K [0x00000000eab00000, 0x00000000ecc00000, 0x0000000100000000)
  eden space 25600K, 0% used [0x00000000eab00000,0x00000000eab00000,0x00000000ec400000)
  from space 4096K, 80% used [0x00000000ec400000,0x00000000ec737b18,0x00000000ec800000)
  to   space 4096K, 0% used [0x00000000ec800000,0x00000000ec800000,0x00000000ecc00000)
 ParOldGen       total 68608K, used 16K [0x00000000c0000000, 0x00000000c4300000, 0x00000000eab00000)
  object space 68608K, 0% used [0x00000000c0000000,0x00000000c0004000,0x00000000c4300000)
 Metaspace       used 10769K, committed 10880K, reserved 1064960K
  class space    used 1081K, committed 1152K, reserved 1048576K
}

Deoptimization events (20 events):
Event: 5.669 Thread 0x00000000002faeb0 Uncommon trap: trap_request=0xffffffde fr.pc=0x000000000cd1f3a8 relative=0x0000000000000968
Event: 5.669 Thread 0x00000000002faeb0 Uncommon trap: reason=class_check action=maybe_recompile pc=0x000000000cd1f3a8 method=java.util.HashMap.putVal(ILjava/lang/Object;Ljava/lang/Object;ZZ)Ljava/lang/Object; @ 253 c2
Event: 5.669 Thread 0x00000000002faeb0 DEOPT PACKING pc=0x000000000cd1f3a8 sp=0x000000000236d880
Event: 5.669 Thread 0x00000000002faeb0 DEOPT UNPACKING pc=0x00000000052520a3 sp=0x000000000236d7a8 mode 2
Event: 5.673 Thread 0x00000000002faeb0 Uncommon trap: trap_request=0xffffffde fr.pc=0x000000000cd1f3a8 relative=0x0000000000000968
Event: 5.673 Thread 0x00000000002faeb0 Uncommon trap: reason=class_check action=maybe_recompile pc=0x000000000cd1f3a8 method=java.util.HashMap.putVal(ILjava/lang/Object;Ljava/lang/Object;ZZ)Ljava/lang/Object; @ 253 c2
Event: 5.673 Thread 0x00000000002faeb0 DEOPT PACKING pc=0x000000000cd1f3a8 sp=0x000000000236d900
Event: 5.673 Thread 0x00000000002faeb0 DEOPT UNPACKING pc=0x00000000052520a3 sp=0x000000000236d828 mode 2
Event: 5.673 Thread 0x00000000002faeb0 Uncommon trap: trap_request=0xffffffde fr.pc=0x000000000cd39c04 relative=0x00000000000008c4
Event: 5.673 Thread 0x00000000002faeb0 Uncommon trap: reason=class_check action=maybe_recompile pc=0x000000000cd39c04 method=java.util.HashMap.putVal(ILjava/lang/Object;Ljava/lang/Object;ZZ)Ljava/lang/Object; @ 253 c2
Event: 5.673 Thread 0x00000000002faeb0 DEOPT PACKING pc=0x000000000cd39c04 sp=0x000000000236d870
Event: 5.673 Thread 0x00000000002faeb0 DEOPT UNPACKING pc=0x00000000052520a3 sp=0x000000000236d820 mode 2
Event: 5.790 Thread 0x00000000002faeb0 DEOPT PACKING pc=0x0000000005897580 sp=0x000000000236ca20
Event: 5.790 Thread 0x00000000002faeb0 DEOPT UNPACKING pc=0x0000000005252843 sp=0x000000000236be90 mode 0
Event: 5.795 Thread 0x00000000002faeb0 DEOPT PACKING pc=0x00000000058ae261 sp=0x000000000236c370
Event: 5.795 Thread 0x00000000002faeb0 DEOPT UNPACKING pc=0x0000000005252843 sp=0x000000000236b7f8 mode 0
Event: 5.998 Thread 0x00000000002faeb0 DEOPT PACKING pc=0x000000000586ca3b sp=0x000000000236df70
Event: 5.998 Thread 0x00000000002faeb0 DEOPT UNPACKING pc=0x0000000005252843 sp=0x000000000236d490 mode 0
Event: 6.009 Thread 0x00000000002faeb0 DEOPT PACKING pc=0x000000000586ca3b sp=0x000000000236df70
Event: 6.009 Thread 0x00000000002faeb0 DEOPT UNPACKING pc=0x0000000005252843 sp=0x000000000236d490 mode 0

Classes unloaded (0 events):
No events

Classes redefined (0 events):
No events

Internal exceptions (20 events):
Event: 3.444 Thread 0x00000000002faeb0 Exception <a 'java/lang/reflect/InvocationTargetException'{0x00000000eaf79130}> (0x00000000eaf79130) 
thrown [s\src\hotspot\share\runtime\reflection.cpp, line 1121]
Event: 3.924 Thread 0x00000000002faeb0 Exception <a 'java/lang/ClassNotFoundException'{0x00000000eb7236f8}: sun/net/www/protocol/c/Handler> (0x00000000eb7236f8) 
thrown [s\src\hotspot\share\classfile\systemDictionary.cpp, line 256]
Event: 3.930 Thread 0x00000000002faeb0 Exception <a 'java/io/FileNotFoundException'{0x00000000eb73ebf8}> (0x00000000eb73ebf8) 
thrown [s\src\hotspot\share\prims\jni.cpp, line 516]
Event: 3.930 Thread 0x00000000002faeb0 Exception <a 'java/io/FileNotFoundException'{0x00000000eb73f960}> (0x00000000eb73f960) 
thrown [s\src\hotspot\share\prims\jni.cpp, line 516]
Event: 3.930 Thread 0x00000000002faeb0 Exception <a 'java/io/FileNotFoundException'{0x00000000eb7406a8}> (0x00000000eb7406a8) 
thrown [s\src\hotspot\share\prims\jni.cpp, line 516]
Event: 3.932 Thread 0x00000000002faeb0 Exception <a 'java/io/FileNotFoundException'{0x00000000eb7413c0}> (0x00000000eb7413c0) 
thrown [s\src\hotspot\share\prims\jni.cpp, line 516]
Event: 3.969 Thread 0x00000000002faeb0 Exception <a 'java/io/FileNotFoundException'{0x00000000eb781f40}> (0x00000000eb781f40) 
thrown [s\src\hotspot\share\prims\jni.cpp, line 516]
Event: 4.394 Thread 0x00000000002faeb0 Exception <a 'java/lang/ClassNotFoundException'{0x00000000ebf7d380}: sun/net/www/protocol/c/Handler> (0x00000000ebf7d380) 
thrown [s\src\hotspot\share\classfile\systemDictionary.cpp, line 256]
Event: 4.394 Thread 0x00000000002faeb0 Exception <a 'java/lang/ClassNotFoundException'{0x00000000ebf7e740}: sun/net/www/protocol/d/Handler> (0x00000000ebf7e740) 
thrown [s\src\hotspot\share\classfile\systemDictionary.cpp, line 256]
Event: 4.394 Thread 0x00000000002faeb0 Exception <a 'java/lang/ClassNotFoundException'{0x00000000ebf7f958}: sun/net/www/protocol/c/Handler> (0x00000000ebf7f958) 
thrown [s\src\hotspot\share\classfile\systemDictionary.cpp, line 256]
Event: 4.414 Thread 0x00000000002faeb0 Exception <a 'java/io/FileNotFoundException'{0x00000000ebfa64f8}> (0x00000000ebfa64f8) 
thrown [s\src\hotspot\share\prims\jni.cpp, line 516]
Event: 4.634 Thread 0x00000000002faeb0 Exception <a 'java/lang/NoSuchMethodError'{0x00000000ec278b88}: 'int java.lang.invoke.DirectMethodHandle$Holder.invokeStaticInit(java.lang.Object, java.lang.Object, java.lang.Object, java.lang.Object)'> (0x00000000ec278b88) 
thrown [s\src\hotspot\share\interpreter\linkResolver.cpp, line 759]
Event: 4.644 Thread 0x00000000002faeb0 Exception <a 'java/lang/NoSuchMethodError'{0x00000000ec2831f8}: 'java.lang.Object java.lang.invoke.DirectMethodHandle$Holder.invokeInterface(java.lang.Object, java.lang.Object)'> (0x00000000ec2831f8) 
thrown [s\src\hotspot\share\interpreter\linkResolver.cpp, line 759]
Event: 4.645 Thread 0x00000000002faeb0 Exception <a 'java/lang/IncompatibleClassChangeError'{0x00000000ec2869f0}: Found class java.lang.Object, but interface was expected> (0x00000000ec2869f0) 
thrown [s\src\hotspot\share\interpreter\linkResolver.cpp, line 826]
Event: 4.646 Thread 0x00000000002faeb0 Exception <a 'java/lang/NoSuchMethodError'{0x00000000ec28aee8}: 'void java.lang.invoke.DirectMethodHandle$Holder.invokeStatic(java.lang.Object, java.lang.Object)'> (0x00000000ec28aee8) 
thrown [s\src\hotspot\share\interpreter\linkResolver.cpp, line 759]
Event: 4.647 Thread 0x00000000002faeb0 Exception <a 'java/lang/NoSuchMethodError'{0x00000000ec28e6e8}: 'void java.lang.invoke.DirectMethodHandle$Holder.invokeStaticInit(java.lang.Object, java.lang.Object)'> (0x00000000ec28e6e8) 
thrown [s\src\hotspot\share\interpreter\linkResolver.cpp, line 759]
Event: 4.649 Thread 0x00000000002faeb0 Exception <a 'java/lang/NoSuchMethodError'{0x00000000ec295b00}: 'int java.lang.invoke.DirectMethodHandle$Holder.invokeStaticInit(java.lang.Object, java.lang.Object)'> (0x00000000ec295b00) 
thrown [s\src\hotspot\share\interpreter\linkResolver.cpp, line 759]
Event: 4.719 Thread 0x00000000002faeb0 Exception <a 'java/lang/NoSuchMethodError'{0x00000000ec3de4c8}: 'void java.lang.invoke.DirectMethodHandle$Holder.invokeSpecial(java.lang.Object, java.lang.Object, java.lang.Object)'> (0x00000000ec3de4c8) 
thrown [s\src\hotspot\share\interpreter\linkResolver.cpp, line 759]
Event: 5.600 Thread 0x00000000002faeb0 Exception <a 'java/lang/NoSuchMethodError'{0x00000000eb7c7ad8}: 'java.lang.Object java.lang.invoke.DirectMethodHandle$Holder.newInvokeSpecial(java.lang.Object, int, java.lang.Object)'> (0x00000000eb7c7ad8) 
thrown [s\src\hotspot\share\interpreter\linkResolver.cpp, line 759]
Event: 6.063 Thread 0x00000000002faeb0 Exception <a 'java/lang/UnsatisfiedLinkError'{0x00000000ebd516b0}: 'void org.eclipse.equinox.launcher.JNIBridge._update_splash()'> (0x00000000ebd516b0) 
thrown [s\src\hotspot\share\prims\nativeLookup.cpp, line 543]

VM Operations (20 events):
Event: 3.197 Executing VM operation: HandshakeAllThreads
Event: 3.197 Executing VM operation: HandshakeAllThreads done
Event: 3.362 Executing VM operation: HandshakeAllThreads
Event: 3.362 Executing VM operation: HandshakeAllThreads done
Event: 3.884 Executing VM operation: HandshakeAllThreads
Event: 3.884 Executing VM operation: HandshakeAllThreads done
Event: 3.884 Executing VM operation: Cleanup
Event: 3.888 Executing VM operation: Cleanup done
Event: 3.917 Executing VM operation: HandshakeAllThreads
Event: 3.917 Executing VM operation: HandshakeAllThreads done
Event: 4.726 Executing VM operation: ParallelGCFailedAllocation
Event: 4.737 Executing VM operation: ParallelGCFailedAllocation done
Event: 5.475 Executing VM operation: HandshakeAllThreads
Event: 5.491 Executing VM operation: HandshakeAllThreads done
Event: 5.492 Executing VM operation: HandshakeAllThreads
Event: 5.492 Executing VM operation: HandshakeAllThreads done
Event: 5.506 Executing VM operation: HandshakeAllThreads
Event: 5.506 Executing VM operation: HandshakeAllThreads done
Event: 5.587 Executing VM operation: HandshakeAllThreads
Event: 5.587 Executing VM operation: HandshakeAllThreads done

Events (20 events):
Event: 5.925 loading class sun/nio/fs/WindowsChannelFactory$1 done
Event: 5.925 loading class sun/nio/fs/WindowsChannelFactory$Flags
Event: 5.926 loading class sun/nio/fs/WindowsChannelFactory$Flags done
Event: 5.926 loading class sun/nio/ch/FileChannelImpl$Closer
Event: 5.926 loading class sun/nio/ch/FileChannelImpl$Closer done
Event: 6.037 Thread 0x000000005a3de2d0 Thread added: 0x000000005a3de2d0
Event: 6.062 Thread 0x000000005a3dea40 Thread added: 0x000000005a3dea40
Event: 6.064 loading class java/util/concurrent/CountDownLatch
Event: 6.065 loading class java/util/concurrent/CountDownLatch done
Event: 6.065 loading class java/util/concurrent/CountDownLatch$Sync
Event: 6.065 loading class java/util/concurrent/CountDownLatch$Sync done
Event: 6.076 Loaded shared library C:\Users\KL_Schweizer\AppData\Roaming\Code\User\globalStorage\redhat.java\1.11.0\config_win\org.eclipse.equinox.launcher\org.eclipse.equinox.launcher.win32.win32.x86_64_1.2.600.v20220720-1916\eclipse_11700.dll
Event: 6.089 loading class java/util/concurrent/locks/AbstractQueuedSynchronizer$SharedNode
Event: 6.090 loading class java/util/concurrent/locks/AbstractQueuedSynchronizer$SharedNode done
Event: 6.090 loading class java/util/concurrent/locks/AbstractQueuedSynchronizer$ExclusiveNode
Event: 6.090 loading class java/util/concurrent/locks/AbstractQueuedSynchronizer$ExclusiveNode done
Event: 6.183 loading class java/lang/IllegalAccessError
Event: 6.183 loading class java/lang/IllegalAccessError done
Event: 6.227 loading class java/util/TimerTask
Event: 6.227 loading class java/util/TimerTask done


Dynamic libraries:
0x000000013f2a0000 - 0x000000013f2ae000 	c:\Users\KL_Schweizer\.vscode\extensions\redhat.java-1.11.0-win32-x64\jre\17.0.4.1-win32-x86_64\bin\java.exe
0x0000000077b20000 - 0x0000000077cbf000 	C:\Windows\SYSTEM32\ntdll.dll
0x0000000077900000 - 0x0000000077a1f000 	C:\Windows\system32\kernel32.dll
0x000007fefdd70000 - 0x000007fefddda000 	C:\Windows\system32\KERNELBASE.dll
0x000007fee2df0000 - 0x000007fee2e08000 	c:\Users\KL_Schweizer\.vscode\extensions\redhat.java-1.11.0-win32-x64\jre\17.0.4.1-win32-x86_64\bin\jli.dll
0x000007fefbc10000 - 0x000007fefbe04000 	C:\Windows\WinSxS\amd64_microsoft.windows.common-controls_6595b64144ccf1df_6.0.7601.17514_none_fa396087175ac9ac\COMCTL32.dll
0x000007fefe0b0000 - 0x000007fefe14f000 	C:\Windows\system32\msvcrt.dll
0x000007feff310000 - 0x000007feff377000 	C:\Windows\system32\GDI32.dll
0x0000000077a20000 - 0x0000000077b1a000 	C:\Windows\system32\USER32.dll
0x000007feff890000 - 0x000007feff89e000 	C:\Windows\system32\LPK.dll
0x000007feffb60000 - 0x000007feffc29000 	C:\Windows\system32\USP10.dll
0x000007fefe030000 - 0x000007fefe0a1000 	C:\Windows\system32\SHLWAPI.dll
0x000007fedf330000 - 0x000007fedf349000 	c:\Users\KL_Schweizer\.vscode\extensions\redhat.java-1.11.0-win32-x64\jre\17.0.4.1-win32-x86_64\bin\VCRUNTIME140.dll
0x000007fee4020000 - 0x000007fee4024000 	c:\Users\KL_Schweizer\.vscode\extensions\redhat.java-1.11.0-win32-x64\jre\17.0.4.1-win32-x86_64\bin\api-ms-win-crt-runtime-l1-1-0.dll
0x000007feb8900000 - 0x000007feb89fa000 	c:\Users\KL_Schweizer\.vscode\extensions\redhat.java-1.11.0-win32-x64\jre\17.0.4.1-win32-x86_64\bin\ucrtbase.DLL
0x000007fee2de0000 - 0x000007fee2de3000 	c:\Users\KL_Schweizer\.vscode\extensions\redhat.java-1.11.0-win32-x64\jre\17.0.4.1-win32-x86_64\bin\api-ms-win-core-localization-l1-2-0.dll
0x000007fedde90000 - 0x000007fedde93000 	c:\Users\KL_Schweizer\.vscode\extensions\redhat.java-1.11.0-win32-x64\jre\17.0.4.1-win32-x86_64\bin\api-ms-win-core-processthreads-l1-1-1.dll
0x000007feddd00000 - 0x000007feddd03000 	c:\Users\KL_Schweizer\.vscode\extensions\redhat.java-1.11.0-win32-x64\jre\17.0.4.1-win32-x86_64\bin\api-ms-win-core-file-l1-2-0.dll
0x000007fedd2c0000 - 0x000007fedd2c3000 	c:\Users\KL_Schweizer\.vscode\extensions\redhat.java-1.11.0-win32-x64\jre\17.0.4.1-win32-x86_64\bin\api-ms-win-core-timezone-l1-1-0.dll
0x000007fedcf40000 - 0x000007fedcf43000 	c:\Users\KL_Schweizer\.vscode\extensions\redhat.java-1.11.0-win32-x64\jre\17.0.4.1-win32-x86_64\bin\api-ms-win-core-file-l2-1-0.dll
0x000007fedcf30000 - 0x000007fedcf33000 	c:\Users\KL_Schweizer\.vscode\extensions\redhat.java-1.11.0-win32-x64\jre\17.0.4.1-win32-x86_64\bin\api-ms-win-core-synch-l1-2-0.dll
0x000007fedcf20000 - 0x000007fedcf23000 	c:\Users\KL_Schweizer\.vscode\extensions\redhat.java-1.11.0-win32-x64\jre\17.0.4.1-win32-x86_64\bin\api-ms-win-crt-heap-l1-1-0.dll
0x000007fedc8d0000 - 0x000007fedc8d4000 	c:\Users\KL_Schweizer\.vscode\extensions\redhat.java-1.11.0-win32-x64\jre\17.0.4.1-win32-x86_64\bin\api-ms-win-crt-string-l1-1-0.dll
0x000007fedc8c0000 - 0x000007fedc8c4000 	c:\Users\KL_Schweizer\.vscode\extensions\redhat.java-1.11.0-win32-x64\jre\17.0.4.1-win32-x86_64\bin\api-ms-win-crt-stdio-l1-1-0.dll
0x000007feddd60000 - 0x000007feddd64000 	c:\Users\KL_Schweizer\.vscode\extensions\redhat.java-1.11.0-win32-x64\jre\17.0.4.1-win32-x86_64\bin\api-ms-win-crt-convert-l1-1-0.dll
0x000007feddd50000 - 0x000007feddd53000 	c:\Users\KL_Schweizer\.vscode\extensions\redhat.java-1.11.0-win32-x64\jre\17.0.4.1-win32-x86_64\bin\api-ms-win-crt-environment-l1-1-0.dll
0x000007feddd40000 - 0x000007feddd43000 	c:\Users\KL_Schweizer\.vscode\extensions\redhat.java-1.11.0-win32-x64\jre\17.0.4.1-win32-x86_64\bin\api-ms-win-crt-filesystem-l1-1-0.dll
0x000007feddd30000 - 0x000007feddd35000 	c:\Users\KL_Schweizer\.vscode\extensions\redhat.java-1.11.0-win32-x64\jre\17.0.4.1-win32-x86_64\bin\api-ms-win-crt-math-l1-1-0.dll
0x000007feddd20000 - 0x000007feddd23000 	c:\Users\KL_Schweizer\.vscode\extensions\redhat.java-1.11.0-win32-x64\jre\17.0.4.1-win32-x86_64\bin\api-ms-win-crt-locale-l1-1-0.dll
0x000007feffde0000 - 0x000007feffe0e000 	C:\Windows\system32\IMM32.DLL
0x000007feff8a0000 - 0x000007feff9a9000 	C:\Windows\system32\MSCTF.dll
0x000007feddd10000 - 0x000007feddd1c000 	c:\Users\KL_Schweizer\.vscode\extensions\redhat.java-1.11.0-win32-x64\jre\17.0.4.1-win32-x86_64\bin\vcruntime140_1.dll
0x000007feb8a50000 - 0x000007feb8ae1000 	c:\Users\KL_Schweizer\.vscode\extensions\redhat.java-1.11.0-win32-x64\jre\17.0.4.1-win32-x86_64\bin\msvcp140.dll
0x000007fedcf60000 - 0x000007fedcf63000 	c:\Users\KL_Schweizer\.vscode\extensions\redhat.java-1.11.0-win32-x64\jre\17.0.4.1-win32-x86_64\bin\api-ms-win-crt-time-l1-1-0.dll
0x000007fedcf50000 - 0x000007fedcf53000 	c:\Users\KL_Schweizer\.vscode\extensions\redhat.java-1.11.0-win32-x64\jre\17.0.4.1-win32-x86_64\bin\api-ms-win-crt-utility-l1-1-0.dll
0x000007feb6160000 - 0x000007feb6da6000 	c:\Users\KL_Schweizer\.vscode\extensions\redhat.java-1.11.0-win32-x64\jre\17.0.4.1-win32-x86_64\bin\server\jvm.dll
0x000007feff630000 - 0x000007feff70b000 	C:\Windows\system32\ADVAPI32.dll
0x000007feff390000 - 0x000007feff3af000 	C:\Windows\SYSTEM32\sechost.dll
0x000007fefe450000 - 0x000007fefe57c000 	C:\Windows\system32\RPCRT4.dll
0x000007fefa610000 - 0x000007fefa619000 	C:\Windows\system32\WSOCK32.dll
0x000007feffd70000 - 0x000007feffdbd000 	C:\Windows\system32\WS2_32.dll
0x000007feff380000 - 0x000007feff388000 	C:\Windows\system32\NSI.dll
0x000007fef8e40000 - 0x000007fef8e7b000 	C:\Windows\system32\WINMM.dll
0x000007fefccf0000 - 0x000007fefccfc000 	C:\Windows\system32\VERSION.dll
0x0000000077cc0000 - 0x0000000077cc7000 	C:\Windows\system32\PSAPI.DLL
0x000007fedc830000 - 0x000007fedc83a000 	c:\Users\KL_Schweizer\.vscode\extensions\redhat.java-1.11.0-win32-x64\jre\17.0.4.1-win32-x86_64\bin\jimage.dll
0x000007fef5d50000 - 0x000007fef5e75000 	C:\Windows\system32\DBGHELP.DLL
0x000007fedc820000 - 0x000007fedc82e000 	c:\Users\KL_Schweizer\.vscode\extensions\redhat.java-1.11.0-win32-x64\jre\17.0.4.1-win32-x86_64\bin\instrument.dll
0x000007feb8a20000 - 0x000007feb8a45000 	c:\Users\KL_Schweizer\.vscode\extensions\redhat.java-1.11.0-win32-x64\jre\17.0.4.1-win32-x86_64\bin\java.dll
0x000007feb8a00000 - 0x000007feb8a18000 	c:\Users\KL_Schweizer\.vscode\extensions\redhat.java-1.11.0-win32-x64\jre\17.0.4.1-win32-x86_64\bin\zip.dll
0x000007fefe580000 - 0x000007feff308000 	C:\Windows\system32\SHELL32.dll
0x000007fefde20000 - 0x000007fefe023000 	C:\Windows\system32\ole32.dll
0x000007fefda50000 - 0x000007fefda5f000 	C:\Windows\system32\profapi.dll
0x000007feb6050000 - 0x000007feb6069000 	C:\Users\KL_Schweizer\.vscode\extensions\redhat.java-1.11.0-win32-x64\jre\17.0.4.1-win32-x86_64\bin\net.dll
0x000007fef8b60000 - 0x000007fef8bd1000 	C:\Windows\system32\WINHTTP.dll
0x000007fef89d0000 - 0x000007fef8a34000 	C:\Windows\system32\webio.dll
0x000007fefd270000 - 0x000007fefd2c5000 	C:\Windows\system32\mswsock.dll
0x000007fefd260000 - 0x000007fefd267000 	C:\Windows\System32\wship6.dll
0x000007feb6030000 - 0x000007feb6045000 	C:\Users\KL_Schweizer\.vscode\extensions\redhat.java-1.11.0-win32-x64\jre\17.0.4.1-win32-x86_64\bin\nio.dll
0x000007fedad70000 - 0x000007fedad80000 	c:\Users\KL_Schweizer\.vscode\extensions\redhat.java-1.11.0-win32-x64\jre\17.0.4.1-win32-x86_64\bin\verify.dll
0x000007feb5870000 - 0x000007feb58ae000 	C:\Users\KL_Schweizer\AppData\Roaming\Code\User\globalStorage\redhat.java\1.11.0\config_win\org.eclipse.equinox.launcher\org.eclipse.equinox.launcher.win32.win32.x86_64_1.2.600.v20220720-1916\eclipse_11700.dll

dbghelp: loaded successfully - version: 4.0.5 - missing functions: none
symbol engine: initialized successfully - sym options: 0x614 - pdb path: .;c:\Users\KL_Schweizer\.vscode\extensions\redhat.java-1.11.0-win32-x64\jre\17.0.4.1-win32-x86_64\bin;C:\Windows\SYSTEM32;C:\Windows\WinSxS\amd64_microsoft.windows.common-controls_6595b64144ccf1df_6.0.7601.17514_none_fa396087175ac9ac;c:\Users\KL_Schweizer\.vscode\extensions\redhat.java-1.11.0-win32-x64\jre\17.0.4.1-win32-x86_64\bin\server;C:\Users\KL_Schweizer\AppData\Roaming\Code\User\globalStorage\redhat.java\1.11.0\config_win\org.eclipse.equinox.launcher\org.eclipse.equinox.launcher.win32.win32.x86_64_1.2.600.v20220720-1916

VM Arguments:
jvm_args: --add-modules=ALL-SYSTEM --add-opens=java.base/java.util=ALL-UNNAMED --add-opens=java.base/java.lang=ALL-UNNAMED --add-opens=java.base/sun.nio.fs=ALL-UNNAMED -Declipse.application=org.eclipse.jdt.ls.core.id1 -Dosgi.bundles.defaultStartLevel=4 -Declipse.product=org.eclipse.jdt.ls.core.product -Djava.import.generatesMetadataFilesAtProjectRoot=false -Dfile.encoding=utf8 -DwatchParentProcess=false -XX:+UseParallelGC -XX:GCTimeRatio=4 -XX:AdaptiveSizePolicyWeight=90 -Dsun.zip.disableMemoryMapping=true -Xmx1G -Xms100m -Xlog:disable -javaagent:c:\Users\KL_Schweizer\.vscode\extensions\redhat.java-1.11.0-win32-x64\lombok\lombok-1.18.24.jar -XX:+HeapDumpOnOutOfMemoryError -XX:HeapDumpPath=c:\Users\KL_Schweizer\AppData\Roaming\Code\User\workspaceStorage\0e800f2a9d62bea7a7f93a1923c3a4da\redhat.java 
java_command: c:\Users\KL_Schweizer\.vscode\extensions\redhat.java-1.11.0-win32-x64\server\plugins\org.eclipse.equinox.launcher_1.6.400.v20210924-0641.jar -configuration c:\Users\KL_Schweizer\AppData\Roaming\Code\User\globalStorage\redhat.java\1.11.0\config_win -data c:\Users\KL_Schweizer\AppData\Roaming\Code\User\workspaceStorage\0e800f2a9d62bea7a7f93a1923c3a4da\redhat.java\jdt_ws
java_class_path (initial): c:\Users\KL_Schweizer\.vscode\extensions\redhat.java-1.11.0-win32-x64\server\plugins\org.eclipse.equinox.launcher_1.6.400.v20210924-0641.jar
Launcher Type: SUN_STANDARD

[Global flags]
    uintx AdaptiveSizePolicyWeight                 = 90                                        {product} {command line}
     intx CICompilerCount                          = 3                                         {product} {ergonomic}
    uintx GCTimeRatio                              = 4                                         {product} {command line}
     bool HeapDumpOnOutOfMemoryError               = true                                   {manageable} {command line}
    ccstr HeapDumpPath                             = c:\Users\KL_Schweizer\AppData\Roaming\Code\User\workspaceStorage\0e800f2a9d62bea7a7f93a1923c3a4da\redhat.java         {manageable} {command line}
   size_t InitialHeapSize                          = 104857600                                 {product} {command line}
   size_t MaxHeapSize                              = 1073741824                                {product} {command line}
   size_t MaxNewSize                               = 357564416                                 {product} {ergonomic}
   size_t MinHeapDeltaBytes                        = 524288                                    {product} {ergonomic}
   size_t MinHeapSize                              = 104857600                                 {product} {command line}
   size_t NewSize                                  = 34603008                                  {product} {ergonomic}
    uintx NonNMethodCodeHeapSize                   = 5832780                                {pd product} {ergonomic}
    uintx NonProfiledCodeHeapSize                  = 122912730                              {pd product} {ergonomic}
   size_t OldSize                                  = 70254592                                  {product} {ergonomic}
    uintx ProfiledCodeHeapSize                     = 122912730                              {pd product} {ergonomic}
    uintx ReservedCodeCacheSize                    = 251658240                              {pd product} {ergonomic}
     bool SegmentedCodeCache                       = true                                      {product} {ergonomic}
   size_t SoftMaxHeapSize                          = 1073741824                             {manageable} {ergonomic}
     bool UseCompressedClassPointers               = true                           {product lp64_product} {ergonomic}
     bool UseCompressedOops                        = true                           {product lp64_product} {ergonomic}
     bool UseLargePagesIndividualAllocation        = false                                  {pd product} {ergonomic}
     bool UseParallelGC                            = true                                      {product} {command line}

Logging:
Log output configuration:
 #0: stdout all=off uptime,level,tags
 #1: stderr all=off uptime,level,tags

Environment Variables:
PATH=C:\Program Files\Common Files\Oracle\Java\javapath;C:\Program Files (x86)\Common Files\Oracle\Java\javapath;C:\Program Files (x86)\Common Files\Microsoft Shared\Windows Live;C:\Windows\system32;C:\Windows;C:\Windows\System32\Wbem;C:\Windows\System32\WindowsPowerShell\v1.0\;C:\Program Files\nodejs\;C:\xampp\php;C:\composer;C:\Program Files\dotnet\;C:\Program Files\Git\cmd;C:\Program Files\NVIDIA Corporation\NVIDIA NvDLISR;C:\Program Files (x86)\GtkSharp\2.12\bin;C:\Users\KL_Schweizer\.dnx\bin;C:\Program Files\Microsoft DNX\Dnvm\;C:\Program Files (x86)\NVIDIA Corporation\PhysX\Common;C:\Program Files (x86)\Windows Kits\8.1\Windows Performance Toolkit\;C:\Program Files\Microsoft SQL Server\130\Tools\Binn\;C:\Windows\System32\WindowsPowerShell\v1.0\;C:\apache-maven-3.8.6-bin\apache-maven-3.8.6\bin;C:\Users\KL_Schweizer\AppData\Local\Programs\Python\Python38-32\Scripts\;C:\Users\KL_Schweizer\AppData\Local\Programs\Python\Python38-32\;C:\Users\KL_Schweizer\.poetry\bin;C:\Users\KL_Schweizer\AppData\Local\Programs\Python\Python37-32\Scripts\;C:\Users\KL_Schweizer\AppData\Local\Programs\Python\Python37-32\;D:\pktriot-0.14.1.win64\pktriot-0.14.1;C:\Users\KL_Schweizer\AppData\Local\Programs\Microsoft VS Code\bin;D:\Program Files\Docker Toolbox
USERNAME=KL_Schweizer
OS=Windows_NT
PROCESSOR_IDENTIFIER=Intel64 Family 6 Model 58 Stepping 9, GenuineIntel
TMP=C:\Users\KL_SCH~1\AppData\Local\Temp
TEMP=C:\Users\KL_SCH~1\AppData\Local\Temp



---------------  S Y S T E M  ---------------

OS:
 Windows 7 , 64 bit Build 7601 (6.1.7601.24384)
OS uptime: 0 days 1:11 hours

CPU: total 4 (initial active 4) (2 cores per cpu, 2 threads per core) family 6 model 58 stepping 9 microcode 0x0, cx8, cmov, fxsr, ht, mmx, sse, sse2, sse3, ssse3, sse4.1, sse4.2, popcnt, tsc, tscinvbit, avx, erms, clmul, vzeroupper, clflush

Memory: 4k page, system-wide physical 3993M (303M free)
TotalPageFile size 9292M (AvailPageFile size 35M)
current process WorkingSet (physical memory assigned to process): 82M, peak: 83M
current process commit charge ("private bytes"): 198M, peak: 198M

vm_info: OpenJDK 64-Bit Server VM (17.0.4.1+1) for windows-amd64 JRE (17.0.4.1+1), built on Aug 17 2022 07:42:43 by "temurin" with MS VC++ 16.7 (VS2019)

END.
